<?xml version="1.0" encoding="UTF-8"?>
<robot generator="Robot 7.0.1 (Python 3.8.7 on win32)" generated="2025-04-04T17:10:11.654733" rpa="false" schemaversion="5">
<suite id="s1" name="ปปง1-01 Testcase4" source="D:\AML_Project\Testcase\AMLO\ปปง1-01\ปปง1-01_testcase4.robot">
<test id="s1-t1" name="1.open web IBank &amp; Login" line="34">
<kw name="Enteropen web IBank &amp; Login" owner="main_keywords">
<kw name="Open Browser" owner="SeleniumLibrary">
<msg time="2025-04-04T17:10:13.557405" level="INFO">Opening browser 'chrome' to base url 'https://172.26.59.117/login'.</msg>
<msg time="2025-04-04T17:10:17.496344" level="WARN">The chromedriver version (134.0.6998.88) detected in PATH at C:\Users\suravesi\AppData\Local\Programs\Python\Python38\chromedriver.exe might not be compatible with the detected chrome version (135.0.7049.41); currently, chromedriver 135.0.7049.42 is recommended for chrome 135.*, so it is advised to delete the driver in PATH and retry</msg>
<arg>${URL:IBank}</arg>
<arg>${Browser}</arg>
<arg>options=add_argument("--ignore-certificate-errors")</arg>
<doc>Opens a new browser instance to the optional ``url``.</doc>
<status status="PASS" start="2025-04-04T17:10:13.557405" elapsed="9.523372"/>
</kw>
<kw name="Maximize Browser Window" owner="SeleniumLibrary">
<doc>Maximizes current browser window.</doc>
<status status="PASS" start="2025-04-04T17:10:23.081776" elapsed="0.036406"/>
</kw>
<kw name="Set Selenium Speed" owner="SeleniumLibrary">
<arg>0.5s</arg>
<doc>Sets the delay that is waited after each Selenium command.</doc>
<status status="PASS" start="2025-04-04T17:10:23.118182" elapsed="0.000000"/>
</kw>
<kw name="Wait Until Element Is Visible" owner="SeleniumLibrary">
<arg>xpath=//input[contains(@class, 'inputLogin')]</arg>
<arg>5s</arg>
<doc>Waits until the element ``locator`` is visible.</doc>
<status status="PASS" start="2025-04-04T17:10:23.119181" elapsed="1.821167"/>
</kw>
<kw name="Input Text" owner="SeleniumLibrary">
<msg time="2025-04-04T17:10:24.942352" level="INFO">Typing text 'parichartt' into text field 'xpath=//input[contains(@class, 'inputLogin')]'.</msg>
<arg>xpath=//input[contains(@class, 'inputLogin')]</arg>
<arg>${ID:dammi}</arg>
<doc>Types the given ``text`` into the text field identified by ``locator``.</doc>
<status status="PASS" start="2025-04-04T17:10:24.941353" elapsed="1.746546"/>
</kw>
<kw name="Input Password" owner="SeleniumLibrary">
<msg time="2025-04-04T17:10:26.690425" level="INFO">Typing password into text field 'xpath=//input[contains(@class, 'inputLogin') and @type='password']'.</msg>
<msg time="2025-04-04T17:10:27.779998" level="INFO">Temporally setting log level to: NONE</msg>
<arg>xpath=//input[contains(@class, 'inputLogin') and @type='password']</arg>
<arg>${password:dammi}</arg>
<doc>Types the given password into the text field identified by ``locator``.</doc>
<status status="PASS" start="2025-04-04T17:10:26.688902" elapsed="1.716405"/>
</kw>
<kw name="Click Element" owner="SeleniumLibrary">
<msg time="2025-04-04T17:10:28.406311" level="INFO">Clicking element '//button[contains(@class, 'mat-raised-button')]'.</msg>
<arg>//button[contains(@class, 'mat-raised-button')]</arg>
<doc>Click the element identified by ``locator``.</doc>
<status status="PASS" start="2025-04-04T17:10:28.406311" elapsed="1.165078"/>
</kw>
<status status="PASS" start="2025-04-04T17:10:13.555404" elapsed="16.016986"/>
</kw>
<kw name="Run Keyword And Ignore Error" owner="BuiltIn">
<kw name="ยืนยันการเข้าระบบ" owner="main_keywords">
<kw name="Click Element" owner="SeleniumLibrary">
<msg time="2025-04-04T17:10:29.577655" level="INFO">Clicking element '//button[contains(@class, 'mat-raised-button')]//i[contains(@class, 'fa-check')]'.</msg>
<msg time="2025-04-04T17:10:30.817936" level="INFO" html="true">&lt;/td&gt;&lt;/tr&gt;&lt;tr&gt;&lt;td colspan="3"&gt;&lt;a href="selenium-screenshot-31.png"&gt;&lt;img src="selenium-screenshot-31.png" width="800px"&gt;&lt;/a&gt;</msg>
<msg time="2025-04-04T17:10:30.819332" level="FAIL">Element with locator '//button[contains(@class, 'mat-raised-button')]//i[contains(@class, 'fa-check')]' not found.</msg>
<arg>//button[contains(@class, 'mat-raised-button')]//i[contains(@class, 'fa-check')]</arg>
<doc>Click the element identified by ``locator``.</doc>
<status status="FAIL" start="2025-04-04T17:10:29.576652" elapsed="1.275600">Element with locator '//button[contains(@class, 'mat-raised-button')]//i[contains(@class, 'fa-check')]' not found.</status>
</kw>
<status status="FAIL" start="2025-04-04T17:10:29.575655" elapsed="1.277606">Element with locator '//button[contains(@class, 'mat-raised-button')]//i[contains(@class, 'fa-check')]' not found.</status>
</kw>
<arg>ยืนยันการเข้าระบบ</arg>
<doc>Runs the given keyword with the given arguments and ignores possible error.</doc>
<status status="PASS" start="2025-04-04T17:10:29.574393" elapsed="1.278868"/>
</kw>
<doc>ทดสอบการยื่นคำร้อง manual ของ ปปง.1-01 กรณี ยื่นคำร้องเอง</doc>
<status status="PASS" start="2025-04-04T17:10:13.551854" elapsed="17.302411"/>
</test>
<test id="s1-t2" name="2.เลือก AML &amp; ยื่นคำร้อง" line="38">
<kw name="Select the Submit Request menu" owner="keywords_Testcase_1-01">
<kw name="Click Element" owner="SeleniumLibrary">
<msg time="2025-04-04T17:10:30.856788" level="INFO">Clicking element 'xpath=//a[contains(@class, 'sidebar-link') and .//div[contains(text(), 'AML-ไทย')]]'.</msg>
<arg>${AML-ไทย}</arg>
<doc>Click the element identified by ``locator``.</doc>
<status status="PASS" start="2025-04-04T17:10:30.856788" elapsed="1.095342"/>
</kw>
<kw name="Click Element" owner="SeleniumLibrary">
<msg time="2025-04-04T17:10:31.953133" level="INFO">Clicking element 'xpath=//a[contains(@class, 'mat-list-item') and contains(., 'ยื่นคำร้อง Manual')]'.</msg>
<arg>${ยื่นคำร้องManual}</arg>
<doc>Click the element identified by ``locator``.</doc>
<status status="PASS" start="2025-04-04T17:10:31.952130" elapsed="1.136607"/>
</kw>
<status status="PASS" start="2025-04-04T17:10:30.855788" elapsed="2.232949"/>
</kw>
<status status="PASS" start="2025-04-04T17:10:30.854776" elapsed="2.234962"/>
</test>
<test id="s1-t3" name="3.เลือกรายการ_ปปง1-01" line="43">
<kw name="เลือกรายการ_ปปง1-01" owner="keywords_Testcase_1-01">
<kw name="Click Element" owner="SeleniumLibrary">
<msg time="2025-04-04T17:10:33.092739" level="INFO">Clicking element 'xpath=//mat-select[@aria-labelledby='mat-select-value-1']'.</msg>
<arg>${ประเภทรายงาน}</arg>
<doc>Click the element identified by ``locator``.</doc>
<status status="PASS" start="2025-04-04T17:10:33.092739" elapsed="1.193281"/>
</kw>
<kw name="Click Element" owner="SeleniumLibrary">
<msg time="2025-04-04T17:10:34.288027" level="INFO">Clicking element 'xpath=//mat-option[@ng-reflect-value='1-01']'.</msg>
<arg>${ปปง.1-01}</arg>
<doc>Click the element identified by ``locator``.</doc>
<status status="PASS" start="2025-04-04T17:10:34.287029" elapsed="1.185023"/>
</kw>
<status status="PASS" start="2025-04-04T17:10:33.091740" elapsed="2.381313"/>
</kw>
<status status="PASS" start="2025-04-04T17:10:33.089738" elapsed="2.384322"/>
</test>
<test id="s1-t4" name="4.รายงานล่าช้า &amp; ไม่ใช่ลูกค้าธนาคาร" line="47">
<kw name="ยื่นคำร้องรายงานล่าช้า &amp; ไม่ใช่ลูกค้าธนาคาร" owner="keywords_Testcase_1-01">
<kw name="Click Element" owner="SeleniumLibrary">
<msg time="2025-04-04T17:10:35.484482" level="INFO">Clicking element 'xpath=//mat-radio-button[@ng-reflect-value='01']'.</msg>
<arg>${รายงานเนื่องจาก_รายงานตัวช้า}</arg>
<doc>Click the element identified by ``locator``.</doc>
<status status="PASS" start="2025-04-04T17:10:35.482869" elapsed="1.187246"/>
</kw>
<kw name="Click Element" owner="SeleniumLibrary">
<msg time="2025-04-04T17:10:36.672121" level="INFO">Clicking element 'xpath=//mat-radio-button[@ng-reflect-value="NOT_CUSTOMER"]'.</msg>
<arg>${ค้าหาข้อมูลจากลูกค้าด้วย_บัตรประจำตัว_ไม่ใช้ลูกค้าธนาคาร}</arg>
<doc>Click the element identified by ``locator``.</doc>
<status status="PASS" start="2025-04-04T17:10:36.671118" elapsed="1.160985"/>
</kw>
<kw name="Click Element" owner="SeleniumLibrary">
<msg time="2025-04-04T17:10:37.834639" level="INFO">Clicking element 'xpath=//button[@mat-raised-button]'.</msg>
<arg>${ยื่นคำร้องManual_ถัดไป}</arg>
<doc>Click the element identified by ``locator``.</doc>
<status status="PASS" start="2025-04-04T17:10:37.833120" elapsed="1.718463"/>
</kw>
<status status="PASS" start="2025-04-04T17:10:35.481872" elapsed="4.070714"/>
</kw>
<status status="PASS" start="2025-04-04T17:10:35.477618" elapsed="4.076534"/>
</test>
<test id="s1-t5" name="5.ส่วนที่1" line="51">
<kw name="สุ่มเลขบัตร13หลัก" owner="AMLO Variables">
<kw name="Evaluate" owner="BuiltIn">
<msg time="2025-04-04T17:10:39.561063" level="INFO">${random_number} = 9532427671739</msg>
<var>${random_number}</var>
<arg>random.randint(${MIN}, ${MAX})</arg>
<arg>modules=random</arg>
<doc>Evaluates the given expression in Python and returns the result.</doc>
<status status="PASS" start="2025-04-04T17:10:39.560061" elapsed="0.001002"/>
</kw>
<kw name="Set Suite Variable" owner="BuiltIn">
<msg time="2025-04-04T17:10:39.562062" level="INFO">${random_number} = 9532427671739</msg>
<arg>${random_number}</arg>
<arg>${random_number}</arg>
<doc>Makes a variable available everywhere within the scope of the current suite.</doc>
<status status="PASS" start="2025-04-04T17:10:39.561063" elapsed="0.000999"/>
</kw>
<return>
<value>${random_number}</value>
<status status="PASS" start="2025-04-04T17:10:39.562062" elapsed="0.000000"/>
</return>
<status status="PASS" start="2025-04-04T17:10:39.559061" elapsed="0.003001"/>
</kw>
<kw name="ใช้งานเลขบัตร" owner="AMLO Variables">
<kw name="สุ่มเลขบัตร13หลัก" owner="AMLO Variables">
<kw name="Evaluate" owner="BuiltIn">
<msg time="2025-04-04T17:10:39.565594" level="INFO">${random_number} = 9122555960613</msg>
<var>${random_number}</var>
<arg>random.randint(${MIN}, ${MAX})</arg>
<arg>modules=random</arg>
<doc>Evaluates the given expression in Python and returns the result.</doc>
<status status="PASS" start="2025-04-04T17:10:39.564580" elapsed="0.001014"/>
</kw>
<kw name="Set Suite Variable" owner="BuiltIn">
<msg time="2025-04-04T17:10:39.566593" level="INFO">${random_number} = 9122555960613</msg>
<arg>${random_number}</arg>
<arg>${random_number}</arg>
<doc>Makes a variable available everywhere within the scope of the current suite.</doc>
<status status="PASS" start="2025-04-04T17:10:39.565594" elapsed="0.000999"/>
</kw>
<return>
<value>${random_number}</value>
<status status="PASS" start="2025-04-04T17:10:39.566593" elapsed="0.000000"/>
</return>
<msg time="2025-04-04T17:10:39.567723" level="INFO">${เลขที่บัตร} = 9122555960613</msg>
<var>${เลขที่บัตร}</var>
<status status="PASS" start="2025-04-04T17:10:39.564062" elapsed="0.003661"/>
</kw>
<kw name="Set Suite Variable" owner="BuiltIn">
<msg time="2025-04-04T17:10:39.568813" level="INFO">${เลขที่บัตร} = 9122555960613</msg>
<arg>${เลขที่บัตร}</arg>
<arg>${เลขที่บัตร}</arg>
<doc>Makes a variable available everywhere within the scope of the current suite.</doc>
<status status="PASS" start="2025-04-04T17:10:39.567723" elapsed="0.001090"/>
</kw>
<return>
<value>${เลขที่บัตร}</value>
<status status="PASS" start="2025-04-04T17:10:39.569406" elapsed="0.000000"/>
</return>
<status status="PASS" start="2025-04-04T17:10:39.563061" elapsed="0.006867"/>
</kw>
<kw name="ส่วนที่1 ระบุข้อมูล(ทำธุรกรรมด้วยตนเอง)" owner="keywords_Testcase_1-01">
<kw name="Input Text" owner="SeleniumLibrary">
<msg time="2025-04-04T17:10:39.572023" level="INFO">Typing text 'test' into text field 'xpath=//textarea[@ng-reflect-maxlength='2000']'.</msg>
<arg>${เหตุผลการรายงาน Mannual_เหตุผลในการรายงาน}</arg>
<arg>${เหตุผลในการรายงาน}</arg>
<doc>Types the given ``text`` into the text field identified by ``locator``.</doc>
<status status="PASS" start="2025-04-04T17:10:39.571457" elapsed="1.770068"/>
</kw>
<kw name="Click Element" owner="SeleniumLibrary">
<msg time="2025-04-04T17:10:41.343516" level="INFO">Clicking element 'xpath=//mat-select[@name='prefix']'.</msg>
<arg>${1.1_คำนำหน้าชื่อ}</arg>
<doc>Click the element identified by ``locator``.</doc>
<status status="PASS" start="2025-04-04T17:10:41.342515" elapsed="1.248517"/>
</kw>
<kw name="Click Element" owner="SeleniumLibrary">
<msg time="2025-04-04T17:10:42.593034" level="INFO">Clicking element 'xpath=//mat-option[@ng-reflect-value='นาย']'.</msg>
<arg>${1.1_คำนำหน้าชื่อ_เลือก}</arg>
<doc>Click the element identified by ``locator``.</doc>
<status status="PASS" start="2025-04-04T17:10:42.592032" elapsed="1.238567"/>
</kw>
<kw name="Input Text" owner="SeleniumLibrary">
<msg time="2025-04-04T17:10:43.831613" level="INFO">Typing text 'เทส' into text field 'xpath=(//input[contains(@class, 'mat-input-element') and @maxlength='250' and @required])[1]'.</msg>
<arg>${1.1_ชื่อ}</arg>
<arg>${ชื่อ}</arg>
<doc>Types the given ``text`` into the text field identified by ``locator``.</doc>
<status status="PASS" start="2025-04-04T17:10:43.830599" elapsed="1.790457"/>
</kw>
<kw name="Input Text" owner="SeleniumLibrary">
<msg time="2025-04-04T17:10:45.623054" level="INFO">Typing text 'สุดหล่อ' into text field 'xpath=(//input[contains(@class, 'mat-input-element') and @maxlength='250' and @required])[2]'.</msg>
<arg>${1.1_นามสกุล}</arg>
<arg>${นามสกุล}</arg>
<doc>Types the given ``text`` into the text field identified by ``locator``.</doc>
<status status="PASS" start="2025-04-04T17:10:45.622056" elapsed="1.808166"/>
</kw>
<kw name="Input Text" owner="SeleniumLibrary">
<msg time="2025-04-04T17:10:47.432242" level="INFO">Typing text '9122555960613' into text field 'xpath=//input[@ng-reflect-maxlength='13']'.</msg>
<arg>${1.1_เอกสารประจำตัว_เลขที่}</arg>
<arg>${เลขที่บัตร}</arg>
<doc>Types the given ``text`` into the text field identified by ``locator``.</doc>
<status status="PASS" start="2025-04-04T17:10:47.431237" elapsed="1.989229"/>
</kw>
<kw name="Click Element" owner="SeleniumLibrary">
<msg time="2025-04-04T17:10:49.422463" level="INFO">Clicking element 'xpath=//mat-radio-button[contains(@class, 'mat-radio-button mat-accent') and @ng-reflect-value='0']'.</msg>
<arg>${1.1_เอกสารประจำตัว_ทำธุรกรรมด้วยตนเอง}</arg>
<doc>Click the element identified by ``locator``.</doc>
<status status="PASS" start="2025-04-04T17:10:49.421459" elapsed="1.211346"/>
</kw>
<kw name="Input Text" owner="SeleniumLibrary">
<msg time="2025-04-04T17:10:50.635335" level="INFO">Typing text 'เทส' into text field 'xpath=//input[contains(@class, 'mat-input-element') and @maxlength='300']'.</msg>
<arg>${1.2_ที่อยู่}</arg>
<arg>${ที่อยู่}</arg>
<doc>Types the given ``text`` into the text field identified by ``locator``.</doc>
<status status="PASS" start="2025-04-04T17:10:50.634318" elapsed="1.723295"/>
</kw>
<kw name="Click Element" owner="SeleniumLibrary">
<msg time="2025-04-04T17:10:52.359618" level="INFO">Clicking element '(//mat-select[@name='countryCode'])[1]'.</msg>
<arg>${1.2_ประเทศ}</arg>
<doc>Click the element identified by ``locator``.</doc>
<status status="PASS" start="2025-04-04T17:10:52.358623" elapsed="1.259249"/>
</kw>
<kw name="Click Element" owner="SeleniumLibrary">
<msg time="2025-04-04T17:10:53.620880" level="INFO">Clicking element 'xpath=//mat-option[span[contains(text(), 'ไทย')]]'.</msg>
<arg>${1.2_ที่อยู่_ประเทศ_ไทย}</arg>
<doc>Click the element identified by ``locator``.</doc>
<status status="PASS" start="2025-04-04T17:10:53.618872" elapsed="1.151418"/>
</kw>
<kw name="Click Element" owner="SeleniumLibrary">
<msg time="2025-04-04T17:10:54.773295" level="INFO">Clicking element '(//mat-select[.//span[contains(text(),'โปรดระบุ')]])[1]'.</msg>
<arg>${1.2_ที่อยู่_ประเทศ_จังหวัด}</arg>
<doc>Click the element identified by ``locator``.</doc>
<status status="PASS" start="2025-04-04T17:10:54.771291" elapsed="1.245851"/>
</kw>
<kw name="Click Element" owner="SeleniumLibrary">
<msg time="2025-04-04T17:10:56.019145" level="INFO">Clicking element 'xpath=//mat-option[.//span[contains(text(),'กรุงเทพมหานคร')]]'.</msg>
<arg>${1.2_ที่อยู่_ประเทศ_จังหวัด_เลือก}</arg>
<doc>Click the element identified by ``locator``.</doc>
<status status="PASS" start="2025-04-04T17:10:56.018145" elapsed="1.221088"/>
</kw>
<kw name="Click Element" owner="SeleniumLibrary">
<msg time="2025-04-04T17:10:57.241303" level="INFO">Clicking element '(//mat-select[.//span[contains(text(),'โปรดระบุ')]])[1]'.</msg>
<arg>${1.2_ที่อยู่_ประเทศ_อำเภอ}</arg>
<doc>Click the element identified by ``locator``.</doc>
<status status="PASS" start="2025-04-04T17:10:57.240278" elapsed="1.228384"/>
</kw>
<kw name="Click Element" owner="SeleniumLibrary">
<msg time="2025-04-04T17:10:58.470670" level="INFO">Clicking element 'xpath=//mat-option[.//span[contains(text(),'เขตจตุจักร')]]'.</msg>
<arg>${1.2_ที่อยู่_ประเทศ_อำเภอ_เลือก}</arg>
<doc>Click the element identified by ``locator``.</doc>
<status status="PASS" start="2025-04-04T17:10:58.469661" elapsed="1.199733"/>
</kw>
<kw name="Click Element" owner="SeleniumLibrary">
<msg time="2025-04-04T17:10:59.671396" level="INFO">Clicking element '(//mat-select[.//span[contains(text(),'โปรดระบุ')]])[1]'.</msg>
<arg>${1.2_ที่อยู่_ประเทศ_ตำบล}</arg>
<doc>Click the element identified by ``locator``.</doc>
<status status="PASS" start="2025-04-04T17:10:59.670404" elapsed="1.196232"/>
</kw>
<kw name="Click Element" owner="SeleniumLibrary">
<msg time="2025-04-04T17:11:00.868653" level="INFO">Clicking element 'xpath=//mat-option[.//span[contains(text(),'จตุจักร')]]'.</msg>
<arg>${1.2_ที่อยู่_ประเทศ_ตำบล_เลือก}</arg>
<doc>Click the element identified by ``locator``.</doc>
<status status="PASS" start="2025-04-04T17:11:00.867636" elapsed="1.309519"/>
</kw>
<kw name="Input Text" owner="SeleniumLibrary">
<msg time="2025-04-04T17:11:02.178154" level="INFO">Typing text '21229' into text field '(//input[@ng-reflect-maxlength='5'])[1]'.</msg>
<arg>${1.2_ที่อยู่_ประเทศ_รหัสไปรษณีย์_เลข}</arg>
<arg>${รหัสไปรษณีย์}</arg>
<doc>Types the given ``text`` into the text field identified by ``locator``.</doc>
<status status="PASS" start="2025-04-04T17:11:02.178154" elapsed="1.969678"/>
</kw>
<kw name="Click Element" owner="SeleniumLibrary">
<msg time="2025-04-04T17:11:04.149842" level="INFO">Clicking element 'xpath=//mat-select[@name='occupationType']'.</msg>
<arg>${1.3อาชีพ}</arg>
<doc>Click the element identified by ``locator``.</doc>
<status status="PASS" start="2025-04-04T17:11:04.148836" elapsed="1.232452"/>
</kw>
<kw name="Click Element" owner="SeleniumLibrary">
<msg time="2025-04-04T17:11:05.383294" level="INFO">Clicking element 'xpath=//mat-option[.//span[contains(text(), 'อาชีพอิสระ')]]'.</msg>
<arg>${1.3อาชีพ_เลือก}</arg>
<doc>Click the element identified by ``locator``.</doc>
<status status="PASS" start="2025-04-04T17:11:05.382292" elapsed="1.257526"/>
</kw>
<kw name="Input Text" owner="SeleniumLibrary">
<msg time="2025-04-04T17:11:06.641837" level="INFO">Typing text '0987654321123' into text field 'xpath=(//input[@ng-reflect-maxlength='13'])[2]'.</msg>
<arg>${1.5_เลขที่}</arg>
<arg>${เลขที่บัตร2}</arg>
<doc>Types the given ``text`` into the text field identified by ``locator``.</doc>
<status status="PASS" start="2025-04-04T17:11:06.640839" elapsed="2.132244"/>
</kw>
<status status="PASS" start="2025-04-04T17:10:39.570943" elapsed="29.203660"/>
</kw>
<kw name="ส่วนที่1 บันทึกและไปหน้าถัดไป" owner="keywords_Testcase_1-01">
<kw name="Click Element" owner="SeleniumLibrary">
<msg time="2025-04-04T17:11:08.778966" level="INFO">Clicking element 'xpath=//button[.//span[contains(text(), 'บันทึก')]]'.</msg>
<arg>${ส่วนที่1_บีนทึก}</arg>
<doc>Click the element identified by ``locator``.</doc>
<status status="PASS" start="2025-04-04T17:11:08.777940" elapsed="1.281855"/>
</kw>
<kw name="Sleep" owner="BuiltIn">
<msg time="2025-04-04T17:11:11.061863" level="INFO">Slept 1 second.</msg>
<arg>1s</arg>
<doc>Pauses the test executed for the given time.</doc>
<status status="PASS" start="2025-04-04T17:11:10.060793" elapsed="1.001070"/>
</kw>
<kw name="Click Element" owner="SeleniumLibrary">
<msg time="2025-04-04T17:11:11.062874" level="INFO">Clicking element '//button[.//span[contains(text(), 'ตกลง')]]'.</msg>
<arg>${ส่วนที่1_ตกลง}</arg>
<doc>Click the element identified by ``locator``.</doc>
<status status="PASS" start="2025-04-04T17:11:11.062874" elapsed="1.601725"/>
</kw>
<kw name="Click Element" owner="SeleniumLibrary">
<msg time="2025-04-04T17:11:12.666480" level="INFO">Clicking element '//button[contains(@class, 'mat-raised-button') and .//span[contains(text(), 'ถัดไป')]]'.</msg>
<arg>${ส่วนที่1_ถัดไป}</arg>
<doc>Click the element identified by ``locator``.</doc>
<status status="PASS" start="2025-04-04T17:11:12.665479" elapsed="1.289674"/>
</kw>
<status status="PASS" start="2025-04-04T17:11:08.776650" elapsed="5.179506"/>
</kw>
<status status="PASS" start="2025-04-04T17:10:39.557065" elapsed="34.400091"/>
</test>
<test id="s1-t6" name="6.ส่วนที่2" line="56">
<kw name="เก็บรหัสCIF" owner="AMLO Variables">
<kw name="Wait Until Element Is Visible" owner="SeleniumLibrary">
<arg>${CIF_XPATH}</arg>
<arg>timeout=2s</arg>
<doc>Waits until the element ``locator`` is visible.</doc>
<status status="PASS" start="2025-04-04T17:11:13.964273" elapsed="1.093319"/>
</kw>
<kw name="Get Text" owner="SeleniumLibrary">
<msg time="2025-04-04T17:11:16.131257" level="INFO">${CIF} = MAN9122555960613</msg>
<var>${CIF}</var>
<arg>${CIF_XPATH}</arg>
<doc>Returns the text value of the element identified by ``locator``.</doc>
<status status="PASS" start="2025-04-04T17:11:15.058615" elapsed="1.072642"/>
</kw>
<kw name="Log To Console" owner="BuiltIn">
<arg>รหัสCIF ที่เก็บได้: ${CIF}</arg>
<doc>Logs the given message to the console.</doc>
<status status="PASS" start="2025-04-04T17:11:16.132262" elapsed="0.001000"/>
</kw>
<kw name="Set Suite Variable" owner="BuiltIn">
<msg time="2025-04-04T17:11:16.134795" level="INFO">${CIF} = MAN9122555960613</msg>
<arg>${CIF}</arg>
<arg>${CIF}</arg>
<doc>Makes a variable available everywhere within the scope of the current suite.</doc>
<status status="PASS" start="2025-04-04T17:11:16.134262" elapsed="0.000533"/>
</kw>
<return>
<value>${CIF}</value>
<status status="PASS" start="2025-04-04T17:11:16.134795" elapsed="0.000000"/>
</return>
<msg time="2025-04-04T17:11:16.135820" level="INFO">${CIF} = MAN9122555960613</msg>
<var>${CIF}</var>
<status status="PASS" start="2025-04-04T17:11:13.962603" elapsed="2.173217"/>
</kw>
<kw name="Log" owner="BuiltIn">
<msg time="2025-04-04T17:11:16.137817" level="INFO">รหัสCIF ที่เก็บได้: MAN9122555960613</msg>
<arg>รหัสCIF ที่เก็บได้: ${CIF}</arg>
<doc>Logs the given message with the given level.</doc>
<status status="PASS" start="2025-04-04T17:11:16.137817" elapsed="0.000000"/>
</kw>
<status status="PASS" start="2025-04-04T17:11:13.961154" elapsed="2.177661"/>
</test>
<test id="s1-t7" name="จบการทำงาน" line="60">
<kw name="จบการทำงาน" owner="main_keywords">
<kw name="Sleep" owner="BuiltIn">
<msg time="2025-04-04T17:11:21.145110" level="INFO">Slept 5 seconds.</msg>
<arg>5s</arg>
<doc>Pauses the test executed for the given time.</doc>
<status status="PASS" start="2025-04-04T17:11:16.142813" elapsed="5.002297"/>
</kw>
<kw name="Capture Page Screenshot" owner="SeleniumLibrary">
<msg time="2025-04-04T17:11:21.829954" level="INFO" html="true">&lt;/td&gt;&lt;/tr&gt;&lt;tr&gt;&lt;td colspan="3"&gt;&lt;a href="selenium-screenshot-32.png"&gt;&lt;img src="selenium-screenshot-32.png" width="800px"&gt;&lt;/a&gt;</msg>
<doc>Takes a screenshot of the current page and embeds it into a log file.</doc>
<status status="PASS" start="2025-04-04T17:11:21.146124" elapsed="0.684777"/>
</kw>
<kw name="Log" owner="BuiltIn">
<msg time="2025-04-04T17:11:21.832903" level="INFO">Test Teardown Completed</msg>
<arg>Test Teardown Completed</arg>
<doc>Logs the given message with the given level.</doc>
<status status="PASS" start="2025-04-04T17:11:21.831895" elapsed="0.001008"/>
</kw>
<kw name="Close Browser" owner="SeleniumLibrary">
<doc>Closes the current browser.</doc>
<status status="PASS" start="2025-04-04T17:11:21.832903" elapsed="4.406918"/>
</kw>
<status status="PASS" start="2025-04-04T17:11:16.142813" elapsed="10.097008"/>
</kw>
<status status="PASS" start="2025-04-04T17:11:16.140818" elapsed="10.101002"/>
</test>
<status status="PASS" start="2025-04-04T17:10:11.675849" elapsed="74.569115"/>
</suite>
<statistics>
<total>
<stat pass="7" fail="0" skip="0">All Tests</stat>
</total>
<tag>
</tag>
<suite>
<stat pass="7" fail="0" skip="0" id="s1" name="ปปง1-01 Testcase4">ปปง1-01 Testcase4</stat>
</suite>
</statistics>
<errors>
<msg time="2025-04-04T17:10:13.456543" level="WARN">Error in file 'D:\AML_Project\Resources\Menu_name\AML\ยื่นคำร้อง Manual\AMLO Variables.robot' on line 19: The '[Return]' setting is deprecated. Use the 'RETURN' statement instead.</msg>
<msg time="2025-04-04T17:10:13.458584" level="WARN">Error in file 'D:\AML_Project\Resources\Menu_name\AML\ยื่นคำร้อง Manual\AMLO Variables.robot' on line 25: The '[Return]' setting is deprecated. Use the 'RETURN' statement instead.</msg>
<msg time="2025-04-04T17:10:13.459581" level="WARN">Error in file 'D:\AML_Project\Resources\Menu_name\AML\ยื่นคำร้อง Manual\AMLO Variables.robot' on line 29: The '[Return]' setting is deprecated. Use the 'RETURN' statement instead.</msg>
<msg time="2025-04-04T17:10:13.514954" level="ERROR">Error in file 'D:\AML_Project\Resources\Menu_name\AML\ยื่นคำร้อง Manual\ปปง1-01\ปปง1-01_va.robot' on line 121: Setting variable '${2.1_คำนำหน้าชื่อ_เลือก}' failed: Resolving variable '${คำนำหน้า_ส่วน2}' failed: Variable '${คำนำหน}' not found. Did you mean:
    ${คำนำหน้า}</msg>
<msg time="2025-04-04T17:10:13.527486" level="ERROR">Error in file 'D:\AML_Project\Resources\Menu_name\AML\ยื่นคำร้อง Manual\ปปง1-01\ปปง1-01_va.robot' on line 135: Setting variable '${2.2_ที่อยู่_ประเทศ_จังหวัด_เลือก}' failed: Resolving variable '${companyProvince_ส่วน2}' failed: Variable '${companyProvince_ส}' not found. Did you mean:
    ${companyProvince}</msg>
<msg time="2025-04-04T17:10:13.532485" level="ERROR">Error in file 'D:\AML_Project\Resources\Menu_name\AML\ยื่นคำร้อง Manual\ปปง1-01\ปปง1-01_va.robot' on line 139: Setting variable '${2.2_ที่อยู่_ประเทศ_ตำบล_เลือก}' failed: Resolving variable '${companySubdistrict_ส่วน2}' failed: Variable '${companySubdistrict_ส}' not found. Did you mean:
    ${companySubdistrict}
    ${companyDistrict}</msg>
<msg time="2025-04-04T17:10:13.539008" level="ERROR">Error in file 'D:\AML_Project\Resources\Menu_name\AML\ยื่นคำร้อง Manual\ปปง1-01\ปปง1-01_va.robot' on line 137: Setting variable '${2.2_ที่อยู่_ประเทศ_อำเภอ_เลือก}' failed: Resolving variable '${companyDistrict_ส่วน2}' failed: Variable '${companyDistrict_ส}' not found. Did you mean:
    ${companyDistrict}
    ${companySubdistrict}</msg>
<msg time="2025-04-04T17:10:13.547551" level="ERROR">Error in file 'D:\AML_Project\Resources\Menu_name\AML\ยื่นคำร้อง Manual\ปปง1-01\ปปง1-01_va.robot' on line 144: Setting variable '${2.3อาชีพ_เลือก}' failed: Resolving variable '${เลือกอาชีพ_ส่วน2}' failed: Variable '${เล}' not found.</msg>
<msg time="2025-04-04T17:10:17.496344" level="WARN">The chromedriver version (134.0.6998.88) detected in PATH at C:\Users\suravesi\AppData\Local\Programs\Python\Python38\chromedriver.exe might not be compatible with the detected chrome version (135.0.7049.41); currently, chromedriver 135.0.7049.42 is recommended for chrome 135.*, so it is advised to delete the driver in PATH and retry</msg>
</errors>
</robot>
