<?xml version="1.0" encoding="UTF-8"?>
<robot generator="Robot 7.0.1 (Python 3.8.7 on win32)" generated="2025-07-25T13:34:01.242227" rpa="false" schemaversion="5">
<suite id="s1" name="SC WL 005" source="D:\AML_Project\TestCase\Watchlist Screening\Watchlist\SC_WL_005.robot">
<test id="s1-t1" name="1.open web IBank &amp; Login" line="19">
<kw name="Enteropen web IBank &amp; Login" owner="main_keywords">
<kw name="Open Browser" owner="SeleniumLibrary">
<msg time="2025-07-25T13:34:02.229797" level="INFO">Opening browser 'chrome' to base url 'https://dev.aml.ibank.co.th/'.</msg>
<arg>${URL:IBank}</arg>
<arg>${Browser}</arg>
<arg>options=add_argument("--ignore-certificate-errors")</arg>
<doc>Opens a new browser instance to the optional ``url``.</doc>
<status status="PASS" start="2025-07-25T13:34:02.229797" elapsed="6.899195"/>
</kw>
<kw name="Maximize Browser Window" owner="SeleniumLibrary">
<doc>Maximizes current browser window.</doc>
<status status="PASS" start="2025-07-25T13:34:09.128992" elapsed="0.025049"/>
</kw>
<kw name="Set Selenium Speed" owner="SeleniumLibrary">
<arg>0.5s</arg>
<doc>Sets the delay that is waited after each Selenium command.</doc>
<status status="PASS" start="2025-07-25T13:34:09.154041" elapsed="0.000000"/>
</kw>
<status status="PASS" start="2025-07-25T13:34:02.226798" elapsed="6.927243"/>
</kw>
<kw name="เข้าด้วยUserระดับฝ่ายกำกับพนักงาน" owner="main_keywords">
<kw name="Wait Until Element Is Visible" owner="SeleniumLibrary">
<arg>xpath=//input[contains(@class, 'inputLogin')]</arg>
<arg>5s</arg>
<doc>Waits until the element ``locator`` is visible.</doc>
<status status="PASS" start="2025-07-25T13:34:09.155040" elapsed="1.867452"/>
</kw>
<kw name="Input Text" owner="SeleniumLibrary">
<msg time="2025-07-25T13:34:11.024489" level="INFO">Typing text '530433' into text field 'xpath=//input[contains(@class, 'inputLogin')]'.</msg>
<arg>xpath=//input[contains(@class, 'inputLogin')]</arg>
<arg>${ID:ฝ่ายกำกับพนักงาน}</arg>
<doc>Types the given ``text`` into the text field identified by ``locator``.</doc>
<status status="PASS" start="2025-07-25T13:34:11.023489" elapsed="1.725191"/>
</kw>
<kw name="Input Password" owner="SeleniumLibrary">
<msg time="2025-07-25T13:34:12.751474" level="INFO">Typing password into text field 'xpath=//input[contains(@class, 'inputLogin') and @type='password']'.</msg>
<msg time="2025-07-25T13:34:13.872498" level="INFO">Temporally setting log level to: NONE</msg>
<arg>xpath=//input[contains(@class, 'inputLogin') and @type='password']</arg>
<arg>${password:ฝ่ายกำกับพนักงาน}</arg>
<doc>Types the given password into the text field identified by ``locator``.</doc>
<status status="PASS" start="2025-07-25T13:34:12.749961" elapsed="1.731414"/>
</kw>
<kw name="Click Element" owner="SeleniumLibrary">
<msg time="2025-07-25T13:34:14.482908" level="INFO">Clicking element '//button[contains(@class, 'mat-raised-button')]'.</msg>
<arg>//button[contains(@class, 'mat-raised-button')]</arg>
<doc>Click the element identified by ``locator``.</doc>
<status status="PASS" start="2025-07-25T13:34:14.481891" elapsed="1.194874"/>
</kw>
<kw name="Run Keyword And Ignore Error" owner="BuiltIn">
<kw name="ยืนยันการเข้าระบบ" owner="main_keywords">
<kw name="Wait Until Element Is Visible" owner="SeleniumLibrary">
<arg>//button[contains(@class, 'mat-raised-button')]//i[contains(@class, 'fa-check')]</arg>
<doc>Waits until the element ``locator`` is visible.</doc>
<status status="PASS" start="2025-07-25T13:34:15.679770" elapsed="1.069922"/>
</kw>
<kw name="Click Element" owner="SeleniumLibrary">
<msg time="2025-07-25T13:34:16.751108" level="INFO">Clicking element '//button[contains(@class, 'mat-raised-button')]//i[contains(@class, 'fa-check')]'.</msg>
<arg>//button[contains(@class, 'mat-raised-button')]//i[contains(@class, 'fa-check')]</arg>
<doc>Click the element identified by ``locator``.</doc>
<status status="PASS" start="2025-07-25T13:34:16.751108" elapsed="1.176319"/>
</kw>
<status status="PASS" start="2025-07-25T13:34:15.678772" elapsed="2.248655"/>
</kw>
<arg>ยืนยันการเข้าระบบ</arg>
<doc>Runs the given keyword with the given arguments and ignores possible error.</doc>
<status status="PASS" start="2025-07-25T13:34:15.677772" elapsed="2.250649"/>
</kw>
<kw name="Run Keyword And Ignore Error" owner="BuiltIn">
<kw name="ยืนยันการข้าม Pop-up" owner="main_keywords">
<kw name="Wait Until Element Is Visible" owner="SeleniumLibrary">
<msg time="2025-07-25T13:34:23.774837" level="INFO" html="true">&lt;/td&gt;&lt;/tr&gt;&lt;tr&gt;&lt;td colspan="3"&gt;&lt;a href="selenium-screenshot-5.png"&gt;&lt;img src="selenium-screenshot-5.png" width="800px"&gt;&lt;/a&gt;</msg>
<msg time="2025-07-25T13:34:23.774837" level="FAIL">Element 'xpath=//button[.//span[normalize-space(text())='Close']]' not visible after 5 seconds.</msg>
<arg>xpath=//button[.//span[normalize-space(text())='Close']]</arg>
<arg>timeout=5s</arg>
<doc>Waits until the element ``locator`` is visible.</doc>
<status status="FAIL" start="2025-07-25T13:34:17.930426" elapsed="5.855946">Element 'xpath=//button[.//span[normalize-space(text())='Close']]' not visible after 5 seconds.</status>
</kw>
<kw name="Click Element" owner="SeleniumLibrary">
<arg>xpath=//button[.//span[normalize-space(text())='Close']]</arg>
<doc>Click the element identified by ``locator``.</doc>
<status status="NOT RUN" start="2025-07-25T13:34:23.787373" elapsed="0.000000"/>
</kw>
<status status="FAIL" start="2025-07-25T13:34:17.929424" elapsed="5.857949">Element 'xpath=//button[.//span[normalize-space(text())='Close']]' not visible after 5 seconds.</status>
</kw>
<arg>ยืนยันการข้าม Pop-up</arg>
<doc>Runs the given keyword with the given arguments and ignores possible error.</doc>
<status status="PASS" start="2025-07-25T13:34:17.928421" elapsed="5.858952"/>
</kw>
<status status="PASS" start="2025-07-25T13:34:09.155040" elapsed="14.633327"/>
</kw>
<doc>ทดสอบการแสดงหน้าเว็ปและการเข้าสู่ระบบ</doc>
<status status="PASS" start="2025-07-25T13:34:02.222778" elapsed="21.566592"/>
</test>
<test id="s1-t2" name="2.เลือกMenu Watch List" line="24">
<kw name="เข้าMenu Watch List" owner="WatchList Keywords">
<kw name="Click Element" owner="SeleniumLibrary">
<msg time="2025-07-25T13:34:23.799686" level="INFO">Clicking element 'xpath=//a[contains(@class, 'sidebar-link') and .//div[contains(text(), 'Watch List')]]'.</msg>
<arg>${Watch List_menuXPATH}</arg>
<doc>Click the element identified by ``locator``.</doc>
<status status="PASS" start="2025-07-25T13:34:23.798683" elapsed="1.190449"/>
</kw>
<kw name="Click Element" owner="SeleniumLibrary">
<msg time="2025-07-25T13:34:24.991137" level="INFO">Clicking element 'xpath=//a[contains(@class, 'mat-list-item') and contains(., 'Watch List')]'.</msg>
<arg>${Watch List}</arg>
<doc>Click the element identified by ``locator``.</doc>
<status status="PASS" start="2025-07-25T13:34:24.990136" elapsed="1.197407"/>
</kw>
<status status="PASS" start="2025-07-25T13:34:23.796683" elapsed="2.390860"/>
</kw>
<kw name="Sleep" owner="BuiltIn">
<msg time="2025-07-25T13:34:29.191648" level="INFO">Slept 3 seconds.</msg>
<arg>3s</arg>
<doc>Pauses the test executed for the given time.</doc>
<status status="PASS" start="2025-07-25T13:34:26.189536" elapsed="3.003018"/>
</kw>
<doc>เข้าหน้า Watchlist</doc>
<status status="PASS" start="2025-07-25T13:34:23.792685" elapsed="5.401864"/>
</test>
<test id="s1-t3" name="3ระบุข้อมูล" line="28">
<kw name="ค้นหาข้อมูลกรุณาเลือกประเภทในการค้นหา-นิติบุคคุล" owner="WatchList Keywords">
<kw name="Click Element" owner="SeleniumLibrary">
<msg time="2025-07-25T13:34:29.207072" level="INFO">Clicking element '//mat-radio-button[.//span[normalize-space(text())='นิติบุคคล']]'.</msg>
<arg>${กรุณาเลือกประเภทในการค้นหา_นิติบุคคล}</arg>
<doc>Click the element identified by ``locator``.</doc>
<status status="PASS" start="2025-07-25T13:34:29.206074" elapsed="1.246440"/>
</kw>
<status status="PASS" start="2025-07-25T13:34:29.205074" elapsed="1.248441"/>
</kw>
<kw name="ตรวจสอบด้วย เลขทะเบียนการค้า/เลขประจำตัวผู้เสียภาษี" owner="WatchList Keywords">
<kw name="Input Text" owner="SeleniumLibrary">
<msg time="2025-07-25T13:34:30.456517" level="INFO">Typing text '3759473062496' into text field '//input[@name='id']'.</msg>
<arg>${เลขทะเบียนการค้า/เลขประจำตัวผู้เสียภาษี_xpath}</arg>
<arg>${เลขทะเบียนการค้า/เลขประจำตัวผู้เสียภาษี}</arg>
<doc>Types the given ``text`` into the text field identified by ``locator``.</doc>
<status status="PASS" start="2025-07-25T13:34:30.455521" elapsed="1.842742"/>
</kw>
<status status="PASS" start="2025-07-25T13:34:30.454516" elapsed="1.844751"/>
</kw>
<kw name="ข้อมูลเพิ่มเติมในการค้นหาวันที่จดทะเบียน" owner="WatchList Keywords">
<kw name="Input Text" owner="SeleniumLibrary">
<msg time="2025-07-25T13:34:32.301811" level="INFO">Typing text '10/05/2562' into text field '//input[@name='hdate']'.</msg>
<arg>${วันที่จดทะเบียน_xpath}</arg>
<arg>${วันที่จดทะเบียน}</arg>
<doc>Types the given ``text`` into the text field identified by ``locator``.</doc>
<status status="PASS" start="2025-07-25T13:34:32.301811" elapsed="1.770914"/>
</kw>
<status status="PASS" start="2025-07-25T13:34:32.300256" elapsed="1.772469"/>
</kw>
<kw name="กดปุ่มตรวจสอบ" owner="WatchList Keywords">
<kw name="Click Element" owner="SeleniumLibrary">
<msg time="2025-07-25T13:34:34.076709" level="INFO">Clicking element '//button[.//span[contains(text(),'ตรวจสอบ')]]'.</msg>
<arg>${ปุ่มตรวจสอบ}</arg>
<doc>Click the element identified by ``locator``.</doc>
<status status="PASS" start="2025-07-25T13:34:34.075709" elapsed="1.181014"/>
</kw>
<status status="PASS" start="2025-07-25T13:34:34.074710" elapsed="1.182013"/>
</kw>
<kw name="กดปุ่มล้างข้อมูล" owner="WatchList Keywords">
<kw name="Sleep" owner="BuiltIn">
<msg time="2025-07-25T13:34:39.259741" level="INFO">Slept 4 seconds.</msg>
<arg>4s</arg>
<doc>Pauses the test executed for the given time.</doc>
<status status="PASS" start="2025-07-25T13:34:35.259708" elapsed="4.000033"/>
</kw>
<kw name="Capture Page Screenshot" owner="SeleniumLibrary">
<msg time="2025-07-25T13:34:40.057789" level="INFO" html="true">&lt;/td&gt;&lt;/tr&gt;&lt;tr&gt;&lt;td colspan="3"&gt;&lt;a href="selenium-screenshot-6.png"&gt;&lt;img src="selenium-screenshot-6.png" width="800px"&gt;&lt;/a&gt;</msg>
<doc>Takes a screenshot of the current page and embeds it into a log file.</doc>
<status status="PASS" start="2025-07-25T13:34:39.274903" elapsed="0.782886"/>
</kw>
<kw name="Click Element" owner="SeleniumLibrary">
<msg time="2025-07-25T13:34:40.059786" level="INFO">Clicking element '//button[.//span[contains(text(),'ล้างข้อมูล')]]'.</msg>
<arg>${ปุ่มล้างข้อมูล_xpath}</arg>
<doc>Click the element identified by ``locator``.</doc>
<status status="PASS" start="2025-07-25T13:34:40.058787" elapsed="1.192965"/>
</kw>
<status status="PASS" start="2025-07-25T13:34:35.258711" elapsed="5.993041"/>
</kw>
<doc>ตรวจสอบข้อมูลWatchlist ด้วยเลขทะเบียนการค้า/เลขประจำตัวผู้เสียภาษี</doc>
<status status="PASS" start="2025-07-25T13:34:29.199547" elapsed="12.054222"/>
</test>
<test id="s1-t4" name="4.ระบุข้อมูลตรวจสอบชื่อ" line="36">
<kw name="ตรวจสอบด้วยชื่อนิติบุคคลไทย" owner="WatchList Keywords">
<kw name="Click Element" owner="SeleniumLibrary">
<msg time="2025-07-25T13:34:41.262289" level="INFO">Clicking element '//mat-radio-button//label[.//span[contains(text(), 'ตรวจสอบด้วย ชื่อภาษาไทย')]]'.</msg>
<arg>${ตรวจสอบด้วย ชื่อภาษาไทย_xpath}</arg>
<doc>Click the element identified by ``locator``.</doc>
<status status="PASS" start="2025-07-25T13:34:41.262289" elapsed="1.184413"/>
</kw>
<kw name="Input Text" owner="SeleniumLibrary">
<msg time="2025-07-25T13:34:42.448711" level="INFO">Typing text 'ไทย เวิลด์ กรุงเทพ จำกัด' into text field '//input[@name='nameThai']'.</msg>
<arg>${ตรวจสอบด้วย ชื่อภาษาไทย ชื่อนิติบุคคล_xpath}</arg>
<arg>${ตรวจสอบด้วย ชื่อภาษาไทย ชื่อนิติบุคคล}</arg>
<doc>Types the given ``text`` into the text field identified by ``locator``.</doc>
<status status="PASS" start="2025-07-25T13:34:42.447709" elapsed="1.827529"/>
</kw>
<status status="PASS" start="2025-07-25T13:34:41.261276" elapsed="3.014966"/>
</kw>
<kw name="ข้อมูลเพิ่มเติมในการค้นหาวันที่จดทะเบียน" owner="WatchList Keywords">
<kw name="Input Text" owner="SeleniumLibrary">
<msg time="2025-07-25T13:34:44.279609" level="INFO">Typing text '10/05/2562' into text field '//input[@name='hdate']'.</msg>
<arg>${วันที่จดทะเบียน_xpath}</arg>
<arg>${วันที่จดทะเบียน}</arg>
<doc>Types the given ``text`` into the text field identified by ``locator``.</doc>
<status status="PASS" start="2025-07-25T13:34:44.279097" elapsed="1.770280"/>
</kw>
<status status="PASS" start="2025-07-25T13:34:44.278102" elapsed="1.772278"/>
</kw>
<kw name="กดปุ่มตรวจสอบ" owner="WatchList Keywords">
<kw name="Click Element" owner="SeleniumLibrary">
<msg time="2025-07-25T13:34:46.053545" level="INFO">Clicking element '//button[.//span[contains(text(),'ตรวจสอบ')]]'.</msg>
<arg>${ปุ่มตรวจสอบ}</arg>
<doc>Click the element identified by ``locator``.</doc>
<status status="PASS" start="2025-07-25T13:34:46.052531" elapsed="1.162397"/>
</kw>
<status status="PASS" start="2025-07-25T13:34:46.051380" elapsed="1.163548"/>
</kw>
<doc>ตรวจสอบข้อมูลWatchlist ด้วยชื่อภาษาไทย</doc>
<status status="PASS" start="2025-07-25T13:34:41.256767" elapsed="5.959551"/>
</test>
<test id="s1-t5" name="จบการทำงาน" line="42">
<kw name="จบการทำงาน" owner="main_keywords">
<kw name="Sleep" owner="BuiltIn">
<msg time="2025-07-25T13:34:52.227534" level="INFO">Slept 5 seconds.</msg>
<arg>5s</arg>
<doc>Pauses the test executed for the given time.</doc>
<status status="PASS" start="2025-07-25T13:34:47.221849" elapsed="5.005685"/>
</kw>
<kw name="Capture Page Screenshot" owner="SeleniumLibrary">
<msg time="2025-07-25T13:34:52.967052" level="INFO" html="true">&lt;/td&gt;&lt;/tr&gt;&lt;tr&gt;&lt;td colspan="3"&gt;&lt;a href="selenium-screenshot-7.png"&gt;&lt;img src="selenium-screenshot-7.png" width="800px"&gt;&lt;/a&gt;</msg>
<doc>Takes a screenshot of the current page and embeds it into a log file.</doc>
<status status="PASS" start="2025-07-25T13:34:52.228535" elapsed="0.738517"/>
</kw>
<kw name="Log" owner="BuiltIn">
<msg time="2025-07-25T13:34:52.968068" level="INFO">Test Teardown Completed</msg>
<arg>Test Teardown Completed</arg>
<doc>Logs the given message with the given level.</doc>
<status status="PASS" start="2025-07-25T13:34:52.968068" elapsed="0.000000"/>
</kw>
<kw name="Close Browser" owner="SeleniumLibrary">
<doc>Closes the current browser.</doc>
<status status="PASS" start="2025-07-25T13:34:52.969052" elapsed="3.868994"/>
</kw>
<status status="PASS" start="2025-07-25T13:34:47.220338" elapsed="9.617708"/>
</kw>
<status status="PASS" start="2025-07-25T13:34:47.218340" elapsed="9.620705"/>
</test>
<doc>ทดสอบการทำงาน Watch List SC_WL_005</doc>
<status status="PASS" start="2025-07-25T13:34:01.268540" elapsed="55.574565"/>
</suite>
<statistics>
<total>
<stat pass="5" fail="0" skip="0">All Tests</stat>
</total>
<tag>
</tag>
<suite>
<stat pass="5" fail="0" skip="0" id="s1" name="SC WL 005">SC WL 005</stat>
</suite>
</statistics>
<errors>
</errors>
</robot>
