<?xml version="1.0" encoding="UTF-8"?>
<robot generator="Robot 7.0.1 (Python 3.8.7 on win32)" generated="2025-06-18T18:13:23.899145" rpa="false" schemaversion="5">
<suite id="s1" name="SC WL 005" source="D:\AML_Project\TestCase\Watchlist Screening\Watchlist\SC_WL_005.robot">
<test id="s1-t1" name="1.open web IBank &amp; Login" line="19">
<kw name="Enteropen web IBank &amp; Login" owner="main_keywords">
<kw name="Open Browser" owner="SeleniumLibrary">
<msg time="2025-06-18T18:13:24.215191" level="INFO">Opening browser 'chrome' to base url 'https://uat.aml.ibank.co.th/'.</msg>
<msg time="2025-06-18T18:13:25.429932" level="WARN">The chromedriver version (136.0.7103.94) detected in PATH at C:\Users\suravesi\AppData\Local\Programs\Python\Python38\chromedriver.exe might not be compatible with the detected chrome version (137.0.7151.104); currently, chromedriver 137.0.7151.119 is recommended for chrome 137.*, so it is advised to delete the driver in PATH and retry</msg>
<arg>${URL:IBank}</arg>
<arg>${Browser}</arg>
<arg>options=add_argument("--ignore-certificate-errors")</arg>
<doc>Opens a new browser instance to the optional ``url``.</doc>
<status status="PASS" start="2025-06-18T18:13:24.215191" elapsed="4.206969"/>
</kw>
<kw name="Maximize Browser Window" owner="SeleniumLibrary">
<doc>Maximizes current browser window.</doc>
<status status="PASS" start="2025-06-18T18:13:28.422160" elapsed="0.029902"/>
</kw>
<kw name="Set Selenium Speed" owner="SeleniumLibrary">
<arg>0.5s</arg>
<doc>Sets the delay that is waited after each Selenium command.</doc>
<status status="PASS" start="2025-06-18T18:13:28.452062" elapsed="0.001002"/>
</kw>
<kw name="Wait Until Element Is Visible" owner="SeleniumLibrary">
<arg>xpath=//input[contains(@class, 'inputLogin')]</arg>
<arg>5s</arg>
<doc>Waits until the element ``locator`` is visible.</doc>
<status status="PASS" start="2025-06-18T18:13:28.453064" elapsed="1.104005"/>
</kw>
<kw name="Input Text" owner="SeleniumLibrary">
<msg time="2025-06-18T18:13:29.557069" level="INFO">Typing text '630051' into text field 'xpath=//input[contains(@class, 'inputLogin')]'.</msg>
<arg>xpath=//input[contains(@class, 'inputLogin')]</arg>
<arg>${ID:พนักงาน}</arg>
<doc>Types the given ``text`` into the text field identified by ``locator``.</doc>
<status status="PASS" start="2025-06-18T18:13:29.557069" elapsed="1.610327"/>
</kw>
<kw name="Input Password" owner="SeleniumLibrary">
<msg time="2025-06-18T18:13:31.167396" level="INFO">Typing password into text field 'xpath=//input[contains(@class, 'inputLogin') and @type='password']'.</msg>
<msg time="2025-06-18T18:13:32.214057" level="INFO">Temporally setting log level to: NONE</msg>
<arg>xpath=//input[contains(@class, 'inputLogin') and @type='password']</arg>
<arg>${password:พนักงาน}</arg>
<doc>Types the given password into the text field identified by ``locator``.</doc>
<status status="PASS" start="2025-06-18T18:13:31.167396" elapsed="1.585924"/>
</kw>
<kw name="Click Element" owner="SeleniumLibrary">
<msg time="2025-06-18T18:13:32.754481" level="INFO">Clicking element '//button[contains(@class, 'mat-raised-button')]'.</msg>
<arg>//button[contains(@class, 'mat-raised-button')]</arg>
<doc>Click the element identified by ``locator``.</doc>
<status status="PASS" start="2025-06-18T18:13:32.754481" elapsed="1.043967"/>
</kw>
<status status="PASS" start="2025-06-18T18:13:24.215191" elapsed="9.583257"/>
</kw>
<kw name="Run Keyword And Ignore Error" owner="BuiltIn">
<kw name="ยืนยันการเข้าระบบ" owner="main_keywords">
<kw name="Click Element" owner="SeleniumLibrary">
<msg time="2025-06-18T18:13:33.802480" level="INFO">Clicking element '//button[contains(@class, 'mat-raised-button')]//i[contains(@class, 'fa-check')]'.</msg>
<arg>//button[contains(@class, 'mat-raised-button')]//i[contains(@class, 'fa-check')]</arg>
<doc>Click the element identified by ``locator``.</doc>
<status status="PASS" start="2025-06-18T18:13:33.801462" elapsed="1.080145"/>
</kw>
<status status="PASS" start="2025-06-18T18:13:33.801462" elapsed="1.080145"/>
</kw>
<arg>ยืนยันการเข้าระบบ</arg>
<doc>Runs the given keyword with the given arguments and ignores possible error.</doc>
<status status="PASS" start="2025-06-18T18:13:33.800151" elapsed="1.081456"/>
</kw>
<kw name="Run Keyword And Ignore Error" owner="BuiltIn">
<kw name="ยืนยันการข้าม Pop-up" owner="main_keywords">
<kw name="Wait Until Element Is Visible" owner="SeleniumLibrary">
<msg time="2025-06-18T18:13:40.528892" level="INFO" html="true">&lt;/td&gt;&lt;/tr&gt;&lt;tr&gt;&lt;td colspan="3"&gt;&lt;a href="selenium-screenshot-1.png"&gt;&lt;img src="selenium-screenshot-1.png" width="800px"&gt;&lt;/a&gt;</msg>
<msg time="2025-06-18T18:13:40.528892" level="FAIL">Element 'xpath=//button[.//span[normalize-space(text())='Close']]' not visible after 5 seconds.</msg>
<arg>xpath=//button[.//span[normalize-space(text())='Close']]</arg>
<arg>timeout=5s</arg>
<doc>Waits until the element ``locator`` is visible.</doc>
<status status="FAIL" start="2025-06-18T18:13:34.883620" elapsed="5.660283">Element 'xpath=//button[.//span[normalize-space(text())='Close']]' not visible after 5 seconds.</status>
</kw>
<kw name="Click Element" owner="SeleniumLibrary">
<arg>xpath=//button[.//span[normalize-space(text())='Close']]</arg>
<doc>Click the element identified by ``locator``.</doc>
<status status="NOT RUN" start="2025-06-18T18:13:40.543903" elapsed="0.000000"/>
</kw>
<status status="FAIL" start="2025-06-18T18:13:34.883620" elapsed="5.660283">Element 'xpath=//button[.//span[normalize-space(text())='Close']]' not visible after 5 seconds.</status>
</kw>
<arg>ยืนยันการข้าม Pop-up</arg>
<doc>Runs the given keyword with the given arguments and ignores possible error.</doc>
<status status="PASS" start="2025-06-18T18:13:34.883620" elapsed="5.660283"/>
</kw>
<doc>ทดสอบการทำรายงาน Watch List</doc>
<status status="PASS" start="2025-06-18T18:13:24.215191" elapsed="16.328712"/>
</test>
<test id="s1-t2" name="2.เลือกMenu Watch List" line="24">
<kw name="เข้าMenu Watch List" owner="WatchList Keywords">
<kw name="Click Element" owner="SeleniumLibrary">
<msg time="2025-06-18T18:13:40.543903" level="INFO">Clicking element 'xpath=//a[contains(@class, 'sidebar-link') and .//div[contains(text(), 'Watch List')]]'.</msg>
<arg>${Watch List_menuXPATH}</arg>
<doc>Click the element identified by ``locator``.</doc>
<status status="PASS" start="2025-06-18T18:13:40.543903" elapsed="1.081900"/>
</kw>
<kw name="Click Element" owner="SeleniumLibrary">
<msg time="2025-06-18T18:13:41.626473" level="INFO">Clicking element 'xpath=//a[contains(@class, 'mat-list-item') and contains(., 'Watch List')]'.</msg>
<arg>${Watch List}</arg>
<doc>Click the element identified by ``locator``.</doc>
<status status="PASS" start="2025-06-18T18:13:41.626473" elapsed="1.074621"/>
</kw>
<status status="PASS" start="2025-06-18T18:13:40.543903" elapsed="2.157191"/>
</kw>
<kw name="Sleep" owner="BuiltIn">
<msg time="2025-06-18T18:13:45.709050" level="INFO">Slept 3 seconds.</msg>
<arg>3s</arg>
<doc>Pauses the test executed for the given time.</doc>
<status status="PASS" start="2025-06-18T18:13:42.702094" elapsed="3.006956"/>
</kw>
<status status="PASS" start="2025-06-18T18:13:40.543903" elapsed="5.165147"/>
</test>
<test id="s1-t3" name="3ระบุข้อมูล" line="28">
<kw name="ค้นหาข้อมูลกรุณาเลือกประเภทในการค้นหา-นิติบุคคุล" owner="WatchList Keywords">
<kw name="Click Element" owner="SeleniumLibrary">
<msg time="2025-06-18T18:13:45.709050" level="INFO">Clicking element '//mat-radio-button[.//span[normalize-space(text())='นิติบุคคล']]'.</msg>
<arg>${กรุณาเลือกประเภทในการค้นหา_นิติบุคคล}</arg>
<doc>Click the element identified by ``locator``.</doc>
<status status="PASS" start="2025-06-18T18:13:45.709050" elapsed="1.103244"/>
</kw>
<status status="PASS" start="2025-06-18T18:13:45.709050" elapsed="1.103244"/>
</kw>
<kw name="ตรวจสอบด้วย เลขทะเบียนการค้า/เลขประจำตัวผู้เสียภาษี" owner="WatchList Keywords">
<kw name="Input Text" owner="SeleniumLibrary">
<msg time="2025-06-18T18:13:46.812294" level="INFO">Typing text '3759473062496' into text field '//input[@name='id']'.</msg>
<arg>${เลขทะเบียนการค้า/เลขประจำตัวผู้เสียภาษี_xpath}</arg>
<arg>${เลขทะเบียนการค้า/เลขประจำตัวผู้เสียภาษี}</arg>
<doc>Types the given ``text`` into the text field identified by ``locator``.</doc>
<status status="PASS" start="2025-06-18T18:13:46.812294" elapsed="1.607415"/>
</kw>
<status status="PASS" start="2025-06-18T18:13:46.812294" elapsed="1.608569"/>
</kw>
<kw name="ข้อมูลเพิ่มเติมในการค้นหาประเทศ(นิติ)" owner="WatchList Keywords">
<kw name="Click Element" owner="SeleniumLibrary">
<msg time="2025-06-18T18:13:48.420863" level="INFO">Clicking element '//mat-select[@name='countries']'.</msg>
<arg>${ประเทศนิติ_xpath}</arg>
<doc>Click the element identified by ``locator``.</doc>
<status status="PASS" start="2025-06-18T18:13:48.420863" elapsed="1.089586"/>
</kw>
<kw name="Click Element" owner="SeleniumLibrary">
<msg time="2025-06-18T18:13:49.510449" level="INFO">Clicking element 'xpath=//mat-option[.//span[contains(text(),'ไทย')]]'.</msg>
<arg>${ประเทศ_เลือก_xpath}</arg>
<doc>Click the element identified by ``locator``.</doc>
<status status="PASS" start="2025-06-18T18:13:49.510449" elapsed="1.083907"/>
</kw>
<status status="PASS" start="2025-06-18T18:13:48.420863" elapsed="2.173493"/>
</kw>
<kw name="ข้อมูลเพิ่มเติมในการค้นหาวันที่จดทะเบียน" owner="WatchList Keywords">
<kw name="Input Text" owner="SeleniumLibrary">
<msg time="2025-06-18T18:13:50.597343" level="INFO">Typing text '10/05/2019' into text field '//input[@name='issuedate']'.</msg>
<arg>${วันที่จดทะเบียน_xpath}</arg>
<arg>${วันที่จดทะเบียน}</arg>
<doc>Types the given ``text`` into the text field identified by ``locator``.</doc>
<status status="PASS" start="2025-06-18T18:13:50.596234" elapsed="1.595522"/>
</kw>
<status status="PASS" start="2025-06-18T18:13:50.596234" elapsed="1.595522"/>
</kw>
<kw name="กดปุ่มตรวจสอบ" owner="WatchList Keywords">
<kw name="Click Element" owner="SeleniumLibrary">
<msg time="2025-06-18T18:13:52.192670" level="INFO">Clicking element '//button[.//span[contains(text(),'ตรวจสอบ')]]'.</msg>
<arg>${ปุ่มตรวจสอบ}</arg>
<doc>Click the element identified by ``locator``.</doc>
<status status="PASS" start="2025-06-18T18:13:52.192670" elapsed="1.087197"/>
</kw>
<status status="PASS" start="2025-06-18T18:13:52.192670" elapsed="1.087197"/>
</kw>
<kw name="Sleep" owner="BuiltIn">
<msg time="2025-06-18T18:13:58.288605" level="INFO">Slept 5 seconds.</msg>
<arg>5s</arg>
<doc>Pauses the test executed for the given time.</doc>
<status status="PASS" start="2025-06-18T18:13:53.282067" elapsed="5.006538"/>
</kw>
<kw name="กดปุ่มล้างข้อมูล" owner="WatchList Keywords">
<kw name="Click Element" owner="SeleniumLibrary">
<msg time="2025-06-18T18:13:58.288605" level="INFO">Clicking element '//button[.//span[contains(text(),'ล้างข้อมูล')]]'.</msg>
<arg>${ปุ่มล้างข้อมูล_xpath}</arg>
<doc>Click the element identified by ``locator``.</doc>
<status status="PASS" start="2025-06-18T18:13:58.288605" elapsed="1.081449"/>
</kw>
<status status="PASS" start="2025-06-18T18:13:58.288605" elapsed="1.081449"/>
</kw>
<status status="PASS" start="2025-06-18T18:13:45.709050" elapsed="13.662028"/>
</test>
<test id="s1-t4" name="4.ระบุข้อมูลตรวจสอบชื่อ" line="36">
<kw name="ตรวจสอบด้วยชื่อนิติบุคคลไทย" owner="WatchList Keywords">
<kw name="Click Element" owner="SeleniumLibrary">
<msg time="2025-06-18T18:13:59.377094" level="INFO">Clicking element '//mat-radio-button//label[.//span[contains(text(), 'ตรวจสอบด้วย ชื่อภาษาไทย')]]'.</msg>
<arg>${ตรวจสอบด้วย ชื่อภาษาไทย_xpath}</arg>
<doc>Click the element identified by ``locator``.</doc>
<status status="PASS" start="2025-06-18T18:13:59.377094" elapsed="1.090145"/>
</kw>
<kw name="Input Text" owner="SeleniumLibrary">
<msg time="2025-06-18T18:14:00.467239" level="INFO">Typing text 'ไทย เวิลด์ กรุงเทพ จำกัด' into text field '//input[@name='nameThai']'.</msg>
<arg>${ตรวจสอบด้วย ชื่อภาษาไทย ชื่อนิติบุคคล_xpath}</arg>
<arg>${ตรวจสอบด้วย ชื่อภาษาไทย ชื่อนิติบุคคล}</arg>
<doc>Types the given ``text`` into the text field identified by ``locator``.</doc>
<status status="PASS" start="2025-06-18T18:14:00.467239" elapsed="1.620834"/>
</kw>
<status status="PASS" start="2025-06-18T18:13:59.376092" elapsed="2.711981"/>
</kw>
<kw name="ข้อมูลเพิ่มเติมในการค้นหาประเทศ(นิติ)" owner="WatchList Keywords">
<kw name="Click Element" owner="SeleniumLibrary">
<msg time="2025-06-18T18:14:02.088073" level="INFO">Clicking element '//mat-select[@name='countries']'.</msg>
<arg>${ประเทศนิติ_xpath}</arg>
<doc>Click the element identified by ``locator``.</doc>
<status status="PASS" start="2025-06-18T18:14:02.088073" elapsed="1.084565"/>
</kw>
<kw name="Click Element" owner="SeleniumLibrary">
<msg time="2025-06-18T18:14:03.172638" level="INFO">Clicking element 'xpath=//mat-option[.//span[contains(text(),'ไทย')]]'.</msg>
<arg>${ประเทศ_เลือก_xpath}</arg>
<doc>Click the element identified by ``locator``.</doc>
<status status="PASS" start="2025-06-18T18:14:03.172638" elapsed="1.068428"/>
</kw>
<status status="PASS" start="2025-06-18T18:14:02.088073" elapsed="2.152993"/>
</kw>
<kw name="ข้อมูลเพิ่มเติมในการค้นหาวันที่จดทะเบียน" owner="WatchList Keywords">
<kw name="Input Text" owner="SeleniumLibrary">
<msg time="2025-06-18T18:14:04.245317" level="INFO">Typing text '10/05/2019' into text field '//input[@name='issuedate']'.</msg>
<arg>${วันที่จดทะเบียน_xpath}</arg>
<arg>${วันที่จดทะเบียน}</arg>
<doc>Types the given ``text`` into the text field identified by ``locator``.</doc>
<status status="PASS" start="2025-06-18T18:14:04.244676" elapsed="1.615465"/>
</kw>
<status status="PASS" start="2025-06-18T18:14:04.243434" elapsed="1.616707"/>
</kw>
<kw name="กดปุ่มตรวจสอบ" owner="WatchList Keywords">
<kw name="Click Element" owner="SeleniumLibrary">
<msg time="2025-06-18T18:14:05.860141" level="INFO">Clicking element '//button[.//span[contains(text(),'ตรวจสอบ')]]'.</msg>
<arg>${ปุ่มตรวจสอบ}</arg>
<doc>Click the element identified by ``locator``.</doc>
<status status="PASS" start="2025-06-18T18:14:05.860141" elapsed="1.062324"/>
</kw>
<status status="PASS" start="2025-06-18T18:14:05.860141" elapsed="1.062324"/>
</kw>
<status status="PASS" start="2025-06-18T18:13:59.374096" elapsed="7.549398"/>
</test>
<test id="s1-t5" name="จบการทำงาน" line="41">
<kw name="จบการทำงาน" owner="main_keywords">
<kw name="Sleep" owner="BuiltIn">
<msg time="2025-06-18T18:14:11.938885" level="INFO">Slept 5 seconds.</msg>
<arg>5s</arg>
<doc>Pauses the test executed for the given time.</doc>
<status status="PASS" start="2025-06-18T18:14:06.925477" elapsed="5.013408"/>
</kw>
<kw name="Capture Page Screenshot" owner="SeleniumLibrary">
<msg time="2025-06-18T18:14:12.594822" level="INFO" html="true">&lt;/td&gt;&lt;/tr&gt;&lt;tr&gt;&lt;td colspan="3"&gt;&lt;a href="selenium-screenshot-2.png"&gt;&lt;img src="selenium-screenshot-2.png" width="800px"&gt;&lt;/a&gt;</msg>
<doc>Takes a screenshot of the current page and embeds it into a log file.</doc>
<status status="PASS" start="2025-06-18T18:14:11.938885" elapsed="0.655937"/>
</kw>
<kw name="Log" owner="BuiltIn">
<msg time="2025-06-18T18:14:12.594822" level="INFO">Test Teardown Completed</msg>
<arg>Test Teardown Completed</arg>
<doc>Logs the given message with the given level.</doc>
<status status="PASS" start="2025-06-18T18:14:12.594822" elapsed="0.000000"/>
</kw>
<kw name="Close Browser" owner="SeleniumLibrary">
<doc>Closes the current browser.</doc>
<status status="PASS" start="2025-06-18T18:14:12.594822" elapsed="3.504175"/>
</kw>
<status status="PASS" start="2025-06-18T18:14:06.924476" elapsed="9.174521"/>
</kw>
<status status="PASS" start="2025-06-18T18:14:06.924476" elapsed="9.174521"/>
</test>
<doc>ทดสอบการทำงาน Watch List SC_WL_001</doc>
<status status="PASS" start="2025-06-18T18:13:23.914770" elapsed="52.184227"/>
</suite>
<statistics>
<total>
<stat pass="5" fail="0" skip="0">All Tests</stat>
</total>
<tag>
</tag>
<suite>
<stat pass="5" fail="0" skip="0" id="s1" name="SC WL 005">SC WL 005</stat>
</suite>
</statistics>
<errors>
<msg time="2025-06-18T18:13:25.429932" level="WARN">The chromedriver version (136.0.7103.94) detected in PATH at C:\Users\suravesi\AppData\Local\Programs\Python\Python38\chromedriver.exe might not be compatible with the detected chrome version (137.0.7151.104); currently, chromedriver 137.0.7151.119 is recommended for chrome 137.*, so it is advised to delete the driver in PATH and retry</msg>
</errors>
</robot>
