<?xml version="1.0" encoding="UTF-8"?>
<robot generator="Robot 7.0.1 (Python 3.8.7 on win32)" generated="2025-04-04T16:16:25.446388" rpa="false" schemaversion="5">
<suite id="s1" name="ปปง1-01 Testcase3" source="D:\AML_Project\Testcase\AMLO\ปปง1-01\ปปง1-01_testcase3.robot">
<test id="s1-t1" name="1.open web IBank &amp; Login" line="34">
<kw name="Enteropen web IBank &amp; Login" owner="main_keywords">
<kw name="Open Browser" owner="SeleniumLibrary">
<msg time="2025-04-04T16:16:26.214815" level="INFO">Opening browser 'chrome' to base url 'https://172.26.59.27:8443/amls/login'.</msg>
<msg time="2025-04-04T16:16:28.877423" level="WARN">The chromedriver version (134.0.6998.88) detected in PATH at C:\Users\suravesi\AppData\Local\Programs\Python\Python38\chromedriver.exe might not be compatible with the detected chrome version (135.0.7049.41); currently, chromedriver 135.0.7049.42 is recommended for chrome 135.*, so it is advised to delete the driver in PATH and retry</msg>
<arg>${URL:IBank}</arg>
<arg>${Browser}</arg>
<arg>options=add_argument("--ignore-certificate-errors")</arg>
<doc>Opens a new browser instance to the optional ``url``.</doc>
<status status="PASS" start="2025-04-04T16:16:26.213813" elapsed="7.486456"/>
</kw>
<kw name="Maximize Browser Window" owner="SeleniumLibrary">
<doc>Maximizes current browser window.</doc>
<status status="PASS" start="2025-04-04T16:16:33.702290" elapsed="0.033391"/>
</kw>
<kw name="Set Selenium Speed" owner="SeleniumLibrary">
<arg>0.5s</arg>
<doc>Sets the delay that is waited after each Selenium command.</doc>
<status status="PASS" start="2025-04-04T16:16:33.736699" elapsed="0.000000"/>
</kw>
<kw name="Wait Until Element Is Visible" owner="SeleniumLibrary">
<arg>xpath=//input[contains(@class, 'inputLogin')]</arg>
<arg>5s</arg>
<doc>Waits until the element ``locator`` is visible.</doc>
<status status="PASS" start="2025-04-04T16:16:33.736699" elapsed="1.801993"/>
</kw>
<kw name="Input Text" owner="SeleniumLibrary">
<msg time="2025-04-04T16:16:35.540518" level="INFO">Typing text 'parichartt' into text field 'xpath=//input[contains(@class, 'inputLogin')]'.</msg>
<arg>xpath=//input[contains(@class, 'inputLogin')]</arg>
<arg>${ID:dammi}</arg>
<doc>Types the given ``text`` into the text field identified by ``locator``.</doc>
<status status="PASS" start="2025-04-04T16:16:35.539520" elapsed="1.685462"/>
</kw>
<kw name="Input Password" owner="SeleniumLibrary">
<msg time="2025-04-04T16:16:37.227553" level="INFO">Typing password into text field 'xpath=//input[contains(@class, 'inputLogin') and @type='password']'.</msg>
<msg time="2025-04-04T16:16:38.316235" level="INFO">Temporally setting log level to: NONE</msg>
<arg>xpath=//input[contains(@class, 'inputLogin') and @type='password']</arg>
<arg>${password:dammi}</arg>
<doc>Types the given password into the text field identified by ``locator``.</doc>
<status status="PASS" start="2025-04-04T16:16:37.225986" elapsed="1.652367"/>
</kw>
<kw name="Click Element" owner="SeleniumLibrary">
<msg time="2025-04-04T16:16:38.879486" level="INFO">Clicking element '//button[contains(@class, 'mat-raised-button')]'.</msg>
<arg>//button[contains(@class, 'mat-raised-button')]</arg>
<doc>Click the element identified by ``locator``.</doc>
<status status="PASS" start="2025-04-04T16:16:38.878353" elapsed="1.198998"/>
</kw>
<status status="PASS" start="2025-04-04T16:16:26.210813" elapsed="13.866538"/>
</kw>
<kw name="Run Keyword And Ignore Error" owner="BuiltIn">
<kw name="ยืนยันการเข้าระบบ" owner="main_keywords">
<kw name="Click Element" owner="SeleniumLibrary">
<msg time="2025-04-04T16:16:40.081546" level="INFO">Clicking element '//button[contains(@class, 'mat-raised-button')]//i[contains(@class, 'fa-check')]'.</msg>
<arg>//button[contains(@class, 'mat-raised-button')]//i[contains(@class, 'fa-check')]</arg>
<doc>Click the element identified by ``locator``.</doc>
<status status="PASS" start="2025-04-04T16:16:40.080544" elapsed="1.181241"/>
</kw>
<status status="PASS" start="2025-04-04T16:16:40.079548" elapsed="1.182237"/>
</kw>
<arg>ยืนยันการเข้าระบบ</arg>
<doc>Runs the given keyword with the given arguments and ignores possible error.</doc>
<status status="PASS" start="2025-04-04T16:16:40.078525" elapsed="1.184258"/>
</kw>
<doc>ทดสอบการยื่นคำร้อง manual ของ ปปง.1-01 กรณี ยื่นคำร้องเอง</doc>
<status status="PASS" start="2025-04-04T16:16:26.208801" elapsed="15.053982"/>
</test>
<test id="s1-t2" name="2.เลือก AML &amp; ยื่นคำร้อง" line="38">
<kw name="Select the Submit Request menu" owner="keywords_Testcase_1-01">
<kw name="Click Element" owner="SeleniumLibrary">
<msg time="2025-04-04T16:16:41.269306" level="INFO">Clicking element 'xpath=//a[contains(@class, 'sidebar-link') and .//div[contains(text(), 'AML-ไทย')]]'.</msg>
<arg>${AML-ไทย}</arg>
<doc>Click the element identified by ``locator``.</doc>
<status status="PASS" start="2025-04-04T16:16:41.268296" elapsed="1.137796"/>
</kw>
<kw name="Click Element" owner="SeleniumLibrary">
<msg time="2025-04-04T16:16:42.407092" level="INFO">Clicking element 'xpath=//a[contains(@class, 'mat-list-item') and contains(., 'ยื่นคำร้อง Manual')]'.</msg>
<arg>${ยื่นคำร้องManual}</arg>
<doc>Click the element identified by ``locator``.</doc>
<status status="PASS" start="2025-04-04T16:16:42.407092" elapsed="1.291623"/>
</kw>
<status status="PASS" start="2025-04-04T16:16:41.266787" elapsed="2.432755"/>
</kw>
<status status="PASS" start="2025-04-04T16:16:41.264784" elapsed="2.435758"/>
</test>
<test id="s1-t3" name="3.เลือกรายการ_ปปง1-01" line="43">
<kw name="เลือกรายการ_ปปง1-01" owner="keywords_Testcase_1-01">
<kw name="Click Element" owner="SeleniumLibrary">
<msg time="2025-04-04T16:16:43.705539" level="INFO">Clicking element 'xpath=//mat-select[@aria-labelledby='mat-select-value-1']'.</msg>
<arg>${ประเภทรายงาน}</arg>
<doc>Click the element identified by ``locator``.</doc>
<status status="PASS" start="2025-04-04T16:16:43.705539" elapsed="1.145301"/>
</kw>
<kw name="Click Element" owner="SeleniumLibrary">
<msg time="2025-04-04T16:16:44.853843" level="INFO">Clicking element 'xpath=//mat-option[@ng-reflect-value='1-01']'.</msg>
<arg>${ปปง.1-01}</arg>
<doc>Click the element identified by ``locator``.</doc>
<status status="PASS" start="2025-04-04T16:16:44.851837" elapsed="1.181423"/>
</kw>
<status status="PASS" start="2025-04-04T16:16:43.703541" elapsed="2.330721"/>
</kw>
<status status="PASS" start="2025-04-04T16:16:43.701538" elapsed="2.333722"/>
</test>
<test id="s1-t4" name="4.รายงานล่าช้า &amp; ไม่ใช่ลูกค้าธนาคาร" line="47">
<kw name="ยื่นคำร้องรายงานล่าช้า &amp; ไม่ใช่ลูกค้าธนาคาร" owner="keywords_Testcase_1-01">
<kw name="Click Element" owner="SeleniumLibrary">
<msg time="2025-04-04T16:16:46.041698" level="INFO">Clicking element 'xpath=//mat-radio-button[@ng-reflect-value='01']'.</msg>
<arg>${รายงานเนื่องจาก_รายงานตัวช้า}</arg>
<doc>Click the element identified by ``locator``.</doc>
<status status="PASS" start="2025-04-04T16:16:46.041698" elapsed="1.109912"/>
</kw>
<kw name="Click Element" owner="SeleniumLibrary">
<msg time="2025-04-04T16:16:47.153622" level="INFO">Clicking element 'xpath=//mat-radio-button[@ng-reflect-value="NOT_CUSTOMER"]'.</msg>
<arg>${ค้าหาข้อมูลจากลูกค้าด้วย_บัตรประจำตัว_ไม่ใช้ลูกค้าธนาคาร}</arg>
<doc>Click the element identified by ``locator``.</doc>
<status status="PASS" start="2025-04-04T16:16:47.152612" elapsed="1.163796"/>
</kw>
<kw name="Click Element" owner="SeleniumLibrary">
<msg time="2025-04-04T16:16:48.318930" level="INFO">Clicking element 'xpath=//button[@mat-raised-button]'.</msg>
<arg>${ยื่นคำร้องManual_ถัดไป}</arg>
<doc>Click the element identified by ``locator``.</doc>
<status status="PASS" start="2025-04-04T16:16:48.317406" elapsed="1.702914"/>
</kw>
<status status="PASS" start="2025-04-04T16:16:46.040700" elapsed="3.980623"/>
</kw>
<status status="PASS" start="2025-04-04T16:16:46.037264" elapsed="3.985055"/>
</test>
<test id="s1-t5" name="5.ส่วนที่1" line="51">
<kw name="สุ่มเลขบัตร13หลัก" owner="AMLO Variables">
<kw name="Evaluate" owner="BuiltIn">
<msg time="2025-04-04T16:16:50.029858" level="INFO">${random_number} = 1010421656006</msg>
<var>${random_number}</var>
<arg>random.randint(${MIN}, ${MAX})</arg>
<arg>modules=random</arg>
<doc>Evaluates the given expression in Python and returns the result.</doc>
<status status="PASS" start="2025-04-04T16:16:50.028838" elapsed="0.001020"/>
</kw>
<kw name="Set Suite Variable" owner="BuiltIn">
<msg time="2025-04-04T16:16:50.031855" level="INFO">${random_number} = 1010421656006</msg>
<arg>${random_number}</arg>
<arg>${random_number}</arg>
<doc>Makes a variable available everywhere within the scope of the current suite.</doc>
<status status="PASS" start="2025-04-04T16:16:50.030856" elapsed="0.000999"/>
</kw>
<return>
<value>${random_number}</value>
<status status="PASS" start="2025-04-04T16:16:50.031855" elapsed="0.000000"/>
</return>
<status status="PASS" start="2025-04-04T16:16:50.027316" elapsed="0.004539"/>
</kw>
<kw name="ใช้งานเลขบัตร" owner="AMLO Variables">
<kw name="สุ่มเลขบัตร13หลัก" owner="AMLO Variables">
<kw name="Evaluate" owner="BuiltIn">
<msg time="2025-04-04T16:16:50.037391" level="INFO">${random_number} = 5481346656628</msg>
<var>${random_number}</var>
<arg>random.randint(${MIN}, ${MAX})</arg>
<arg>modules=random</arg>
<doc>Evaluates the given expression in Python and returns the result.</doc>
<status status="PASS" start="2025-04-04T16:16:50.036385" elapsed="0.001006"/>
</kw>
<kw name="Set Suite Variable" owner="BuiltIn">
<msg time="2025-04-04T16:16:50.038910" level="INFO">${random_number} = 5481346656628</msg>
<arg>${random_number}</arg>
<arg>${random_number}</arg>
<doc>Makes a variable available everywhere within the scope of the current suite.</doc>
<status status="PASS" start="2025-04-04T16:16:50.038390" elapsed="0.001538"/>
</kw>
<return>
<value>${random_number}</value>
<status status="PASS" start="2025-04-04T16:16:50.039928" elapsed="0.000000"/>
</return>
<msg time="2025-04-04T16:16:50.039928" level="INFO">${เลขที่บัตร} = 5481346656628</msg>
<var>${เลขที่บัตร}</var>
<status status="PASS" start="2025-04-04T16:16:50.035385" elapsed="0.004543"/>
</kw>
<kw name="Set Suite Variable" owner="BuiltIn">
<msg time="2025-04-04T16:16:50.040924" level="INFO">${เลขที่บัตร} = 5481346656628</msg>
<arg>${เลขที่บัตร}</arg>
<arg>${เลขที่บัตร}</arg>
<doc>Makes a variable available everywhere within the scope of the current suite.</doc>
<status status="PASS" start="2025-04-04T16:16:50.040924" elapsed="0.000000"/>
</kw>
<return>
<value>${เลขที่บัตร}</value>
<status status="PASS" start="2025-04-04T16:16:50.041923" elapsed="0.000000"/>
</return>
<status status="PASS" start="2025-04-04T16:16:50.034386" elapsed="0.007537"/>
</kw>
<kw name="ส่วนที่1 ระบุข้อมูล(ทำธุรกรรมด้วยตนเอง)" owner="keywords_Testcase_1-01">
<kw name="Input Text" owner="SeleniumLibrary">
<msg time="2025-04-04T16:16:50.045926" level="INFO">Typing text 'test' into text field 'xpath=//textarea[@ng-reflect-maxlength='2000']'.</msg>
<arg>${เหตุผลการรายงาน Mannual_เหตุผลในการรายงาน}</arg>
<arg>${เหตุผลในการรายงาน}</arg>
<doc>Types the given ``text`` into the text field identified by ``locator``.</doc>
<status status="PASS" start="2025-04-04T16:16:50.045926" elapsed="1.773200"/>
</kw>
<kw name="Click Element" owner="SeleniumLibrary">
<msg time="2025-04-04T16:16:51.822166" level="INFO">Clicking element 'xpath=//mat-select[@name='prefix']'.</msg>
<arg>${1.1_คำนำหน้าชื่อ}</arg>
<doc>Click the element identified by ``locator``.</doc>
<status status="PASS" start="2025-04-04T16:16:51.821176" elapsed="1.275897"/>
</kw>
<kw name="Click Element" owner="SeleniumLibrary">
<msg time="2025-04-04T16:16:53.099615" level="INFO">Clicking element 'xpath=//mat-option[@ng-reflect-value='นาย']'.</msg>
<arg>${1.1_คำนำหน้าชื่อ_เลือก}</arg>
<doc>Click the element identified by ``locator``.</doc>
<status status="PASS" start="2025-04-04T16:16:53.098650" elapsed="1.228995"/>
</kw>
<kw name="Input Text" owner="SeleniumLibrary">
<msg time="2025-04-04T16:16:54.330712" level="INFO">Typing text 'เทส' into text field 'xpath=(//input[contains(@class, 'mat-input-element') and @maxlength='250' and @required])[1]'.</msg>
<arg>${1.1_ชื่อ}</arg>
<arg>${ชื่อ}</arg>
<doc>Types the given ``text`` into the text field identified by ``locator``.</doc>
<status status="PASS" start="2025-04-04T16:16:54.329753" elapsed="1.816633"/>
</kw>
<kw name="Input Text" owner="SeleniumLibrary">
<msg time="2025-04-04T16:16:56.148894" level="INFO">Typing text 'สุดหล่อ' into text field 'xpath=(//input[contains(@class, 'mat-input-element') and @maxlength='250' and @required])[2]'.</msg>
<arg>${1.1_นามสกุล}</arg>
<arg>${นามสกุล}</arg>
<doc>Types the given ``text`` into the text field identified by ``locator``.</doc>
<status status="PASS" start="2025-04-04T16:16:56.147390" elapsed="1.818058"/>
</kw>
<kw name="Input Text" owner="SeleniumLibrary">
<msg time="2025-04-04T16:16:57.967440" level="INFO">Typing text '5481346656628' into text field 'xpath=//input[@ng-reflect-maxlength='13']'.</msg>
<arg>${1.1_เอกสารประจำตัว_เลขที่}</arg>
<arg>${เลขที่บัตร}</arg>
<doc>Types the given ``text`` into the text field identified by ``locator``.</doc>
<status status="PASS" start="2025-04-04T16:16:57.966439" elapsed="1.993322"/>
</kw>
<kw name="Click Element" owner="SeleniumLibrary">
<msg time="2025-04-04T16:16:59.961775" level="INFO">Clicking element 'xpath=//mat-radio-button[contains(@class, 'mat-radio-button mat-accent') and @ng-reflect-value='0']'.</msg>
<arg>${1.1_เอกสารประจำตัว_ทำธุรกรรมด้วยตนเอง}</arg>
<doc>Click the element identified by ``locator``.</doc>
<status status="PASS" start="2025-04-04T16:16:59.960774" elapsed="1.229495"/>
</kw>
<kw name="Input Text" owner="SeleniumLibrary">
<msg time="2025-04-04T16:17:01.192263" level="INFO">Typing text 'เทส' into text field 'xpath=//input[contains(@class, 'mat-input-element') and @maxlength='300']'.</msg>
<arg>${1.2_ที่อยู่}</arg>
<arg>${ที่อยู่}</arg>
<doc>Types the given ``text`` into the text field identified by ``locator``.</doc>
<status status="PASS" start="2025-04-04T16:17:01.191268" elapsed="1.743665"/>
</kw>
<kw name="Click Element" owner="SeleniumLibrary">
<msg time="2025-04-04T16:17:02.937257" level="INFO">Clicking element '(//mat-select[@name='countryCode'])[1]'.</msg>
<arg>${1.2_ประเทศ}</arg>
<doc>Click the element identified by ``locator``.</doc>
<status status="PASS" start="2025-04-04T16:17:02.936227" elapsed="1.243969"/>
</kw>
<kw name="Click Element" owner="SeleniumLibrary">
<msg time="2025-04-04T16:17:04.182195" level="INFO">Clicking element 'xpath=//mat-option[span[contains(text(), 'ไทย')]]'.</msg>
<arg>${1.2_ที่อยู่_ประเทศ_ไทย}</arg>
<doc>Click the element identified by ``locator``.</doc>
<status status="PASS" start="2025-04-04T16:17:04.181199" elapsed="1.246066"/>
</kw>
<kw name="Click Element" owner="SeleniumLibrary">
<msg time="2025-04-04T16:17:05.429812" level="INFO">Clicking element '(//mat-select[.//span[contains(text(),'โปรดระบุ')]])[1]'.</msg>
<arg>${1.2_ที่อยู่_ประเทศ_จังหวัด}</arg>
<doc>Click the element identified by ``locator``.</doc>
<status status="PASS" start="2025-04-04T16:17:05.428795" elapsed="1.241635"/>
</kw>
<kw name="Click Element" owner="SeleniumLibrary">
<msg time="2025-04-04T16:17:06.673447" level="INFO">Clicking element 'xpath=//mat-option[.//span[contains(text(),'กรุงเทพมหานคร')]]'.</msg>
<arg>${1.2_ที่อยู่_ประเทศ_จังหวัด_เลือก}</arg>
<doc>Click the element identified by ``locator``.</doc>
<status status="PASS" start="2025-04-04T16:17:06.671447" elapsed="1.201494"/>
</kw>
<kw name="Click Element" owner="SeleniumLibrary">
<msg time="2025-04-04T16:17:07.875966" level="INFO">Clicking element '(//mat-select[.//span[contains(text(),'โปรดระบุ')]])[1]'.</msg>
<arg>${1.2_ที่อยู่_ประเทศ_อำเภอ}</arg>
<doc>Click the element identified by ``locator``.</doc>
<status status="PASS" start="2025-04-04T16:17:07.874955" elapsed="1.184026"/>
</kw>
<kw name="Click Element" owner="SeleniumLibrary">
<msg time="2025-04-04T16:17:09.061990" level="INFO">Clicking element 'xpath=//mat-option[.//span[contains(text(),'เขตจตุจักร')]]'.</msg>
<arg>${1.2_ที่อยู่_ประเทศ_อำเภอ_เลือก}</arg>
<doc>Click the element identified by ``locator``.</doc>
<status status="PASS" start="2025-04-04T16:17:09.060993" elapsed="1.209623"/>
</kw>
<kw name="Click Element" owner="SeleniumLibrary">
<msg time="2025-04-04T16:17:10.273850" level="INFO">Clicking element '(//mat-select[.//span[contains(text(),'โปรดระบุ')]])[1]'.</msg>
<arg>${1.2_ที่อยู่_ประเทศ_ตำบล}</arg>
<doc>Click the element identified by ``locator``.</doc>
<status status="PASS" start="2025-04-04T16:17:10.271831" elapsed="1.214087"/>
</kw>
<kw name="Click Element" owner="SeleniumLibrary">
<msg time="2025-04-04T16:17:11.488487" level="INFO">Clicking element 'xpath=//mat-option[.//span[contains(text(),'จตุจักร')]]'.</msg>
<arg>${1.2_ที่อยู่_ประเทศ_ตำบล_เลือก}</arg>
<doc>Click the element identified by ``locator``.</doc>
<status status="PASS" start="2025-04-04T16:17:11.486888" elapsed="1.246501"/>
</kw>
<kw name="Input Text" owner="SeleniumLibrary">
<msg time="2025-04-04T16:17:12.735394" level="INFO">Typing text '21229' into text field '(//input[@ng-reflect-maxlength='5'])[1]'.</msg>
<arg>${1.2_ที่อยู่_ประเทศ_รหัสไปรษณีย์_เลข}</arg>
<arg>${รหัสไปรษณีย์}</arg>
<doc>Types the given ``text`` into the text field identified by ``locator``.</doc>
<status status="PASS" start="2025-04-04T16:17:12.734399" elapsed="1.812099"/>
</kw>
<kw name="Click Element" owner="SeleniumLibrary">
<msg time="2025-04-04T16:17:14.549021" level="INFO">Clicking element 'xpath=//mat-select[@name='occupationType']'.</msg>
<arg>${1.3อาชีพ}</arg>
<doc>Click the element identified by ``locator``.</doc>
<status status="PASS" start="2025-04-04T16:17:14.547507" elapsed="1.212380"/>
</kw>
<kw name="Click Element" owner="SeleniumLibrary">
<msg time="2025-04-04T16:17:15.761892" level="INFO">Clicking element 'xpath=//mat-option[.//span[contains(text(), 'อาชีพอิสระ')]]'.</msg>
<arg>${1.3อาชีพ_เลือก}</arg>
<doc>Click the element identified by ``locator``.</doc>
<status status="PASS" start="2025-04-04T16:17:15.760894" elapsed="1.210082"/>
</kw>
<kw name="Input Text" owner="SeleniumLibrary">
<msg time="2025-04-04T16:17:16.972984" level="INFO">Typing text '0987654321123' into text field 'xpath=(//input[@ng-reflect-maxlength='13'])[2]'.</msg>
<arg>${1.5_เลขที่}</arg>
<arg>${เลขที่บัตร2}</arg>
<doc>Types the given ``text`` into the text field identified by ``locator``.</doc>
<status status="PASS" start="2025-04-04T16:17:16.971983" elapsed="1.928125"/>
</kw>
<status status="PASS" start="2025-04-04T16:16:50.044928" elapsed="28.856181"/>
</kw>
<kw name="ส่วนที่1 บันทึกและไปหน้าถัดไป" owner="keywords_Testcase_1-01">
<kw name="Click Element" owner="SeleniumLibrary">
<msg time="2025-04-04T16:17:18.905107" level="INFO">Clicking element 'xpath=//button[.//span[contains(text(), 'บันทึก')]]'.</msg>
<arg>${ส่วนที่1_บีนทึก}</arg>
<doc>Click the element identified by ``locator``.</doc>
<status status="PASS" start="2025-04-04T16:17:18.904110" elapsed="1.206819"/>
</kw>
<kw name="Sleep" owner="BuiltIn">
<msg time="2025-04-04T16:17:21.124388" level="INFO">Slept 1 second.</msg>
<arg>1s</arg>
<doc>Pauses the test executed for the given time.</doc>
<status status="PASS" start="2025-04-04T16:17:20.112929" elapsed="1.012455"/>
</kw>
<kw name="Click Element" owner="SeleniumLibrary">
<msg time="2025-04-04T16:17:21.126388" level="INFO">Clicking element '//button[.//span[contains(text(), 'ตกลง')]]'.</msg>
<arg>${ส่วนที่1_ตกลง}</arg>
<doc>Click the element identified by ``locator``.</doc>
<status status="PASS" start="2025-04-04T16:17:21.125384" elapsed="1.227362"/>
</kw>
<kw name="Click Element" owner="SeleniumLibrary">
<msg time="2025-04-04T16:17:22.355741" level="INFO">Clicking element '//button[contains(@class, 'mat-raised-button') and .//span[contains(text(), 'ถัดไป')]]'.</msg>
<arg>${ส่วนที่1_ถัดไป}</arg>
<doc>Click the element identified by ``locator``.</doc>
<status status="PASS" start="2025-04-04T16:17:22.354741" elapsed="1.238368"/>
</kw>
<status status="PASS" start="2025-04-04T16:17:18.903111" elapsed="4.691008"/>
</kw>
<status status="PASS" start="2025-04-04T16:16:50.025318" elapsed="33.569793"/>
</test>
<test id="s1-t6" name="6.ส่วนที่2" line="56">
<kw name="ส่วนที่2 ถัดไป" owner="keywords_Testcase_1-01">
<kw name="Click Element" owner="SeleniumLibrary">
<msg time="2025-04-04T16:17:23.601408" level="INFO">Clicking element '//button[contains(@class, 'mat-raised-button') and .//span[contains(text(), 'ถัดไป')]]'.</msg>
<arg>${ส่วนที่2_ถัดไป}</arg>
<doc>Click the element identified by ``locator``.</doc>
<status status="PASS" start="2025-04-04T16:17:23.601408" elapsed="1.249056"/>
</kw>
<status status="PASS" start="2025-04-04T16:17:23.600409" elapsed="1.251063"/>
</kw>
<status status="PASS" start="2025-04-04T16:17:23.596868" elapsed="1.255602"/>
</test>
<test id="s1-t7" name="7.ส่วนที่3" line="59">
<kw name="ส่วนที่ 3 ระบุข้อมูล(เลือกฝากเงิน/ถอนเงิน)" owner="keywords_Testcase_1-01">
<kw name="Input Text" owner="SeleniumLibrary">
<msg time="2025-04-04T16:17:24.860558" level="INFO">Typing text '01/01/2567' into text field 'xpath=//input[contains(@class, 'mat-datepicker-input')]'.</msg>
<arg>${3.1_ปวันที่ทำธุรกรรม}</arg>
<arg>${วันที่ทำธุระกรรม(dd/MM/yyyy)}</arg>
<doc>Types the given ``text`` into the text field identified by ``locator``.</doc>
<status status="PASS" start="2025-04-04T16:17:24.858469" elapsed="1.811111"/>
</kw>
<kw name="Click Element" owner="SeleniumLibrary">
<msg time="2025-04-04T16:17:26.671583" level="INFO">Clicking element '//mat-select[@name='transactionType']'.</msg>
<arg>${3.1_ประเภทและมูลค่าธุรกรรม}</arg>
<doc>Click the element identified by ``locator``.</doc>
<status status="PASS" start="2025-04-04T16:17:26.670590" elapsed="1.210928"/>
</kw>
<kw name="Click Element" owner="SeleniumLibrary">
<msg time="2025-04-04T16:17:27.884524" level="INFO">Clicking element '//mat-option[contains(normalize-space(.//span), 'ฝากเงิน')]'.</msg>
<arg>${3.1_ประเภทและมูลค่าธุรกรรม_เลือก}</arg>
<doc>Click the element identified by ``locator``.</doc>
<status status="PASS" start="2025-04-04T16:17:27.882519" elapsed="1.180388"/>
</kw>
<kw name="Input Text" owner="SeleniumLibrary">
<msg time="2025-04-04T16:17:29.065251" level="INFO">Typing text '0928394034' into text field 'xpath=//input[@ng-reflect-name='accountNo']'.</msg>
<arg>${3.1_ประเภทและมูลค่าธุรกรรม_จากบัญชีเลขที่}</arg>
<arg>${เข้าบัญชีเลขที่(0/30)}</arg>
<doc>Types the given ``text`` into the text field identified by ``locator``.</doc>
<status status="PASS" start="2025-04-04T16:17:29.064227" elapsed="1.774723"/>
</kw>
<kw name="Input Text" owner="SeleniumLibrary">
<msg time="2025-04-04T16:17:30.840684" level="INFO">Typing text '3000000' into text field 'xpath=//input[@ng-reflect-name='transactionAmount']'.</msg>
<arg>${3.1_ประเภทและมูลค่าธุรกรรม_จากบัญชีเลขที่_จำนวน}</arg>
<arg>${จำนวนเงิน(2,000,000)}</arg>
<doc>Types the given ``text`` into the text field identified by ``locator``.</doc>
<status status="PASS" start="2025-04-04T16:17:30.839674" elapsed="1.830406"/>
</kw>
<kw name="Click Element" owner="SeleniumLibrary">
<msg time="2025-04-04T16:17:32.671081" level="INFO">Clicking element 'xpath=//mat-select[@name='objectiveType']'.</msg>
<arg>${3.1วัตถุประสงค์ของการทำธุรกรรม}</arg>
<doc>Click the element identified by ``locator``.</doc>
<status status="PASS" start="2025-04-04T16:17:32.670080" elapsed="1.232397"/>
</kw>
<kw name="Click Element" owner="SeleniumLibrary">
<msg time="2025-04-04T16:17:33.905478" level="INFO">Clicking element '//mat-option[.//span[contains(text(), 'ฝากเงินเพื่อรับดอกเบี้ย')]]'.</msg>
<arg>${3.3วัตถุประสงค์ของการทำธุรกรรม_เลือก}</arg>
<doc>Click the element identified by ``locator``.</doc>
<status status="PASS" start="2025-04-04T16:17:33.904479" elapsed="1.255188"/>
</kw>
<status status="PASS" start="2025-04-04T16:17:24.857467" elapsed="10.302200"/>
</kw>
<kw name="เก็บรหัสCIF" owner="AMLO Variables">
<kw name="Wait Until Element Is Visible" owner="SeleniumLibrary">
<arg>${CIF_XPATH}</arg>
<arg>timeout=2s</arg>
<doc>Waits until the element ``locator`` is visible.</doc>
<status status="PASS" start="2025-04-04T16:17:35.162668" elapsed="1.086841"/>
</kw>
<kw name="Get Text" owner="SeleniumLibrary">
<msg time="2025-04-04T16:17:37.294856" level="INFO">${CIF} = MAN5481346656628</msg>
<var>${CIF}</var>
<arg>${CIF_XPATH}</arg>
<doc>Returns the text value of the element identified by ``locator``.</doc>
<status status="PASS" start="2025-04-04T16:17:36.250517" elapsed="1.044339"/>
</kw>
<kw name="Log To Console" owner="BuiltIn">
<arg>รหัสCIF ที่เก็บได้: ${CIF}</arg>
<doc>Logs the given message to the console.</doc>
<status status="PASS" start="2025-04-04T16:17:37.295854" elapsed="0.001001"/>
</kw>
<kw name="Set Suite Variable" owner="BuiltIn">
<msg time="2025-04-04T16:17:37.298426" level="INFO">${CIF} = MAN5481346656628</msg>
<arg>${CIF}</arg>
<arg>${CIF}</arg>
<doc>Makes a variable available everywhere within the scope of the current suite.</doc>
<status status="PASS" start="2025-04-04T16:17:37.296855" elapsed="0.001571"/>
</kw>
<return>
<value>${CIF}</value>
<status status="PASS" start="2025-04-04T16:17:37.298426" elapsed="0.000000"/>
</return>
<status status="PASS" start="2025-04-04T16:17:35.161666" elapsed="2.136760"/>
</kw>
<kw name="ส่วนที่ 3 บันทึกข้อมูล" owner="keywords_Testcase_1-01">
<kw name="เก็บรหัสCIF" owner="AMLO Variables">
<kw name="Wait Until Element Is Visible" owner="SeleniumLibrary">
<arg>${CIF_XPATH}</arg>
<arg>timeout=2s</arg>
<doc>Waits until the element ``locator`` is visible.</doc>
<status status="PASS" start="2025-04-04T16:17:37.303409" elapsed="1.099408"/>
</kw>
<kw name="Get Text" owner="SeleniumLibrary">
<msg time="2025-04-04T16:17:39.462311" level="INFO">${CIF} = MAN5481346656628</msg>
<var>${CIF}</var>
<arg>${CIF_XPATH}</arg>
<doc>Returns the text value of the element identified by ``locator``.</doc>
<status status="PASS" start="2025-04-04T16:17:38.403820" elapsed="1.058491"/>
</kw>
<kw name="Log To Console" owner="BuiltIn">
<arg>รหัสCIF ที่เก็บได้: ${CIF}</arg>
<doc>Logs the given message to the console.</doc>
<status status="PASS" start="2025-04-04T16:17:39.463312" elapsed="0.000000"/>
</kw>
<kw name="Set Suite Variable" owner="BuiltIn">
<msg time="2025-04-04T16:17:39.464311" level="INFO">${CIF} = MAN5481346656628</msg>
<arg>${CIF}</arg>
<arg>${CIF}</arg>
<doc>Makes a variable available everywhere within the scope of the current suite.</doc>
<status status="PASS" start="2025-04-04T16:17:39.464311" elapsed="0.000000"/>
</kw>
<return>
<value>${CIF}</value>
<status status="PASS" start="2025-04-04T16:17:39.464311" elapsed="0.001000"/>
</return>
<status status="PASS" start="2025-04-04T16:17:37.302403" elapsed="2.162908"/>
</kw>
<kw name="Click Element" owner="SeleniumLibrary">
<msg time="2025-04-04T16:17:39.465311" level="INFO">Clicking element 'xpath=//button[.//span[contains(text(), 'บันทึก')]]'.</msg>
<arg>${ส่วนที่1_บีนทึก}</arg>
<doc>Click the element identified by ``locator``.</doc>
<status status="PASS" start="2025-04-04T16:17:39.465311" elapsed="1.135515"/>
</kw>
<kw name="Sleep" owner="BuiltIn">
<msg time="2025-04-04T16:17:41.612474" level="INFO">Slept 1 second.</msg>
<arg>1s</arg>
<doc>Pauses the test executed for the given time.</doc>
<status status="PASS" start="2025-04-04T16:17:40.600826" elapsed="1.011648"/>
</kw>
<kw name="Click Element" owner="SeleniumLibrary">
<msg time="2025-04-04T16:17:41.614480" level="INFO">Clicking element '//button[.//span[contains(text(), 'ตกลง')]]'.</msg>
<arg>${ส่วนที่1_ตกลง}</arg>
<doc>Click the element identified by ``locator``.</doc>
<status status="PASS" start="2025-04-04T16:17:41.613472" elapsed="1.128601"/>
</kw>
<status status="PASS" start="2025-04-04T16:17:37.300387" elapsed="5.441686"/>
</kw>
<kw name="ส่วนที่ 3 ขออนุมัติ" owner="keywords_Testcase_1-01">
<kw name="Click Element" owner="SeleniumLibrary">
<msg time="2025-04-04T16:17:42.744073" level="INFO">Clicking element '//button//span[contains(text(), 'ขออนุมัติ')]'.</msg>
<arg>${ขออนุมัติ}</arg>
<doc>Click the element identified by ``locator``.</doc>
<status status="PASS" start="2025-04-04T16:17:42.744073" elapsed="1.118376"/>
</kw>
<kw name="Click Element" owner="SeleniumLibrary">
<msg time="2025-04-04T16:17:43.864452" level="INFO">Clicking element '//button//span[contains(text(), 'ยืนยัน')]'.</msg>
<arg>${ส่วนที่3_ยืนยัน}</arg>
<doc>Click the element identified by ``locator``.</doc>
<status status="PASS" start="2025-04-04T16:17:43.863451" elapsed="1.196213"/>
</kw>
<status status="PASS" start="2025-04-04T16:17:42.743080" elapsed="2.316584"/>
</kw>
<status status="PASS" start="2025-04-04T16:17:24.855465" elapsed="20.205199"/>
</test>
<test id="s1-t8" name="8.ค้นหารายงาน" line="66">
<kw name="กดปุ่มตกลง" owner="keywordการค้นหา">
<kw name="Sleep" owner="BuiltIn">
<msg time="2025-04-04T16:17:48.068814" level="INFO">Slept 3 seconds.</msg>
<arg>3s</arg>
<doc>Pauses the test executed for the given time.</doc>
<status status="PASS" start="2025-04-04T16:17:45.062665" elapsed="3.006149"/>
</kw>
<kw name="Wait Until Element Is Visible" owner="SeleniumLibrary">
<arg>${ปุ่มตกลง}</arg>
<arg>5s</arg>
<doc>Waits until the element ``locator`` is visible.</doc>
<status status="PASS" start="2025-04-04T16:17:48.069674" elapsed="1.076792"/>
</kw>
<kw name="Click Element" owner="SeleniumLibrary">
<msg time="2025-04-04T16:17:49.150000" level="INFO">Clicking element '//button[.//span[contains(text(), 'ตกลง')]]'.</msg>
<arg>${ปุ่มตกลง}</arg>
<doc>Click the element identified by ``locator``.</doc>
<status status="PASS" start="2025-04-04T16:17:49.147465" elapsed="1.185297"/>
</kw>
<status status="PASS" start="2025-04-04T16:17:45.061662" elapsed="5.272114"/>
</kw>
<kw name="ค้าหารายงานด้วย CIF" owner="keywordการค้นหา">
<kw name="Input Text" owner="SeleniumLibrary">
<msg time="2025-04-04T16:17:50.338760" level="INFO">Typing text 'MAN5481346656628' into text field '//input[@ng-reflect-name="cifNo"]'.</msg>
<arg>${ค้นหาCIF}</arg>
<arg>${CIF}</arg>
<doc>Types the given ``text`` into the text field identified by ``locator``.</doc>
<status status="PASS" start="2025-04-04T16:17:50.337760" elapsed="1.789666"/>
</kw>
<kw name="Click Element" owner="SeleniumLibrary">
<msg time="2025-04-04T16:17:52.128934" level="INFO">Clicking element '//button//span[contains(text(), 'ค้นหา')]'.</msg>
<arg>${ปุ่มค้นหา}</arg>
<doc>Click the element identified by ``locator``.</doc>
<status status="PASS" start="2025-04-04T16:17:52.128425" elapsed="1.211001"/>
</kw>
<status status="PASS" start="2025-04-04T16:17:50.336766" elapsed="3.004685"/>
</kw>
<status status="PASS" start="2025-04-04T16:17:45.060664" elapsed="8.282777"/>
</test>
<test id="s1-t9" name="จบการทำงาน" line="71">
<kw name="จบการทำงาน" owner="main_keywords">
<kw name="Sleep" owner="BuiltIn">
<msg time="2025-04-04T16:17:58.359383" level="INFO">Slept 5 seconds.</msg>
<arg>5s</arg>
<doc>Pauses the test executed for the given time.</doc>
<status status="PASS" start="2025-04-04T16:17:53.353000" elapsed="5.006383"/>
</kw>
<kw name="Capture Page Screenshot" owner="SeleniumLibrary">
<msg time="2025-04-04T16:17:59.056156" level="INFO" html="true">&lt;/td&gt;&lt;/tr&gt;&lt;tr&gt;&lt;td colspan="3"&gt;&lt;a href="selenium-screenshot-125.png"&gt;&lt;img src="selenium-screenshot-125.png" width="800px"&gt;&lt;/a&gt;</msg>
<doc>Takes a screenshot of the current page and embeds it into a log file.</doc>
<status status="PASS" start="2025-04-04T16:17:58.360391" elapsed="0.695765"/>
</kw>
<kw name="Log" owner="BuiltIn">
<msg time="2025-04-04T16:17:59.057164" level="INFO">Test Teardown Completed</msg>
<arg>Test Teardown Completed</arg>
<doc>Logs the given message with the given level.</doc>
<status status="PASS" start="2025-04-04T16:17:59.057164" elapsed="0.000000"/>
</kw>
<kw name="Close Browser" owner="SeleniumLibrary">
<doc>Closes the current browser.</doc>
<status status="PASS" start="2025-04-04T16:17:59.057164" elapsed="4.597607"/>
</kw>
<status status="PASS" start="2025-04-04T16:17:53.351003" elapsed="10.304790"/>
</kw>
<status status="PASS" start="2025-04-04T16:17:53.346441" elapsed="10.310352"/>
</test>
<status status="PASS" start="2025-04-04T16:16:25.468454" elapsed="98.190848"/>
</suite>
<statistics>
<total>
<stat pass="9" fail="0" skip="0">All Tests</stat>
</total>
<tag>
</tag>
<suite>
<stat pass="9" fail="0" skip="0" id="s1" name="ปปง1-01 Testcase3">ปปง1-01 Testcase3</stat>
</suite>
</statistics>
<errors>
<msg time="2025-04-04T16:16:26.140149" level="WARN">Error in file 'D:\AML_Project\Resources\Menu_name\AML\ยื่นคำร้อง Manual\AMLO Variables.robot' on line 19: The '[Return]' setting is deprecated. Use the 'RETURN' statement instead.</msg>
<msg time="2025-04-04T16:16:26.141149" level="WARN">Error in file 'D:\AML_Project\Resources\Menu_name\AML\ยื่นคำร้อง Manual\AMLO Variables.robot' on line 25: The '[Return]' setting is deprecated. Use the 'RETURN' statement instead.</msg>
<msg time="2025-04-04T16:16:26.141149" level="WARN">Error in file 'D:\AML_Project\Resources\Menu_name\AML\ยื่นคำร้อง Manual\AMLO Variables.robot' on line 29: The '[Return]' setting is deprecated. Use the 'RETURN' statement instead.</msg>
<msg time="2025-04-04T16:16:26.174720" level="ERROR">Error in file 'D:\AML_Project\Resources\Menu_name\AML\ยื่นคำร้อง Manual\ปปง1-01\ปปง1-01_va.robot' on line 121: Setting variable '${2.1_คำนำหน้าชื่อ_เลือก}' failed: Resolving variable '${คำนำหน้า_ส่วน2}' failed: Variable '${คำนำหน}' not found. Did you mean:
    ${คำนำหน้า}</msg>
<msg time="2025-04-04T16:16:26.185245" level="ERROR">Error in file 'D:\AML_Project\Resources\Menu_name\AML\ยื่นคำร้อง Manual\ปปง1-01\ปปง1-01_va.robot' on line 135: Setting variable '${2.2_ที่อยู่_ประเทศ_จังหวัด_เลือก}' failed: Resolving variable '${companyProvince_ส่วน2}' failed: Variable '${companyProvince_ส}' not found. Did you mean:
    ${companyProvince}</msg>
<msg time="2025-04-04T16:16:26.192774" level="ERROR">Error in file 'D:\AML_Project\Resources\Menu_name\AML\ยื่นคำร้อง Manual\ปปง1-01\ปปง1-01_va.robot' on line 139: Setting variable '${2.2_ที่อยู่_ประเทศ_ตำบล_เลือก}' failed: Resolving variable '${companySubdistrict_ส่วน2}' failed: Variable '${companySubdistrict_ส}' not found. Did you mean:
    ${companySubdistrict}
    ${companyDistrict}</msg>
<msg time="2025-04-04T16:16:26.199289" level="ERROR">Error in file 'D:\AML_Project\Resources\Menu_name\AML\ยื่นคำร้อง Manual\ปปง1-01\ปปง1-01_va.robot' on line 137: Setting variable '${2.2_ที่อยู่_ประเทศ_อำเภอ_เลือก}' failed: Resolving variable '${companyDistrict_ส่วน2}' failed: Variable '${companyDistrict_ส}' not found. Did you mean:
    ${companyDistrict}
    ${companySubdistrict}</msg>
<msg time="2025-04-04T16:16:26.205290" level="ERROR">Error in file 'D:\AML_Project\Resources\Menu_name\AML\ยื่นคำร้อง Manual\ปปง1-01\ปปง1-01_va.robot' on line 144: Setting variable '${2.3อาชีพ_เลือก}' failed: Resolving variable '${เลือกอาชีพ_ส่วน2}' failed: Variable '${เล}' not found.</msg>
<msg time="2025-04-04T16:16:28.877423" level="WARN">The chromedriver version (134.0.6998.88) detected in PATH at C:\Users\suravesi\AppData\Local\Programs\Python\Python38\chromedriver.exe might not be compatible with the detected chrome version (135.0.7049.41); currently, chromedriver 135.0.7049.42 is recommended for chrome 135.*, so it is advised to delete the driver in PATH and retry</msg>
</errors>
</robot>
