<?xml version="1.0" encoding="UTF-8"?>
<robot generator="Robot 7.0.1 (Python 3.8.7 on win32)" generated="2025-07-25T13:30:28.519973" rpa="false" schemaversion="5">
<suite id="s1" name="SC WL 003" source="D:\AML_Project\TestCase\Watchlist Screening\Watchlist\SC_WL_003.robot">
<test id="s1-t1" name="1.open web IBank &amp; Login" line="23">
<kw name="Enteropen web IBank &amp; Login" owner="main_keywords">
<kw name="Open Browser" owner="SeleniumLibrary">
<msg time="2025-07-25T13:30:28.881655" level="INFO">Opening browser 'chrome' to base url 'https://dev.aml.ibank.co.th/'.</msg>
<arg>${URL:IBank}</arg>
<arg>${Browser}</arg>
<arg>options=add_argument("--ignore-certificate-errors")</arg>
<doc>Opens a new browser instance to the optional ``url``.</doc>
<status status="PASS" start="2025-07-25T13:30:28.881655" elapsed="4.657535"/>
</kw>
<kw name="Maximize Browser Window" owner="SeleniumLibrary">
<doc>Maximizes current browser window.</doc>
<status status="PASS" start="2025-07-25T13:30:33.540208" elapsed="0.030107"/>
</kw>
<kw name="Set Selenium Speed" owner="SeleniumLibrary">
<arg>0.5s</arg>
<doc>Sets the delay that is waited after each Selenium command.</doc>
<status status="PASS" start="2025-07-25T13:30:33.570315" elapsed="0.000000"/>
</kw>
<status status="PASS" start="2025-07-25T13:30:28.866012" elapsed="4.705301"/>
</kw>
<kw name="เข้าด้วยUserระดับฝ่ายกำกับพนักงาน" owner="main_keywords">
<kw name="Wait Until Element Is Visible" owner="SeleniumLibrary">
<arg>xpath=//input[contains(@class, 'inputLogin')]</arg>
<arg>5s</arg>
<doc>Waits until the element ``locator`` is visible.</doc>
<status status="PASS" start="2025-07-25T13:30:33.572333" elapsed="1.127653"/>
</kw>
<kw name="Input Text" owner="SeleniumLibrary">
<msg time="2025-07-25T13:30:34.699986" level="INFO">Typing text '530433' into text field 'xpath=//input[contains(@class, 'inputLogin')]'.</msg>
<arg>xpath=//input[contains(@class, 'inputLogin')]</arg>
<arg>${ID:ฝ่ายกำกับพนักงาน}</arg>
<doc>Types the given ``text`` into the text field identified by ``locator``.</doc>
<status status="PASS" start="2025-07-25T13:30:34.699986" elapsed="1.606918"/>
</kw>
<kw name="Input Password" owner="SeleniumLibrary">
<msg time="2025-07-25T13:30:36.306904" level="INFO">Typing password into text field 'xpath=//input[contains(@class, 'inputLogin') and @type='password']'.</msg>
<msg time="2025-07-25T13:30:37.331929" level="INFO">Temporally setting log level to: NONE</msg>
<arg>xpath=//input[contains(@class, 'inputLogin') and @type='password']</arg>
<arg>${password:ฝ่ายกำกับพนักงาน}</arg>
<doc>Types the given password into the text field identified by ``locator``.</doc>
<status status="PASS" start="2025-07-25T13:30:36.306904" elapsed="1.572129"/>
</kw>
<kw name="Click Element" owner="SeleniumLibrary">
<msg time="2025-07-25T13:30:37.880320" level="INFO">Clicking element '//button[contains(@class, 'mat-raised-button')]'.</msg>
<arg>//button[contains(@class, 'mat-raised-button')]</arg>
<doc>Click the element identified by ``locator``.</doc>
<status status="PASS" start="2025-07-25T13:30:37.880320" elapsed="1.054785"/>
</kw>
<kw name="Run Keyword And Ignore Error" owner="BuiltIn">
<kw name="ยืนยันการเข้าระบบ" owner="main_keywords">
<kw name="Wait Until Element Is Visible" owner="SeleniumLibrary">
<arg>//button[contains(@class, 'mat-raised-button')]//i[contains(@class, 'fa-check')]</arg>
<doc>Waits until the element ``locator`` is visible.</doc>
<status status="PASS" start="2025-07-25T13:30:38.935738" elapsed="1.049727"/>
</kw>
<kw name="Click Element" owner="SeleniumLibrary">
<msg time="2025-07-25T13:30:39.985465" level="INFO">Clicking element '//button[contains(@class, 'mat-raised-button')]//i[contains(@class, 'fa-check')]'.</msg>
<arg>//button[contains(@class, 'mat-raised-button')]//i[contains(@class, 'fa-check')]</arg>
<doc>Click the element identified by ``locator``.</doc>
<status status="PASS" start="2025-07-25T13:30:39.985465" elapsed="1.080967"/>
</kw>
<status status="PASS" start="2025-07-25T13:30:38.935738" elapsed="2.130694"/>
</kw>
<arg>ยืนยันการเข้าระบบ</arg>
<doc>Runs the given keyword with the given arguments and ignores possible error.</doc>
<status status="PASS" start="2025-07-25T13:30:38.935738" elapsed="2.130694"/>
</kw>
<kw name="Run Keyword And Ignore Error" owner="BuiltIn">
<kw name="ยืนยันการข้าม Pop-up" owner="main_keywords">
<kw name="Wait Until Element Is Visible" owner="SeleniumLibrary">
<msg time="2025-07-25T13:30:46.676568" level="INFO" html="true">&lt;/td&gt;&lt;/tr&gt;&lt;tr&gt;&lt;td colspan="3"&gt;&lt;a href="selenium-screenshot-1.png"&gt;&lt;img src="selenium-screenshot-1.png" width="800px"&gt;&lt;/a&gt;</msg>
<msg time="2025-07-25T13:30:46.676568" level="FAIL">Element 'xpath=//button[.//span[normalize-space(text())='Close']]' not visible after 5 seconds.</msg>
<arg>xpath=//button[.//span[normalize-space(text())='Close']]</arg>
<arg>timeout=5s</arg>
<doc>Waits until the element ``locator`` is visible.</doc>
<status status="FAIL" start="2025-07-25T13:30:41.066432" elapsed="5.626173">Element 'xpath=//button[.//span[normalize-space(text())='Close']]' not visible after 5 seconds.</status>
</kw>
<kw name="Click Element" owner="SeleniumLibrary">
<arg>xpath=//button[.//span[normalize-space(text())='Close']]</arg>
<doc>Click the element identified by ``locator``.</doc>
<status status="NOT RUN" start="2025-07-25T13:30:46.692605" elapsed="0.000000"/>
</kw>
<status status="FAIL" start="2025-07-25T13:30:41.066432" elapsed="5.626173">Element 'xpath=//button[.//span[normalize-space(text())='Close']]' not visible after 5 seconds.</status>
</kw>
<arg>ยืนยันการข้าม Pop-up</arg>
<doc>Runs the given keyword with the given arguments and ignores possible error.</doc>
<status status="PASS" start="2025-07-25T13:30:41.066432" elapsed="5.626173"/>
</kw>
<status status="PASS" start="2025-07-25T13:30:33.571313" elapsed="13.121292"/>
</kw>
<doc>ทดสอบการแสดงหน้าเว็ปและการเข้าสู่ระบบ</doc>
<status status="PASS" start="2025-07-25T13:30:28.866012" elapsed="17.826593"/>
</test>
<test id="s1-t2" name="2.เลือกMenu Watch List" line="28">
<kw name="เข้าMenu Watch List" owner="WatchList Keywords">
<kw name="Click Element" owner="SeleniumLibrary">
<msg time="2025-07-25T13:30:46.692605" level="INFO">Clicking element 'xpath=//a[contains(@class, 'sidebar-link') and .//div[contains(text(), 'Watch List')]]'.</msg>
<arg>${Watch List_menuXPATH}</arg>
<doc>Click the element identified by ``locator``.</doc>
<status status="PASS" start="2025-07-25T13:30:46.692605" elapsed="1.087771"/>
</kw>
<kw name="Click Element" owner="SeleniumLibrary">
<msg time="2025-07-25T13:30:47.780376" level="INFO">Clicking element 'xpath=//a[contains(@class, 'mat-list-item') and contains(., 'Watch List')]'.</msg>
<arg>${Watch List}</arg>
<doc>Click the element identified by ``locator``.</doc>
<status status="PASS" start="2025-07-25T13:30:47.780376" elapsed="1.076025"/>
</kw>
<status status="PASS" start="2025-07-25T13:30:46.692605" elapsed="2.163796"/>
</kw>
<kw name="Sleep" owner="BuiltIn">
<msg time="2025-07-25T13:30:51.873027" level="INFO">Slept 3 seconds.</msg>
<arg>3s</arg>
<doc>Pauses the test executed for the given time.</doc>
<status status="PASS" start="2025-07-25T13:30:48.857437" elapsed="3.015590"/>
</kw>
<doc>เข้าหน้า Watchlist</doc>
<status status="PASS" start="2025-07-25T13:30:46.692605" elapsed="5.180422"/>
</test>
<test id="s1-t3" name="3.ระบุข้อมูลตรวจสอบเลขบัตร" line="32">
<kw name="ตรวจสอบด้วย เลขประจำตัวประชาชน/เลขที่หนังสือเดินทาง" owner="WatchList Keywords">
<kw name="Input Text" owner="SeleniumLibrary">
<msg time="2025-07-25T13:30:51.873027" level="INFO">Typing text '1291384739122' into text field '//input[@name='idPassportNo']'.</msg>
<arg>${เลขบัตรประจำตัวประชาชน_xpath}</arg>
<arg>${เลขบัตรประจำตัวประชาชน}</arg>
<doc>Types the given ``text`` into the text field identified by ``locator``.</doc>
<status status="PASS" start="2025-07-25T13:30:51.873027" elapsed="1.605045"/>
</kw>
<status status="PASS" start="2025-07-25T13:30:51.873027" elapsed="1.605045"/>
</kw>
<kw name="ข้อมูลเพิ่มเติมในการค้นหาวันเกิด" owner="WatchList Keywords">
<kw name="Input Text" owner="SeleniumLibrary">
<msg time="2025-07-25T13:30:53.478072" level="INFO">Typing text '11/02/2540' into text field '//input[@name='hdate']'.</msg>
<arg>${วันเกิด_xpath}</arg>
<arg>${วันเกิด}</arg>
<doc>Types the given ``text`` into the text field identified by ``locator``.</doc>
<status status="PASS" start="2025-07-25T13:30:53.478072" elapsed="1.617523"/>
</kw>
<status status="PASS" start="2025-07-25T13:30:53.478072" elapsed="1.618458"/>
</kw>
<kw name="กดปุ่มตรวจสอบ" owner="WatchList Keywords">
<kw name="Click Element" owner="SeleniumLibrary">
<msg time="2025-07-25T13:30:55.096530" level="INFO">Clicking element '//button[.//span[contains(text(),'ตรวจสอบ')]]'.</msg>
<arg>${ปุ่มตรวจสอบ}</arg>
<doc>Click the element identified by ``locator``.</doc>
<status status="PASS" start="2025-07-25T13:30:55.096530" elapsed="1.089253"/>
</kw>
<status status="PASS" start="2025-07-25T13:30:55.096530" elapsed="1.089253"/>
</kw>
<kw name="กดปุ่มล้างข้อมูล" owner="WatchList Keywords">
<kw name="Sleep" owner="BuiltIn">
<msg time="2025-07-25T13:31:00.195734" level="INFO">Slept 4 seconds.</msg>
<arg>4s</arg>
<doc>Pauses the test executed for the given time.</doc>
<status status="PASS" start="2025-07-25T13:30:56.187794" elapsed="4.007940"/>
</kw>
<kw name="Capture Page Screenshot" owner="SeleniumLibrary">
<msg time="2025-07-25T13:31:00.828182" level="INFO" html="true">&lt;/td&gt;&lt;/tr&gt;&lt;tr&gt;&lt;td colspan="3"&gt;&lt;a href="selenium-screenshot-2.png"&gt;&lt;img src="selenium-screenshot-2.png" width="800px"&gt;&lt;/a&gt;</msg>
<doc>Takes a screenshot of the current page and embeds it into a log file.</doc>
<status status="PASS" start="2025-07-25T13:31:00.197403" elapsed="0.630779"/>
</kw>
<kw name="Click Element" owner="SeleniumLibrary">
<msg time="2025-07-25T13:31:00.828182" level="INFO">Clicking element '//button[.//span[contains(text(),'ล้างข้อมูล')]]'.</msg>
<arg>${ปุ่มล้างข้อมูล_xpath}</arg>
<doc>Click the element identified by ``locator``.</doc>
<status status="PASS" start="2025-07-25T13:31:00.828182" elapsed="1.073252"/>
</kw>
<status status="PASS" start="2025-07-25T13:30:56.187794" elapsed="5.713640"/>
</kw>
<doc>ตรวจสอบข้อมูลWatchlist ด้วยเลขที่บัตร</doc>
<status status="PASS" start="2025-07-25T13:30:51.873027" elapsed="10.029028"/>
</test>
<test id="s1-t4" name="4.ระบุข้อมูลตรวจสอบชื่อ" line="39">
<kw name="ตรวจสอบด้วย ชื่อภาษาไทย" owner="WatchList Keywords">
<kw name="Click Element" owner="SeleniumLibrary">
<msg time="2025-07-25T13:31:01.902670" level="INFO">Clicking element '//mat-radio-button//label[.//span[contains(text(), 'ตรวจสอบด้วย ชื่อภาษาไทย')]]'.</msg>
<arg>${ตรวจสอบด้วย ชื่อภาษาไทย_xpath}</arg>
<doc>Click the element identified by ``locator``.</doc>
<status status="PASS" start="2025-07-25T13:31:01.902670" elapsed="1.075768"/>
</kw>
<kw name="Input Text" owner="SeleniumLibrary">
<msg time="2025-07-25T13:31:02.978438" level="INFO">Typing text 'นัด' into text field '//input[@name='firstNameThai']'.</msg>
<arg>${ตรวจสอบด้วย ชื่อภาษาไทย ชื่อ_xpath}</arg>
<arg>${ตรวจสอบด้วย ชื่อภาษาไทย ชื่อ}</arg>
<doc>Types the given ``text`` into the text field identified by ``locator``.</doc>
<status status="PASS" start="2025-07-25T13:31:02.978438" elapsed="1.583081"/>
</kw>
<kw name="Input Text" owner="SeleniumLibrary">
<msg time="2025-07-25T13:31:04.561519" level="INFO">Typing text 'สามารภ' into text field '//input[@name='lastNameThai']'.</msg>
<arg>${ตรวจสอบด้วย ชื่อภาษาไทย นามสกุล_xpath}</arg>
<arg>${ตรวจสอบด้วย ชื่อภาษาไทย นามสกุล}</arg>
<doc>Types the given ``text`` into the text field identified by ``locator``.</doc>
<status status="PASS" start="2025-07-25T13:31:04.561519" elapsed="1.599046"/>
</kw>
<status status="PASS" start="2025-07-25T13:31:01.902670" elapsed="4.257895"/>
</kw>
<kw name="ข้อมูลเพิ่มเติมในการค้นหาวันเกิด" owner="WatchList Keywords">
<kw name="Input Text" owner="SeleniumLibrary">
<msg time="2025-07-25T13:31:06.160565" level="INFO">Typing text '11/02/2540' into text field '//input[@name='hdate']'.</msg>
<arg>${วันเกิด_xpath}</arg>
<arg>${วันเกิด}</arg>
<doc>Types the given ``text`` into the text field identified by ``locator``.</doc>
<status status="PASS" start="2025-07-25T13:31:06.160565" elapsed="1.583154"/>
</kw>
<status status="PASS" start="2025-07-25T13:31:06.160565" elapsed="1.583154"/>
</kw>
<kw name="กดปุ่มตรวจสอบ" owner="WatchList Keywords">
<kw name="Click Element" owner="SeleniumLibrary">
<msg time="2025-07-25T13:31:07.743719" level="INFO">Clicking element '//button[.//span[contains(text(),'ตรวจสอบ')]]'.</msg>
<arg>${ปุ่มตรวจสอบ}</arg>
<doc>Click the element identified by ``locator``.</doc>
<status status="PASS" start="2025-07-25T13:31:07.743719" elapsed="1.058289"/>
</kw>
<status status="PASS" start="2025-07-25T13:31:07.743719" elapsed="1.058289"/>
</kw>
<doc>ตรวจสอบข้อมูลWatchlist ด้วยชื่อภาษาไทย</doc>
<status status="PASS" start="2025-07-25T13:31:01.902670" elapsed="6.900374"/>
</test>
<test id="s1-t5" name="จบการทำงาน" line="45">
<kw name="จบการทำงาน" owner="main_keywords">
<kw name="Sleep" owner="BuiltIn">
<msg time="2025-07-25T13:31:13.817495" level="INFO">Slept 5 seconds.</msg>
<arg>5s</arg>
<doc>Pauses the test executed for the given time.</doc>
<status status="PASS" start="2025-07-25T13:31:08.807039" elapsed="5.010456"/>
</kw>
<kw name="Capture Page Screenshot" owner="SeleniumLibrary">
<msg time="2025-07-25T13:31:14.447659" level="INFO" html="true">&lt;/td&gt;&lt;/tr&gt;&lt;tr&gt;&lt;td colspan="3"&gt;&lt;a href="selenium-screenshot-3.png"&gt;&lt;img src="selenium-screenshot-3.png" width="800px"&gt;&lt;/a&gt;</msg>
<doc>Takes a screenshot of the current page and embeds it into a log file.</doc>
<status status="PASS" start="2025-07-25T13:31:13.817495" elapsed="0.630164"/>
</kw>
<kw name="Log" owner="BuiltIn">
<msg time="2025-07-25T13:31:14.447659" level="INFO">Test Teardown Completed</msg>
<arg>Test Teardown Completed</arg>
<doc>Logs the given message with the given level.</doc>
<status status="PASS" start="2025-07-25T13:31:14.447659" elapsed="0.000000"/>
</kw>
<kw name="Close Browser" owner="SeleniumLibrary">
<doc>Closes the current browser.</doc>
<status status="PASS" start="2025-07-25T13:31:14.447659" elapsed="3.490088"/>
</kw>
<status status="PASS" start="2025-07-25T13:31:08.806041" elapsed="9.131706"/>
</kw>
<status status="PASS" start="2025-07-25T13:31:08.805043" elapsed="9.132704"/>
</test>
<doc>ทดสอบการทำงาน Watch List SC_WL_003</doc>
<status status="PASS" start="2025-07-25T13:30:28.535625" elapsed="49.403905"/>
</suite>
<statistics>
<total>
<stat pass="5" fail="0" skip="0">All Tests</stat>
</total>
<tag>
</tag>
<suite>
<stat pass="5" fail="0" skip="0" id="s1" name="SC WL 003">SC WL 003</stat>
</suite>
</statistics>
<errors>
</errors>
</robot>
