<?xml version="1.0" encoding="UTF-8"?>
<robot generator="Robot 7.0.1 (Python 3.8.7 on win32)" generated="2025-06-18T18:11:18.228188" rpa="false" schemaversion="5">
<suite id="s1" name="SC WL 003" source="D:\AML_Project\TestCase\Watchlist Screening\Watchlist\SC_WL_003.robot">
<test id="s1-t1" name="1.open web IBank &amp; Login" line="23">
<kw name="Enteropen web IBank &amp; Login" owner="main_keywords">
<kw name="Open Browser" owner="SeleniumLibrary">
<msg time="2025-06-18T18:11:18.558418" level="INFO">Opening browser 'chrome' to base url 'https://uat.aml.ibank.co.th/'.</msg>
<msg time="2025-06-18T18:11:19.779669" level="WARN">The chromedriver version (136.0.7103.94) detected in PATH at C:\Users\suravesi\AppData\Local\Programs\Python\Python38\chromedriver.exe might not be compatible with the detected chrome version (137.0.7151.104); currently, chromedriver 137.0.7151.119 is recommended for chrome 137.*, so it is advised to delete the driver in PATH and retry</msg>
<arg>${URL:IBank}</arg>
<arg>${Browser}</arg>
<arg>options=add_argument("--ignore-certificate-errors")</arg>
<doc>Opens a new browser instance to the optional ``url``.</doc>
<status status="PASS" start="2025-06-18T18:11:18.558418" elapsed="4.178545"/>
</kw>
<kw name="Maximize Browser Window" owner="SeleniumLibrary">
<doc>Maximizes current browser window.</doc>
<status status="PASS" start="2025-06-18T18:11:22.736963" elapsed="0.030634"/>
</kw>
<kw name="Set Selenium Speed" owner="SeleniumLibrary">
<arg>0.5s</arg>
<doc>Sets the delay that is waited after each Selenium command.</doc>
<status status="PASS" start="2025-06-18T18:11:22.767597" elapsed="0.000995"/>
</kw>
<kw name="Wait Until Element Is Visible" owner="SeleniumLibrary">
<arg>xpath=//input[contains(@class, 'inputLogin')]</arg>
<arg>5s</arg>
<doc>Waits until the element ``locator`` is visible.</doc>
<status status="PASS" start="2025-06-18T18:11:22.768592" elapsed="1.825055"/>
</kw>
<kw name="Input Text" owner="SeleniumLibrary">
<msg time="2025-06-18T18:11:24.594872" level="INFO">Typing text '630051' into text field 'xpath=//input[contains(@class, 'inputLogin')]'.</msg>
<arg>xpath=//input[contains(@class, 'inputLogin')]</arg>
<arg>${ID:พนักงาน}</arg>
<doc>Types the given ``text`` into the text field identified by ``locator``.</doc>
<status status="PASS" start="2025-06-18T18:11:24.594302" elapsed="1.619539"/>
</kw>
<kw name="Input Password" owner="SeleniumLibrary">
<msg time="2025-06-18T18:11:26.213841" level="INFO">Typing password into text field 'xpath=//input[contains(@class, 'inputLogin') and @type='password']'.</msg>
<msg time="2025-06-18T18:11:27.249333" level="INFO">Temporally setting log level to: NONE</msg>
<arg>xpath=//input[contains(@class, 'inputLogin') and @type='password']</arg>
<arg>${password:พนักงาน}</arg>
<doc>Types the given password into the text field identified by ``locator``.</doc>
<status status="PASS" start="2025-06-18T18:11:26.213841" elapsed="1.564800"/>
</kw>
<kw name="Click Element" owner="SeleniumLibrary">
<msg time="2025-06-18T18:11:27.778641" level="INFO">Clicking element '//button[contains(@class, 'mat-raised-button')]'.</msg>
<arg>//button[contains(@class, 'mat-raised-button')]</arg>
<doc>Click the element identified by ``locator``.</doc>
<status status="PASS" start="2025-06-18T18:11:27.778641" elapsed="1.074052"/>
</kw>
<status status="PASS" start="2025-06-18T18:11:18.558418" elapsed="10.295278"/>
</kw>
<kw name="Run Keyword And Ignore Error" owner="BuiltIn">
<kw name="ยืนยันการเข้าระบบ" owner="main_keywords">
<kw name="Click Element" owner="SeleniumLibrary">
<msg time="2025-06-18T18:11:28.855696" level="INFO">Clicking element '//button[contains(@class, 'mat-raised-button')]//i[contains(@class, 'fa-check')]'.</msg>
<arg>//button[contains(@class, 'mat-raised-button')]//i[contains(@class, 'fa-check')]</arg>
<doc>Click the element identified by ``locator``.</doc>
<status status="PASS" start="2025-06-18T18:11:28.855696" elapsed="1.069875"/>
</kw>
<status status="PASS" start="2025-06-18T18:11:28.854696" elapsed="1.070875"/>
</kw>
<arg>ยืนยันการเข้าระบบ</arg>
<doc>Runs the given keyword with the given arguments and ignores possible error.</doc>
<status status="PASS" start="2025-06-18T18:11:28.854696" elapsed="1.070875"/>
</kw>
<kw name="Run Keyword And Ignore Error" owner="BuiltIn">
<kw name="ยืนยันการข้าม Pop-up" owner="main_keywords">
<kw name="Wait Until Element Is Visible" owner="SeleniumLibrary">
<msg time="2025-06-18T18:11:35.566375" level="INFO" html="true">&lt;/td&gt;&lt;/tr&gt;&lt;tr&gt;&lt;td colspan="3"&gt;&lt;a href="selenium-screenshot-1.png"&gt;&lt;img src="selenium-screenshot-1.png" width="800px"&gt;&lt;/a&gt;</msg>
<msg time="2025-06-18T18:11:35.566375" level="FAIL">Element 'xpath=//button[.//span[normalize-space(text())='Close']]' not visible after 5 seconds.</msg>
<arg>xpath=//button[.//span[normalize-space(text())='Close']]</arg>
<arg>timeout=5s</arg>
<doc>Waits until the element ``locator`` is visible.</doc>
<status status="FAIL" start="2025-06-18T18:11:29.925571" elapsed="5.648816">Element 'xpath=//button[.//span[normalize-space(text())='Close']]' not visible after 5 seconds.</status>
</kw>
<kw name="Click Element" owner="SeleniumLibrary">
<arg>xpath=//button[.//span[normalize-space(text())='Close']]</arg>
<doc>Click the element identified by ``locator``.</doc>
<status status="NOT RUN" start="2025-06-18T18:11:35.574387" elapsed="0.000000"/>
</kw>
<status status="FAIL" start="2025-06-18T18:11:29.925571" elapsed="5.648816">Element 'xpath=//button[.//span[normalize-space(text())='Close']]' not visible after 5 seconds.</status>
</kw>
<arg>ยืนยันการข้าม Pop-up</arg>
<doc>Runs the given keyword with the given arguments and ignores possible error.</doc>
<status status="PASS" start="2025-06-18T18:11:29.925571" elapsed="5.648816"/>
</kw>
<doc>ทดสอบการทำรายงาน Watch List</doc>
<status status="PASS" start="2025-06-18T18:11:18.558418" elapsed="17.015969"/>
</test>
<test id="s1-t2" name="2.เลือกMenu Watch List" line="28">
<kw name="เข้าMenu Watch List" owner="WatchList Keywords">
<kw name="Click Element" owner="SeleniumLibrary">
<msg time="2025-06-18T18:11:35.574387" level="INFO">Clicking element 'xpath=//a[contains(@class, 'sidebar-link') and .//div[contains(text(), 'Watch List')]]'.</msg>
<arg>${Watch List_menuXPATH}</arg>
<doc>Click the element identified by ``locator``.</doc>
<status status="PASS" start="2025-06-18T18:11:35.574387" elapsed="1.077786"/>
</kw>
<kw name="Click Element" owner="SeleniumLibrary">
<msg time="2025-06-18T18:11:36.652679" level="INFO">Clicking element 'xpath=//a[contains(@class, 'mat-list-item') and contains(., 'Watch List')]'.</msg>
<arg>${Watch List}</arg>
<doc>Click the element identified by ``locator``.</doc>
<status status="PASS" start="2025-06-18T18:11:36.652679" elapsed="1.072466"/>
</kw>
<status status="PASS" start="2025-06-18T18:11:35.574387" elapsed="2.150758"/>
</kw>
<kw name="Sleep" owner="BuiltIn">
<msg time="2025-06-18T18:11:40.740115" level="INFO">Slept 3 seconds.</msg>
<arg>3s</arg>
<doc>Pauses the test executed for the given time.</doc>
<status status="PASS" start="2025-06-18T18:11:37.726145" elapsed="3.013970"/>
</kw>
<status status="PASS" start="2025-06-18T18:11:35.574387" elapsed="5.165728"/>
</test>
<test id="s1-t3" name="3.ระบุข้อมูลตรวจสอบเลขบัตร" line="32">
<kw name="ตรวจสอบด้วย เลขประจำตัวประชาชน/เลขที่หนังสือเดินทาง" owner="WatchList Keywords">
<kw name="Input Text" owner="SeleniumLibrary">
<msg time="2025-06-18T18:11:40.740115" level="INFO">Typing text '1291384739122' into text field '//input[@name='idPassportNo']'.</msg>
<arg>${เลขบัตรประจำตัวประชาชน_xpath}</arg>
<arg>${เลขบัตรประจำตัวประชาชน}</arg>
<doc>Types the given ``text`` into the text field identified by ``locator``.</doc>
<status status="PASS" start="2025-06-18T18:11:40.740115" elapsed="1.639684"/>
</kw>
<status status="PASS" start="2025-06-18T18:11:40.740115" elapsed="1.639684"/>
</kw>
<kw name="ข้อมูลเพิ่มเติมในการค้นหาประเทศ" owner="WatchList Keywords">
<kw name="Click Element" owner="SeleniumLibrary">
<msg time="2025-06-18T18:11:42.379799" level="INFO">Clicking element '//mat-select[@name='nationality']'.</msg>
<arg>${ประเทศ_xpath}</arg>
<doc>Click the element identified by ``locator``.</doc>
<status status="PASS" start="2025-06-18T18:11:42.379799" elapsed="1.094355"/>
</kw>
<kw name="Click Element" owner="SeleniumLibrary">
<msg time="2025-06-18T18:11:43.474154" level="INFO">Clicking element 'xpath=//mat-option[.//span[contains(text(),'ไทย')]]'.</msg>
<arg>${ประเทศ_เลือก_xpath}</arg>
<doc>Click the element identified by ``locator``.</doc>
<status status="PASS" start="2025-06-18T18:11:43.474154" elapsed="1.085283"/>
</kw>
<status status="PASS" start="2025-06-18T18:11:42.379799" elapsed="2.180355"/>
</kw>
<kw name="ข้อมูลเพิ่มเติมในการค้นหาวันเกิด" owner="WatchList Keywords">
<kw name="Input Text" owner="SeleniumLibrary">
<msg time="2025-06-18T18:11:44.562988" level="INFO">Typing text '11/02/2540' into text field '//input[@name='birthday']'.</msg>
<arg>${วันเกิด_xpath}</arg>
<arg>${วันเกิด}</arg>
<doc>Types the given ``text`` into the text field identified by ``locator``.</doc>
<status status="PASS" start="2025-06-18T18:11:44.562628" elapsed="1.647497"/>
</kw>
<status status="PASS" start="2025-06-18T18:11:44.561607" elapsed="1.648518"/>
</kw>
<kw name="กดปุ่มตรวจสอบ" owner="WatchList Keywords">
<kw name="Click Element" owner="SeleniumLibrary">
<msg time="2025-06-18T18:11:46.211984" level="INFO">Clicking element '//button[.//span[contains(text(),'ตรวจสอบ')]]'.</msg>
<arg>${ปุ่มตรวจสอบ}</arg>
<doc>Click the element identified by ``locator``.</doc>
<status status="PASS" start="2025-06-18T18:11:46.211984" elapsed="1.097384"/>
</kw>
<status status="PASS" start="2025-06-18T18:11:46.211984" elapsed="1.097384"/>
</kw>
<kw name="กดปุ่มล้างข้อมูล" owner="WatchList Keywords">
<kw name="Click Element" owner="SeleniumLibrary">
<msg time="2025-06-18T18:11:47.311124" level="INFO">Clicking element '//button[.//span[contains(text(),'ล้างข้อมูล')]]'.</msg>
<arg>${ปุ่มล้างข้อมูล_xpath}</arg>
<doc>Click the element identified by ``locator``.</doc>
<status status="PASS" start="2025-06-18T18:11:47.311041" elapsed="1.079715"/>
</kw>
<status status="PASS" start="2025-06-18T18:11:47.309368" elapsed="1.082390"/>
</kw>
<status status="PASS" start="2025-06-18T18:11:40.740115" elapsed="7.652641"/>
</test>
<test id="s1-t4" name="4.ระบุข้อมูลตรวจสอบชื่อ" line="39">
<kw name="ตรวจสอบด้วย ชื่อภาษาไทย" owner="WatchList Keywords">
<kw name="Click Element" owner="SeleniumLibrary">
<msg time="2025-06-18T18:11:48.396000" level="INFO">Clicking element '//mat-radio-button//label[.//span[contains(text(), 'ตรวจสอบด้วย ชื่อภาษาไทย')]]'.</msg>
<arg>${ตรวจสอบด้วย ชื่อภาษาไทย_xpath}</arg>
<doc>Click the element identified by ``locator``.</doc>
<status status="PASS" start="2025-06-18T18:11:48.396000" elapsed="1.089269"/>
</kw>
<kw name="Input Text" owner="SeleniumLibrary">
<msg time="2025-06-18T18:11:49.486224" level="INFO">Typing text 'นัด' into text field '//input[@name='firstNameThai']'.</msg>
<arg>${ตรวจสอบด้วย ชื่อภาษาไทย ชื่อ_xpath}</arg>
<arg>${ตรวจสอบด้วย ชื่อภาษาไทย ชื่อ}</arg>
<doc>Types the given ``text`` into the text field identified by ``locator``.</doc>
<status status="PASS" start="2025-06-18T18:11:49.486224" elapsed="1.602728"/>
</kw>
<kw name="Input Text" owner="SeleniumLibrary">
<msg time="2025-06-18T18:11:51.088952" level="INFO">Typing text 'สามารภ' into text field '//input[@name='lastNameThai']'.</msg>
<arg>${ตรวจสอบด้วย ชื่อภาษาไทย นามสกุล_xpath}</arg>
<arg>${ตรวจสอบด้วย ชื่อภาษาไทย นามสกุล}</arg>
<doc>Types the given ``text`` into the text field identified by ``locator``.</doc>
<status status="PASS" start="2025-06-18T18:11:51.088952" elapsed="1.626657"/>
</kw>
<status status="PASS" start="2025-06-18T18:11:48.394992" elapsed="4.320617"/>
</kw>
<kw name="ข้อมูลเพิ่มเติมในการค้นหาประเทศ" owner="WatchList Keywords">
<kw name="Click Element" owner="SeleniumLibrary">
<msg time="2025-06-18T18:11:52.715609" level="INFO">Clicking element '//mat-select[@name='nationality']'.</msg>
<arg>${ประเทศ_xpath}</arg>
<doc>Click the element identified by ``locator``.</doc>
<status status="PASS" start="2025-06-18T18:11:52.715609" elapsed="1.052177"/>
</kw>
<kw name="Click Element" owner="SeleniumLibrary">
<msg time="2025-06-18T18:11:53.767786" level="INFO">Clicking element 'xpath=//mat-option[.//span[contains(text(),'ไทย')]]'.</msg>
<arg>${ประเทศ_เลือก_xpath}</arg>
<doc>Click the element identified by ``locator``.</doc>
<status status="PASS" start="2025-06-18T18:11:53.767786" elapsed="1.077646"/>
</kw>
<status status="PASS" start="2025-06-18T18:11:52.715609" elapsed="2.129823"/>
</kw>
<kw name="ข้อมูลเพิ่มเติมในการค้นหาวันเกิด" owner="WatchList Keywords">
<kw name="Input Text" owner="SeleniumLibrary">
<msg time="2025-06-18T18:11:54.846438" level="INFO">Typing text '11/02/2540' into text field '//input[@name='birthday']'.</msg>
<arg>${วันเกิด_xpath}</arg>
<arg>${วันเกิด}</arg>
<doc>Types the given ``text`` into the text field identified by ``locator``.</doc>
<status status="PASS" start="2025-06-18T18:11:54.846438" elapsed="1.596119"/>
</kw>
<status status="PASS" start="2025-06-18T18:11:54.846438" elapsed="1.596119"/>
</kw>
<kw name="กดปุ่มตรวจสอบ" owner="WatchList Keywords">
<kw name="Click Element" owner="SeleniumLibrary">
<msg time="2025-06-18T18:11:56.444442" level="INFO">Clicking element '//button[.//span[contains(text(),'ตรวจสอบ')]]'.</msg>
<arg>${ปุ่มตรวจสอบ}</arg>
<doc>Click the element identified by ``locator``.</doc>
<status status="PASS" start="2025-06-18T18:11:56.444442" elapsed="1.064802"/>
</kw>
<status status="PASS" start="2025-06-18T18:11:56.444442" elapsed="1.064802"/>
</kw>
<status status="PASS" start="2025-06-18T18:11:48.393753" elapsed="9.117212"/>
</test>
<test id="s1-t5" name="จบการทำงาน" line="44">
<kw name="จบการทำงาน" owner="main_keywords">
<kw name="Sleep" owner="BuiltIn">
<msg time="2025-06-18T18:12:02.518190" level="INFO">Slept 5 seconds.</msg>
<arg>5s</arg>
<doc>Pauses the test executed for the given time.</doc>
<status status="PASS" start="2025-06-18T18:11:57.511550" elapsed="5.006640"/>
</kw>
<kw name="Capture Page Screenshot" owner="SeleniumLibrary">
<msg time="2025-06-18T18:12:03.157808" level="INFO" html="true">&lt;/td&gt;&lt;/tr&gt;&lt;tr&gt;&lt;td colspan="3"&gt;&lt;a href="selenium-screenshot-2.png"&gt;&lt;img src="selenium-screenshot-2.png" width="800px"&gt;&lt;/a&gt;</msg>
<doc>Takes a screenshot of the current page and embeds it into a log file.</doc>
<status status="PASS" start="2025-06-18T18:12:02.518190" elapsed="0.639618"/>
</kw>
<kw name="Log" owner="BuiltIn">
<msg time="2025-06-18T18:12:03.165149" level="INFO">Test Teardown Completed</msg>
<arg>Test Teardown Completed</arg>
<doc>Logs the given message with the given level.</doc>
<status status="PASS" start="2025-06-18T18:12:03.164323" elapsed="0.000826"/>
</kw>
<kw name="Close Browser" owner="SeleniumLibrary">
<doc>Closes the current browser.</doc>
<status status="PASS" start="2025-06-18T18:12:03.165149" elapsed="3.492028"/>
</kw>
<status status="PASS" start="2025-06-18T18:11:57.511550" elapsed="9.145627"/>
</kw>
<status status="PASS" start="2025-06-18T18:11:57.511550" elapsed="9.145627"/>
</test>
<doc>ทดสอบการทำงาน Watch List SC_WL_001</doc>
<status status="PASS" start="2025-06-18T18:11:18.243206" elapsed="48.413971"/>
</suite>
<statistics>
<total>
<stat pass="5" fail="0" skip="0">All Tests</stat>
</total>
<tag>
</tag>
<suite>
<stat pass="5" fail="0" skip="0" id="s1" name="SC WL 003">SC WL 003</stat>
</suite>
</statistics>
<errors>
<msg time="2025-06-18T18:11:19.779669" level="WARN">The chromedriver version (136.0.7103.94) detected in PATH at C:\Users\suravesi\AppData\Local\Programs\Python\Python38\chromedriver.exe might not be compatible with the detected chrome version (137.0.7151.104); currently, chromedriver 137.0.7151.119 is recommended for chrome 137.*, so it is advised to delete the driver in PATH and retry</msg>
</errors>
</robot>
