<?xml version="1.0" encoding="UTF-8"?>
<robot generator="Robot 7.0.1 (Python 3.8.7 on win32)" generated="2025-07-30T14:03:57.484415" rpa="false" schemaversion="5">
<suite id="s1" name="SC IA 001" source="D:\AML_Project\TestCase\Watchlist Screening\Investigate Alert\SC_IA_001.robot">
<test id="s1-t1" name="1.open web IBank &amp; Login" line="18">
<kw name="Enteropen web IBank &amp; Login" owner="main_keywords">
<kw name="Open Browser" owner="SeleniumLibrary">
<msg time="2025-07-30T14:03:58.033486" level="INFO">Opening browser 'chrome' to base url 'https://172.26.59.117/login'.</msg>
<arg>${URL:IBank}</arg>
<arg>${Browser}</arg>
<arg>options=add_argument("--ignore-certificate-errors")</arg>
<doc>Opens a new browser instance to the optional ``url``.</doc>
<status status="PASS" start="2025-07-30T14:03:58.033486" elapsed="6.199725"/>
</kw>
<kw name="Maximize Browser Window" owner="SeleniumLibrary">
<doc>Maximizes current browser window.</doc>
<status status="PASS" start="2025-07-30T14:04:04.233211" elapsed="0.024999"/>
</kw>
<kw name="Set Selenium Speed" owner="SeleniumLibrary">
<arg>0.5s</arg>
<doc>Sets the delay that is waited after each Selenium command.</doc>
<status status="PASS" start="2025-07-30T14:04:04.258210" elapsed="0.000998"/>
</kw>
<status status="PASS" start="2025-07-30T14:03:58.033486" elapsed="6.225722"/>
</kw>
<kw name="เข้าด้วยUserระดับฝ่ายกำกับพนักงาน" owner="main_keywords">
<kw name="Wait Until Element Is Visible" owner="SeleniumLibrary">
<arg>xpath=//input[contains(@class, 'inputLogin')]</arg>
<doc>Waits until the element ``locator`` is visible.</doc>
<status status="PASS" start="2025-07-30T14:04:04.260207" elapsed="1.759000"/>
</kw>
<kw name="Input Text" owner="SeleniumLibrary">
<msg time="2025-07-30T14:04:06.020287" level="INFO">Typing text '490183' into text field 'xpath=//input[contains(@class, 'inputLogin')]'.</msg>
<arg>xpath=//input[contains(@class, 'inputLogin')]</arg>
<arg>${ID:ฝ่ายกำกับพนักงาน}</arg>
<doc>Types the given ``text`` into the text field identified by ``locator``.</doc>
<status status="PASS" start="2025-07-30T14:04:06.020287" elapsed="1.619564"/>
</kw>
<kw name="Input Password" owner="SeleniumLibrary">
<msg time="2025-07-30T14:04:07.639851" level="INFO">Typing password into text field 'xpath=//input[contains(@class, 'inputLogin') and @type='password']'.</msg>
<msg time="2025-07-30T14:04:08.668949" level="INFO">Temporally setting log level to: NONE</msg>
<arg>xpath=//input[contains(@class, 'inputLogin') and @type='password']</arg>
<arg>${password:ฝ่ายกำกับพนักงาน}</arg>
<doc>Types the given password into the text field identified by ``locator``.</doc>
<status status="PASS" start="2025-07-30T14:04:07.639851" elapsed="1.575650"/>
</kw>
<kw name="Click Element" owner="SeleniumLibrary">
<msg time="2025-07-30T14:04:09.215501" level="INFO">Clicking element '//button[contains(@class, 'mat-raised-button')]'.</msg>
<arg>//button[contains(@class, 'mat-raised-button')]</arg>
<doc>Click the element identified by ``locator``.</doc>
<status status="PASS" start="2025-07-30T14:04:09.215501" elapsed="1.082589"/>
</kw>
<kw name="Run Keyword And Ignore Error" owner="BuiltIn">
<kw name="ยืนยันการเข้าระบบ" owner="main_keywords">
<kw name="Wait Until Element Is Visible" owner="SeleniumLibrary">
<msg time="2025-07-30T14:04:17.517870" level="INFO" html="true">&lt;/td&gt;&lt;/tr&gt;&lt;tr&gt;&lt;td colspan="3"&gt;&lt;a href="selenium-screenshot-1.png"&gt;&lt;img src="selenium-screenshot-1.png" width="800px"&gt;&lt;/a&gt;</msg>
<msg time="2025-07-30T14:04:17.517870" level="FAIL">Element '//button[contains(@class, 'mat-raised-button')]//i[contains(@class, 'fa-check')]' not visible after 5 seconds.</msg>
<arg>//button[contains(@class, 'mat-raised-button')]//i[contains(@class, 'fa-check')]</arg>
<doc>Waits until the element ``locator`` is visible.</doc>
<status status="FAIL" start="2025-07-30T14:04:10.299019" elapsed="7.234484">Element '//button[contains(@class, 'mat-raised-button')]//i[contains(@class, 'fa-check')]' not visible after 5 seconds.</status>
</kw>
<kw name="Click Element" owner="SeleniumLibrary">
<arg>//button[contains(@class, 'mat-raised-button')]//i[contains(@class, 'fa-check')]</arg>
<doc>Click the element identified by ``locator``.</doc>
<status status="NOT RUN" start="2025-07-30T14:04:17.533503" elapsed="0.000000"/>
</kw>
<status status="FAIL" start="2025-07-30T14:04:10.299019" elapsed="7.234484">Element '//button[contains(@class, 'mat-raised-button')]//i[contains(@class, 'fa-check')]' not visible after 5 seconds.</status>
</kw>
<arg>ยืนยันการเข้าระบบ</arg>
<doc>Runs the given keyword with the given arguments and ignores possible error.</doc>
<status status="PASS" start="2025-07-30T14:04:10.299019" elapsed="7.234484"/>
</kw>
<kw name="Run Keyword And Ignore Error" owner="BuiltIn">
<kw name="ยืนยันการข้าม Pop-up" owner="main_keywords">
<kw name="Wait Until Element Is Visible" owner="SeleniumLibrary">
<msg time="2025-07-30T14:04:23.879497" level="INFO" html="true">&lt;/td&gt;&lt;/tr&gt;&lt;tr&gt;&lt;td colspan="3"&gt;&lt;a href="selenium-screenshot-2.png"&gt;&lt;img src="selenium-screenshot-2.png" width="800px"&gt;&lt;/a&gt;</msg>
<msg time="2025-07-30T14:04:23.879497" level="FAIL">Element 'xpath=//button[.//span[normalize-space(text())='Close']]' not visible after 5 seconds.</msg>
<arg>xpath=//button[.//span[normalize-space(text())='Close']]</arg>
<arg>timeout=5s</arg>
<doc>Waits until the element ``locator`` is visible.</doc>
<status status="FAIL" start="2025-07-30T14:04:17.533503" elapsed="6.345994">Element 'xpath=//button[.//span[normalize-space(text())='Close']]' not visible after 5 seconds.</status>
</kw>
<kw name="Click Element" owner="SeleniumLibrary">
<arg>xpath=//button[.//span[normalize-space(text())='Close']]</arg>
<doc>Click the element identified by ``locator``.</doc>
<status status="NOT RUN" start="2025-07-30T14:04:23.879497" elapsed="0.000000"/>
</kw>
<status status="FAIL" start="2025-07-30T14:04:17.533503" elapsed="6.345994">Element 'xpath=//button[.//span[normalize-space(text())='Close']]' not visible after 5 seconds.</status>
</kw>
<arg>ยืนยันการข้าม Pop-up</arg>
<doc>Runs the given keyword with the given arguments and ignores possible error.</doc>
<status status="PASS" start="2025-07-30T14:04:17.533503" elapsed="6.345994"/>
</kw>
<status status="PASS" start="2025-07-30T14:04:04.260207" elapsed="19.619290"/>
</kw>
<doc>ทดสอบการแสดงหน้าเว็ปและการเข้าสู่ระบบ</doc>
<status status="PASS" start="2025-07-30T14:03:58.033486" elapsed="25.846011"/>
</test>
<test id="s1-t2" name="2.เลือกMenu Investigate Alert" line="23">
<kw name="เข้าMenu Investigate Alert" owner="Investigate Key">
<kw name="Wait Until Element Is Visible" owner="SeleniumLibrary">
<arg>${Watch List_menuXPATH}</arg>
<doc>Waits until the element ``locator`` is visible.</doc>
<status status="PASS" start="2025-07-30T14:04:23.879497" elapsed="1.021019"/>
</kw>
<kw name="Click Element" owner="SeleniumLibrary">
<msg time="2025-07-30T14:04:24.900516" level="INFO">Clicking element 'xpath=//a[contains(@class, 'sidebar-link') and .//div[contains(text(), 'Watch List')]]'.</msg>
<arg>${Watch List_menuXPATH}</arg>
<doc>Click the element identified by ``locator``.</doc>
<status status="PASS" start="2025-07-30T14:04:24.900516" elapsed="1.059098"/>
</kw>
<kw name="Wait Until Element Is Visible" owner="SeleniumLibrary">
<arg>${Watch List_menuXPATH}</arg>
<doc>Waits until the element ``locator`` is visible.</doc>
<status status="PASS" start="2025-07-30T14:04:25.960455" elapsed="1.014337"/>
</kw>
<kw name="Click Element" owner="SeleniumLibrary">
<msg time="2025-07-30T14:04:26.974792" level="INFO">Clicking element 'xpath=//a[contains(@class, 'mat-list-item') and contains(., 'Investigate Alert')]'.</msg>
<arg>${Investigate Alert}</arg>
<doc>Click the element identified by ``locator``.</doc>
<status status="PASS" start="2025-07-30T14:04:26.974792" elapsed="1.078678"/>
</kw>
<status status="PASS" start="2025-07-30T14:04:23.879497" elapsed="4.174983"/>
</kw>
<doc>เข้าหน้า Investigate Alert</doc>
<status status="PASS" start="2025-07-30T14:04:23.879497" elapsed="4.175519"/>
</test>
<test id="s1-t3" name="3.พนักงานฝ่ายกำกับตรวจสอบข้อมูล" line="27">
<kw name="ค้นหาเลข CIF" owner="Investigate Key">
<kw name="Input Text" owner="SeleniumLibrary">
<msg time="2025-07-30T14:04:28.062835" level="INFO">Typing text '10000002' into text field '//input[@name='cifno']'.</msg>
<arg>${CIFNO_xpath}</arg>
<arg>${CIF No}</arg>
<doc>Types the given ``text`` into the text field identified by ``locator``.</doc>
<status status="PASS" start="2025-07-30T14:04:28.062835" elapsed="1.611276"/>
</kw>
<kw name="Click Element" owner="SeleniumLibrary">
<msg time="2025-07-30T14:04:29.674111" level="INFO">Clicking element '//button[.//span[contains(text(), 'ค้นหา')]]'.</msg>
<arg>${ปุ่มค้นหา}</arg>
<doc>Click the element identified by ``locator``.</doc>
<status status="PASS" start="2025-07-30T14:04:29.674111" elapsed="1.087414"/>
</kw>
<status status="PASS" start="2025-07-30T14:04:28.061832" elapsed="2.700298"/>
</kw>
<kw name="ตรวจสอบข้อมูลระดับฝ่ายกำกับพนักงาน" owner="Investigate Key">
<kw name="Run Keyword And Ignore Error" owner="BuiltIn">
<kw name="Take Owner" owner="Investigate Key">
<kw name="Click Element" owner="SeleniumLibrary">
<msg time="2025-07-30T14:04:30.762130" level="INFO">Clicking element '//button[.//span[normalize-space()='Take Owner']]'.</msg>
<arg>${ปุ่มTake Owner_xpath}</arg>
<doc>Click the element identified by ``locator``.</doc>
<status status="PASS" start="2025-07-30T14:04:30.762130" elapsed="1.088855"/>
</kw>
<kw name="Click Element" owner="SeleniumLibrary">
<msg time="2025-07-30T14:04:31.850985" level="INFO">Clicking element '//button[.//span[normalize-space()='ยืนยัน']]'.</msg>
<arg>${ปุ่มยืนยัน_xpath}</arg>
<doc>Click the element identified by ``locator``.</doc>
<status status="PASS" start="2025-07-30T14:04:31.850985" elapsed="1.071170"/>
</kw>
<status status="PASS" start="2025-07-30T14:04:30.762130" elapsed="2.160025"/>
</kw>
<arg>Take Owner</arg>
<doc>Runs the given keyword with the given arguments and ignores possible error.</doc>
<status status="PASS" start="2025-07-30T14:04:30.762130" elapsed="2.160025"/>
</kw>
<kw name="Run Keyword And Ignore Error" owner="BuiltIn">
<kw name="Investigate" owner="Investigate Key">
<kw name="Click Element" owner="SeleniumLibrary">
<msg time="2025-07-30T14:04:32.924207" level="INFO">Clicking element '//button[.//span[normalize-space()='Investigate']]'.</msg>
<msg time="2025-07-30T14:04:34.052132" level="INFO" html="true">&lt;/td&gt;&lt;/tr&gt;&lt;tr&gt;&lt;td colspan="3"&gt;&lt;a href="selenium-screenshot-3.png"&gt;&lt;img src="selenium-screenshot-3.png" width="800px"&gt;&lt;/a&gt;</msg>
<msg time="2025-07-30T14:04:34.052132" level="FAIL">Element with locator '//button[.//span[normalize-space()='Investigate']]' not found.</msg>
<arg>${ปุ่มInvestigate _xpath}</arg>
<doc>Click the element identified by ``locator``.</doc>
<status status="FAIL" start="2025-07-30T14:04:32.923225" elapsed="1.160625">Element with locator '//button[.//span[normalize-space()='Investigate']]' not found.</status>
</kw>
<status status="FAIL" start="2025-07-30T14:04:32.923225" elapsed="1.160625">Element with locator '//button[.//span[normalize-space()='Investigate']]' not found.</status>
</kw>
<arg>Investigate</arg>
<doc>Runs the given keyword with the given arguments and ignores possible error.</doc>
<status status="PASS" start="2025-07-30T14:04:32.922155" elapsed="1.161695"/>
</kw>
<status status="PASS" start="2025-07-30T14:04:30.762130" elapsed="3.321720"/>
</kw>
<doc>ค้นหาข้อมูลด้วยเลข CIF</doc>
<status status="PASS" start="2025-07-30T14:04:28.057840" elapsed="6.026010"/>
</test>
<test id="s1-t4" name="4.ตรวจสอบว่าเป็นจริงและส่งอนุมัติ" line="31">
<kw name="ตรวจสอบรายการว่า(ใช่)และระบุเหตุผล" owner="Investigate Key">
<kw name="Wait Until Element Is Visible" owner="SeleniumLibrary">
<arg>${ปุ่มใช่_xpath}</arg>
<doc>Waits until the element ``locator`` is visible.</doc>
<status status="PASS" start="2025-07-30T14:04:34.083850" elapsed="1.028153"/>
</kw>
<kw name="Click Element" owner="SeleniumLibrary">
<msg time="2025-07-30T14:04:35.112805" level="INFO">Clicking element '//mat-radio-button[.//span[contains(text(),'ใช่')]]'.</msg>
<arg>${ปุ่มใช่_xpath}</arg>
<doc>Click the element identified by ``locator``.</doc>
<status status="PASS" start="2025-07-30T14:04:35.112805" elapsed="1.076007"/>
</kw>
<kw name="Input Text" owner="SeleniumLibrary">
<msg time="2025-07-30T14:04:36.188812" level="INFO">Typing text 'test' into text field '//textarea[contains(@class, 'mat-input-element') and @maxlength='2000']'.</msg>
<arg>${หมายเหตุ_xpath}</arg>
<arg>${หมายเหตุ}</arg>
<doc>Types the given ``text`` into the text field identified by ``locator``.</doc>
<status status="PASS" start="2025-07-30T14:04:36.188812" elapsed="1.580345"/>
</kw>
<status status="PASS" start="2025-07-30T14:04:34.083850" elapsed="3.685307"/>
</kw>
<kw name="กดปุ่มยืนยันการตรวจสอบ" owner="Investigate Key">
<kw name="Click Element" owner="SeleniumLibrary">
<msg time="2025-07-30T14:04:37.771724" level="INFO">Clicking element '//button[.//span[normalize-space()='ยืนยันการตรวจสอบ']]'.</msg>
<arg>${ปุ่มยืนยันการตรวจสอบ_xpath}</arg>
<doc>Click the element identified by ``locator``.</doc>
<status status="PASS" start="2025-07-30T14:04:37.769157" elapsed="1.094317"/>
</kw>
<kw name="Click Element" owner="SeleniumLibrary">
<msg time="2025-07-30T14:04:38.864180" level="INFO">Clicking element '//button[.//span[normalize-space()='ยืนยัน']]'.</msg>
<arg>${ปุ่มยืนยัน_xpath}</arg>
<doc>Click the element identified by ``locator``.</doc>
<status status="PASS" start="2025-07-30T14:04:38.864180" elapsed="1.071258"/>
</kw>
<kw name="Run Keyword And Ignore Error" owner="BuiltIn">
<kw name="กดปุ่มตกลง" owner="Investigate Key">
<kw name="Wait Until Element Is Visible" owner="SeleniumLibrary">
<arg>${ปุ่มตกลง_xpath}</arg>
<doc>Waits until the element ``locator`` is visible.</doc>
<status status="PASS" start="2025-07-30T14:04:39.936758" elapsed="1.029307"/>
</kw>
<kw name="Click Element" owner="SeleniumLibrary">
<msg time="2025-07-30T14:04:40.966065" level="INFO">Clicking element '//button[.//span[normalize-space()='ตกลง']]'.</msg>
<arg>${ปุ่มตกลง_xpath}</arg>
<doc>Click the element identified by ``locator``.</doc>
<status status="PASS" start="2025-07-30T14:04:40.966065" elapsed="1.074194"/>
</kw>
<status status="PASS" start="2025-07-30T14:04:39.936758" elapsed="2.103501"/>
</kw>
<arg>กดปุ่มตกลง</arg>
<doc>Runs the given keyword with the given arguments and ignores possible error.</doc>
<status status="PASS" start="2025-07-30T14:04:39.936255" elapsed="2.104004"/>
</kw>
<status status="PASS" start="2025-07-30T14:04:37.769157" elapsed="4.271102"/>
</kw>
<doc>ตรวจสอบข้อมูลรายการ</doc>
<status status="PASS" start="2025-07-30T14:04:34.083850" elapsed="7.956409"/>
</test>
<test id="s1-t5" name="5.ออกระบบเข้าใช้ Userฝ่ายกำกับหัวหน้างาน" line="35">
<kw name="ออกจากระบบ" owner="main_keywords">
<kw name="Click Element" owner="SeleniumLibrary">
<msg time="2025-07-30T14:04:42.040259" level="INFO">Clicking element '//button//span[contains(text(), 'ออกจากระบบ')]'.</msg>
<arg>${ปุ่มออกจากระบบ}</arg>
<doc>Click the element identified by ``locator``.</doc>
<status status="PASS" start="2025-07-30T14:04:42.040259" elapsed="1.086406"/>
</kw>
<status status="PASS" start="2025-07-30T14:04:42.040259" elapsed="1.086406"/>
</kw>
<kw name="เข้าด้วยUserระดับฝ่ายกำกับหัวหน้างาน" owner="main_keywords">
<kw name="Wait Until Element Is Visible" owner="SeleniumLibrary">
<arg>xpath=//input[contains(@class, 'inputLogin')]</arg>
<doc>Waits until the element ``locator`` is visible.</doc>
<status status="PASS" start="2025-07-30T14:04:43.126665" elapsed="1.008802"/>
</kw>
<kw name="Input Text" owner="SeleniumLibrary">
<msg time="2025-07-30T14:04:44.135467" level="INFO">Typing text '530433' into text field 'xpath=//input[contains(@class, 'inputLogin')]'.</msg>
<arg>xpath=//input[contains(@class, 'inputLogin')]</arg>
<arg>${ID:ฝ่ายกำกับหัวหน้างาน}</arg>
<doc>Types the given ``text`` into the text field identified by ``locator``.</doc>
<status status="PASS" start="2025-07-30T14:04:44.135467" elapsed="1.574663"/>
</kw>
<kw name="Input Password" owner="SeleniumLibrary">
<msg time="2025-07-30T14:04:45.710975" level="INFO">Typing password into text field 'xpath=//input[contains(@class, 'inputLogin') and @type='password']'.</msg>
<msg time="2025-07-30T14:04:46.762777" level="INFO">Temporally setting log level to: NONE</msg>
<arg>xpath=//input[contains(@class, 'inputLogin') and @type='password']</arg>
<arg>${password:ฝ่ายกำกับหัวหน้างาน}</arg>
<doc>Types the given password into the text field identified by ``locator``.</doc>
<status status="PASS" start="2025-07-30T14:04:45.710975" elapsed="1.609710"/>
</kw>
<kw name="Click Element" owner="SeleniumLibrary">
<msg time="2025-07-30T14:04:47.322564" level="INFO">Clicking element '//button[contains(@class, 'mat-raised-button')]'.</msg>
<arg>//button[contains(@class, 'mat-raised-button')]</arg>
<doc>Click the element identified by ``locator``.</doc>
<status status="PASS" start="2025-07-30T14:04:47.320685" elapsed="1.097716"/>
</kw>
<kw name="Run Keyword And Ignore Error" owner="BuiltIn">
<kw name="ยืนยันการเข้าระบบ" owner="main_keywords">
<kw name="Wait Until Element Is Visible" owner="SeleniumLibrary">
<arg>//button[contains(@class, 'mat-raised-button')]//i[contains(@class, 'fa-check')]</arg>
<doc>Waits until the element ``locator`` is visible.</doc>
<status status="PASS" start="2025-07-30T14:04:48.420316" elapsed="1.019281"/>
</kw>
<kw name="Click Element" owner="SeleniumLibrary">
<msg time="2025-07-30T14:04:49.440704" level="INFO">Clicking element '//button[contains(@class, 'mat-raised-button')]//i[contains(@class, 'fa-check')]'.</msg>
<arg>//button[contains(@class, 'mat-raised-button')]//i[contains(@class, 'fa-check')]</arg>
<doc>Click the element identified by ``locator``.</doc>
<status status="PASS" start="2025-07-30T14:04:49.440704" elapsed="1.054190"/>
</kw>
<status status="PASS" start="2025-07-30T14:04:48.418401" elapsed="2.076493"/>
</kw>
<arg>ยืนยันการเข้าระบบ</arg>
<doc>Runs the given keyword with the given arguments and ignores possible error.</doc>
<status status="PASS" start="2025-07-30T14:04:48.418401" elapsed="2.076493"/>
</kw>
<kw name="Run Keyword And Ignore Error" owner="BuiltIn">
<kw name="ยืนยันการข้าม Pop-up" owner="main_keywords">
<kw name="Wait Until Element Is Visible" owner="SeleniumLibrary">
<msg time="2025-07-30T14:04:56.117445" level="INFO" html="true">&lt;/td&gt;&lt;/tr&gt;&lt;tr&gt;&lt;td colspan="3"&gt;&lt;a href="selenium-screenshot-4.png"&gt;&lt;img src="selenium-screenshot-4.png" width="800px"&gt;&lt;/a&gt;</msg>
<msg time="2025-07-30T14:04:56.117445" level="FAIL">Element 'xpath=//button[.//span[normalize-space(text())='Close']]' not visible after 5 seconds.</msg>
<arg>xpath=//button[.//span[normalize-space(text())='Close']]</arg>
<arg>timeout=5s</arg>
<doc>Waits until the element ``locator`` is visible.</doc>
<status status="FAIL" start="2025-07-30T14:04:50.496900" elapsed="5.620545">Element 'xpath=//button[.//span[normalize-space(text())='Close']]' not visible after 5 seconds.</status>
</kw>
<kw name="Click Element" owner="SeleniumLibrary">
<arg>xpath=//button[.//span[normalize-space(text())='Close']]</arg>
<doc>Click the element identified by ``locator``.</doc>
<status status="NOT RUN" start="2025-07-30T14:04:56.117445" elapsed="0.000000"/>
</kw>
<status status="FAIL" start="2025-07-30T14:04:50.495902" elapsed="5.621543">Element 'xpath=//button[.//span[normalize-space(text())='Close']]' not visible after 5 seconds.</status>
</kw>
<arg>ยืนยันการข้าม Pop-up</arg>
<doc>Runs the given keyword with the given arguments and ignores possible error.</doc>
<status status="PASS" start="2025-07-30T14:04:50.495902" elapsed="5.621543"/>
</kw>
<status status="PASS" start="2025-07-30T14:04:43.126665" elapsed="12.990780"/>
</kw>
<kw name="เข้าMenu Investigate Alert กรณีระบบไม่รีเฟสค่าหน้าจอ" owner="Investigate Key">
<kw name="Wait Until Element Is Visible" owner="SeleniumLibrary">
<arg>${Investigate Alert}</arg>
<doc>Waits until the element ``locator`` is visible.</doc>
<status status="PASS" start="2025-07-30T14:04:56.117445" elapsed="1.065174"/>
</kw>
<kw name="Click Element" owner="SeleniumLibrary">
<msg time="2025-07-30T14:04:57.182619" level="INFO">Clicking element 'xpath=//a[contains(@class, 'mat-list-item') and contains(., 'Investigate Alert')]'.</msg>
<arg>${Investigate Alert}</arg>
<doc>Click the element identified by ``locator``.</doc>
<status status="PASS" start="2025-07-30T14:04:57.182619" elapsed="1.093834"/>
</kw>
<status status="PASS" start="2025-07-30T14:04:56.117445" elapsed="2.159008"/>
</kw>
<doc>ตรวจสอบเข้ารหัส ผู้จัดการ</doc>
<status status="PASS" start="2025-07-30T14:04:42.040259" elapsed="16.236194"/>
</test>
<test id="s1-t6" name="ุ6.อนุมัติรายการ" line="40">
<kw name="ค้นหาเลข CIF" owner="Investigate Key">
<kw name="Input Text" owner="SeleniumLibrary">
<msg time="2025-07-30T14:04:58.276453" level="INFO">Typing text '10000002' into text field '//input[@name='cifno']'.</msg>
<arg>${CIFNO_xpath}</arg>
<arg>${CIF No}</arg>
<doc>Types the given ``text`` into the text field identified by ``locator``.</doc>
<status status="PASS" start="2025-07-30T14:04:58.276453" elapsed="1.617563"/>
</kw>
<kw name="Click Element" owner="SeleniumLibrary">
<msg time="2025-07-30T14:04:59.894016" level="INFO">Clicking element '//button[.//span[contains(text(), 'ค้นหา')]]'.</msg>
<arg>${ปุ่มค้นหา}</arg>
<doc>Click the element identified by ``locator``.</doc>
<status status="PASS" start="2025-07-30T14:04:59.894016" elapsed="1.072973"/>
</kw>
<status status="PASS" start="2025-07-30T14:04:58.276453" elapsed="2.691013"/>
</kw>
<kw name="กดปุ่มApproveและเข้าหน้าข้อมูล" owner="Investigate Key">
<kw name="Wait Until Element Is Visible" owner="SeleniumLibrary">
<arg>${ปุ่มApprove_xpath}</arg>
<doc>Waits until the element ``locator`` is visible.</doc>
<status status="PASS" start="2025-07-30T14:05:00.967466" elapsed="1.030092"/>
</kw>
<kw name="Click Element" owner="SeleniumLibrary">
<msg time="2025-07-30T14:05:01.997558" level="INFO">Clicking element '//button[.//span[normalize-space()='Approve']]'.</msg>
<arg>${ปุ่มApprove_xpath}</arg>
<doc>Click the element identified by ``locator``.</doc>
<status status="PASS" start="2025-07-30T14:05:01.997558" elapsed="1.102254"/>
</kw>
<status status="PASS" start="2025-07-30T14:05:00.967466" elapsed="2.132346"/>
</kw>
<doc>ตรวจสอบการ Approve ข้อมูล</doc>
<status status="PASS" start="2025-07-30T14:04:58.276453" elapsed="4.823359"/>
</test>
<test id="s1-t7" name="จบการทำงาน" line="45">
<kw name="จบการทำงาน" owner="main_keywords">
<kw name="Sleep" owner="BuiltIn">
<msg time="2025-07-30T14:05:08.104699" level="INFO">Slept 5 seconds.</msg>
<arg>5s</arg>
<doc>Pauses the test executed for the given time.</doc>
<status status="PASS" start="2025-07-30T14:05:03.099812" elapsed="5.004887"/>
</kw>
<kw name="Capture Page Screenshot" owner="SeleniumLibrary">
<msg time="2025-07-30T14:05:08.736517" level="INFO" html="true">&lt;/td&gt;&lt;/tr&gt;&lt;tr&gt;&lt;td colspan="3"&gt;&lt;a href="selenium-screenshot-5.png"&gt;&lt;img src="selenium-screenshot-5.png" width="800px"&gt;&lt;/a&gt;</msg>
<doc>Takes a screenshot of the current page and embeds it into a log file.</doc>
<status status="PASS" start="2025-07-30T14:05:08.104699" elapsed="0.631818"/>
</kw>
<kw name="Log" owner="BuiltIn">
<msg time="2025-07-30T14:05:08.736517" level="INFO">Test Teardown Completed</msg>
<arg>Test Teardown Completed</arg>
<doc>Logs the given message with the given level.</doc>
<status status="PASS" start="2025-07-30T14:05:08.736517" elapsed="0.000000"/>
</kw>
<kw name="Close Browser" owner="SeleniumLibrary">
<doc>Closes the current browser.</doc>
<status status="PASS" start="2025-07-30T14:05:08.736517" elapsed="3.572769"/>
</kw>
<status status="PASS" start="2025-07-30T14:05:03.099812" elapsed="9.209474"/>
</kw>
<status status="PASS" start="2025-07-30T14:05:03.099812" elapsed="9.209474"/>
</test>
<doc>ทดสอบการทำงาน Investigate Alert  SC_IA_001</doc>
<status status="PASS" start="2025-07-30T14:03:57.499932" elapsed="74.809354"/>
</suite>
<statistics>
<total>
<stat pass="7" fail="0" skip="0">All Tests</stat>
</total>
<tag>
</tag>
<suite>
<stat pass="7" fail="0" skip="0" id="s1" name="SC IA 001">SC IA 001</stat>
</suite>
</statistics>
<errors>
</errors>
</robot>
