<?xml version="1.0" encoding="UTF-8"?>
<robot generator="Robot 7.0.1 (Python 3.8.7 on win32)" generated="2025-06-18T18:08:58.656352" rpa="false" schemaversion="5">
<suite id="s1" name="SC WL 001" source="D:\AML_Project\TestCase\Watchlist Screening\Watchlist\SC_WL_001.robot">
<test id="s1-t1" name="1.open web IBank &amp; Login" line="23">
<kw name="Enteropen web IBank &amp; Login" owner="main_keywords">
<kw name="Open Browser" owner="SeleniumLibrary">
<msg time="2025-06-18T18:08:59.207803" level="INFO">Opening browser 'chrome' to base url 'https://uat.aml.ibank.co.th/'.</msg>
<msg time="2025-06-18T18:09:01.264064" level="WARN">The chromedriver version (136.0.7103.94) detected in PATH at C:\Users\suravesi\AppData\Local\Programs\Python\Python38\chromedriver.exe might not be compatible with the detected chrome version (137.0.7151.104); currently, chromedriver 137.0.7151.119 is recommended for chrome 137.*, so it is advised to delete the driver in PATH and retry</msg>
<arg>${URL:IBank}</arg>
<arg>${Browser}</arg>
<arg>options=add_argument("--ignore-certificate-errors")</arg>
<doc>Opens a new browser instance to the optional ``url``.</doc>
<status status="PASS" start="2025-06-18T18:08:59.207803" elapsed="7.173717"/>
</kw>
<kw name="Maximize Browser Window" owner="SeleniumLibrary">
<doc>Maximizes current browser window.</doc>
<status status="PASS" start="2025-06-18T18:09:06.382522" elapsed="0.036315"/>
</kw>
<kw name="Set Selenium Speed" owner="SeleniumLibrary">
<arg>0.5s</arg>
<doc>Sets the delay that is waited after each Selenium command.</doc>
<status status="PASS" start="2025-06-18T18:09:06.418837" elapsed="0.000000"/>
</kw>
<kw name="Wait Until Element Is Visible" owner="SeleniumLibrary">
<arg>xpath=//input[contains(@class, 'inputLogin')]</arg>
<arg>5s</arg>
<doc>Waits until the element ``locator`` is visible.</doc>
<status status="PASS" start="2025-06-18T18:09:06.418837" elapsed="1.759948"/>
</kw>
<kw name="Input Text" owner="SeleniumLibrary">
<msg time="2025-06-18T18:09:08.178785" level="INFO">Typing text '630051' into text field 'xpath=//input[contains(@class, 'inputLogin')]'.</msg>
<arg>xpath=//input[contains(@class, 'inputLogin')]</arg>
<arg>${ID:พนักงาน}</arg>
<doc>Types the given ``text`` into the text field identified by ``locator``.</doc>
<status status="PASS" start="2025-06-18T18:09:08.178785" elapsed="1.599623"/>
</kw>
<kw name="Input Password" owner="SeleniumLibrary">
<msg time="2025-06-18T18:09:09.778408" level="INFO">Typing password into text field 'xpath=//input[contains(@class, 'inputLogin') and @type='password']'.</msg>
<msg time="2025-06-18T18:09:10.835535" level="INFO">Temporally setting log level to: NONE</msg>
<arg>xpath=//input[contains(@class, 'inputLogin') and @type='password']</arg>
<arg>${password:พนักงาน}</arg>
<doc>Types the given password into the text field identified by ``locator``.</doc>
<status status="PASS" start="2025-06-18T18:09:09.778408" elapsed="1.611230"/>
</kw>
<kw name="Click Element" owner="SeleniumLibrary">
<msg time="2025-06-18T18:09:11.390650" level="INFO">Clicking element '//button[contains(@class, 'mat-raised-button')]'.</msg>
<arg>//button[contains(@class, 'mat-raised-button')]</arg>
<doc>Click the element identified by ``locator``.</doc>
<status status="PASS" start="2025-06-18T18:09:11.389638" elapsed="1.078472"/>
</kw>
<status status="PASS" start="2025-06-18T18:08:59.207803" elapsed="13.260307"/>
</kw>
<kw name="Run Keyword And Ignore Error" owner="BuiltIn">
<kw name="ยืนยันการเข้าระบบ" owner="main_keywords">
<kw name="Click Element" owner="SeleniumLibrary">
<msg time="2025-06-18T18:09:12.468840" level="INFO">Clicking element '//button[contains(@class, 'mat-raised-button')]//i[contains(@class, 'fa-check')]'.</msg>
<msg time="2025-06-18T18:09:13.769446" level="INFO" html="true">&lt;/td&gt;&lt;/tr&gt;&lt;tr&gt;&lt;td colspan="3"&gt;&lt;a href="selenium-screenshot-1.png"&gt;&lt;img src="selenium-screenshot-1.png" width="800px"&gt;&lt;/a&gt;</msg>
<msg time="2025-06-18T18:09:13.769446" level="FAIL">Element with locator '//button[contains(@class, 'mat-raised-button')]//i[contains(@class, 'fa-check')]' not found.</msg>
<arg>//button[contains(@class, 'mat-raised-button')]//i[contains(@class, 'fa-check')]</arg>
<doc>Click the element identified by ``locator``.</doc>
<status status="FAIL" start="2025-06-18T18:09:12.468840" elapsed="1.333783">Element with locator '//button[contains(@class, 'mat-raised-button')]//i[contains(@class, 'fa-check')]' not found.</status>
</kw>
<status status="FAIL" start="2025-06-18T18:09:12.468840" elapsed="1.334791">Element with locator '//button[contains(@class, 'mat-raised-button')]//i[contains(@class, 'fa-check')]' not found.</status>
</kw>
<arg>ยืนยันการเข้าระบบ</arg>
<doc>Runs the given keyword with the given arguments and ignores possible error.</doc>
<status status="PASS" start="2025-06-18T18:09:12.468840" elapsed="1.334791"/>
</kw>
<kw name="Run Keyword And Ignore Error" owner="BuiltIn">
<kw name="ยืนยันการข้าม Pop-up" owner="main_keywords">
<kw name="Wait Until Element Is Visible" owner="SeleniumLibrary">
<msg time="2025-06-18T18:09:19.433862" level="INFO" html="true">&lt;/td&gt;&lt;/tr&gt;&lt;tr&gt;&lt;td colspan="3"&gt;&lt;a href="selenium-screenshot-2.png"&gt;&lt;img src="selenium-screenshot-2.png" width="800px"&gt;&lt;/a&gt;</msg>
<msg time="2025-06-18T18:09:19.433862" level="FAIL">Element 'xpath=//button[.//span[normalize-space(text())='Close']]' not visible after 5 seconds.</msg>
<arg>xpath=//button[.//span[normalize-space(text())='Close']]</arg>
<arg>timeout=5s</arg>
<doc>Waits until the element ``locator`` is visible.</doc>
<status status="FAIL" start="2025-06-18T18:09:13.804629" elapsed="5.629233">Element 'xpath=//button[.//span[normalize-space(text())='Close']]' not visible after 5 seconds.</status>
</kw>
<kw name="Click Element" owner="SeleniumLibrary">
<arg>xpath=//button[.//span[normalize-space(text())='Close']]</arg>
<doc>Click the element identified by ``locator``.</doc>
<status status="NOT RUN" start="2025-06-18T18:09:19.433862" elapsed="0.000000"/>
</kw>
<status status="FAIL" start="2025-06-18T18:09:13.804629" elapsed="5.629233">Element 'xpath=//button[.//span[normalize-space(text())='Close']]' not visible after 5 seconds.</status>
</kw>
<arg>ยืนยันการข้าม Pop-up</arg>
<doc>Runs the given keyword with the given arguments and ignores possible error.</doc>
<status status="PASS" start="2025-06-18T18:09:13.803631" elapsed="5.646145"/>
</kw>
<doc>ทดสอบการทำรายงาน Watch List</doc>
<status status="PASS" start="2025-06-18T18:08:59.207803" elapsed="20.242687"/>
</test>
<test id="s1-t2" name="2.เลือกMenu Watch List" line="28">
<kw name="เข้าMenu Watch List" owner="WatchList Keywords">
<kw name="Click Element" owner="SeleniumLibrary">
<msg time="2025-06-18T18:09:19.450490" level="INFO">Clicking element 'xpath=//a[contains(@class, 'sidebar-link') and .//div[contains(text(), 'Watch List')]]'.</msg>
<arg>${Watch List_menuXPATH}</arg>
<doc>Click the element identified by ``locator``.</doc>
<status status="PASS" start="2025-06-18T18:09:19.450490" elapsed="1.070360"/>
</kw>
<kw name="Click Element" owner="SeleniumLibrary">
<msg time="2025-06-18T18:09:20.520850" level="INFO">Clicking element 'xpath=//a[contains(@class, 'mat-list-item') and contains(., 'Watch List')]'.</msg>
<arg>${Watch List}</arg>
<doc>Click the element identified by ``locator``.</doc>
<status status="PASS" start="2025-06-18T18:09:20.520850" elapsed="1.066249"/>
</kw>
<status status="PASS" start="2025-06-18T18:09:19.450490" elapsed="2.136609"/>
</kw>
<kw name="Sleep" owner="BuiltIn">
<msg time="2025-06-18T18:09:24.597975" level="INFO">Slept 3 seconds.</msg>
<arg>3s</arg>
<doc>Pauses the test executed for the given time.</doc>
<status status="PASS" start="2025-06-18T18:09:21.588434" elapsed="3.009541"/>
</kw>
<status status="PASS" start="2025-06-18T18:09:19.450490" elapsed="5.149101"/>
</test>
<test id="s1-t3" name="3.ระบุข้อมูลตรวจสอบเลขบัตร" line="32">
<kw name="ตรวจสอบด้วย เลขประจำตัวประชาชน/เลขที่หนังสือเดินทาง" owner="WatchList Keywords">
<kw name="Input Text" owner="SeleniumLibrary">
<msg time="2025-06-18T18:09:24.599591" level="INFO">Typing text '1991684729125' into text field '//input[@name='idPassportNo']'.</msg>
<arg>${เลขบัตรประจำตัวประชาชน_xpath}</arg>
<arg>${เลขบัตรประจำตัวประชาชน}</arg>
<doc>Types the given ``text`` into the text field identified by ``locator``.</doc>
<status status="PASS" start="2025-06-18T18:09:24.599591" elapsed="1.787485"/>
</kw>
<status status="PASS" start="2025-06-18T18:09:24.599591" elapsed="1.788453"/>
</kw>
<kw name="ข้อมูลเพิ่มเติมในการค้นหาประเทศ" owner="WatchList Keywords">
<kw name="Click Element" owner="SeleniumLibrary">
<msg time="2025-06-18T18:09:26.388044" level="INFO">Clicking element '//mat-select[@name='nationality']'.</msg>
<arg>${ประเทศ_xpath}</arg>
<doc>Click the element identified by ``locator``.</doc>
<status status="PASS" start="2025-06-18T18:09:26.388044" elapsed="1.071753"/>
</kw>
<kw name="Click Element" owner="SeleniumLibrary">
<msg time="2025-06-18T18:09:27.461057" level="INFO">Clicking element 'xpath=//mat-option[.//span[contains(text(),'ไทย')]]'.</msg>
<arg>${ประเทศ_เลือก_xpath}</arg>
<doc>Click the element identified by ``locator``.</doc>
<status status="PASS" start="2025-06-18T18:09:27.461057" elapsed="1.067535"/>
</kw>
<status status="PASS" start="2025-06-18T18:09:26.388044" elapsed="2.140548"/>
</kw>
<kw name="ข้อมูลเพิ่มเติมในการค้นหาวันเกิด" owner="WatchList Keywords">
<kw name="Input Text" owner="SeleniumLibrary">
<msg time="2025-06-18T18:09:28.530606" level="INFO">Typing text '16/06/1987' into text field '//input[@name='birthday']'.</msg>
<arg>${วันเกิด_xpath}</arg>
<arg>${วันเกิด}</arg>
<doc>Types the given ``text`` into the text field identified by ``locator``.</doc>
<status status="PASS" start="2025-06-18T18:09:28.530606" elapsed="1.578196"/>
</kw>
<status status="PASS" start="2025-06-18T18:09:28.528592" elapsed="1.581407"/>
</kw>
<kw name="กดปุ่มตรวจสอบ" owner="WatchList Keywords">
<kw name="Click Element" owner="SeleniumLibrary">
<msg time="2025-06-18T18:09:30.109999" level="INFO">Clicking element '//button[.//span[contains(text(),'ตรวจสอบ')]]'.</msg>
<arg>${ปุ่มตรวจสอบ}</arg>
<doc>Click the element identified by ``locator``.</doc>
<status status="PASS" start="2025-06-18T18:09:30.109999" elapsed="1.076189"/>
</kw>
<status status="PASS" start="2025-06-18T18:09:30.109999" elapsed="1.076189"/>
</kw>
<kw name="กดปุ่มล้างข้อมูล" owner="WatchList Keywords">
<kw name="Click Element" owner="SeleniumLibrary">
<msg time="2025-06-18T18:09:31.187081" level="INFO">Clicking element '//button[.//span[contains(text(),'ล้างข้อมูล')]]'.</msg>
<arg>${ปุ่มล้างข้อมูล_xpath}</arg>
<doc>Click the element identified by ``locator``.</doc>
<status status="PASS" start="2025-06-18T18:09:31.187081" elapsed="1.061109"/>
</kw>
<status status="PASS" start="2025-06-18T18:09:31.187081" elapsed="1.061109"/>
</kw>
<status status="PASS" start="2025-06-18T18:09:24.599591" elapsed="7.649603"/>
</test>
<test id="s1-t4" name="4.ระบุข้อมูลตรวจสอบชื่อ" line="39">
<kw name="ตรวจสอบด้วย ชื่อภาษาไทย" owner="WatchList Keywords">
<kw name="Click Element" owner="SeleniumLibrary">
<msg time="2025-06-18T18:09:32.251255" level="INFO">Clicking element '//mat-radio-button//label[.//span[contains(text(), 'ตรวจสอบด้วย ชื่อภาษาไทย')]]'.</msg>
<arg>${ตรวจสอบด้วย ชื่อภาษาไทย_xpath}</arg>
<doc>Click the element identified by ``locator``.</doc>
<status status="PASS" start="2025-06-18T18:09:32.251255" elapsed="1.097819"/>
</kw>
<kw name="Input Text" owner="SeleniumLibrary">
<msg time="2025-06-18T18:09:33.349074" level="INFO">Typing text 'ณัฐรัตน์' into text field '//input[@name='firstNameThai']'.</msg>
<arg>${ตรวจสอบด้วย ชื่อภาษาไทย ชื่อ_xpath}</arg>
<arg>${ตรวจสอบด้วย ชื่อภาษาไทย ชื่อ}</arg>
<doc>Types the given ``text`` into the text field identified by ``locator``.</doc>
<status status="PASS" start="2025-06-18T18:09:33.349074" elapsed="1.603899"/>
</kw>
<kw name="Input Text" owner="SeleniumLibrary">
<msg time="2025-06-18T18:09:34.954278" level="INFO">Typing text 'จันเกษม' into text field '//input[@name='lastNameThai']'.</msg>
<arg>${ตรวจสอบด้วย ชื่อภาษาไทย นามสกุล_xpath}</arg>
<arg>${ตรวจสอบด้วย ชื่อภาษาไทย นามสกุล}</arg>
<doc>Types the given ``text`` into the text field identified by ``locator``.</doc>
<status status="PASS" start="2025-06-18T18:09:34.954278" elapsed="1.618929"/>
</kw>
<status status="PASS" start="2025-06-18T18:09:32.251255" elapsed="4.321952"/>
</kw>
<kw name="ข้อมูลเพิ่มเติมในการค้นหาประเทศ" owner="WatchList Keywords">
<kw name="Click Element" owner="SeleniumLibrary">
<msg time="2025-06-18T18:09:36.573207" level="INFO">Clicking element '//mat-select[@name='nationality']'.</msg>
<arg>${ประเทศ_xpath}</arg>
<doc>Click the element identified by ``locator``.</doc>
<status status="PASS" start="2025-06-18T18:09:36.573207" elapsed="1.084814"/>
</kw>
<kw name="Click Element" owner="SeleniumLibrary">
<msg time="2025-06-18T18:09:37.659364" level="INFO">Clicking element 'xpath=//mat-option[.//span[contains(text(),'ไทย')]]'.</msg>
<arg>${ประเทศ_เลือก_xpath}</arg>
<doc>Click the element identified by ``locator``.</doc>
<status status="PASS" start="2025-06-18T18:09:37.659364" elapsed="1.072901"/>
</kw>
<status status="PASS" start="2025-06-18T18:09:36.573207" elapsed="2.160252"/>
</kw>
<kw name="ข้อมูลเพิ่มเติมในการค้นหาวันเกิด" owner="WatchList Keywords">
<kw name="Input Text" owner="SeleniumLibrary">
<msg time="2025-06-18T18:09:38.733459" level="INFO">Typing text '16/06/1987' into text field '//input[@name='birthday']'.</msg>
<arg>${วันเกิด_xpath}</arg>
<arg>${วันเกิด}</arg>
<doc>Types the given ``text`` into the text field identified by ``locator``.</doc>
<status status="PASS" start="2025-06-18T18:09:38.733459" elapsed="1.601982"/>
</kw>
<status status="PASS" start="2025-06-18T18:09:38.733459" elapsed="1.601982"/>
</kw>
<kw name="กดปุ่มตรวจสอบ" owner="WatchList Keywords">
<kw name="Click Element" owner="SeleniumLibrary">
<msg time="2025-06-18T18:09:40.335441" level="INFO">Clicking element '//button[.//span[contains(text(),'ตรวจสอบ')]]'.</msg>
<arg>${ปุ่มตรวจสอบ}</arg>
<doc>Click the element identified by ``locator``.</doc>
<status status="PASS" start="2025-06-18T18:09:40.335441" elapsed="1.056992"/>
</kw>
<status status="PASS" start="2025-06-18T18:09:40.335441" elapsed="1.056992"/>
</kw>
<status status="PASS" start="2025-06-18T18:09:32.251255" elapsed="9.142180"/>
</test>
<test id="s1-t5" name="จบการทำงาน" line="44">
<kw name="จบการทำงาน" owner="main_keywords">
<kw name="Sleep" owner="BuiltIn">
<msg time="2025-06-18T18:09:46.402951" level="INFO">Slept 5 seconds.</msg>
<arg>5s</arg>
<doc>Pauses the test executed for the given time.</doc>
<status status="PASS" start="2025-06-18T18:09:41.397549" elapsed="5.005402"/>
</kw>
<kw name="Capture Page Screenshot" owner="SeleniumLibrary">
<msg time="2025-06-18T18:09:47.015490" level="INFO" html="true">&lt;/td&gt;&lt;/tr&gt;&lt;tr&gt;&lt;td colspan="3"&gt;&lt;a href="selenium-screenshot-3.png"&gt;&lt;img src="selenium-screenshot-3.png" width="800px"&gt;&lt;/a&gt;</msg>
<doc>Takes a screenshot of the current page and embeds it into a log file.</doc>
<status status="PASS" start="2025-06-18T18:09:46.402951" elapsed="0.612539"/>
</kw>
<kw name="Log" owner="BuiltIn">
<msg time="2025-06-18T18:09:47.015490" level="INFO">Test Teardown Completed</msg>
<arg>Test Teardown Completed</arg>
<doc>Logs the given message with the given level.</doc>
<status status="PASS" start="2025-06-18T18:09:47.015490" elapsed="0.000000"/>
</kw>
<kw name="Close Browser" owner="SeleniumLibrary">
<doc>Closes the current browser.</doc>
<status status="PASS" start="2025-06-18T18:09:47.015490" elapsed="3.505950"/>
</kw>
<status status="PASS" start="2025-06-18T18:09:41.397549" elapsed="9.123891"/>
</kw>
<status status="PASS" start="2025-06-18T18:09:41.395546" elapsed="9.125894"/>
</test>
<doc>ทดสอบการทำงาน Watch List SC_WL_001</doc>
<status status="PASS" start="2025-06-18T18:08:58.671987" elapsed="51.849453"/>
</suite>
<statistics>
<total>
<stat pass="5" fail="0" skip="0">All Tests</stat>
</total>
<tag>
</tag>
<suite>
<stat pass="5" fail="0" skip="0" id="s1" name="SC WL 001">SC WL 001</stat>
</suite>
</statistics>
<errors>
<msg time="2025-06-18T18:09:01.264064" level="WARN">The chromedriver version (136.0.7103.94) detected in PATH at C:\Users\suravesi\AppData\Local\Programs\Python\Python38\chromedriver.exe might not be compatible with the detected chrome version (137.0.7151.104); currently, chromedriver 137.0.7151.119 is recommended for chrome 137.*, so it is advised to delete the driver in PATH and retry</msg>
</errors>
</robot>
