<?xml version="1.0" encoding="UTF-8"?>
<robot generator="Robot 7.0.1 (Python 3.8.7 on win32)" generated="2025-07-25T13:26:17.445558" rpa="false" schemaversion="5">
<suite id="s1" name="SC WL 001" source="D:\AML_Project\TestCase\Watchlist Screening\Watchlist\SC_WL_001.robot">
<test id="s1-t1" name="1.open web IBank &amp; Login" line="23">
<kw name="Enteropen web IBank &amp; Login" owner="main_keywords">
<kw name="Open Browser" owner="SeleniumLibrary">
<msg time="2025-07-25T13:26:17.775224" level="INFO">Opening browser 'chrome' to base url 'https://dev.aml.ibank.co.th/'.</msg>
<arg>${URL:IBank}</arg>
<arg>${Browser}</arg>
<arg>options=add_argument("--ignore-certificate-errors")</arg>
<doc>Opens a new browser instance to the optional ``url``.</doc>
<status status="PASS" start="2025-07-25T13:26:17.775224" elapsed="5.523971"/>
</kw>
<kw name="Maximize Browser Window" owner="SeleniumLibrary">
<doc>Maximizes current browser window.</doc>
<status status="PASS" start="2025-07-25T13:26:23.300206" elapsed="0.021398"/>
</kw>
<kw name="Set Selenium Speed" owner="SeleniumLibrary">
<arg>0.5s</arg>
<doc>Sets the delay that is waited after each Selenium command.</doc>
<status status="PASS" start="2025-07-25T13:26:23.322610" elapsed="0.000000"/>
</kw>
<status status="PASS" start="2025-07-25T13:26:17.775224" elapsed="5.547386"/>
</kw>
<kw name="เข้าด้วยUserระดับฝ่ายกำกับพนักงาน" owner="main_keywords">
<kw name="Wait Until Element Is Visible" owner="SeleniumLibrary">
<arg>xpath=//input[contains(@class, 'inputLogin')]</arg>
<arg>5s</arg>
<doc>Waits until the element ``locator`` is visible.</doc>
<status status="PASS" start="2025-07-25T13:26:23.323609" elapsed="1.734446"/>
</kw>
<kw name="Input Text" owner="SeleniumLibrary">
<msg time="2025-07-25T13:26:25.059112" level="INFO">Typing text '530433' into text field 'xpath=//input[contains(@class, 'inputLogin')]'.</msg>
<arg>xpath=//input[contains(@class, 'inputLogin')]</arg>
<arg>${ID:ฝ่ายกำกับพนักงาน}</arg>
<doc>Types the given ``text`` into the text field identified by ``locator``.</doc>
<status status="PASS" start="2025-07-25T13:26:25.058055" elapsed="1.596388"/>
</kw>
<kw name="Input Password" owner="SeleniumLibrary">
<msg time="2025-07-25T13:26:26.655742" level="INFO">Typing password into text field 'xpath=//input[contains(@class, 'inputLogin') and @type='password']'.</msg>
<msg time="2025-07-25T13:26:27.693497" level="INFO">Temporally setting log level to: NONE</msg>
<arg>xpath=//input[contains(@class, 'inputLogin') and @type='password']</arg>
<arg>${password:ฝ่ายกำกับพนักงาน}</arg>
<doc>Types the given password into the text field identified by ``locator``.</doc>
<status status="PASS" start="2025-07-25T13:26:26.654443" elapsed="1.581801"/>
</kw>
<kw name="Click Element" owner="SeleniumLibrary">
<msg time="2025-07-25T13:26:28.236244" level="INFO">Clicking element '//button[contains(@class, 'mat-raised-button')]'.</msg>
<arg>//button[contains(@class, 'mat-raised-button')]</arg>
<doc>Click the element identified by ``locator``.</doc>
<status status="PASS" start="2025-07-25T13:26:28.236244" elapsed="1.071528"/>
</kw>
<kw name="Run Keyword And Ignore Error" owner="BuiltIn">
<kw name="ยืนยันการเข้าระบบ" owner="main_keywords">
<kw name="Wait Until Element Is Visible" owner="SeleniumLibrary">
<arg>//button[contains(@class, 'mat-raised-button')]//i[contains(@class, 'fa-check')]</arg>
<doc>Waits until the element ``locator`` is visible.</doc>
<status status="PASS" start="2025-07-25T13:26:29.308785" elapsed="1.770195"/>
</kw>
<kw name="Click Element" owner="SeleniumLibrary">
<msg time="2025-07-25T13:26:31.078980" level="INFO">Clicking element '//button[contains(@class, 'mat-raised-button')]//i[contains(@class, 'fa-check')]'.</msg>
<arg>//button[contains(@class, 'mat-raised-button')]//i[contains(@class, 'fa-check')]</arg>
<doc>Click the element identified by ``locator``.</doc>
<status status="PASS" start="2025-07-25T13:26:31.078980" elapsed="1.092617"/>
</kw>
<status status="PASS" start="2025-07-25T13:26:29.308785" elapsed="2.863501"/>
</kw>
<arg>ยืนยันการเข้าระบบ</arg>
<doc>Runs the given keyword with the given arguments and ignores possible error.</doc>
<status status="PASS" start="2025-07-25T13:26:29.308785" elapsed="2.863501"/>
</kw>
<kw name="Run Keyword And Ignore Error" owner="BuiltIn">
<kw name="ยืนยันการข้าม Pop-up" owner="main_keywords">
<kw name="Wait Until Element Is Visible" owner="SeleniumLibrary">
<msg time="2025-07-25T13:26:38.504800" level="INFO" html="true">&lt;/td&gt;&lt;/tr&gt;&lt;tr&gt;&lt;td colspan="3"&gt;&lt;a href="selenium-screenshot-1.png"&gt;&lt;img src="selenium-screenshot-1.png" width="800px"&gt;&lt;/a&gt;</msg>
<msg time="2025-07-25T13:26:38.504800" level="FAIL">Element 'xpath=//button[.//span[normalize-space(text())='Close']]' not visible after 5 seconds.</msg>
<arg>xpath=//button[.//span[normalize-space(text())='Close']]</arg>
<arg>timeout=5s</arg>
<doc>Waits until the element ``locator`` is visible.</doc>
<status status="FAIL" start="2025-07-25T13:26:32.172866" elapsed="6.342244">Element 'xpath=//button[.//span[normalize-space(text())='Close']]' not visible after 5 seconds.</status>
</kw>
<kw name="Click Element" owner="SeleniumLibrary">
<arg>xpath=//button[.//span[normalize-space(text())='Close']]</arg>
<doc>Click the element identified by ``locator``.</doc>
<status status="NOT RUN" start="2025-07-25T13:26:38.515110" elapsed="0.000000"/>
</kw>
<status status="FAIL" start="2025-07-25T13:26:32.172866" elapsed="6.342244">Element 'xpath=//button[.//span[normalize-space(text())='Close']]' not visible after 5 seconds.</status>
</kw>
<arg>ยืนยันการข้าม Pop-up</arg>
<doc>Runs the given keyword with the given arguments and ignores possible error.</doc>
<status status="PASS" start="2025-07-25T13:26:32.172866" elapsed="6.342244"/>
</kw>
<status status="PASS" start="2025-07-25T13:26:23.322610" elapsed="15.192500"/>
</kw>
<doc>ทดสอบการแสดงหน้าเว็ปและการเข้าสู่ระบบ</doc>
<status status="PASS" start="2025-07-25T13:26:17.775224" elapsed="20.739886"/>
</test>
<test id="s1-t2" name="2.เลือกMenu Watch List" line="28">
<kw name="เข้าMenu Watch List" owner="WatchList Keywords">
<kw name="Click Element" owner="SeleniumLibrary">
<msg time="2025-07-25T13:26:38.515110" level="INFO">Clicking element 'xpath=//a[contains(@class, 'sidebar-link') and .//div[contains(text(), 'Watch List')]]'.</msg>
<arg>${Watch List_menuXPATH}</arg>
<doc>Click the element identified by ``locator``.</doc>
<status status="PASS" start="2025-07-25T13:26:38.515110" elapsed="1.074766"/>
</kw>
<kw name="Click Element" owner="SeleniumLibrary">
<msg time="2025-07-25T13:26:39.589876" level="INFO">Clicking element 'xpath=//a[contains(@class, 'mat-list-item') and contains(., 'Watch List')]'.</msg>
<arg>${Watch List}</arg>
<doc>Click the element identified by ``locator``.</doc>
<status status="PASS" start="2025-07-25T13:26:39.589876" elapsed="1.073107"/>
</kw>
<status status="PASS" start="2025-07-25T13:26:38.515110" elapsed="2.147873"/>
</kw>
<kw name="Sleep" owner="BuiltIn">
<msg time="2025-07-25T13:26:43.669951" level="INFO">Slept 3 seconds.</msg>
<arg>3s</arg>
<doc>Pauses the test executed for the given time.</doc>
<status status="PASS" start="2025-07-25T13:26:40.662983" elapsed="3.006968"/>
</kw>
<doc>เข้าหน้า Watchlist</doc>
<status status="PASS" start="2025-07-25T13:26:38.515110" elapsed="5.154841"/>
</test>
<test id="s1-t3" name="3.ระบุข้อมูลตรวจสอบเลขบัตร" line="32">
<kw name="ตรวจสอบด้วย เลขประจำตัวประชาชน/เลขที่หนังสือเดินทาง" owner="WatchList Keywords">
<kw name="Input Text" owner="SeleniumLibrary">
<msg time="2025-07-25T13:26:43.669951" level="INFO">Typing text '1991684729125' into text field '//input[@name='idPassportNo']'.</msg>
<arg>${เลขบัตรประจำตัวประชาชน_xpath}</arg>
<arg>${เลขบัตรประจำตัวประชาชน}</arg>
<doc>Types the given ``text`` into the text field identified by ``locator``.</doc>
<status status="PASS" start="2025-07-25T13:26:43.669951" elapsed="1.642540"/>
</kw>
<status status="PASS" start="2025-07-25T13:26:43.669951" elapsed="1.642540"/>
</kw>
<kw name="ข้อมูลเพิ่มเติมในการค้นหาวันเกิด" owner="WatchList Keywords">
<kw name="Input Text" owner="SeleniumLibrary">
<msg time="2025-07-25T13:26:45.313692" level="INFO">Typing text '16/06/2530' into text field '//input[@name='hdate']'.</msg>
<arg>${วันเกิด_xpath}</arg>
<arg>${วันเกิด}</arg>
<doc>Types the given ``text`` into the text field identified by ``locator``.</doc>
<status status="PASS" start="2025-07-25T13:26:45.313692" elapsed="1.605115"/>
</kw>
<status status="PASS" start="2025-07-25T13:26:45.313692" elapsed="1.605115"/>
</kw>
<kw name="กดปุ่มตรวจสอบ" owner="WatchList Keywords">
<kw name="Click Element" owner="SeleniumLibrary">
<msg time="2025-07-25T13:26:46.918807" level="INFO">Clicking element '//button[.//span[contains(text(),'ตรวจสอบ')]]'.</msg>
<arg>${ปุ่มตรวจสอบ}</arg>
<doc>Click the element identified by ``locator``.</doc>
<status status="PASS" start="2025-07-25T13:26:46.918807" elapsed="1.096198"/>
</kw>
<status status="PASS" start="2025-07-25T13:26:46.918807" elapsed="1.096198"/>
</kw>
<kw name="กดปุ่มล้างข้อมูล" owner="WatchList Keywords">
<kw name="Sleep" owner="BuiltIn">
<msg time="2025-07-25T13:26:52.021325" level="INFO">Slept 4 seconds.</msg>
<arg>4s</arg>
<doc>Pauses the test executed for the given time.</doc>
<status status="PASS" start="2025-07-25T13:26:48.015863" elapsed="4.005462"/>
</kw>
<kw name="Capture Page Screenshot" owner="SeleniumLibrary">
<msg time="2025-07-25T13:26:52.623473" level="INFO" html="true">&lt;/td&gt;&lt;/tr&gt;&lt;tr&gt;&lt;td colspan="3"&gt;&lt;a href="selenium-screenshot-2.png"&gt;&lt;img src="selenium-screenshot-2.png" width="800px"&gt;&lt;/a&gt;</msg>
<doc>Takes a screenshot of the current page and embeds it into a log file.</doc>
<status status="PASS" start="2025-07-25T13:26:52.021325" elapsed="0.602148"/>
</kw>
<kw name="Click Element" owner="SeleniumLibrary">
<msg time="2025-07-25T13:26:52.623473" level="INFO">Clicking element '//button[.//span[contains(text(),'ล้างข้อมูล')]]'.</msg>
<arg>${ปุ่มล้างข้อมูล_xpath}</arg>
<doc>Click the element identified by ``locator``.</doc>
<status status="PASS" start="2025-07-25T13:26:52.623473" elapsed="1.080731"/>
</kw>
<status status="PASS" start="2025-07-25T13:26:48.015863" elapsed="5.689361"/>
</kw>
<doc>ตรวจสอบข้อมูลWatchlist ด้วยเลขที่บัตร</doc>
<status status="PASS" start="2025-07-25T13:26:43.669951" elapsed="10.036588"/>
</test>
<test id="s1-t4" name="4.ระบุข้อมูลตรวจสอบชื่อ" line="39">
<kw name="ตรวจสอบด้วย ชื่อภาษาไทย" owner="WatchList Keywords">
<kw name="Click Element" owner="SeleniumLibrary">
<msg time="2025-07-25T13:26:53.706539" level="INFO">Clicking element '//mat-radio-button//label[.//span[contains(text(), 'ตรวจสอบด้วย ชื่อภาษาไทย')]]'.</msg>
<arg>${ตรวจสอบด้วย ชื่อภาษาไทย_xpath}</arg>
<doc>Click the element identified by ``locator``.</doc>
<status status="PASS" start="2025-07-25T13:26:53.706539" elapsed="1.073869"/>
</kw>
<kw name="Input Text" owner="SeleniumLibrary">
<msg time="2025-07-25T13:26:54.781388" level="INFO">Typing text 'ณัฐรัตน์' into text field '//input[@name='firstNameThai']'.</msg>
<arg>${ตรวจสอบด้วย ชื่อภาษาไทย ชื่อ_xpath}</arg>
<arg>${ตรวจสอบด้วย ชื่อภาษาไทย ชื่อ}</arg>
<doc>Types the given ``text`` into the text field identified by ``locator``.</doc>
<status status="PASS" start="2025-07-25T13:26:54.781388" elapsed="1.612142"/>
</kw>
<kw name="Input Text" owner="SeleniumLibrary">
<msg time="2025-07-25T13:26:56.393530" level="INFO">Typing text 'จันเกษม' into text field '//input[@name='lastNameThai']'.</msg>
<arg>${ตรวจสอบด้วย ชื่อภาษาไทย นามสกุล_xpath}</arg>
<arg>${ตรวจสอบด้วย ชื่อภาษาไทย นามสกุล}</arg>
<doc>Types the given ``text`` into the text field identified by ``locator``.</doc>
<status status="PASS" start="2025-07-25T13:26:56.393530" elapsed="1.618141"/>
</kw>
<status status="PASS" start="2025-07-25T13:26:53.706539" elapsed="4.305132"/>
</kw>
<kw name="ข้อมูลเพิ่มเติมในการค้นหาวันเกิด" owner="WatchList Keywords">
<kw name="Input Text" owner="SeleniumLibrary">
<msg time="2025-07-25T13:26:58.015551" level="INFO">Typing text '16/06/2530' into text field '//input[@name='hdate']'.</msg>
<arg>${วันเกิด_xpath}</arg>
<arg>${วันเกิด}</arg>
<doc>Types the given ``text`` into the text field identified by ``locator``.</doc>
<status status="PASS" start="2025-07-25T13:26:58.015551" elapsed="1.616893"/>
</kw>
<status status="PASS" start="2025-07-25T13:26:58.012818" elapsed="1.619626"/>
</kw>
<kw name="กดปุ่มตรวจสอบ" owner="WatchList Keywords">
<kw name="Click Element" owner="SeleniumLibrary">
<msg time="2025-07-25T13:26:59.632444" level="INFO">Clicking element '//button[.//span[contains(text(),'ตรวจสอบ')]]'.</msg>
<arg>${ปุ่มตรวจสอบ}</arg>
<doc>Click the element identified by ``locator``.</doc>
<status status="PASS" start="2025-07-25T13:26:59.632444" elapsed="1.077241"/>
</kw>
<status status="PASS" start="2025-07-25T13:26:59.632444" elapsed="1.077742"/>
</kw>
<doc>ตรวจสอบข้อมูลWatchlist ด้วยชื่อภาษาไทย</doc>
<status status="PASS" start="2025-07-25T13:26:53.706539" elapsed="7.004648"/>
</test>
<test id="s1-t5" name="จบการทำงาน" line="45">
<kw name="จบการทำงาน" owner="main_keywords">
<kw name="Sleep" owner="BuiltIn">
<msg time="2025-07-25T13:27:05.727230" level="INFO">Slept 5 seconds.</msg>
<arg>5s</arg>
<doc>Pauses the test executed for the given time.</doc>
<status status="PASS" start="2025-07-25T13:27:00.715193" elapsed="5.012037"/>
</kw>
<kw name="Capture Page Screenshot" owner="SeleniumLibrary">
<msg time="2025-07-25T13:27:06.344767" level="INFO" html="true">&lt;/td&gt;&lt;/tr&gt;&lt;tr&gt;&lt;td colspan="3"&gt;&lt;a href="selenium-screenshot-3.png"&gt;&lt;img src="selenium-screenshot-3.png" width="800px"&gt;&lt;/a&gt;</msg>
<doc>Takes a screenshot of the current page and embeds it into a log file.</doc>
<status status="PASS" start="2025-07-25T13:27:05.728318" elapsed="0.616449"/>
</kw>
<kw name="Log" owner="BuiltIn">
<msg time="2025-07-25T13:27:06.344767" level="INFO">Test Teardown Completed</msg>
<arg>Test Teardown Completed</arg>
<doc>Logs the given message with the given level.</doc>
<status status="PASS" start="2025-07-25T13:27:06.344767" elapsed="0.000000"/>
</kw>
<kw name="Close Browser" owner="SeleniumLibrary">
<doc>Closes the current browser.</doc>
<status status="PASS" start="2025-07-25T13:27:06.344767" elapsed="3.651678"/>
</kw>
<status status="PASS" start="2025-07-25T13:27:00.714212" elapsed="9.282233"/>
</kw>
<status status="PASS" start="2025-07-25T13:27:00.713188" elapsed="9.283257"/>
</test>
<doc>ทดสอบการทำงาน Watch List SC_WL_001</doc>
<status status="PASS" start="2025-07-25T13:26:17.461195" elapsed="52.535250"/>
</suite>
<statistics>
<total>
<stat pass="5" fail="0" skip="0">All Tests</stat>
</total>
<tag>
</tag>
<suite>
<stat pass="5" fail="0" skip="0" id="s1" name="SC WL 001">SC WL 001</stat>
</suite>
</statistics>
<errors>
</errors>
</robot>
