<?xml version="1.0" encoding="UTF-8"?>
<robot generator="Robot 7.0.1 (Python 3.8.7 on win32)" generated="2025-04-04T17:29:49.526537" rpa="false" schemaversion="5">
<suite id="s1" name="ปปง1-03 Testcase1" source="D:\AML_Project\Testcase\AMLO\ปปง1-03\ปปง1-03_testcase1.robot">
<test id="s1-t1" name="1.open web IBank &amp; Login" line="26">
<kw name="Enteropen web IBank &amp; Login" owner="main_keywords">
<kw name="Open Browser" owner="SeleniumLibrary">
<msg time="2025-04-04T17:29:50.739849" level="INFO">Opening browser 'chrome' to base url 'https://172.26.59.27:8443/amls/login'.</msg>
<msg time="2025-04-04T17:29:53.485736" level="WARN">The chromedriver version (134.0.6998.88) detected in PATH at C:\Users\suravesi\AppData\Local\Programs\Python\Python38\chromedriver.exe might not be compatible with the detected chrome version (135.0.7049.41); currently, chromedriver 135.0.7049.42 is recommended for chrome 135.*, so it is advised to delete the driver in PATH and retry</msg>
<arg>${URL:IBank}</arg>
<arg>${Browser}</arg>
<arg>options=add_argument("--ignore-certificate-errors")</arg>
<doc>Opens a new browser instance to the optional ``url``.</doc>
<status status="PASS" start="2025-04-04T17:29:50.738837" elapsed="7.408600"/>
</kw>
<kw name="Maximize Browser Window" owner="SeleniumLibrary">
<doc>Maximizes current browser window.</doc>
<status status="PASS" start="2025-04-04T17:29:58.148433" elapsed="0.114231"/>
</kw>
<kw name="Set Selenium Speed" owner="SeleniumLibrary">
<arg>0.5s</arg>
<doc>Sets the delay that is waited after each Selenium command.</doc>
<status status="PASS" start="2025-04-04T17:29:58.262664" elapsed="0.001003"/>
</kw>
<kw name="Wait Until Element Is Visible" owner="SeleniumLibrary">
<arg>xpath=//input[contains(@class, 'inputLogin')]</arg>
<arg>5s</arg>
<doc>Waits until the element ``locator`` is visible.</doc>
<status status="PASS" start="2025-04-04T17:29:58.263667" elapsed="1.127331"/>
</kw>
<kw name="Input Text" owner="SeleniumLibrary">
<msg time="2025-04-04T17:29:59.393052" level="INFO">Typing text 'parichartt' into text field 'xpath=//input[contains(@class, 'inputLogin')]'.</msg>
<arg>xpath=//input[contains(@class, 'inputLogin')]</arg>
<arg>${ID:dammi}</arg>
<doc>Types the given ``text`` into the text field identified by ``locator``.</doc>
<status status="PASS" start="2025-04-04T17:29:59.392030" elapsed="1.741388"/>
</kw>
<kw name="Input Password" owner="SeleniumLibrary">
<msg time="2025-04-04T17:30:01.135506" level="INFO">Typing password into text field 'xpath=//input[contains(@class, 'inputLogin') and @type='password']'.</msg>
<msg time="2025-04-04T17:30:02.194100" level="INFO">Temporally setting log level to: NONE</msg>
<arg>xpath=//input[contains(@class, 'inputLogin') and @type='password']</arg>
<arg>${password:dammi}</arg>
<doc>Types the given password into the text field identified by ``locator``.</doc>
<status status="PASS" start="2025-04-04T17:30:01.134413" elapsed="1.686656"/>
</kw>
<kw name="Click Element" owner="SeleniumLibrary">
<msg time="2025-04-04T17:30:02.822075" level="INFO">Clicking element '//button[contains(@class, 'mat-raised-button')]'.</msg>
<arg>//button[contains(@class, 'mat-raised-button')]</arg>
<doc>Click the element identified by ``locator``.</doc>
<status status="PASS" start="2025-04-04T17:30:02.821069" elapsed="1.213436"/>
</kw>
<status status="PASS" start="2025-04-04T17:29:50.736823" elapsed="13.297682"/>
</kw>
<kw name="Run Keyword And Ignore Error" owner="BuiltIn">
<kw name="ยืนยันการเข้าระบบ" owner="main_keywords">
<kw name="Click Element" owner="SeleniumLibrary">
<msg time="2025-04-04T17:30:04.039055" level="INFO">Clicking element '//button[contains(@class, 'mat-raised-button')]//i[contains(@class, 'fa-check')]'.</msg>
<arg>//button[contains(@class, 'mat-raised-button')]//i[contains(@class, 'fa-check')]</arg>
<doc>Click the element identified by ``locator``.</doc>
<status status="PASS" start="2025-04-04T17:30:04.038042" elapsed="1.182715"/>
</kw>
<status status="PASS" start="2025-04-04T17:30:04.037031" elapsed="1.184730"/>
</kw>
<arg>ยืนยันการเข้าระบบ</arg>
<doc>Runs the given keyword with the given arguments and ignores possible error.</doc>
<status status="PASS" start="2025-04-04T17:30:04.036517" elapsed="1.185244"/>
</kw>
<doc>ทดสอบการยื่นคำร้อง manual ของ ปปง.1-03 กรณี ยื่นคำร้องเอง</doc>
<status status="PASS" start="2025-04-04T17:29:50.733312" elapsed="14.490448"/>
</test>
<test id="s1-t2" name="2.เลือก AML &amp; ยื่นคำร้อง" line="30">
<kw name="Select the Submit Request menu" owner="keywords_Testcase_1-03">
<kw name="Click Element" owner="SeleniumLibrary">
<msg time="2025-04-04T17:30:05.229283" level="INFO">Clicking element 'xpath=//a[contains(@class, 'sidebar-link') and .//div[contains(text(), 'AML-ไทย')]]'.</msg>
<arg>${AML-ไทย}</arg>
<doc>Click the element identified by ``locator``.</doc>
<status status="PASS" start="2025-04-04T17:30:05.228275" elapsed="1.633869"/>
</kw>
<kw name="Click Element" owner="SeleniumLibrary">
<msg time="2025-04-04T17:30:06.863165" level="INFO">Clicking element 'xpath=//a[contains(@class, 'mat-list-item') and contains(., 'ยื่นคำร้อง Manual')]'.</msg>
<arg>${ยื่นคำร้องManual}</arg>
<doc>Click the element identified by ``locator``.</doc>
<status status="PASS" start="2025-04-04T17:30:06.863165" elapsed="1.163912"/>
</kw>
<status status="PASS" start="2025-04-04T17:30:05.228275" elapsed="2.799554"/>
</kw>
<status status="PASS" start="2025-04-04T17:30:05.225757" elapsed="2.803082"/>
</test>
<test id="s1-t3" name="3.เลือกรายการ_ปปง1-03" line="33">
<kw name="เลือกรายการ_ปปง1-03" owner="keywords_Testcase_1-03">
<kw name="Click Element" owner="SeleniumLibrary">
<msg time="2025-04-04T17:30:08.036835" level="INFO">Clicking element 'xpath=//mat-select[@aria-labelledby='mat-select-value-1']'.</msg>
<arg>${ประเภทรายงาน}</arg>
<doc>Click the element identified by ``locator``.</doc>
<status status="PASS" start="2025-04-04T17:30:08.036835" elapsed="1.204019"/>
</kw>
<kw name="Click Element" owner="SeleniumLibrary">
<msg time="2025-04-04T17:30:09.242854" level="INFO">Clicking element 'xpath=//mat-option[@ng-reflect-value='1-03']'.</msg>
<arg>${ปปง.1-03}</arg>
<doc>Click the element identified by ``locator``.</doc>
<status status="PASS" start="2025-04-04T17:30:09.241858" elapsed="1.214661"/>
</kw>
<status status="PASS" start="2025-04-04T17:30:08.035829" elapsed="2.420690"/>
</kw>
<status status="PASS" start="2025-04-04T17:30:08.031830" elapsed="2.426606"/>
</test>
<test id="s1-t4" name="4.รายงานล่าช้า &amp; ไม่ใช่ลูกค้าธนาคาร" line="37">
<kw name="ยื่นคำร้องรายงานล่าช้า &amp; พบพฤติกรรม &amp;ไม่ใช่ลูกค้าธนาคาร" owner="keywords_Testcase_1-03">
<kw name="Click Element" owner="SeleniumLibrary">
<msg time="2025-04-04T17:30:10.463434" level="INFO">Clicking element 'xpath=//mat-radio-button[@ng-reflect-value='01']'.</msg>
<arg>${รายงานเนื่องจาก_รายงานตัวช้า}</arg>
<doc>Click the element identified by ``locator``.</doc>
<status status="PASS" start="2025-04-04T17:30:10.462430" elapsed="1.118471"/>
</kw>
<kw name="Click Element" owner="SeleniumLibrary">
<msg time="2025-04-04T17:30:11.582901" level="INFO">Clicking element '(//mat-radio-button[@ng-reflect-value='01'])[2]'.</msg>
<arg>${แหล่งที่มาของเหตุอันควรสงสัย_พบพฤติกรรม/รายการทำธุรกรรมของลูกค้าที่มีเหตุอันควรสงสัย}</arg>
<doc>Click the element identified by ``locator``.</doc>
<status status="PASS" start="2025-04-04T17:30:11.581904" elapsed="1.177856"/>
</kw>
<kw name="Click Element" owner="SeleniumLibrary">
<msg time="2025-04-04T17:30:12.762758" level="INFO">Clicking element 'xpath=//mat-radio-button[@ng-reflect-value="NOT_CUSTOMER"]'.</msg>
<arg>${ค้าหาข้อมูลจากลูกค้าด้วย_บัตรประจำตัว_ไม่ใช้ลูกค้าธนาคาร}</arg>
<doc>Click the element identified by ``locator``.</doc>
<status status="PASS" start="2025-04-04T17:30:12.761756" elapsed="1.181515"/>
</kw>
<kw name="Click Element" owner="SeleniumLibrary">
<msg time="2025-04-04T17:30:13.945274" level="INFO">Clicking element 'xpath=//button[@mat-raised-button]'.</msg>
<arg>${ยื่นคำร้องManual_ถัดไป}</arg>
<doc>Click the element identified by ``locator``.</doc>
<status status="PASS" start="2025-04-04T17:30:13.944274" elapsed="1.754332"/>
</kw>
<status status="PASS" start="2025-04-04T17:30:10.462430" elapsed="5.237173"/>
</kw>
<status status="PASS" start="2025-04-04T17:30:10.460433" elapsed="5.240686"/>
</test>
<test id="s1-t5" name="5.ส่วนที่1" line="41">
<kw name="สุ่มเลขบัตร13หลัก" owner="AMLO Variables">
<kw name="Evaluate" owner="BuiltIn">
<msg time="2025-04-04T17:30:15.706705" level="INFO">${random_number} = 1427273376498</msg>
<var>${random_number}</var>
<arg>random.randint(${MIN}, ${MAX})</arg>
<arg>modules=random</arg>
<doc>Evaluates the given expression in Python and returns the result.</doc>
<status status="PASS" start="2025-04-04T17:30:15.705713" elapsed="0.000992"/>
</kw>
<kw name="Set Suite Variable" owner="BuiltIn">
<msg time="2025-04-04T17:30:15.708188" level="INFO">${random_number} = 1427273376498</msg>
<arg>${random_number}</arg>
<arg>${random_number}</arg>
<doc>Makes a variable available everywhere within the scope of the current suite.</doc>
<status status="PASS" start="2025-04-04T17:30:15.706705" elapsed="0.001483"/>
</kw>
<return>
<value>${random_number}</value>
<status status="PASS" start="2025-04-04T17:30:15.708188" elapsed="0.000999"/>
</return>
<status status="PASS" start="2025-04-04T17:30:15.704686" elapsed="0.004501"/>
</kw>
<kw name="ใช้งานเลขบัตร" owner="AMLO Variables">
<kw name="สุ่มเลขบัตร13หลัก" owner="AMLO Variables">
<kw name="Evaluate" owner="BuiltIn">
<msg time="2025-04-04T17:30:15.712185" level="INFO">${random_number} = 4243814743299</msg>
<var>${random_number}</var>
<arg>random.randint(${MIN}, ${MAX})</arg>
<arg>modules=random</arg>
<doc>Evaluates the given expression in Python and returns the result.</doc>
<status status="PASS" start="2025-04-04T17:30:15.711185" elapsed="0.001000"/>
</kw>
<kw name="Set Suite Variable" owner="BuiltIn">
<msg time="2025-04-04T17:30:15.713181" level="INFO">${random_number} = 4243814743299</msg>
<arg>${random_number}</arg>
<arg>${random_number}</arg>
<doc>Makes a variable available everywhere within the scope of the current suite.</doc>
<status status="PASS" start="2025-04-04T17:30:15.713181" elapsed="0.000000"/>
</kw>
<return>
<value>${random_number}</value>
<status status="PASS" start="2025-04-04T17:30:15.714181" elapsed="0.000000"/>
</return>
<msg time="2025-04-04T17:30:15.714181" level="INFO">${เลขที่บัตร} = 4243814743299</msg>
<var>${เลขที่บัตร}</var>
<status status="PASS" start="2025-04-04T17:30:15.711185" elapsed="0.004009"/>
</kw>
<kw name="Set Suite Variable" owner="BuiltIn">
<msg time="2025-04-04T17:30:15.715194" level="INFO">${เลขที่บัตร} = 4243814743299</msg>
<arg>${เลขที่บัตร}</arg>
<arg>${เลขที่บัตร}</arg>
<doc>Makes a variable available everywhere within the scope of the current suite.</doc>
<status status="PASS" start="2025-04-04T17:30:15.715194" elapsed="0.000000"/>
</kw>
<return>
<value>${เลขที่บัตร}</value>
<status status="PASS" start="2025-04-04T17:30:15.716802" elapsed="0.000000"/>
</return>
<status status="PASS" start="2025-04-04T17:30:15.710189" elapsed="0.006613"/>
</kw>
<kw name="ส่วนที่1 ระบุข้อมูล(ทำธุรกรรมด้วยตนเอง)" owner="keywords_Testcase_1-03">
<kw name="Input Text" owner="SeleniumLibrary">
<msg time="2025-04-04T17:30:15.719733" level="INFO">Typing text 'test' into text field 'xpath=//textarea[@ng-reflect-maxlength='2000']'.</msg>
<arg>${เหตุผลการรายงาน Mannual_เหตุผลในการรายงาน}</arg>
<arg>${เหตุผลในการรายงาน}</arg>
<doc>Types the given ``text`` into the text field identified by ``locator``.</doc>
<status status="PASS" start="2025-04-04T17:30:15.718736" elapsed="1.769079"/>
</kw>
<kw name="Click Element" owner="SeleniumLibrary">
<msg time="2025-04-04T17:30:17.491293" level="INFO">Clicking element 'xpath=//mat-select[@name='prefix']'.</msg>
<arg>${1.1_คำนำหน้าชื่อ}</arg>
<doc>Click the element identified by ``locator``.</doc>
<status status="PASS" start="2025-04-04T17:30:17.489252" elapsed="1.350998"/>
</kw>
<kw name="Click Element" owner="SeleniumLibrary">
<msg time="2025-04-04T17:30:18.841252" level="INFO">Clicking element 'xpath=//mat-option[@ng-reflect-value='นาย']'.</msg>
<arg>${1.1_คำนำหน้าชื่อ_เลือก}</arg>
<doc>Click the element identified by ``locator``.</doc>
<status status="PASS" start="2025-04-04T17:30:18.841252" elapsed="1.264483"/>
</kw>
<kw name="Input Text" owner="SeleniumLibrary">
<msg time="2025-04-04T17:30:20.108259" level="INFO">Typing text 'เทส' into text field 'xpath=(//input[contains(@class, 'mat-input-element') and @maxlength='250' and @required])[1]'.</msg>
<arg>${1.1_ชื่อ}</arg>
<arg>${ชื่อ}</arg>
<doc>Types the given ``text`` into the text field identified by ``locator``.</doc>
<status status="PASS" start="2025-04-04T17:30:20.107244" elapsed="1.820316"/>
</kw>
<kw name="Input Text" owner="SeleniumLibrary">
<msg time="2025-04-04T17:30:21.929589" level="INFO">Typing text 'สุดหล่อ' into text field 'xpath=(//input[contains(@class, 'mat-input-element') and @maxlength='250' and @required])[2]'.</msg>
<arg>${1.1_นามสกุล}</arg>
<arg>${นามสกุล}</arg>
<doc>Types the given ``text`` into the text field identified by ``locator``.</doc>
<status status="PASS" start="2025-04-04T17:30:21.928564" elapsed="1.840415"/>
</kw>
<kw name="Input Text" owner="SeleniumLibrary">
<msg time="2025-04-04T17:30:23.770977" level="INFO">Typing text '4243814743299' into text field 'xpath=//input[@ng-reflect-maxlength='13']'.</msg>
<arg>${1.1_เอกสารประจำตัว_เลขที่}</arg>
<arg>${เลขที่บัตร}</arg>
<doc>Types the given ``text`` into the text field identified by ``locator``.</doc>
<status status="PASS" start="2025-04-04T17:30:23.769983" elapsed="1.902833"/>
</kw>
<kw name="Click Element" owner="SeleniumLibrary">
<msg time="2025-04-04T17:30:25.675816" level="INFO">Clicking element 'xpath=//mat-radio-button[contains(@class, 'mat-radio-button mat-accent') and @ng-reflect-value='0']'.</msg>
<arg>${1.1_เอกสารประจำตัว_ทำธุรกรรมด้วยตนเอง}</arg>
<doc>Click the element identified by ``locator``.</doc>
<status status="PASS" start="2025-04-04T17:30:25.674820" elapsed="1.167427"/>
</kw>
<kw name="Input Text" owner="SeleniumLibrary">
<msg time="2025-04-04T17:30:26.845247" level="INFO">Typing text 'เทส' into text field 'xpath=//input[contains(@class, 'mat-input-element') and @maxlength='300']'.</msg>
<arg>${1.2_ที่อยู่}</arg>
<arg>${ที่อยู่}</arg>
<doc>Types the given ``text`` into the text field identified by ``locator``.</doc>
<status status="PASS" start="2025-04-04T17:30:26.843242" elapsed="1.786929"/>
</kw>
<kw name="Click Element" owner="SeleniumLibrary">
<msg time="2025-04-04T17:30:28.632155" level="INFO">Clicking element '(//mat-select[@name='countryCode'])[1]'.</msg>
<arg>${1.2_ประเทศ}</arg>
<doc>Click the element identified by ``locator``.</doc>
<status status="PASS" start="2025-04-04T17:30:28.631175" elapsed="1.212979"/>
</kw>
<kw name="Click Element" owner="SeleniumLibrary">
<msg time="2025-04-04T17:30:29.845157" level="INFO">Clicking element 'xpath=//mat-option[span[contains(text(), 'ไทย')]]'.</msg>
<arg>${1.2_ที่อยู่_ประเทศ_ไทย}</arg>
<doc>Click the element identified by ``locator``.</doc>
<status status="PASS" start="2025-04-04T17:30:29.845157" elapsed="1.244703"/>
</kw>
<kw name="Click Element" owner="SeleniumLibrary">
<msg time="2025-04-04T17:30:31.091861" level="INFO">Clicking element '(//mat-select[.//span[contains(text(),'โปรดระบุ')]])[1]'.</msg>
<arg>${1.2_ที่อยู่_ประเทศ_จังหวัด}</arg>
<doc>Click the element identified by ``locator``.</doc>
<status status="PASS" start="2025-04-04T17:30:31.090862" elapsed="1.222026"/>
</kw>
<kw name="Click Element" owner="SeleniumLibrary">
<msg time="2025-04-04T17:30:32.314400" level="INFO">Clicking element 'xpath=//mat-option[.//span[contains(text(),'กรุงเทพมหานคร')]]'.</msg>
<arg>${1.2_ที่อยู่_ประเทศ_จังหวัด_เลือก}</arg>
<doc>Click the element identified by ``locator``.</doc>
<status status="PASS" start="2025-04-04T17:30:32.312888" elapsed="1.241625"/>
</kw>
<kw name="Click Element" owner="SeleniumLibrary">
<msg time="2025-04-04T17:30:33.556793" level="INFO">Clicking element '(//mat-select[.//span[contains(text(),'โปรดระบุ')]])[1]'.</msg>
<arg>${1.2_ที่อยู่_ประเทศ_อำเภอ}</arg>
<doc>Click the element identified by ``locator``.</doc>
<status status="PASS" start="2025-04-04T17:30:33.555707" elapsed="1.222128"/>
</kw>
<kw name="Click Element" owner="SeleniumLibrary">
<msg time="2025-04-04T17:30:34.779838" level="INFO">Clicking element 'xpath=//mat-option[.//span[contains(text(),'เขตจตุจักร')]]'.</msg>
<arg>${1.2_ที่อยู่_ประเทศ_อำเภอ_เลือก}</arg>
<doc>Click the element identified by ``locator``.</doc>
<status status="PASS" start="2025-04-04T17:30:34.778840" elapsed="1.215236"/>
</kw>
<kw name="Click Element" owner="SeleniumLibrary">
<msg time="2025-04-04T17:30:35.995097" level="INFO">Clicking element '(//mat-select[.//span[contains(text(),'โปรดระบุ')]])[1]'.</msg>
<arg>${1.2_ที่อยู่_ประเทศ_ตำบล}</arg>
<doc>Click the element identified by ``locator``.</doc>
<status status="PASS" start="2025-04-04T17:30:35.995097" elapsed="1.215418"/>
</kw>
<kw name="Click Element" owner="SeleniumLibrary">
<msg time="2025-04-04T17:30:37.212526" level="INFO">Clicking element 'xpath=//mat-option[.//span[contains(text(),'จตุจักร')]]'.</msg>
<arg>${1.2_ที่อยู่_ประเทศ_ตำบล_เลือก}</arg>
<doc>Click the element identified by ``locator``.</doc>
<status status="PASS" start="2025-04-04T17:30:37.211519" elapsed="1.212552"/>
</kw>
<kw name="Input Text" owner="SeleniumLibrary">
<msg time="2025-04-04T17:30:38.425074" level="INFO">Typing text '21229' into text field '(//input[@ng-reflect-maxlength='5'])[1]'.</msg>
<arg>${1.2_ที่อยู่_ประเทศ_รหัสไปรษณีย์_เลข}</arg>
<arg>${รหัสไปรษณีย์}</arg>
<doc>Types the given ``text`` into the text field identified by ``locator``.</doc>
<status status="PASS" start="2025-04-04T17:30:38.425074" elapsed="1.845929"/>
</kw>
<kw name="Click Element" owner="SeleniumLibrary">
<msg time="2025-04-04T17:30:40.273009" level="INFO">Clicking element 'xpath=//mat-select[@name='occupationType']'.</msg>
<arg>${1.3อาชีพ}</arg>
<doc>Click the element identified by ``locator``.</doc>
<status status="PASS" start="2025-04-04T17:30:40.272007" elapsed="1.213912"/>
</kw>
<kw name="Click Element" owner="SeleniumLibrary">
<msg time="2025-04-04T17:30:41.488426" level="INFO">Clicking element 'xpath=//mat-option[.//span[contains(text(), 'อาชีพอิสระ')]]'.</msg>
<arg>${1.3อาชีพ_เลือก}</arg>
<doc>Click the element identified by ``locator``.</doc>
<status status="PASS" start="2025-04-04T17:30:41.486923" elapsed="1.216098"/>
</kw>
<kw name="Input Text" owner="SeleniumLibrary">
<msg time="2025-04-04T17:30:42.705023" level="INFO">Typing text '0987654321123' into text field 'xpath=(//input[@ng-reflect-maxlength='13'])[2]'.</msg>
<arg>${1.5_เลขที่}</arg>
<arg>${เลขที่บัตร2}</arg>
<doc>Types the given ``text`` into the text field identified by ``locator``.</doc>
<status status="PASS" start="2025-04-04T17:30:42.704018" elapsed="1.987603"/>
</kw>
<status status="PASS" start="2025-04-04T17:30:15.718736" elapsed="28.973888"/>
</kw>
<kw name="ส่วนที่1 บันทึกและไปหน้าถัดไป" owner="keywords_Testcase_1-03">
<kw name="Click Element" owner="SeleniumLibrary">
<msg time="2025-04-04T17:30:44.696620" level="INFO">Clicking element 'xpath=//button[.//span[contains(text(), 'บันทึก')]]'.</msg>
<arg>${ส่วนที่1_บีนทึก}</arg>
<doc>Click the element identified by ``locator``.</doc>
<status status="PASS" start="2025-04-04T17:30:44.695621" elapsed="1.241464"/>
</kw>
<kw name="Sleep" owner="BuiltIn">
<msg time="2025-04-04T17:30:46.944176" level="INFO">Slept 1 second.</msg>
<arg>1s</arg>
<doc>Pauses the test executed for the given time.</doc>
<status status="PASS" start="2025-04-04T17:30:45.938106" elapsed="1.006070"/>
</kw>
<kw name="Click Element" owner="SeleniumLibrary">
<msg time="2025-04-04T17:30:46.945179" level="INFO">Clicking element '//button[.//span[contains(text(), 'ตกลง')]]'.</msg>
<arg>${ส่วนที่1_ตกลง}</arg>
<doc>Click the element identified by ``locator``.</doc>
<status status="PASS" start="2025-04-04T17:30:46.945179" elapsed="1.227320"/>
</kw>
<kw name="Click Element" owner="SeleniumLibrary">
<msg time="2025-04-04T17:30:48.175003" level="INFO">Clicking element '//button[contains(@class, 'mat-raised-button') and .//span[contains(text(), 'ถัดไป')]]'.</msg>
<arg>${ส่วนที่1_ถัดไป}</arg>
<doc>Click the element identified by ``locator``.</doc>
<status status="PASS" start="2025-04-04T17:30:48.174504" elapsed="1.256686"/>
</kw>
<status status="PASS" start="2025-04-04T17:30:44.694623" elapsed="4.737561"/>
</kw>
<status status="PASS" start="2025-04-04T17:30:15.702749" elapsed="33.730833"/>
</test>
<test id="s1-t6" name="6.ส่วนที่2" line="46">
<kw name="ส่วนที่2 ถัดไป" owner="keywords_Testcase_1-03">
<kw name="Click Element" owner="SeleniumLibrary">
<msg time="2025-04-04T17:30:49.440529" level="INFO">Clicking element '//button[contains(@class, 'mat-raised-button') and .//span[contains(text(), 'ถัดไป')]]'.</msg>
<arg>${ส่วนที่2_ถัดไป}</arg>
<doc>Click the element identified by ``locator``.</doc>
<status status="PASS" start="2025-04-04T17:30:49.439531" elapsed="1.278319"/>
</kw>
<status status="PASS" start="2025-04-04T17:30:49.438531" elapsed="1.280326"/>
</kw>
<status status="PASS" start="2025-04-04T17:30:49.436575" elapsed="1.284278"/>
</test>
<test id="s1-t7" name="7.รายงาน" line="48">
<kw name="เก็บรหัสCIF" owner="AMLO Variables">
<kw name="Wait Until Element Is Visible" owner="SeleniumLibrary">
<arg>${CIF_XPATH}</arg>
<arg>timeout=2s</arg>
<doc>Waits until the element ``locator`` is visible.</doc>
<status status="PASS" start="2025-04-04T17:30:50.727003" elapsed="1.064839"/>
</kw>
<kw name="Get Text" owner="SeleniumLibrary">
<msg time="2025-04-04T17:30:52.879543" level="INFO">${CIF} = MAN4243814743299</msg>
<var>${CIF}</var>
<arg>${CIF_XPATH}</arg>
<doc>Returns the text value of the element identified by ``locator``.</doc>
<status status="PASS" start="2025-04-04T17:30:51.793847" elapsed="1.085696"/>
</kw>
<kw name="Log To Console" owner="BuiltIn">
<arg>รหัสCIF ที่เก็บได้: ${CIF}</arg>
<doc>Logs the given message to the console.</doc>
<status status="PASS" start="2025-04-04T17:30:52.880542" elapsed="0.000998"/>
</kw>
<kw name="Set Suite Variable" owner="BuiltIn">
<msg time="2025-04-04T17:30:52.882541" level="INFO">${CIF} = MAN4243814743299</msg>
<arg>${CIF}</arg>
<arg>${CIF}</arg>
<doc>Makes a variable available everywhere within the scope of the current suite.</doc>
<status status="PASS" start="2025-04-04T17:30:52.882541" elapsed="0.000000"/>
</kw>
<return>
<value>${CIF}</value>
<status status="PASS" start="2025-04-04T17:30:52.883541" elapsed="0.000000"/>
</return>
<status status="PASS" start="2025-04-04T17:30:50.725377" elapsed="2.158164"/>
</kw>
<kw name="ส่วนที่ 3 ไม่พบความผิดปกติ" owner="keywords_Testcase_1-03">
<kw name="Click Element" owner="SeleniumLibrary">
<msg time="2025-04-04T17:30:52.885419" level="INFO">Clicking element '//mat-radio-button[label//span[contains(text(), 'ไม่พบความผิดปกติ')]]'.</msg>
<arg>${ไม่พบความผิดปกติ}</arg>
<doc>Click the element identified by ``locator``.</doc>
<status status="PASS" start="2025-04-04T17:30:52.885419" elapsed="1.176257"/>
</kw>
<kw name="Click Element" owner="SeleniumLibrary">
<msg time="2025-04-04T17:30:54.063673" level="INFO">Clicking element '//mat-radio-button[label//span[contains(text(), 'ขออนุมัติรายงานธุรกรรมที่มีเหตุอันควรสงสัย')]]'.</msg>
<arg>${ขออนุมัติรายงานธุรกรรมที่มีเหตุอันควรสงสัย}</arg>
<doc>Click the element identified by ``locator``.</doc>
<status status="PASS" start="2025-04-04T17:30:54.062676" elapsed="1.199334"/>
</kw>
<kw name="Input Text" owner="SeleniumLibrary">
<msg time="2025-04-04T17:30:55.264031" level="INFO">Typing text 'test' into text field '//textarea[contains(@class, 'mat-input-element')]'.</msg>
<arg>${3.เหตุผลประกอบการพิจารณา}</arg>
<arg>${เหตุผลประกอบการพิจารณา}</arg>
<doc>Types the given ``text`` into the text field identified by ``locator``.</doc>
<status status="PASS" start="2025-04-04T17:30:55.263032" elapsed="1.727775"/>
</kw>
<status status="PASS" start="2025-04-04T17:30:52.885419" elapsed="4.105388"/>
</kw>
<kw name="ส่วนที่ 3 ข้ออนุมัติ" owner="keywords_Testcase_1-03">
<kw name="Click Element" owner="SeleniumLibrary">
<msg time="2025-04-04T17:30:56.995800" level="INFO">Clicking element '//button//span[contains(text(), 'ขออนุมัติ')]'.</msg>
<arg>${ขออนุมัติ}</arg>
<doc>Click the element identified by ``locator``.</doc>
<status status="PASS" start="2025-04-04T17:30:56.994799" elapsed="1.168859"/>
</kw>
<kw name="Click Element" owner="SeleniumLibrary">
<msg time="2025-04-04T17:30:58.165663" level="INFO">Clicking element '//button//span[contains(text(), 'ยืนยัน')]'.</msg>
<arg>${ส่วนที่3_ยืนยัน}</arg>
<doc>Click the element identified by ``locator``.</doc>
<status status="PASS" start="2025-04-04T17:30:58.164664" elapsed="1.164271"/>
</kw>
<status status="PASS" start="2025-04-04T17:30:56.993799" elapsed="2.336124"/>
</kw>
<status status="PASS" start="2025-04-04T17:30:50.722851" elapsed="8.608075"/>
</test>
<test id="s1-t8" name="จบการทำงาน" line="52">
<kw name="จบการทำงาน" owner="main_keywords">
<kw name="Sleep" owner="BuiltIn">
<msg time="2025-04-04T17:31:04.348565" level="INFO">Slept 5 seconds.</msg>
<arg>5s</arg>
<doc>Pauses the test executed for the given time.</doc>
<status status="PASS" start="2025-04-04T17:30:59.337439" elapsed="5.012132"/>
</kw>
<kw name="Capture Page Screenshot" owner="SeleniumLibrary">
<msg time="2025-04-04T17:31:05.253434" level="INFO" html="true">&lt;/td&gt;&lt;/tr&gt;&lt;tr&gt;&lt;td colspan="3"&gt;&lt;a href="selenium-screenshot-2.png"&gt;&lt;img src="selenium-screenshot-2.png" width="800px"&gt;&lt;/a&gt;</msg>
<doc>Takes a screenshot of the current page and embeds it into a log file.</doc>
<status status="PASS" start="2025-04-04T17:31:04.350568" elapsed="0.902866"/>
</kw>
<kw name="Log" owner="BuiltIn">
<msg time="2025-04-04T17:31:05.254439" level="INFO">Test Teardown Completed</msg>
<arg>Test Teardown Completed</arg>
<doc>Logs the given message with the given level.</doc>
<status status="PASS" start="2025-04-04T17:31:05.254439" elapsed="0.000996"/>
</kw>
<kw name="Close Browser" owner="SeleniumLibrary">
<doc>Closes the current browser.</doc>
<status status="PASS" start="2025-04-04T17:31:05.255435" elapsed="4.462556"/>
</kw>
<status status="PASS" start="2025-04-04T17:30:59.335924" elapsed="10.382067"/>
</kw>
<status status="PASS" start="2025-04-04T17:30:59.332919" elapsed="10.386068"/>
</test>
<status status="PASS" start="2025-04-04T17:29:49.553370" elapsed="80.167618"/>
</suite>
<statistics>
<total>
<stat pass="8" fail="0" skip="0">All Tests</stat>
</total>
<tag>
</tag>
<suite>
<stat pass="8" fail="0" skip="0" id="s1" name="ปปง1-03 Testcase1">ปปง1-03 Testcase1</stat>
</suite>
</statistics>
<errors>
<msg time="2025-04-04T17:29:50.591338" level="WARN">Error in file 'D:\AML_Project\Resources\Menu_name\AML\ยื่นคำร้อง Manual\AMLO Variables.robot' on line 19: The '[Return]' setting is deprecated. Use the 'RETURN' statement instead.</msg>
<msg time="2025-04-04T17:29:50.593868" level="WARN">Error in file 'D:\AML_Project\Resources\Menu_name\AML\ยื่นคำร้อง Manual\AMLO Variables.robot' on line 25: The '[Return]' setting is deprecated. Use the 'RETURN' statement instead.</msg>
<msg time="2025-04-04T17:29:50.594868" level="WARN">Error in file 'D:\AML_Project\Resources\Menu_name\AML\ยื่นคำร้อง Manual\AMLO Variables.robot' on line 29: The '[Return]' setting is deprecated. Use the 'RETURN' statement instead.</msg>
<msg time="2025-04-04T17:29:50.650105" level="ERROR">Error in file 'D:\AML_Project\Resources\Menu_name\AML\ยื่นคำร้อง Manual\ปปง1-03\ปปง1-03_va.robot' on line 126: Setting variable '${2.1_คำนำหน้าชื่อ_เลือก}' failed: Resolving variable '${คำนำหน้า_ส่วน2}' failed: Variable '${คำนำหน}' not found. Did you mean:
    ${คำนำหน้า}</msg>
<msg time="2025-04-04T17:29:50.669261" level="ERROR">Error in file 'D:\AML_Project\Resources\Menu_name\AML\ยื่นคำร้อง Manual\ปปง1-03\ปปง1-03_va.robot' on line 140: Setting variable '${2.2_ที่อยู่_ประเทศ_จังหวัด_เลือก}' failed: Resolving variable '${companyProvince_ส่วน2}' failed: Variable '${companyProvince_ส}' not found. Did you mean:
    ${companyProvince}</msg>
<msg time="2025-04-04T17:29:50.687031" level="ERROR">Error in file 'D:\AML_Project\Resources\Menu_name\AML\ยื่นคำร้อง Manual\ปปง1-03\ปปง1-03_va.robot' on line 144: Setting variable '${2.2_ที่อยู่_ประเทศ_ตำบล_เลือก}' failed: Resolving variable '${companySubdistrict_ส่วน2}' failed: Variable '${companySubdistrict_ส}' not found. Did you mean:
    ${companySubdistrict}
    ${companyDistrict}</msg>
<msg time="2025-04-04T17:29:50.704691" level="ERROR">Error in file 'D:\AML_Project\Resources\Menu_name\AML\ยื่นคำร้อง Manual\ปปง1-03\ปปง1-03_va.robot' on line 142: Setting variable '${2.2_ที่อยู่_ประเทศ_อำเภอ_เลือก}' failed: Resolving variable '${companyDistrict_ส่วน2}' failed: Variable '${companyDistrict_ส}' not found. Did you mean:
    ${companyDistrict}
    ${companySubdistrict}</msg>
<msg time="2025-04-04T17:29:50.722764" level="ERROR">Error in file 'D:\AML_Project\Resources\Menu_name\AML\ยื่นคำร้อง Manual\ปปง1-03\ปปง1-03_va.robot' on line 149: Setting variable '${2.3อาชีพ_เลือก}' failed: Resolving variable '${เลือกอาชีพ_ส่วน2}' failed: Variable '${เล}' not found.</msg>
<msg time="2025-04-04T17:29:53.485736" level="WARN">The chromedriver version (134.0.6998.88) detected in PATH at C:\Users\suravesi\AppData\Local\Programs\Python\Python38\chromedriver.exe might not be compatible with the detected chrome version (135.0.7049.41); currently, chromedriver 135.0.7049.42 is recommended for chrome 135.*, so it is advised to delete the driver in PATH and retry</msg>
</errors>
</robot>
