<?xml version="1.0" encoding="UTF-8"?>
<robot generator="Robot 7.0.1 (Python 3.8.7 on win32)" generated="2025-03-27T16:51:31.635556" rpa="false" schemaversion="5">
<suite id="s1" name="ปปง1-03 Testcase1" source="D:\AML_Project\Testcase\AMLO\ปปง1-03\ปปง1-03_testcase1.robot">
<test id="s1-t1" name="1.open web IBank &amp; Login" line="26">
<kw name="Enteropen web IBank &amp; Login" owner="main_keywords">
<kw name="Open Browser" owner="SeleniumLibrary">
<msg time="2025-03-27T16:51:32.470969" level="INFO">Opening browser 'chrome' to base url 'https://172.26.59.27:8443/amls/login'.</msg>
<arg>${URL:IBank}</arg>
<arg>${Browser}</arg>
<arg>options=add_argument("--ignore-certificate-errors")</arg>
<doc>Opens a new browser instance to the optional ``url``.</doc>
<status status="PASS" start="2025-03-27T16:51:32.468916" elapsed="6.931588"/>
</kw>
<kw name="Maximize Browser Window" owner="SeleniumLibrary">
<doc>Maximizes current browser window.</doc>
<status status="PASS" start="2025-03-27T16:51:39.401009" elapsed="0.165601"/>
</kw>
<kw name="Set Selenium Speed" owner="SeleniumLibrary">
<arg>0.5s</arg>
<doc>Sets the delay that is waited after each Selenium command.</doc>
<status status="PASS" start="2025-03-27T16:51:39.566610" elapsed="0.001000"/>
</kw>
<kw name="Wait Until Element Is Visible" owner="SeleniumLibrary">
<arg>xpath=//input[contains(@class, 'inputLogin')]</arg>
<arg>5s</arg>
<doc>Waits until the element ``locator`` is visible.</doc>
<status status="PASS" start="2025-03-27T16:51:39.567610" elapsed="1.067014"/>
</kw>
<kw name="Input Text" owner="SeleniumLibrary">
<msg time="2025-03-27T16:51:40.636606" level="INFO">Typing text 'parichartt' into text field 'xpath=//input[contains(@class, 'inputLogin')]'.</msg>
<arg>xpath=//input[contains(@class, 'inputLogin')]</arg>
<arg>${ID:dammi}</arg>
<doc>Types the given ``text`` into the text field identified by ``locator``.</doc>
<status status="PASS" start="2025-03-27T16:51:40.635608" elapsed="1.713181"/>
</kw>
<kw name="Input Password" owner="SeleniumLibrary">
<msg time="2025-03-27T16:51:42.350811" level="INFO">Typing password into text field 'xpath=//input[contains(@class, 'inputLogin') and @type='password']'.</msg>
<msg time="2025-03-27T16:51:43.467479" level="INFO">Temporally setting log level to: NONE</msg>
<arg>xpath=//input[contains(@class, 'inputLogin') and @type='password']</arg>
<arg>${password:dammi}</arg>
<doc>Types the given password into the text field identified by ``locator``.</doc>
<status status="PASS" start="2025-03-27T16:51:42.349642" elapsed="1.677152"/>
</kw>
<kw name="Click Element" owner="SeleniumLibrary">
<msg time="2025-03-27T16:51:44.028635" level="INFO">Clicking element '//button[contains(@class, 'mat-raised-button')]'.</msg>
<arg>//button[contains(@class, 'mat-raised-button')]</arg>
<doc>Click the element identified by ``locator``.</doc>
<status status="PASS" start="2025-03-27T16:51:44.028635" elapsed="1.165034"/>
</kw>
<status status="PASS" start="2025-03-27T16:51:32.466401" elapsed="12.727268"/>
</kw>
<kw name="Run Keyword And Ignore Error" owner="BuiltIn">
<kw name="ยืนยันการเข้าระบบ" owner="main_keywords">
<kw name="Click Element" owner="SeleniumLibrary">
<msg time="2025-03-27T16:51:45.199953" level="INFO">Clicking element '//button[contains(@class, 'mat-raised-button')]//i[contains(@class, 'fa-check')]'.</msg>
<arg>//button[contains(@class, 'mat-raised-button')]//i[contains(@class, 'fa-check')]</arg>
<doc>Click the element identified by ``locator``.</doc>
<status status="PASS" start="2025-03-27T16:51:45.198673" elapsed="1.163429"/>
</kw>
<status status="PASS" start="2025-03-27T16:51:45.197678" elapsed="1.164424"/>
</kw>
<arg>ยืนยันการเข้าระบบ</arg>
<doc>Runs the given keyword with the given arguments and ignores possible error.</doc>
<status status="PASS" start="2025-03-27T16:51:45.196670" elapsed="1.165432"/>
</kw>
<doc>ทดสอบการยื่นคำร้อง manual ของ ปปง.1-03 กรณี ยื่นคำร้องเอง</doc>
<status status="PASS" start="2025-03-27T16:51:32.463406" elapsed="13.901147"/>
</test>
<test id="s1-t2" name="2.เลือก AML &amp; ยื่นคำร้อง" line="30">
<kw name="Select the Submit Request menu" owner="keywords_Testcase_1-03">
<kw name="Click Element" owner="SeleniumLibrary">
<msg time="2025-03-27T16:51:46.371215" level="INFO">Clicking element 'xpath=//a[contains(@class, 'sidebar-link') and .//div[contains(text(), 'AML-ไทย')]]'.</msg>
<arg>${AML-ไทย}</arg>
<doc>Click the element identified by ``locator``.</doc>
<status status="PASS" start="2025-03-27T16:51:46.370250" elapsed="1.661932"/>
</kw>
<kw name="Click Element" owner="SeleniumLibrary">
<msg time="2025-03-27T16:51:48.033106" level="INFO">Clicking element 'xpath=//a[contains(@class, 'mat-list-item') and contains(., 'ยื่นคำร้อง Manual')]'.</msg>
<arg>${ยื่นคำร้องManual}</arg>
<doc>Click the element identified by ``locator``.</doc>
<status status="PASS" start="2025-03-27T16:51:48.032182" elapsed="1.151471"/>
</kw>
<status status="PASS" start="2025-03-27T16:51:46.369179" elapsed="2.815477"/>
</kw>
<status status="PASS" start="2025-03-27T16:51:46.366557" elapsed="2.818099"/>
</test>
<test id="s1-t3" name="3.เลือกรายการ_ปปง1-03" line="33">
<kw name="เลือกรายการ_ปปง1-03" owner="keywords_Testcase_1-03">
<kw name="Click Element" owner="SeleniumLibrary">
<msg time="2025-03-27T16:51:49.189972" level="INFO">Clicking element 'xpath=//mat-select[@aria-labelledby='mat-select-value-1']'.</msg>
<arg>${ประเภทรายงาน}</arg>
<doc>Click the element identified by ``locator``.</doc>
<status status="PASS" start="2025-03-27T16:51:49.188884" elapsed="1.177894"/>
</kw>
<kw name="Click Element" owner="SeleniumLibrary">
<msg time="2025-03-27T16:51:50.369035" level="INFO">Clicking element 'xpath=//mat-option[@ng-reflect-value='1-03']'.</msg>
<arg>${ปปง.1-03}</arg>
<doc>Click the element identified by ``locator``.</doc>
<status status="PASS" start="2025-03-27T16:51:50.367854" elapsed="1.200279"/>
</kw>
<status status="PASS" start="2025-03-27T16:51:49.188884" elapsed="2.380254"/>
</kw>
<status status="PASS" start="2025-03-27T16:51:49.186884" elapsed="2.383790"/>
</test>
<test id="s1-t4" name="4.รายงานล่าช้า &amp; ไม่ใช่ลูกค้าธนาคาร" line="37">
<kw name="ยื่นคำร้องรายงานล่าช้า &amp; พบพฤติกรรม &amp;ไม่ใช่ลูกค้าธนาคาร" owner="keywords_Testcase_1-03">
<kw name="Click Element" owner="SeleniumLibrary">
<msg time="2025-03-27T16:51:51.577669" level="INFO">Clicking element 'xpath=//mat-radio-button[@ng-reflect-value='01']'.</msg>
<arg>${รายงานเนื่องจาก_รายงานตัวช้า}</arg>
<doc>Click the element identified by ``locator``.</doc>
<status status="PASS" start="2025-03-27T16:51:51.577669" elapsed="1.174200"/>
</kw>
<kw name="Click Element" owner="SeleniumLibrary">
<msg time="2025-03-27T16:51:52.752882" level="INFO">Clicking element '(//mat-radio-button[@ng-reflect-value='01'])[2]'.</msg>
<arg>${แหล่งที่มาของเหตุอันควรสงสัย_พบพฤติกรรม/รายการทำธุรกรรมของลูกค้าที่มีเหตุอันควรสงสัย}</arg>
<doc>Click the element identified by ``locator``.</doc>
<status status="PASS" start="2025-03-27T16:51:52.751869" elapsed="1.103074"/>
</kw>
<kw name="Click Element" owner="SeleniumLibrary">
<msg time="2025-03-27T16:51:53.855946" level="INFO">Clicking element 'xpath=//mat-radio-button[@ng-reflect-value="NOT_CUSTOMER"]'.</msg>
<arg>${ค้าหาข้อมูลจากลูกค้าด้วย_บัตรประจำตัว_ไม่ใช้ลูกค้าธนาคาร}</arg>
<doc>Click the element identified by ``locator``.</doc>
<status status="PASS" start="2025-03-27T16:51:53.854943" elapsed="1.151279"/>
</kw>
<kw name="Click Element" owner="SeleniumLibrary">
<msg time="2025-03-27T16:51:55.008227" level="INFO">Clicking element 'xpath=//button[@mat-raised-button]'.</msg>
<arg>${ยื่นคำร้องManual_ถัดไป}</arg>
<doc>Click the element identified by ``locator``.</doc>
<status status="PASS" start="2025-03-27T16:51:55.008227" elapsed="1.693113"/>
</kw>
<status status="PASS" start="2025-03-27T16:51:51.576668" elapsed="5.125676"/>
</kw>
<status status="PASS" start="2025-03-27T16:51:51.572669" elapsed="5.130677"/>
</test>
<test id="s1-t5" name="5.ส่วนที่1" line="41">
<kw name="ส่วนที่1 ระบุข้อมูล(ทำธุรกรรมด้วยตนเอง)" owner="keywords_Testcase_1-03">
<kw name="Input Text" owner="SeleniumLibrary">
<msg time="2025-03-27T16:51:56.709867" level="INFO">Typing text 'test' into text field 'xpath=//textarea[@ng-reflect-maxlength='2000']'.</msg>
<arg>${เหตุผลการรายงาน Mannual_เหตุผลในการรายงาน}</arg>
<arg>${เหตุผลในการรายงาน}</arg>
<doc>Types the given ``text`` into the text field identified by ``locator``.</doc>
<status status="PASS" start="2025-03-27T16:51:56.708851" elapsed="1.757528"/>
</kw>
<kw name="Click Element" owner="SeleniumLibrary">
<msg time="2025-03-27T16:51:58.468319" level="INFO">Clicking element 'xpath=//mat-select[@name='prefix']'.</msg>
<arg>${1.1_คำนำหน้าชื่อ}</arg>
<doc>Click the element identified by ``locator``.</doc>
<status status="PASS" start="2025-03-27T16:51:58.467451" elapsed="1.335753"/>
</kw>
<kw name="Click Element" owner="SeleniumLibrary">
<msg time="2025-03-27T16:51:59.805207" level="INFO">Clicking element 'xpath=//mat-option[@ng-reflect-value='นาย']'.</msg>
<arg>${1.1_คำนำหน้าชื่อ_เลือก}</arg>
<doc>Click the element identified by ``locator``.</doc>
<status status="PASS" start="2025-03-27T16:51:59.804207" elapsed="1.279042"/>
</kw>
<kw name="Input Text" owner="SeleniumLibrary">
<msg time="2025-03-27T16:52:01.085252" level="INFO">Typing text 'เทส' into text field 'xpath=(//input[contains(@class, 'mat-input-element') and @maxlength='250' and @required])[1]'.</msg>
<arg>${1.1_ชื่อ}</arg>
<arg>${ชื่อ}</arg>
<doc>Types the given ``text`` into the text field identified by ``locator``.</doc>
<status status="PASS" start="2025-03-27T16:52:01.084255" elapsed="1.679218"/>
</kw>
<kw name="Input Text" owner="SeleniumLibrary">
<msg time="2025-03-27T16:52:02.765472" level="INFO">Typing text 'สุดหล่อ' into text field 'xpath=(//input[contains(@class, 'mat-input-element') and @maxlength='250' and @required])[2]'.</msg>
<arg>${1.1_นามสกุล}</arg>
<arg>${นามสกุล}</arg>
<doc>Types the given ``text`` into the text field identified by ``locator``.</doc>
<status status="PASS" start="2025-03-27T16:52:02.764477" elapsed="1.812315"/>
</kw>
<kw name="Input Text" owner="SeleniumLibrary">
<msg time="2025-03-27T16:52:04.579570" level="INFO">Typing text '1234567890123' into text field 'xpath=//input[@ng-reflect-maxlength='13']'.</msg>
<arg>${1.1_เอกสารประจำตัว_เลขที่}</arg>
<arg>${เลขที่บัตร}</arg>
<doc>Types the given ``text`` into the text field identified by ``locator``.</doc>
<status status="PASS" start="2025-03-27T16:52:04.578053" elapsed="2.021934"/>
</kw>
<kw name="Click Element" owner="SeleniumLibrary">
<msg time="2025-03-27T16:52:06.601999" level="INFO">Clicking element 'xpath=//mat-radio-button[contains(@class, 'mat-radio-button mat-accent') and @ng-reflect-value='0']'.</msg>
<arg>${1.1_เอกสารประจำตัว_ทำธุรกรรมด้วยตนเอง}</arg>
<doc>Click the element identified by ``locator``.</doc>
<status status="PASS" start="2025-03-27T16:52:06.601000" elapsed="1.181586"/>
</kw>
<kw name="Input Text" owner="SeleniumLibrary">
<msg time="2025-03-27T16:52:07.784635" level="INFO">Typing text 'เทส' into text field 'xpath=//input[contains(@class, 'mat-input-element') and @maxlength='300']'.</msg>
<arg>${1.2_ที่อยู่}</arg>
<arg>${ที่อยู่}</arg>
<doc>Types the given ``text`` into the text field identified by ``locator``.</doc>
<status status="PASS" start="2025-03-27T16:52:07.783607" elapsed="1.786263"/>
</kw>
<kw name="Click Element" owner="SeleniumLibrary">
<msg time="2025-03-27T16:52:09.571903" level="INFO">Clicking element '(//mat-select[@name='countryCode'])[1]'.</msg>
<arg>${1.2_ประเทศ}</arg>
<doc>Click the element identified by ``locator``.</doc>
<status status="PASS" start="2025-03-27T16:52:09.570885" elapsed="1.306975"/>
</kw>
<kw name="Click Element" owner="SeleniumLibrary">
<msg time="2025-03-27T16:52:10.880394" level="INFO">Clicking element 'xpath=//mat-option[span[contains(text(), 'ไทย')]]'.</msg>
<arg>${1.2_ที่อยู่_ประเทศ_ไทย}</arg>
<doc>Click the element identified by ``locator``.</doc>
<status status="PASS" start="2025-03-27T16:52:10.879497" elapsed="1.262552"/>
</kw>
<kw name="Click Element" owner="SeleniumLibrary">
<msg time="2025-03-27T16:52:12.144050" level="INFO">Clicking element '(//mat-select[.//span[contains(text(),'โปรดระบุ')]])[1]'.</msg>
<arg>${1.2_ที่อยู่_ประเทศ_จังหวัด}</arg>
<doc>Click the element identified by ``locator``.</doc>
<status status="PASS" start="2025-03-27T16:52:12.143062" elapsed="1.227809"/>
</kw>
<kw name="Click Element" owner="SeleniumLibrary">
<msg time="2025-03-27T16:52:13.372390" level="INFO">Clicking element 'xpath=//mat-option[.//span[contains(text(),'กรุงเทพมหานคร')]]'.</msg>
<arg>${1.2_ที่อยู่_ประเทศ_จังหวัด_เลือก}</arg>
<doc>Click the element identified by ``locator``.</doc>
<status status="PASS" start="2025-03-27T16:52:13.372390" elapsed="1.230366"/>
</kw>
<kw name="Click Element" owner="SeleniumLibrary">
<msg time="2025-03-27T16:52:14.604763" level="INFO">Clicking element '(//mat-select[.//span[contains(text(),'โปรดระบุ')]])[1]'.</msg>
<arg>${1.2_ที่อยู่_ประเทศ_อำเภอ}</arg>
<doc>Click the element identified by ``locator``.</doc>
<status status="PASS" start="2025-03-27T16:52:14.603761" elapsed="1.217222"/>
</kw>
<kw name="Click Element" owner="SeleniumLibrary">
<msg time="2025-03-27T16:52:15.822993" level="INFO">Clicking element 'xpath=//mat-option[.//span[contains(text(),'เขตจตุจักร')]]'.</msg>
<arg>${1.2_ที่อยู่_ประเทศ_อำเภอ_เลือก}</arg>
<doc>Click the element identified by ``locator``.</doc>
<status status="PASS" start="2025-03-27T16:52:15.821986" elapsed="1.210343"/>
</kw>
<kw name="Click Element" owner="SeleniumLibrary">
<msg time="2025-03-27T16:52:17.034535" level="INFO">Clicking element '(//mat-select[.//span[contains(text(),'โปรดระบุ')]])[1]'.</msg>
<arg>${1.2_ที่อยู่_ประเทศ_ตำบล}</arg>
<doc>Click the element identified by ``locator``.</doc>
<status status="PASS" start="2025-03-27T16:52:17.033514" elapsed="1.213682"/>
</kw>
<kw name="Click Element" owner="SeleniumLibrary">
<msg time="2025-03-27T16:52:18.249670" level="INFO">Clicking element 'xpath=//mat-option[.//span[contains(text(),'จตุจักร')]]'.</msg>
<arg>${1.2_ที่อยู่_ประเทศ_ตำบล_เลือก}</arg>
<doc>Click the element identified by ``locator``.</doc>
<status status="PASS" start="2025-03-27T16:52:18.248655" elapsed="1.213835"/>
</kw>
<kw name="Input Text" owner="SeleniumLibrary">
<msg time="2025-03-27T16:52:19.465490" level="INFO">Typing text '21229' into text field '(//input[@ng-reflect-maxlength='5'])[1]'.</msg>
<arg>${1.2_ที่อยู่_ประเทศ_รหัสไปรษณีย์_เลข}</arg>
<arg>${รหัสไปรษณีย์}</arg>
<doc>Types the given ``text`` into the text field identified by ``locator``.</doc>
<status status="PASS" start="2025-03-27T16:52:19.463498" elapsed="1.854306"/>
</kw>
<kw name="Click Element" owner="SeleniumLibrary">
<msg time="2025-03-27T16:52:21.320318" level="INFO">Clicking element 'xpath=//mat-select[@name='occupationType']'.</msg>
<arg>${1.3อาชีพ}</arg>
<doc>Click the element identified by ``locator``.</doc>
<status status="PASS" start="2025-03-27T16:52:21.318804" elapsed="1.216029"/>
</kw>
<kw name="Click Element" owner="SeleniumLibrary">
<msg time="2025-03-27T16:52:22.537834" level="INFO">Clicking element 'xpath=//mat-option[.//span[contains(text(), 'อาชีพอิสระ')]]'.</msg>
<arg>${1.3อาชีพ_เลือก}</arg>
<doc>Click the element identified by ``locator``.</doc>
<status status="PASS" start="2025-03-27T16:52:22.535832" elapsed="1.219228"/>
</kw>
<kw name="Input Text" owner="SeleniumLibrary">
<msg time="2025-03-27T16:52:23.757116" level="INFO">Typing text '0987654321123' into text field 'xpath=(//input[@ng-reflect-maxlength='13'])[2]'.</msg>
<arg>${1.5_เลขที่}</arg>
<arg>${เลขที่บัตร2}</arg>
<doc>Types the given ``text`` into the text field identified by ``locator``.</doc>
<status status="PASS" start="2025-03-27T16:52:23.756061" elapsed="1.880010"/>
</kw>
<status status="PASS" start="2025-03-27T16:51:56.707340" elapsed="28.929730"/>
</kw>
<kw name="ส่วนที่1 บันทึกและไปหน้าถัดไป" owner="keywords_Testcase_1-03">
<kw name="Click Element" owner="SeleniumLibrary">
<msg time="2025-03-27T16:52:25.640079" level="INFO">Clicking element 'xpath=//button[.//span[contains(text(), 'บันทึก')]]'.</msg>
<arg>${ส่วนที่1_บีนทึก}</arg>
<doc>Click the element identified by ``locator``.</doc>
<status status="PASS" start="2025-03-27T16:52:25.640079" elapsed="1.197957"/>
</kw>
<kw name="Sleep" owner="BuiltIn">
<msg time="2025-03-27T16:52:27.848707" level="INFO">Slept 1 second.</msg>
<arg>1s</arg>
<doc>Pauses the test executed for the given time.</doc>
<status status="PASS" start="2025-03-27T16:52:26.839881" elapsed="1.008826"/>
</kw>
<kw name="Click Element" owner="SeleniumLibrary">
<msg time="2025-03-27T16:52:27.851206" level="INFO">Clicking element '//button[.//span[contains(text(), 'ตกลง')]]'.</msg>
<msg time="2025-03-27T16:52:29.192005" level="INFO" html="true">&lt;/td&gt;&lt;/tr&gt;&lt;tr&gt;&lt;td colspan="3"&gt;&lt;a href="selenium-screenshot-27.png"&gt;&lt;img src="selenium-screenshot-27.png" width="800px"&gt;&lt;/a&gt;</msg>
<msg time="2025-03-27T16:52:29.193004" level="FAIL">Element with locator '//button[.//span[contains(text(), 'ตกลง')]]' not found.</msg>
<arg>${ส่วนที่1_ตกลง}</arg>
<doc>Click the element identified by ``locator``.</doc>
<status status="FAIL" start="2025-03-27T16:52:27.850260" elapsed="1.363995">Element with locator '//button[.//span[contains(text(), 'ตกลง')]]' not found.</status>
</kw>
<kw name="Click Element" owner="SeleniumLibrary">
<arg>${ส่วนที่1_ถัดไป}</arg>
<doc>Click the element identified by ``locator``.</doc>
<status status="NOT RUN" start="2025-03-27T16:52:29.215256" elapsed="0.000000"/>
</kw>
<status status="FAIL" start="2025-03-27T16:52:25.639076" elapsed="3.576180">Element with locator '//button[.//span[contains(text(), 'ตกลง')]]' not found.</status>
</kw>
<status status="FAIL" start="2025-03-27T16:51:56.706343" elapsed="32.510914">Element with locator '//button[.//span[contains(text(), 'ตกลง')]]' not found.</status>
</test>
<test id="s1-t6" name="6.ส่วนที่2" line="45">
<kw name="ส่วนที่2 ถัดไป" owner="keywords_Testcase_1-03">
<kw name="Click Element" owner="SeleniumLibrary">
<msg time="2025-03-27T16:52:29.223780" level="INFO">Clicking element '//button[contains(@class, 'mat-raised-button') and .//span[contains(text(), 'ถัดไป')]]'.</msg>
<msg time="2025-03-27T16:52:31.602793" level="INFO" html="true">&lt;/td&gt;&lt;/tr&gt;&lt;tr&gt;&lt;td colspan="3"&gt;&lt;a href="selenium-screenshot-28.png"&gt;&lt;img src="selenium-screenshot-28.png" width="800px"&gt;&lt;/a&gt;</msg>
<msg time="2025-03-27T16:52:31.602793" level="FAIL">ElementClickInterceptedException: Message: element click intercepted: Element &lt;button _ngcontent-lvm-c396="" mat-raised-button="" class="mat-focus-indicator mat-raised-button mat-button-base ng-star-inserted" style="margin-right: 20px;"&gt;...&lt;/button&gt; is not clickable at point (962, 727). Other element would receive the click: &lt;div _ngcontent-lvm-c172="" class="loader-overlay"&gt;...&lt;/div&gt;
  (Session info: chrome=134.0.6998.177)
Stacktrace:
	GetHandleVerifier [0x00007FF678C1FE45+26629]
	(No symbol) [0x00007FF678B86010]
	(No symbol) [0x00007FF678A1931A]
	(No symbol) [0x00007FF678A777A9]
	(No symbol) [0x00007FF678A75162]
	(No symbol) [0x00007FF678A72201]
	(No symbol) [0x00007FF678A71108]
	(No symbol) [0x00007FF678A628A4]
	(No symbol) [0x00007FF678A97AAA]
	(No symbol) [0x00007FF678A62156]
	(No symbol) [0x00007FF678A97CC0]
	(No symbol) [0x00007FF678AC0169]
	(No symbol) [0x00007FF678A97883]
	(No symbol) [0x00007FF678A60550]
	(No symbol) [0x00007FF678A61803]
	GetHandleVerifier [0x00007FF678F772BD+3529853]
	GetHandleVerifier [0x00007FF678F8DA22+3621858]
	GetHandleVerifier [0x00007FF678F824D3+3575443]
	GetHandleVerifier [0x00007FF678CEB77A+860474]
	(No symbol) [0x00007FF678B9088F]
	(No symbol) [0x00007FF678B8CBC4]
	(No symbol) [0x00007FF678B8CD66]
	(No symbol) [0x00007FF678B7C2C9]
	BaseThreadInitThunk [0x00007FF9F7AE259D+29]
	RtlUserThreadStart [0x00007FF9F90CAF38+40]
</msg>
<arg>${ส่วนที่2_ถัดไป}</arg>
<doc>Click the element identified by ``locator``.</doc>
<status status="FAIL" start="2025-03-27T16:52:29.223780" elapsed="2.394536">ElementClickInterceptedException: Message: element click intercepted: Element &lt;button _ngcontent-lvm-c396="" mat-raised-button="" class="mat-focus-indicator mat-raised-button mat-button-base ng-star-inserted" style="margin-right: 20px;"&gt;...&lt;/button&gt; is not clickable at point (962, 727). Other element would receive the click: &lt;div _ngcontent-lvm-c172="" class="loader-overlay"&gt;...&lt;/div&gt;
  (Session info: chrome=134.0.6998.177)
Stacktrace:
	GetHandleVerifier [0x00007FF678C1FE45+26629]
	(No symbol) [0x00007FF678B86010]
	(No symbol) [0x00007FF678A1931A]
	(No symbol) [0x00007FF678A777A9]
	(No symbol) [0x00007FF678A75162]
	(No symbol) [0x00007FF678A72201]
	(No symbol) [0x00007FF678A71108]
	(No symbol) [0x00007FF678A628A4]
	(No symbol) [0x00007FF678A97AAA]
	(No symbol) [0x00007FF678A62156]
	(No symbol) [0x00007FF678A97CC0]
	(No symbol) [0x00007FF678AC0169]
	(No symbol) [0x00007FF678A97883]
	(No symbol) [0x00007FF678A60550]
	(No symbol) [0x00007FF678A61803]
	GetHandleVerifier [0x00007FF678F772BD+3529853]
	GetHandleVerifier [0x00007FF678F8DA22+3621858]
	GetHandleVerifier [0x00007FF678F824D3+3575443]
	GetHandleVerifier [0x00007FF678CEB77A+860474]
	(No symbol) [0x00007FF678B9088F]
	(No symbol) [0x00007FF678B8CBC4]
	(No symbol) [0x00007FF678B8CD66]
	(No symbol) [0x00007FF678B7C2C9]
	BaseThreadInitThunk [0x00007FF9F7AE259D+29]
	RtlUserThreadStart [0x00007FF9F90CAF38+40]
</status>
</kw>
<status status="FAIL" start="2025-03-27T16:52:29.221779" elapsed="2.397537">ElementClickInterceptedException: Message: element click intercepted: Element &lt;button _ngcontent-lvm-c396="" mat-raised-button="" class="mat-focus-indicator mat-raised-button mat-button-base ng-star-inserted" style="margin-right: 20px;"&gt;...&lt;/button&gt; is not clickable at point (962, 727). Other element would receive the click: &lt;div _ngcontent-lvm-c172="" class="loader-overlay"&gt;...&lt;/div&gt;
  (Session info: chrome=134.0.6998.177)
Stacktrace:
	GetHandleVerifier [0x00007FF678C1FE45+26629]
	(No symbol) [0x00007FF678B86010]
	(No symbol) [0x00007FF678A1931A]
	(No symbol) [0x00007FF678A777A9]
	(No symbol) [0x00007FF678A75162]
	(No symbol) [0x00007FF678A72201]
	(No symbol) [0x00007FF678A71108]
	(No symbol) [0x00007FF678A628A4]
	(No symbol) [0x00007FF678A97AAA]
	(No symbol) [0x00007FF678A62156]
	(No symbol) [0x00007FF678A97CC0]
	(No symbol) [0x00007FF678AC0169]
	(No symbol) [0x00007FF678A97883]
	(No symbol) [0x00007FF678A60550]
	(No symbol) [0x00007FF678A61803]
	GetHandleVerifier [0x00007FF678F772BD+3529853]
	GetHandleVerifier [0x00007FF678F8DA22+3621858]
	GetHandleVerifier [0x00007FF678F824D3+3575443]
	GetHandleVerifier [0x00007FF678CEB77A+860474]
	(No symbol) [0x00007FF678B9088F]
	(No symbol) [0x00007FF678B8CBC4]
	(No symbol) [0x00007FF678B8CD66]
	(No symbol) [0x00007FF678B7C2C9]
	BaseThreadInitThunk [0x00007FF9F7AE259D+29]
	RtlUserThreadStart [0x00007FF9F90CAF38+40]
</status>
</kw>
<status status="FAIL" start="2025-03-27T16:52:29.219249" elapsed="2.401578">ElementClickInterceptedException: Message: element click intercepted: Element &lt;button _ngcontent-lvm-c396="" mat-raised-button="" class="mat-focus-indicator mat-raised-button mat-button-base ng-star-inserted" style="margin-right: 20px;"&gt;...&lt;/button&gt; is not clickable at point (962, 727). Other element would receive the click: &lt;div _ngcontent-lvm-c172="" class="loader-overlay"&gt;...&lt;/div&gt;
  (Session info: chrome=134.0.6998.177)
Stacktrace:
	GetHandleVerifier [0x00007FF678C1FE45+26629]
	(No symbol) [0x00007FF678B86010]
	(No symbol) [0x00007FF678A1931A]
	(No symbol) [0x00007FF678A777A9]
	(No symbol) [0x00007FF678A75162]
	(No symbol) [0x00007FF678A72201]
	(No symbol) [0x00007FF678A71108]
	(No symbol) [0x00007FF678A628A4]
	(No symbol) [0x00007FF678A97AAA]
	(No symbol) [0x00007FF678A62156]
	(No symbol) [0x00007FF678A97CC0]
	(No symbol) [0x00007FF678AC0169]
	(No symbol) [0x00007FF678A97883]
	(No symbol) [0x00007FF678A60550]
	(No symbol) [0x00007FF678A61803]
	GetHandleVerifier [0x00007FF678F772BD+3529853]
	GetHandleVerifier [0x00007FF678F8DA22+3621858]
	GetHandleVerifier [0x00007FF678F824D3+3575443]
	GetHandleVerifier [0x00007FF678CEB77A+860474]
	(No symbol) [0x00007FF678B9088F]
	(No symbol) [0x00007FF678B8CBC4]
	(No symbol) [0x00007FF678B8CD66]
	(No symbol) [0x00007FF678B7C2C9]
	BaseThreadInitThunk [0x00007FF9F7AE259D+29]
	RtlUserThreadStart [0x00007FF9F90CAF38+40]
</status>
</test>
<test id="s1-t7" name="7.รายงาน" line="47">
<kw name="ส่วนที่ 3 ไม่พบความผิดปกติ" owner="keywords_Testcase_1-03">
<kw name="Click Element" owner="SeleniumLibrary">
<msg time="2025-03-27T16:52:31.627860" level="INFO">Clicking element '//mat-radio-button[label//span[contains(text(), 'ไม่พบความผิดปกติ')]]'.</msg>
<msg time="2025-03-27T16:52:32.912364" level="INFO" html="true">&lt;/td&gt;&lt;/tr&gt;&lt;tr&gt;&lt;td colspan="3"&gt;&lt;a href="selenium-screenshot-29.png"&gt;&lt;img src="selenium-screenshot-29.png" width="800px"&gt;&lt;/a&gt;</msg>
<msg time="2025-03-27T16:52:32.912364" level="FAIL">Element with locator '//mat-radio-button[label//span[contains(text(), 'ไม่พบความผิดปกติ')]]' not found.</msg>
<arg>${ไม่พบความผิดปกติ}</arg>
<doc>Click the element identified by ``locator``.</doc>
<status status="FAIL" start="2025-03-27T16:52:31.627860" elapsed="1.284504">Element with locator '//mat-radio-button[label//span[contains(text(), 'ไม่พบความผิดปกติ')]]' not found.</status>
</kw>
<kw name="Click Element" owner="SeleniumLibrary">
<arg>${ขออนุมัติรายงานธุรกรรมที่มีเหตุอันควรสงสัย}</arg>
<doc>Click the element identified by ``locator``.</doc>
<status status="NOT RUN" start="2025-03-27T16:52:32.913378" elapsed="0.000000"/>
</kw>
<kw name="Input Text" owner="SeleniumLibrary">
<arg>${3.เหตุผลประกอบการพิจารณา}</arg>
<arg>${เหตุผลประกอบการพิจารณา}</arg>
<doc>Types the given ``text`` into the text field identified by ``locator``.</doc>
<status status="NOT RUN" start="2025-03-27T16:52:32.913378" elapsed="0.000000"/>
</kw>
<status status="FAIL" start="2025-03-27T16:52:31.626860" elapsed="1.287510">Element with locator '//mat-radio-button[label//span[contains(text(), 'ไม่พบความผิดปกติ')]]' not found.</status>
</kw>
<kw name="ส่วนที่ 3 ข้ออนุมัติ" owner="keywords_Testcase_1-03">
<status status="NOT RUN" start="2025-03-27T16:52:32.914370" elapsed="0.000000"/>
</kw>
<status status="FAIL" start="2025-03-27T16:52:31.624860" elapsed="1.290509">Element with locator '//mat-radio-button[label//span[contains(text(), 'ไม่พบความผิดปกติ')]]' not found.</status>
</test>
<test id="s1-t8" name="จบการทำงาน" line="50">
<kw name="จบการทำงาน" owner="main_keywords">
<kw name="Sleep" owner="BuiltIn">
<msg time="2025-03-27T16:52:37.923372" level="INFO">Slept 5 seconds.</msg>
<arg>5s</arg>
<doc>Pauses the test executed for the given time.</doc>
<status status="PASS" start="2025-03-27T16:52:32.919365" elapsed="5.004007"/>
</kw>
<kw name="Capture Page Screenshot" owner="SeleniumLibrary">
<msg time="2025-03-27T16:52:38.593828" level="INFO" html="true">&lt;/td&gt;&lt;/tr&gt;&lt;tr&gt;&lt;td colspan="3"&gt;&lt;a href="selenium-screenshot-30.png"&gt;&lt;img src="selenium-screenshot-30.png" width="800px"&gt;&lt;/a&gt;</msg>
<doc>Takes a screenshot of the current page and embeds it into a log file.</doc>
<status status="PASS" start="2025-03-27T16:52:37.923372" elapsed="0.671454"/>
</kw>
<kw name="Log" owner="BuiltIn">
<msg time="2025-03-27T16:52:38.594826" level="INFO">Test Teardown Completed</msg>
<arg>Test Teardown Completed</arg>
<doc>Logs the given message with the given level.</doc>
<status status="PASS" start="2025-03-27T16:52:38.594826" elapsed="0.000999"/>
</kw>
<kw name="Close Browser" owner="SeleniumLibrary">
<doc>Closes the current browser.</doc>
<status status="PASS" start="2025-03-27T16:52:38.595825" elapsed="4.275376"/>
</kw>
<status status="PASS" start="2025-03-27T16:52:32.918365" elapsed="9.952836"/>
</kw>
<status status="PASS" start="2025-03-27T16:52:32.917370" elapsed="9.955849"/>
</test>
<status status="FAIL" start="2025-03-27T16:51:31.656212" elapsed="71.221002"/>
</suite>
<statistics>
<total>
<stat pass="5" fail="3" skip="0">All Tests</stat>
</total>
<tag>
</tag>
<suite>
<stat pass="5" fail="3" skip="0" id="s1" name="ปปง1-03 Testcase1">ปปง1-03 Testcase1</stat>
</suite>
</statistics>
<errors>
</errors>
</robot>
