<?xml version="1.0" encoding="UTF-8"?>
<robot generator="Robot 7.0.1 (Python 3.8.7 on win32)" generated="2025-04-21T09:37:43.897289" rpa="false" schemaversion="5">
<suite id="s1" name="ปปง1-03 Testcase1" source="D:\AML_Project\Testcase\AMLO\ปปง1-03\ปปง1-03_testcase1.robot">
<test id="s1-t1" name="1.open web IBank &amp; Login" line="32">
<kw name="Enteropen web IBank &amp; Login" owner="main_keywords">
<kw name="Open Browser" owner="SeleniumLibrary">
<msg time="2025-04-21T09:37:44.675667" level="INFO">Opening browser 'chrome' to base url 'https://172.26.59.117/login'.</msg>
<msg time="2025-04-21T09:37:47.501784" level="WARN">The chromedriver version (134.0.6998.88) detected in PATH at C:\Users\suravesi\AppData\Local\Programs\Python\Python38\chromedriver.exe might not be compatible with the detected chrome version (135.0.7049.96); currently, chromedriver 135.0.7049.95 is recommended for chrome 135.*, so it is advised to delete the driver in PATH and retry</msg>
<arg>${URL:IBank}</arg>
<arg>${Browser}</arg>
<arg>options=add_argument("--ignore-certificate-errors")</arg>
<doc>Opens a new browser instance to the optional ``url``.</doc>
<status status="PASS" start="2025-04-21T09:37:44.675667" elapsed="6.496463"/>
</kw>
<kw name="Maximize Browser Window" owner="SeleniumLibrary">
<doc>Maximizes current browser window.</doc>
<status status="PASS" start="2025-04-21T09:37:51.173134" elapsed="0.031178"/>
</kw>
<kw name="Set Selenium Speed" owner="SeleniumLibrary">
<arg>0.5s</arg>
<doc>Sets the delay that is waited after each Selenium command.</doc>
<status status="PASS" start="2025-04-21T09:37:51.204312" elapsed="0.001006"/>
</kw>
<kw name="Wait Until Element Is Visible" owner="SeleniumLibrary">
<arg>xpath=//input[contains(@class, 'inputLogin')]</arg>
<arg>5s</arg>
<doc>Waits until the element ``locator`` is visible.</doc>
<status status="PASS" start="2025-04-21T09:37:51.205318" elapsed="1.764937"/>
</kw>
<kw name="Input Text" owner="SeleniumLibrary">
<msg time="2025-04-21T09:37:52.971274" level="INFO">Typing text 'ittikornc' into text field 'xpath=//input[contains(@class, 'inputLogin')]'.</msg>
<arg>xpath=//input[contains(@class, 'inputLogin')]</arg>
<arg>${ID:dammi}</arg>
<doc>Types the given ``text`` into the text field identified by ``locator``.</doc>
<status status="PASS" start="2025-04-21T09:37:52.971274" elapsed="1.640135"/>
</kw>
<kw name="Input Password" owner="SeleniumLibrary">
<msg time="2025-04-21T09:37:54.612200" level="INFO">Typing password into text field 'xpath=//input[contains(@class, 'inputLogin') and @type='password']'.</msg>
<msg time="2025-04-21T09:37:55.690049" level="INFO">Temporally setting log level to: NONE</msg>
<arg>xpath=//input[contains(@class, 'inputLogin') and @type='password']</arg>
<arg>${password:dammi}</arg>
<doc>Types the given password into the text field identified by ``locator``.</doc>
<status status="PASS" start="2025-04-21T09:37:54.612200" elapsed="1.648442"/>
</kw>
<kw name="Click Element" owner="SeleniumLibrary">
<msg time="2025-04-21T09:37:56.261398" level="INFO">Clicking element '//button[contains(@class, 'mat-raised-button')]'.</msg>
<arg>//button[contains(@class, 'mat-raised-button')]</arg>
<doc>Click the element identified by ``locator``.</doc>
<status status="PASS" start="2025-04-21T09:37:56.261398" elapsed="1.097240"/>
</kw>
<status status="PASS" start="2025-04-21T09:37:44.674152" elapsed="12.684486"/>
</kw>
<kw name="Run Keyword And Ignore Error" owner="BuiltIn">
<kw name="ยืนยันการเข้าระบบ" owner="main_keywords">
<kw name="Click Element" owner="SeleniumLibrary">
<msg time="2025-04-21T09:37:57.360252" level="INFO">Clicking element '//button[contains(@class, 'mat-raised-button')]//i[contains(@class, 'fa-check')]'.</msg>
<msg time="2025-04-21T09:37:58.562866" level="INFO" html="true">&lt;/td&gt;&lt;/tr&gt;&lt;tr&gt;&lt;td colspan="3"&gt;&lt;a href="selenium-screenshot-1.png"&gt;&lt;img src="selenium-screenshot-1.png" width="800px"&gt;&lt;/a&gt;</msg>
<msg time="2025-04-21T09:37:58.562866" level="FAIL">Element with locator '//button[contains(@class, 'mat-raised-button')]//i[contains(@class, 'fa-check')]' not found.</msg>
<arg>//button[contains(@class, 'mat-raised-button')]//i[contains(@class, 'fa-check')]</arg>
<doc>Click the element identified by ``locator``.</doc>
<status status="FAIL" start="2025-04-21T09:37:57.360252" elapsed="1.229229">Element with locator '//button[contains(@class, 'mat-raised-button')]//i[contains(@class, 'fa-check')]' not found.</status>
</kw>
<status status="FAIL" start="2025-04-21T09:37:57.360252" elapsed="1.229229">Element with locator '//button[contains(@class, 'mat-raised-button')]//i[contains(@class, 'fa-check')]' not found.</status>
</kw>
<arg>ยืนยันการเข้าระบบ</arg>
<doc>Runs the given keyword with the given arguments and ignores possible error.</doc>
<status status="PASS" start="2025-04-21T09:37:57.360252" elapsed="1.229229"/>
</kw>
<kw name="Run Keyword And Ignore Error" owner="BuiltIn">
<kw name="ยืนยันการข้าม Pop-up" owner="main_keywords">
<kw name="Click Element" owner="SeleniumLibrary">
<msg time="2025-04-21T09:37:58.589481" level="INFO">Clicking element '//button//span[contains(text(), 'รับทราบ')]'.</msg>
<msg time="2025-04-21T09:37:59.755549" level="INFO" html="true">&lt;/td&gt;&lt;/tr&gt;&lt;tr&gt;&lt;td colspan="3"&gt;&lt;a href="selenium-screenshot-2.png"&gt;&lt;img src="selenium-screenshot-2.png" width="800px"&gt;&lt;/a&gt;</msg>
<msg time="2025-04-21T09:37:59.755549" level="FAIL">Element with locator '//button//span[contains(text(), 'รับทราบ')]' not found.</msg>
<arg>//button//span[contains(text(), 'รับทราบ')]</arg>
<doc>Click the element identified by ``locator``.</doc>
<status status="FAIL" start="2025-04-21T09:37:58.589481" elapsed="1.166068">Element with locator '//button//span[contains(text(), 'รับทราบ')]' not found.</status>
</kw>
<status status="FAIL" start="2025-04-21T09:37:58.589481" elapsed="1.166068">Element with locator '//button//span[contains(text(), 'รับทราบ')]' not found.</status>
</kw>
<arg>ยืนยันการข้าม Pop-up</arg>
<doc>Runs the given keyword with the given arguments and ignores possible error.</doc>
<status status="PASS" start="2025-04-21T09:37:58.589481" elapsed="1.166068"/>
</kw>
<doc>ทดสอบการยื่นคำร้อง manual ของ ปปง.1-03 กรณี ยื่นคำร้องเอง</doc>
<status status="PASS" start="2025-04-21T09:37:44.670860" elapsed="15.084689"/>
</test>
<test id="s1-t2" name="2.เลือก AML &amp; ยื่นคำร้อง" line="38">
<kw name="Select the Submit Request menu" owner="keywords_Testcase_1-03">
<kw name="Click Element" owner="SeleniumLibrary">
<msg time="2025-04-21T09:37:59.755549" level="INFO">Clicking element 'xpath=//a[contains(@class, 'sidebar-link') and .//div[contains(text(), 'AML')]]'.</msg>
<arg>${AML-ไทย}</arg>
<doc>Click the element identified by ``locator``.</doc>
<status status="PASS" start="2025-04-21T09:37:59.755549" elapsed="1.109850"/>
</kw>
<kw name="Click Element" owner="SeleniumLibrary">
<msg time="2025-04-21T09:38:00.866557" level="INFO">Clicking element 'xpath=//a[contains(@class, 'mat-list-item') and contains(., 'ยื่นคำร้อง Manual')]'.</msg>
<arg>${ยื่นคำร้องManual}</arg>
<doc>Click the element identified by ``locator``.</doc>
<status status="PASS" start="2025-04-21T09:38:00.865399" elapsed="1.145621"/>
</kw>
<status status="PASS" start="2025-04-21T09:37:59.755549" elapsed="2.255471"/>
</kw>
<status status="PASS" start="2025-04-21T09:37:59.755549" elapsed="2.256735"/>
</test>
<test id="s1-t3" name="3.เลือกรายการ_ปปง1-03" line="41">
<kw name="เลือกรายการ_ปปง1-03" owner="keywords_Testcase_1-03">
<kw name="Click Element" owner="SeleniumLibrary">
<msg time="2025-04-21T09:38:02.016000" level="INFO">Clicking element 'xpath=//mat-select[@aria-labelledby='mat-select-value-1']'.</msg>
<msg time="2025-04-21T09:38:03.226833" level="INFO" html="true">&lt;/td&gt;&lt;/tr&gt;&lt;tr&gt;&lt;td colspan="3"&gt;&lt;a href="selenium-screenshot-3.png"&gt;&lt;img src="selenium-screenshot-3.png" width="800px"&gt;&lt;/a&gt;</msg>
<msg time="2025-04-21T09:38:03.226833" level="FAIL">Element with locator 'xpath=//mat-select[@aria-labelledby='mat-select-value-1']' not found.</msg>
<arg>${ประเภทรายงาน}</arg>
<doc>Click the element identified by ``locator``.</doc>
<status status="FAIL" start="2025-04-21T09:38:02.016000" elapsed="1.210833">Element with locator 'xpath=//mat-select[@aria-labelledby='mat-select-value-1']' not found.</status>
</kw>
<kw name="Click Element" owner="SeleniumLibrary">
<arg>${ปปง.1-03}</arg>
<doc>Click the element identified by ``locator``.</doc>
<status status="NOT RUN" start="2025-04-21T09:38:03.226833" elapsed="0.000000"/>
</kw>
<status status="FAIL" start="2025-04-21T09:38:02.015381" elapsed="1.211452">Element with locator 'xpath=//mat-select[@aria-labelledby='mat-select-value-1']' not found.</status>
</kw>
<status status="FAIL" start="2025-04-21T09:38:02.013593" elapsed="1.213240">Element with locator 'xpath=//mat-select[@aria-labelledby='mat-select-value-1']' not found.</status>
</test>
<test id="s1-t4" name="4.รายงานล่าช้า &amp; ไม่ใช่ลูกค้าธนาคาร" line="45">
<kw name="ยื่นคำร้องรายงานล่าช้า &amp; พบพฤติกรรม &amp;ไม่ใช่ลูกค้าธนาคาร" owner="keywords_Testcase_1-03">
<kw name="Click Element" owner="SeleniumLibrary">
<msg time="2025-04-21T09:38:03.232739" level="INFO">Clicking element 'xpath=//mat-radio-button[@ng-reflect-value='01']'.</msg>
<arg>${รายงานเนื่องจาก_รายงานตัวช้า}</arg>
<doc>Click the element identified by ``locator``.</doc>
<status status="PASS" start="2025-04-21T09:38:03.232739" elapsed="1.112428"/>
</kw>
<kw name="Click Element" owner="SeleniumLibrary">
<msg time="2025-04-21T09:38:04.345167" level="INFO">Clicking element '(//mat-radio-button[@ng-reflect-value='01'])[2]'.</msg>
<msg time="2025-04-21T09:38:05.520060" level="INFO" html="true">&lt;/td&gt;&lt;/tr&gt;&lt;tr&gt;&lt;td colspan="3"&gt;&lt;a href="selenium-screenshot-4.png"&gt;&lt;img src="selenium-screenshot-4.png" width="800px"&gt;&lt;/a&gt;</msg>
<msg time="2025-04-21T09:38:05.520060" level="FAIL">Element with locator '(//mat-radio-button[@ng-reflect-value='01'])[2]' not found.</msg>
<arg>${แหล่งที่มาของเหตุอันควรสงสัย_พบพฤติกรรม/รายการทำธุรกรรมของลูกค้าที่มีเหตุอันควรสงสัย}</arg>
<doc>Click the element identified by ``locator``.</doc>
<status status="FAIL" start="2025-04-21T09:38:04.345167" elapsed="1.174893">Element with locator '(//mat-radio-button[@ng-reflect-value='01'])[2]' not found.</status>
</kw>
<kw name="Click Element" owner="SeleniumLibrary">
<arg>${ค้าหาข้อมูลจากลูกค้าด้วย_บัตรประจำตัว_ไม่ใช้ลูกค้าธนาคาร}</arg>
<doc>Click the element identified by ``locator``.</doc>
<status status="NOT RUN" start="2025-04-21T09:38:05.520060" elapsed="0.000000"/>
</kw>
<kw name="Click Element" owner="SeleniumLibrary">
<arg>${ยื่นคำร้องManual_ถัดไป}</arg>
<doc>Click the element identified by ``locator``.</doc>
<status status="NOT RUN" start="2025-04-21T09:38:05.520060" elapsed="0.000000"/>
</kw>
<status status="FAIL" start="2025-04-21T09:38:03.232739" elapsed="2.287321">Element with locator '(//mat-radio-button[@ng-reflect-value='01'])[2]' not found.</status>
</kw>
<status status="FAIL" start="2025-04-21T09:38:03.232739" elapsed="2.287321">Element with locator '(//mat-radio-button[@ng-reflect-value='01'])[2]' not found.</status>
</test>
<test id="s1-t5" name="5.ส่วนที่1" line="49">
<kw name="สุ่มเลขบัตร13หลัก" owner="AMLO Variables">
<kw name="Evaluate" owner="BuiltIn">
<msg time="2025-04-21T09:38:05.535777" level="INFO">${random_number} = 3595841167511</msg>
<var>${random_number}</var>
<arg>random.randint(${MIN}, ${MAX})</arg>
<arg>modules=random</arg>
<doc>Evaluates the given expression in Python and returns the result.</doc>
<status status="PASS" start="2025-04-21T09:38:05.520060" elapsed="0.015717"/>
</kw>
<kw name="Set Suite Variable" owner="BuiltIn">
<msg time="2025-04-21T09:38:05.535777" level="INFO">${random_number} = 3595841167511</msg>
<arg>${random_number}</arg>
<arg>${random_number}</arg>
<doc>Makes a variable available everywhere within the scope of the current suite.</doc>
<status status="PASS" start="2025-04-21T09:38:05.535777" elapsed="0.000000"/>
</kw>
<return>
<value>${random_number}</value>
<status status="PASS" start="2025-04-21T09:38:05.535777" elapsed="0.000000"/>
</return>
<status status="PASS" start="2025-04-21T09:38:05.520060" elapsed="0.015717"/>
</kw>
<kw name="ใช้งานเลขบัตร" owner="AMLO Variables">
<kw name="สุ่มเลขบัตร13หลัก" owner="AMLO Variables">
<kw name="Evaluate" owner="BuiltIn">
<msg time="2025-04-21T09:38:05.535777" level="INFO">${random_number} = 8694894881958</msg>
<var>${random_number}</var>
<arg>random.randint(${MIN}, ${MAX})</arg>
<arg>modules=random</arg>
<doc>Evaluates the given expression in Python and returns the result.</doc>
<status status="PASS" start="2025-04-21T09:38:05.535777" elapsed="0.000000"/>
</kw>
<kw name="Set Suite Variable" owner="BuiltIn">
<msg time="2025-04-21T09:38:05.535777" level="INFO">${random_number} = 8694894881958</msg>
<arg>${random_number}</arg>
<arg>${random_number}</arg>
<doc>Makes a variable available everywhere within the scope of the current suite.</doc>
<status status="PASS" start="2025-04-21T09:38:05.535777" elapsed="0.000000"/>
</kw>
<return>
<value>${random_number}</value>
<status status="PASS" start="2025-04-21T09:38:05.535777" elapsed="0.000000"/>
</return>
<msg time="2025-04-21T09:38:05.535777" level="INFO">${เลขที่บัตร} = 8694894881958</msg>
<var>${เลขที่บัตร}</var>
<status status="PASS" start="2025-04-21T09:38:05.535777" elapsed="0.000000"/>
</kw>
<kw name="Set Suite Variable" owner="BuiltIn">
<msg time="2025-04-21T09:38:05.535777" level="INFO">${เลขที่บัตร} = 8694894881958</msg>
<arg>${เลขที่บัตร}</arg>
<arg>${เลขที่บัตร}</arg>
<doc>Makes a variable available everywhere within the scope of the current suite.</doc>
<status status="PASS" start="2025-04-21T09:38:05.535777" elapsed="0.000000"/>
</kw>
<return>
<value>${เลขที่บัตร}</value>
<status status="PASS" start="2025-04-21T09:38:05.535777" elapsed="0.000000"/>
</return>
<status status="PASS" start="2025-04-21T09:38:05.535777" elapsed="0.000000"/>
</kw>
<kw name="ส่วนที่1 ระบุข้อมูล(ทำธุรกรรมด้วยตนเอง)" owner="keywords_Testcase_1-03">
<kw name="Input Text" owner="SeleniumLibrary">
<msg time="2025-04-21T09:38:05.535777" level="INFO">Typing text 'test' into text field 'xpath=//textarea[@ng-reflect-maxlength='2000']'.</msg>
<msg time="2025-04-21T09:38:06.742518" level="INFO" html="true">&lt;/td&gt;&lt;/tr&gt;&lt;tr&gt;&lt;td colspan="3"&gt;&lt;a href="selenium-screenshot-5.png"&gt;&lt;img src="selenium-screenshot-5.png" width="800px"&gt;&lt;/a&gt;</msg>
<msg time="2025-04-21T09:38:06.742518" level="FAIL">Element with locator 'xpath=//textarea[@ng-reflect-maxlength='2000']' not found.</msg>
<arg>${เหตุผลการรายงาน Mannual_เหตุผลในการรายงาน}</arg>
<arg>${เหตุผลในการรายงาน}</arg>
<doc>Types the given ``text`` into the text field identified by ``locator``.</doc>
<status status="FAIL" start="2025-04-21T09:38:05.535777" elapsed="1.215129">Element with locator 'xpath=//textarea[@ng-reflect-maxlength='2000']' not found.</status>
</kw>
<kw name="Click Element" owner="SeleniumLibrary">
<arg>${1.1_คำนำหน้าชื่อ}</arg>
<doc>Click the element identified by ``locator``.</doc>
<status status="NOT RUN" start="2025-04-21T09:38:06.750906" elapsed="0.000000"/>
</kw>
<kw name="Click Element" owner="SeleniumLibrary">
<arg>${1.1_คำนำหน้าชื่อ_เลือก}</arg>
<doc>Click the element identified by ``locator``.</doc>
<status status="NOT RUN" start="2025-04-21T09:38:06.750906" elapsed="0.000000"/>
</kw>
<kw name="Input Text" owner="SeleniumLibrary">
<arg>${1.1_ชื่อ}</arg>
<arg>${ชื่อ}</arg>
<doc>Types the given ``text`` into the text field identified by ``locator``.</doc>
<status status="NOT RUN" start="2025-04-21T09:38:06.750906" elapsed="0.000000"/>
</kw>
<kw name="Input Text" owner="SeleniumLibrary">
<arg>${1.1_นามสกุล}</arg>
<arg>${นามสกุล}</arg>
<doc>Types the given ``text`` into the text field identified by ``locator``.</doc>
<status status="NOT RUN" start="2025-04-21T09:38:06.750906" elapsed="0.000000"/>
</kw>
<kw name="Input Text" owner="SeleniumLibrary">
<arg>${1.1_เอกสารประจำตัว_เลขที่}</arg>
<arg>${เลขที่บัตร}</arg>
<doc>Types the given ``text`` into the text field identified by ``locator``.</doc>
<status status="NOT RUN" start="2025-04-21T09:38:06.750906" elapsed="0.000000"/>
</kw>
<kw name="Click Element" owner="SeleniumLibrary">
<arg>${1.1_เอกสารประจำตัว_ทำธุรกรรมด้วยตนเอง}</arg>
<doc>Click the element identified by ``locator``.</doc>
<status status="NOT RUN" start="2025-04-21T09:38:06.750906" elapsed="0.000000"/>
</kw>
<kw name="Input Text" owner="SeleniumLibrary">
<arg>${1.2_ที่อยู่}</arg>
<arg>${ที่อยู่}</arg>
<doc>Types the given ``text`` into the text field identified by ``locator``.</doc>
<status status="NOT RUN" start="2025-04-21T09:38:06.750906" elapsed="0.000000"/>
</kw>
<kw name="Click Element" owner="SeleniumLibrary">
<arg>${1.2_ประเทศ}</arg>
<doc>Click the element identified by ``locator``.</doc>
<status status="NOT RUN" start="2025-04-21T09:38:06.750906" elapsed="0.000000"/>
</kw>
<kw name="Click Element" owner="SeleniumLibrary">
<arg>${1.2_ที่อยู่_ประเทศ_ไทย}</arg>
<doc>Click the element identified by ``locator``.</doc>
<status status="NOT RUN" start="2025-04-21T09:38:06.750906" elapsed="0.000000"/>
</kw>
<kw name="Click Element" owner="SeleniumLibrary">
<arg>${1.2_ที่อยู่_ประเทศ_จังหวัด}</arg>
<doc>Click the element identified by ``locator``.</doc>
<status status="NOT RUN" start="2025-04-21T09:38:06.750906" elapsed="0.000000"/>
</kw>
<kw name="Click Element" owner="SeleniumLibrary">
<arg>${1.2_ที่อยู่_ประเทศ_จังหวัด_เลือก}</arg>
<doc>Click the element identified by ``locator``.</doc>
<status status="NOT RUN" start="2025-04-21T09:38:06.758962" elapsed="0.000000"/>
</kw>
<kw name="Click Element" owner="SeleniumLibrary">
<arg>${1.2_ที่อยู่_ประเทศ_อำเภอ}</arg>
<doc>Click the element identified by ``locator``.</doc>
<status status="NOT RUN" start="2025-04-21T09:38:06.758962" elapsed="0.000000"/>
</kw>
<kw name="Click Element" owner="SeleniumLibrary">
<arg>${1.2_ที่อยู่_ประเทศ_อำเภอ_เลือก}</arg>
<doc>Click the element identified by ``locator``.</doc>
<status status="NOT RUN" start="2025-04-21T09:38:06.758962" elapsed="0.000000"/>
</kw>
<kw name="Click Element" owner="SeleniumLibrary">
<arg>${1.2_ที่อยู่_ประเทศ_ตำบล}</arg>
<doc>Click the element identified by ``locator``.</doc>
<status status="NOT RUN" start="2025-04-21T09:38:06.758962" elapsed="0.000000"/>
</kw>
<kw name="Click Element" owner="SeleniumLibrary">
<arg>${1.2_ที่อยู่_ประเทศ_ตำบล_เลือก}</arg>
<doc>Click the element identified by ``locator``.</doc>
<status status="NOT RUN" start="2025-04-21T09:38:06.758962" elapsed="0.000000"/>
</kw>
<kw name="Input Text" owner="SeleniumLibrary">
<arg>${1.2_ที่อยู่_ประเทศ_รหัสไปรษณีย์_เลข}</arg>
<arg>${รหัสไปรษณีย์}</arg>
<doc>Types the given ``text`` into the text field identified by ``locator``.</doc>
<status status="NOT RUN" start="2025-04-21T09:38:06.758962" elapsed="0.000000"/>
</kw>
<kw name="Click Element" owner="SeleniumLibrary">
<arg>${1.3อาชีพ}</arg>
<doc>Click the element identified by ``locator``.</doc>
<status status="NOT RUN" start="2025-04-21T09:38:06.758962" elapsed="0.000000"/>
</kw>
<kw name="Click Element" owner="SeleniumLibrary">
<arg>${1.3อาชีพ_เลือก}</arg>
<doc>Click the element identified by ``locator``.</doc>
<status status="NOT RUN" start="2025-04-21T09:38:06.758962" elapsed="0.000000"/>
</kw>
<kw name="Input Text" owner="SeleniumLibrary">
<arg>${1.5_เลขที่}</arg>
<arg>${เลขที่บัตร2}</arg>
<doc>Types the given ``text`` into the text field identified by ``locator``.</doc>
<status status="NOT RUN" start="2025-04-21T09:38:06.758962" elapsed="0.000000"/>
</kw>
<status status="FAIL" start="2025-04-21T09:38:05.535777" elapsed="1.223185">Element with locator 'xpath=//textarea[@ng-reflect-maxlength='2000']' not found.</status>
</kw>
<kw name="ส่วนที่1 บันทึกและไปหน้าถัดไป" owner="keywords_Testcase_1-03">
<status status="NOT RUN" start="2025-04-21T09:38:06.758962" elapsed="0.000000"/>
</kw>
<status status="FAIL" start="2025-04-21T09:38:05.520060" elapsed="1.238902">Element with locator 'xpath=//textarea[@ng-reflect-maxlength='2000']' not found.</status>
</test>
<test id="s1-t6" name="6.ส่วนที่2" line="54">
<kw name="ส่วนที่2 ถัดไป" owner="keywords_Testcase_1-03">
<kw name="Click Element" owner="SeleniumLibrary">
<msg time="2025-04-21T09:38:06.765979" level="INFO">Clicking element '//button[contains(@class, 'mat-raised-button') and .//span[contains(text(), 'ถัดไป')]]'.</msg>
<arg>${ส่วนที่2_ถัดไป}</arg>
<doc>Click the element identified by ``locator``.</doc>
<status status="PASS" start="2025-04-21T09:38:06.765979" elapsed="1.138985"/>
</kw>
<status status="PASS" start="2025-04-21T09:38:06.765979" elapsed="1.138985"/>
</kw>
<status status="PASS" start="2025-04-21T09:38:06.764963" elapsed="1.140001"/>
</test>
<test id="s1-t7" name="7.รายงาน" line="56">
<kw name="เก็บรหัสCIF" owner="AMLO Variables">
<kw name="Wait Until Element Is Visible" owner="SeleniumLibrary">
<arg>${CIF_XPATH}</arg>
<arg>timeout=2s</arg>
<doc>Waits until the element ``locator`` is visible.</doc>
<status status="PASS" start="2025-04-21T09:38:07.904964" elapsed="1.051020"/>
</kw>
<kw name="Get Text" owner="SeleniumLibrary">
<msg time="2025-04-21T09:38:10.006319" level="INFO">${CIF} = 1-03</msg>
<var>${CIF}</var>
<arg>${CIF_XPATH}</arg>
<doc>Returns the text value of the element identified by ``locator``.</doc>
<status status="PASS" start="2025-04-21T09:38:08.955984" elapsed="1.050335"/>
</kw>
<kw name="Log To Console" owner="BuiltIn">
<arg>รหัสCIF ที่เก็บได้: ${CIF}</arg>
<doc>Logs the given message to the console.</doc>
<status status="PASS" start="2025-04-21T09:38:10.006319" elapsed="0.000000"/>
</kw>
<kw name="Set Suite Variable" owner="BuiltIn">
<msg time="2025-04-21T09:38:10.006319" level="INFO">${CIF} = 1-03</msg>
<arg>${CIF}</arg>
<arg>${CIF}</arg>
<doc>Makes a variable available everywhere within the scope of the current suite.</doc>
<status status="PASS" start="2025-04-21T09:38:10.006319" elapsed="0.000000"/>
</kw>
<return>
<value>${CIF}</value>
<status status="PASS" start="2025-04-21T09:38:10.006319" elapsed="0.000000"/>
</return>
<status status="PASS" start="2025-04-21T09:38:07.904964" elapsed="2.101355"/>
</kw>
<kw name="ส่วนที่ 3 พบความผิดปกติ" owner="keywords_Testcase_1-03">
<kw name="Click Element" owner="SeleniumLibrary">
<msg time="2025-04-21T09:38:10.006319" level="INFO">Clicking element '//mat-radio-button[label//span[contains(text(), 'พบความผิดปกติ')]]'.</msg>
<msg time="2025-04-21T09:38:11.207221" level="INFO" html="true">&lt;/td&gt;&lt;/tr&gt;&lt;tr&gt;&lt;td colspan="3"&gt;&lt;a href="selenium-screenshot-6.png"&gt;&lt;img src="selenium-screenshot-6.png" width="800px"&gt;&lt;/a&gt;</msg>
<msg time="2025-04-21T09:38:11.207221" level="FAIL">Element with locator '//mat-radio-button[label//span[contains(text(), 'พบความผิดปกติ')]]' not found.</msg>
<arg>${พบความผิดปกติ}</arg>
<doc>Click the element identified by ``locator``.</doc>
<status status="FAIL" start="2025-04-21T09:38:10.006319" elapsed="1.200902">Element with locator '//mat-radio-button[label//span[contains(text(), 'พบความผิดปกติ')]]' not found.</status>
</kw>
<kw name="Click Element" owner="SeleniumLibrary">
<arg>${ขออนุมัติรายงานธุรกรรมที่มีเหตุอันควรสงสัย}</arg>
<doc>Click the element identified by ``locator``.</doc>
<status status="NOT RUN" start="2025-04-21T09:38:11.207221" elapsed="0.000000"/>
</kw>
<kw name="Input Text" owner="SeleniumLibrary">
<arg>${3.เหตุผลประกอบการพิจารณา}</arg>
<arg>${เหตุผลประกอบการพิจารณา}</arg>
<doc>Types the given ``text`` into the text field identified by ``locator``.</doc>
<status status="NOT RUN" start="2025-04-21T09:38:11.207221" elapsed="0.000000"/>
</kw>
<status status="FAIL" start="2025-04-21T09:38:10.006319" elapsed="1.200902">Element with locator '//mat-radio-button[label//span[contains(text(), 'พบความผิดปกติ')]]' not found.</status>
</kw>
<kw name="ส่วนที่ 3 บันทึกข้อมูล" owner="keywords_Testcase_1-03">
<status status="NOT RUN" start="2025-04-21T09:38:11.207221" elapsed="0.000000"/>
</kw>
<kw name="ส่วนที่ 3 ข้ออนุมัติ" owner="keywords_Testcase_1-03">
<status status="NOT RUN" start="2025-04-21T09:38:11.207221" elapsed="0.000000"/>
</kw>
<status status="FAIL" start="2025-04-21T09:38:07.904964" elapsed="3.302257">Element with locator '//mat-radio-button[label//span[contains(text(), 'พบความผิดปกติ')]]' not found.</status>
</test>
<test id="s1-t8" name="8.เปลี่ยนUserอนุมัติข้อมูล" line="62">
<kw name="กดปุ่มตกลง" owner="keywordการค้นหา">
<kw name="Sleep" owner="BuiltIn">
<msg time="2025-04-21T09:38:14.248018" level="INFO">Slept 3 seconds.</msg>
<arg>3s</arg>
<doc>Pauses the test executed for the given time.</doc>
<status status="PASS" start="2025-04-21T09:38:11.239048" elapsed="3.008970"/>
</kw>
<kw name="Wait Until Element Is Visible" owner="SeleniumLibrary">
<msg time="2025-04-21T09:38:19.982649" level="INFO" html="true">&lt;/td&gt;&lt;/tr&gt;&lt;tr&gt;&lt;td colspan="3"&gt;&lt;a href="selenium-screenshot-7.png"&gt;&lt;img src="selenium-screenshot-7.png" width="800px"&gt;&lt;/a&gt;</msg>
<msg time="2025-04-21T09:38:19.982649" level="FAIL">Element '//button[.//span[contains(text(), 'ตกลง')]]' not visible after 5 seconds.</msg>
<arg>${ปุ่มตกลง}</arg>
<arg>5s</arg>
<doc>Waits until the element ``locator`` is visible.</doc>
<status status="FAIL" start="2025-04-21T09:38:14.248018" elapsed="5.750334">Element '//button[.//span[contains(text(), 'ตกลง')]]' not visible after 5 seconds.</status>
</kw>
<kw name="Click Element" owner="SeleniumLibrary">
<arg>${ปุ่มตกลง}</arg>
<doc>Click the element identified by ``locator``.</doc>
<status status="NOT RUN" start="2025-04-21T09:38:19.998352" elapsed="0.000000"/>
</kw>
<status status="FAIL" start="2025-04-21T09:38:11.207221" elapsed="8.791131">Element '//button[.//span[contains(text(), 'ตกลง')]]' not visible after 5 seconds.</status>
</kw>
<kw name="ออกจากระบบ" owner="main_keywords">
<status status="NOT RUN" start="2025-04-21T09:38:19.998352" elapsed="0.000000"/>
</kw>
<kw name="เข้าUserหัวหน้าอนุมัติข้อมูล" owner="main_keywords">
<status status="NOT RUN" start="2025-04-21T09:38:19.998352" elapsed="0.000000"/>
</kw>
<kw name="Run Keyword And Ignore Error" owner="BuiltIn">
<arg>ยืนยันการเข้าระบบ</arg>
<doc>Runs the given keyword with the given arguments and ignores possible error.</doc>
<status status="NOT RUN" start="2025-04-21T09:38:19.998352" elapsed="0.000000"/>
</kw>
<kw name="Run Keyword And Ignore Error" owner="BuiltIn">
<arg>ยืนยันการข้าม Pop-up</arg>
<doc>Runs the given keyword with the given arguments and ignores possible error.</doc>
<status status="NOT RUN" start="2025-04-21T09:38:19.998352" elapsed="0.000000"/>
</kw>
<status status="FAIL" start="2025-04-21T09:38:11.207221" elapsed="8.791131">Element '//button[.//span[contains(text(), 'ตกลง')]]' not visible after 5 seconds.</status>
</test>
<test id="s1-t9" name="9.เลือกรายการ" line="69">
<kw name="เลือกเมนูView Alert รายงาน ปปง. 1-01, 1-02, 1-03, 1-05-9" owner="AMLO Variables">
<kw name="Click Element" owner="SeleniumLibrary">
<msg time="2025-04-21T09:38:20.014019" level="INFO">Clicking element 'xpath=//a[contains(@class, 'mat-list-item') and contains(., ' View Alert รายงาน ปปง. 1-01, 1-02,1-03, 1-05-9 ')]'.</msg>
<msg time="2025-04-21T09:38:21.217017" level="INFO" html="true">&lt;/td&gt;&lt;/tr&gt;&lt;tr&gt;&lt;td colspan="3"&gt;&lt;a href="selenium-screenshot-8.png"&gt;&lt;img src="selenium-screenshot-8.png" width="800px"&gt;&lt;/a&gt;</msg>
<msg time="2025-04-21T09:38:21.217017" level="FAIL">Element with locator 'xpath=//a[contains(@class, 'mat-list-item') and contains(., ' View Alert รายงาน ปปง. 1-01, 1-02,1-03, 1-05-9 ')]' not found.</msg>
<arg>${View Alert รายงาน ปปง. 1-01, 1-02, 1-03, 1-05-9}</arg>
<doc>Click the element identified by ``locator``.</doc>
<status status="FAIL" start="2025-04-21T09:38:19.998352" elapsed="1.218665">Element with locator 'xpath=//a[contains(@class, 'mat-list-item') and contains(., ' View Alert รายงาน ปปง. 1-01, 1-02,1-03, 1-05-9 ')]' not found.</status>
</kw>
<status status="FAIL" start="2025-04-21T09:38:19.998352" elapsed="1.228718">Element with locator 'xpath=//a[contains(@class, 'mat-list-item') and contains(., ' View Alert รายงาน ปปง. 1-01, 1-02,1-03, 1-05-9 ')]' not found.</status>
</kw>
<kw name="ค้นหารายงานด้วย CIF" owner="keywordการค้นหา">
<status status="NOT RUN" start="2025-04-21T09:38:21.227070" elapsed="0.000000"/>
</kw>
<status status="FAIL" start="2025-04-21T09:38:19.998352" elapsed="1.228718">Element with locator 'xpath=//a[contains(@class, 'mat-list-item') and contains(., ' View Alert รายงาน ปปง. 1-01, 1-02,1-03, 1-05-9 ')]' not found.</status>
</test>
<test id="s1-t10" name="10.อนุมัติรายการ" line="72">
<kw name="เลือกอนุมัติรายการ" owner="keywordการค้นหา">
<kw name="Click Element" owner="SeleniumLibrary">
<msg time="2025-04-21T09:38:21.227070" level="INFO">Clicking element '//button[.//span[contains(text(), 'Approve')]]'.</msg>
<msg time="2025-04-21T09:38:22.405349" level="INFO" html="true">&lt;/td&gt;&lt;/tr&gt;&lt;tr&gt;&lt;td colspan="3"&gt;&lt;a href="selenium-screenshot-9.png"&gt;&lt;img src="selenium-screenshot-9.png" width="800px"&gt;&lt;/a&gt;</msg>
<msg time="2025-04-21T09:38:22.405349" level="FAIL">Element with locator '//button[.//span[contains(text(), 'Approve')]]' not found.</msg>
<arg>${ปุ่มApprove}</arg>
<doc>Click the element identified by ``locator``.</doc>
<status status="FAIL" start="2025-04-21T09:38:21.227070" elapsed="1.178279">Element with locator '//button[.//span[contains(text(), 'Approve')]]' not found.</status>
</kw>
<kw name="Click Element" owner="SeleniumLibrary">
<arg>${ปุ่มอนุมัติ}</arg>
<doc>Click the element identified by ``locator``.</doc>
<status status="NOT RUN" start="2025-04-21T09:38:22.405349" elapsed="0.000000"/>
</kw>
<kw name="Click Element" owner="SeleniumLibrary">
<arg>${ปุ่มยืนยัน}</arg>
<doc>Click the element identified by ``locator``.</doc>
<status status="NOT RUN" start="2025-04-21T09:38:22.405349" elapsed="0.000000"/>
</kw>
<kw name="Click Element" owner="SeleniumLibrary">
<arg>${ปุ่มตกลง}</arg>
<doc>Click the element identified by ``locator``.</doc>
<status status="NOT RUN" start="2025-04-21T09:38:22.405349" elapsed="0.000000"/>
</kw>
<status status="FAIL" start="2025-04-21T09:38:21.227070" elapsed="1.178279">Element with locator '//button[.//span[contains(text(), 'Approve')]]' not found.</status>
</kw>
<status status="FAIL" start="2025-04-21T09:38:21.227070" elapsed="1.178279">Element with locator '//button[.//span[contains(text(), 'Approve')]]' not found.</status>
</test>
<test id="s1-t11" name="จบการทำงาน" line="74">
<kw name="จบการทำงาน" owner="main_keywords">
<kw name="Sleep" owner="BuiltIn">
<msg time="2025-04-21T09:38:27.411615" level="INFO">Slept 5 seconds.</msg>
<arg>5s</arg>
<doc>Pauses the test executed for the given time.</doc>
<status status="PASS" start="2025-04-21T09:38:22.405349" elapsed="5.006266"/>
</kw>
<kw name="Capture Page Screenshot" owner="SeleniumLibrary">
<msg time="2025-04-21T09:38:28.086302" level="INFO" html="true">&lt;/td&gt;&lt;/tr&gt;&lt;tr&gt;&lt;td colspan="3"&gt;&lt;a href="selenium-screenshot-10.png"&gt;&lt;img src="selenium-screenshot-10.png" width="800px"&gt;&lt;/a&gt;</msg>
<doc>Takes a screenshot of the current page and embeds it into a log file.</doc>
<status status="PASS" start="2025-04-21T09:38:27.411615" elapsed="0.674687"/>
</kw>
<kw name="Log" owner="BuiltIn">
<msg time="2025-04-21T09:38:28.086302" level="INFO">Test Teardown Completed</msg>
<arg>Test Teardown Completed</arg>
<doc>Logs the given message with the given level.</doc>
<status status="PASS" start="2025-04-21T09:38:28.086302" elapsed="0.000000"/>
</kw>
<kw name="Close Browser" owner="SeleniumLibrary">
<doc>Closes the current browser.</doc>
<status status="PASS" start="2025-04-21T09:38:28.086302" elapsed="3.515633"/>
</kw>
<status status="PASS" start="2025-04-21T09:38:22.405349" elapsed="9.196586"/>
</kw>
<status status="PASS" start="2025-04-21T09:38:22.405349" elapsed="9.196586"/>
</test>
<status status="FAIL" start="2025-04-21T09:37:43.897289" elapsed="47.704646"/>
</suite>
<statistics>
<total>
<stat pass="4" fail="7" skip="0">All Tests</stat>
</total>
<tag>
</tag>
<suite>
<stat pass="4" fail="7" skip="0" id="s1" name="ปปง1-03 Testcase1">ปปง1-03 Testcase1</stat>
</suite>
</statistics>
<errors>
<msg time="2025-04-21T09:37:44.595680" level="WARN">Error in file 'D:\AML_Project\Resources\Menu_name\AML\ยื่นคำร้อง Manual\AMLO Variables.robot' on line 25: The '[Return]' setting is deprecated. Use the 'RETURN' statement instead.</msg>
<msg time="2025-04-21T09:37:44.595680" level="WARN">Error in file 'D:\AML_Project\Resources\Menu_name\AML\ยื่นคำร้อง Manual\AMLO Variables.robot' on line 29: The '[Return]' setting is deprecated. Use the 'RETURN' statement instead.</msg>
<msg time="2025-04-21T09:37:44.611851" level="WARN">Error in file 'D:\AML_Project\Resources\Menu_name\AML\ยื่นคำร้อง Manual\AMLO Variables.robot' on line 34: The '[Return]' setting is deprecated. Use the 'RETURN' statement instead.</msg>
<msg time="2025-04-21T09:37:44.627832" level="ERROR">Error in file 'D:\AML_Project\Resources\Menu_name\AML\ยื่นคำร้อง Manual\ปปง1-03\ปปง1-03_va.robot' on line 126: Setting variable '${2.1_คำนำหน้าชื่อ_เลือก}' failed: Resolving variable '${คำนำหน้า_ส่วน2}' failed: Variable '${คำนำหน}' not found. Did you mean:
    ${คำนำหน้า}</msg>
<msg time="2025-04-21T09:37:44.644011" level="ERROR">Error in file 'D:\AML_Project\Resources\Menu_name\AML\ยื่นคำร้อง Manual\ปปง1-03\ปปง1-03_va.robot' on line 140: Setting variable '${2.2_ที่อยู่_ประเทศ_จังหวัด_เลือก}' failed: Resolving variable '${companyProvince_ส่วน2}' failed: Variable '${companyProvince_ส}' not found. Did you mean:
    ${companyProvince}</msg>
<msg time="2025-04-21T09:37:44.644011" level="ERROR">Error in file 'D:\AML_Project\Resources\Menu_name\AML\ยื่นคำร้อง Manual\ปปง1-03\ปปง1-03_va.robot' on line 144: Setting variable '${2.2_ที่อยู่_ประเทศ_ตำบล_เลือก}' failed: Resolving variable '${companySubdistrict_ส่วน2}' failed: Variable '${companySubdistrict_ส}' not found. Did you mean:
    ${companySubdistrict}
    ${companyDistrict}</msg>
<msg time="2025-04-21T09:37:44.659788" level="ERROR">Error in file 'D:\AML_Project\Resources\Menu_name\AML\ยื่นคำร้อง Manual\ปปง1-03\ปปง1-03_va.robot' on line 142: Setting variable '${2.2_ที่อยู่_ประเทศ_อำเภอ_เลือก}' failed: Resolving variable '${companyDistrict_ส่วน2}' failed: Variable '${companyDistrict_ส}' not found. Did you mean:
    ${companyDistrict}
    ${companySubdistrict}</msg>
<msg time="2025-04-21T09:37:44.659788" level="ERROR">Error in file 'D:\AML_Project\Resources\Menu_name\AML\ยื่นคำร้อง Manual\ปปง1-03\ปปง1-03_va.robot' on line 149: Setting variable '${2.3อาชีพ_เลือก}' failed: Resolving variable '${เลือกอาชีพ_ส่วน2}' failed: Variable '${เล}' not found.</msg>
<msg time="2025-04-21T09:37:47.501784" level="WARN">The chromedriver version (134.0.6998.88) detected in PATH at C:\Users\suravesi\AppData\Local\Programs\Python\Python38\chromedriver.exe might not be compatible with the detected chrome version (135.0.7049.96); currently, chromedriver 135.0.7049.95 is recommended for chrome 135.*, so it is advised to delete the driver in PATH and retry</msg>
</errors>
</robot>
