<?xml version="1.0" encoding="UTF-8"?>
<robot generator="Robot 7.0.1 (Python 3.8.7 on win32)" generated="2025-07-25T13:35:13.338710" rpa="false" schemaversion="5">
<suite id="s1" name="SC WL 006" source="D:\AML_Project\TestCase\Watchlist Screening\Watchlist\SC_WL_006.robot">
<test id="s1-t1" name="1.open web IBank &amp; Login" line="19">
<kw name="Enteropen web IBank &amp; Login" owner="main_keywords">
<kw name="Open Browser" owner="SeleniumLibrary">
<msg time="2025-07-25T13:35:14.169127" level="INFO">Opening browser 'chrome' to base url 'https://dev.aml.ibank.co.th/'.</msg>
<arg>${URL:IBank}</arg>
<arg>${Browser}</arg>
<arg>options=add_argument("--ignore-certificate-errors")</arg>
<doc>Opens a new browser instance to the optional ``url``.</doc>
<status status="PASS" start="2025-07-25T13:35:14.168127" elapsed="6.548767"/>
</kw>
<kw name="Maximize Browser Window" owner="SeleniumLibrary">
<doc>Maximizes current browser window.</doc>
<status status="PASS" start="2025-07-25T13:35:20.717965" elapsed="0.036637"/>
</kw>
<kw name="Set Selenium Speed" owner="SeleniumLibrary">
<arg>0.5s</arg>
<doc>Sets the delay that is waited after each Selenium command.</doc>
<status status="PASS" start="2025-07-25T13:35:20.754602" elapsed="0.000987"/>
</kw>
<status status="PASS" start="2025-07-25T13:35:14.166137" elapsed="6.589452"/>
</kw>
<kw name="เข้าด้วยUserระดับฝ่ายกำกับพนักงาน" owner="main_keywords">
<kw name="Wait Until Element Is Visible" owner="SeleniumLibrary">
<arg>xpath=//input[contains(@class, 'inputLogin')]</arg>
<arg>5s</arg>
<doc>Waits until the element ``locator`` is visible.</doc>
<status status="PASS" start="2025-07-25T13:35:20.756588" elapsed="1.179728"/>
</kw>
<kw name="Input Text" owner="SeleniumLibrary">
<msg time="2025-07-25T13:35:21.938822" level="INFO">Typing text '530433' into text field 'xpath=//input[contains(@class, 'inputLogin')]'.</msg>
<arg>xpath=//input[contains(@class, 'inputLogin')]</arg>
<arg>${ID:ฝ่ายกำกับพนักงาน}</arg>
<doc>Types the given ``text`` into the text field identified by ``locator``.</doc>
<status status="PASS" start="2025-07-25T13:35:21.937788" elapsed="1.720024"/>
</kw>
<kw name="Input Password" owner="SeleniumLibrary">
<msg time="2025-07-25T13:35:23.659819" level="INFO">Typing password into text field 'xpath=//input[contains(@class, 'inputLogin') and @type='password']'.</msg>
<msg time="2025-07-25T13:35:24.757563" level="INFO">Temporally setting log level to: NONE</msg>
<arg>xpath=//input[contains(@class, 'inputLogin') and @type='password']</arg>
<arg>${password:ฝ่ายกำกับพนักงาน}</arg>
<doc>Types the given password into the text field identified by ``locator``.</doc>
<status status="PASS" start="2025-07-25T13:35:23.658820" elapsed="1.706275"/>
</kw>
<kw name="Click Element" owner="SeleniumLibrary">
<msg time="2025-07-25T13:35:25.367097" level="INFO">Clicking element '//button[contains(@class, 'mat-raised-button')]'.</msg>
<arg>//button[contains(@class, 'mat-raised-button')]</arg>
<doc>Click the element identified by ``locator``.</doc>
<status status="PASS" start="2025-07-25T13:35:25.366099" elapsed="1.212225"/>
</kw>
<kw name="Run Keyword And Ignore Error" owner="BuiltIn">
<kw name="ยืนยันการเข้าระบบ" owner="main_keywords">
<kw name="Wait Until Element Is Visible" owner="SeleniumLibrary">
<arg>//button[contains(@class, 'mat-raised-button')]//i[contains(@class, 'fa-check')]</arg>
<doc>Waits until the element ``locator`` is visible.</doc>
<status status="PASS" start="2025-07-25T13:35:26.581326" elapsed="1.056440"/>
</kw>
<kw name="Click Element" owner="SeleniumLibrary">
<msg time="2025-07-25T13:35:27.639770" level="INFO">Clicking element '//button[contains(@class, 'mat-raised-button')]//i[contains(@class, 'fa-check')]'.</msg>
<arg>//button[contains(@class, 'mat-raised-button')]//i[contains(@class, 'fa-check')]</arg>
<doc>Click the element identified by ``locator``.</doc>
<status status="PASS" start="2025-07-25T13:35:27.638768" elapsed="1.164191"/>
</kw>
<status status="PASS" start="2025-07-25T13:35:26.580325" elapsed="2.224653"/>
</kw>
<arg>ยืนยันการเข้าระบบ</arg>
<doc>Runs the given keyword with the given arguments and ignores possible error.</doc>
<status status="PASS" start="2025-07-25T13:35:26.579324" elapsed="2.225654"/>
</kw>
<kw name="Run Keyword And Ignore Error" owner="BuiltIn">
<kw name="ยืนยันการข้าม Pop-up" owner="main_keywords">
<kw name="Wait Until Element Is Visible" owner="SeleniumLibrary">
<msg time="2025-07-25T13:35:34.670429" level="INFO" html="true">&lt;/td&gt;&lt;/tr&gt;&lt;tr&gt;&lt;td colspan="3"&gt;&lt;a href="selenium-screenshot-1.png"&gt;&lt;img src="selenium-screenshot-1.png" width="800px"&gt;&lt;/a&gt;</msg>
<msg time="2025-07-25T13:35:34.671428" level="FAIL">Element 'xpath=//button[.//span[normalize-space(text())='Close']]' not visible after 5 seconds.</msg>
<arg>xpath=//button[.//span[normalize-space(text())='Close']]</arg>
<arg>timeout=5s</arg>
<doc>Waits until the element ``locator`` is visible.</doc>
<status status="FAIL" start="2025-07-25T13:35:28.810519" elapsed="5.873227">Element 'xpath=//button[.//span[normalize-space(text())='Close']]' not visible after 5 seconds.</status>
</kw>
<kw name="Click Element" owner="SeleniumLibrary">
<arg>xpath=//button[.//span[normalize-space(text())='Close']]</arg>
<doc>Click the element identified by ``locator``.</doc>
<status status="NOT RUN" start="2025-07-25T13:35:34.683746" elapsed="0.000997"/>
</kw>
<status status="FAIL" start="2025-07-25T13:35:28.809515" elapsed="5.875228">Element 'xpath=//button[.//span[normalize-space(text())='Close']]' not visible after 5 seconds.</status>
</kw>
<arg>ยืนยันการข้าม Pop-up</arg>
<doc>Runs the given keyword with the given arguments and ignores possible error.</doc>
<status status="PASS" start="2025-07-25T13:35:28.805976" elapsed="5.878767"/>
</kw>
<status status="PASS" start="2025-07-25T13:35:20.756588" elapsed="13.929158"/>
</kw>
<doc>ทดสอบการแสดงหน้าเว็ปและการเข้าสู่ระบบ</doc>
<status status="PASS" start="2025-07-25T13:35:14.163130" elapsed="20.523613"/>
</test>
<test id="s1-t2" name="2.เลือกMenu Watch List" line="24">
<kw name="เข้าMenu Watch List" owner="WatchList Keywords">
<kw name="Click Element" owner="SeleniumLibrary">
<msg time="2025-07-25T13:35:34.693356" level="INFO">Clicking element 'xpath=//a[contains(@class, 'sidebar-link') and .//div[contains(text(), 'Watch List')]]'.</msg>
<arg>${Watch List_menuXPATH}</arg>
<doc>Click the element identified by ``locator``.</doc>
<status status="PASS" start="2025-07-25T13:35:34.692356" elapsed="1.187909"/>
</kw>
<kw name="Click Element" owner="SeleniumLibrary">
<msg time="2025-07-25T13:35:35.882791" level="INFO">Clicking element 'xpath=//a[contains(@class, 'mat-list-item') and contains(., 'Watch List')]'.</msg>
<arg>${Watch List}</arg>
<doc>Click the element identified by ``locator``.</doc>
<status status="PASS" start="2025-07-25T13:35:35.881776" elapsed="1.192366"/>
</kw>
<status status="PASS" start="2025-07-25T13:35:34.691468" elapsed="2.382674"/>
</kw>
<kw name="Sleep" owner="BuiltIn">
<msg time="2025-07-25T13:35:40.078838" level="INFO">Slept 3 seconds.</msg>
<arg>3s</arg>
<doc>Pauses the test executed for the given time.</doc>
<status status="PASS" start="2025-07-25T13:35:37.075141" elapsed="3.003697"/>
</kw>
<doc>เข้าหน้า Watchlist</doc>
<status status="PASS" start="2025-07-25T13:35:34.689829" elapsed="5.391382"/>
</test>
<test id="s1-t3" name="3ระบุข้อมูล" line="28">
<kw name="ค้นหาข้อมูลกรุณาเลือกประเภทในการค้นหา-นิติบุคคุล" owner="WatchList Keywords">
<kw name="Click Element" owner="SeleniumLibrary">
<msg time="2025-07-25T13:35:40.089764" level="INFO">Clicking element '//mat-radio-button[.//span[normalize-space(text())='นิติบุคคล']]'.</msg>
<arg>${กรุณาเลือกประเภทในการค้นหา_นิติบุคคล}</arg>
<doc>Click the element identified by ``locator``.</doc>
<status status="PASS" start="2025-07-25T13:35:40.088756" elapsed="1.235560"/>
</kw>
<status status="PASS" start="2025-07-25T13:35:40.087758" elapsed="1.237779"/>
</kw>
<kw name="ความแม่นยำในการค้นหา 90%" owner="WatchList Keywords">
<kw name="Click Element" owner="SeleniumLibrary">
<msg time="2025-07-25T13:35:41.328560" level="INFO">Clicking element '//mat-radio-button[.//span[contains(text(), '90%')]]'.</msg>
<arg>${% ความแม่นยำในการค้นหา_90}</arg>
<doc>Click the element identified by ``locator``.</doc>
<status status="PASS" start="2025-07-25T13:35:41.327560" elapsed="1.192587"/>
</kw>
<status status="PASS" start="2025-07-25T13:35:41.326563" elapsed="1.194358"/>
</kw>
<kw name="ตรวจสอบด้วยชื่อนิติบุคคลไทย" owner="WatchList Keywords">
<kw name="Click Element" owner="SeleniumLibrary">
<msg time="2025-07-25T13:35:42.524485" level="INFO">Clicking element '//mat-radio-button//label[.//span[contains(text(), 'ตรวจสอบด้วย ชื่อภาษาไทย')]]'.</msg>
<arg>${ตรวจสอบด้วย ชื่อภาษาไทย_xpath}</arg>
<doc>Click the element identified by ``locator``.</doc>
<status status="PASS" start="2025-07-25T13:35:42.523479" elapsed="1.181871"/>
</kw>
<kw name="Input Text" owner="SeleniumLibrary">
<msg time="2025-07-25T13:35:43.707358" level="INFO">Typing text 'ไทย เวิลด์ กรุงเทพ จำกัด' into text field '//input[@name='nameThai']'.</msg>
<arg>${ตรวจสอบด้วย ชื่อภาษาไทย ชื่อนิติบุคคล_xpath}</arg>
<arg>${ตรวจสอบด้วย ชื่อภาษาไทย ชื่อนิติบุคคล}</arg>
<doc>Types the given ``text`` into the text field identified by ``locator``.</doc>
<status status="PASS" start="2025-07-25T13:35:43.706360" elapsed="1.804129"/>
</kw>
<status status="PASS" start="2025-07-25T13:35:42.522485" elapsed="2.989003"/>
</kw>
<kw name="ข้อมูลเพิ่มเติมในการค้นหาวันที่จดทะเบียน" owner="WatchList Keywords">
<kw name="Input Text" owner="SeleniumLibrary">
<msg time="2025-07-25T13:35:45.514447" level="INFO">Typing text '10/05/2562' into text field '//input[@name='hdate']'.</msg>
<arg>${วันที่จดทะเบียน_xpath}</arg>
<arg>${วันที่จดทะเบียน}</arg>
<doc>Types the given ``text`` into the text field identified by ``locator``.</doc>
<status status="PASS" start="2025-07-25T13:35:45.512933" elapsed="1.779008"/>
</kw>
<status status="PASS" start="2025-07-25T13:35:45.511488" elapsed="1.780453"/>
</kw>
<kw name="กดปุ่มตรวจสอบ" owner="WatchList Keywords">
<kw name="Click Element" owner="SeleniumLibrary">
<msg time="2025-07-25T13:35:47.295961" level="INFO">Clicking element '//button[.//span[contains(text(),'ตรวจสอบ')]]'.</msg>
<arg>${ปุ่มตรวจสอบ}</arg>
<doc>Click the element identified by ``locator``.</doc>
<status status="PASS" start="2025-07-25T13:35:47.294956" elapsed="1.203176"/>
</kw>
<status status="PASS" start="2025-07-25T13:35:47.293959" elapsed="1.206181"/>
</kw>
<doc>ตรวจสอบข้อมูลWatchlist ด้วยชื่อภาษาไทย</doc>
<status status="PASS" start="2025-07-25T13:35:40.084230" elapsed="8.418445"/>
</test>
<test id="s1-t4" name="จบการทำงาน" line="38">
<kw name="จบการทำงาน" owner="main_keywords">
<kw name="Sleep" owner="BuiltIn">
<msg time="2025-07-25T13:35:53.522321" level="INFO">Slept 5 seconds.</msg>
<arg>5s</arg>
<doc>Pauses the test executed for the given time.</doc>
<status status="PASS" start="2025-07-25T13:35:48.508686" elapsed="5.013635"/>
</kw>
<kw name="Capture Page Screenshot" owner="SeleniumLibrary">
<msg time="2025-07-25T13:35:54.330147" level="INFO" html="true">&lt;/td&gt;&lt;/tr&gt;&lt;tr&gt;&lt;td colspan="3"&gt;&lt;a href="selenium-screenshot-2.png"&gt;&lt;img src="selenium-screenshot-2.png" width="800px"&gt;&lt;/a&gt;</msg>
<doc>Takes a screenshot of the current page and embeds it into a log file.</doc>
<status status="PASS" start="2025-07-25T13:35:53.523321" elapsed="0.806826"/>
</kw>
<kw name="Log" owner="BuiltIn">
<msg time="2025-07-25T13:35:54.331668" level="INFO">Test Teardown Completed</msg>
<arg>Test Teardown Completed</arg>
<doc>Logs the given message with the given level.</doc>
<status status="PASS" start="2025-07-25T13:35:54.331668" elapsed="0.000000"/>
</kw>
<kw name="Close Browser" owner="SeleniumLibrary">
<doc>Closes the current browser.</doc>
<status status="PASS" start="2025-07-25T13:35:54.332686" elapsed="4.159871"/>
</kw>
<status status="PASS" start="2025-07-25T13:35:48.507687" elapsed="9.985887"/>
</kw>
<status status="PASS" start="2025-07-25T13:35:48.505689" elapsed="9.988883"/>
</test>
<doc>ทดสอบการทำงาน Watch List SC_WL_006</doc>
<status status="PASS" start="2025-07-25T13:35:13.361367" elapsed="45.135898"/>
</suite>
<statistics>
<total>
<stat pass="4" fail="0" skip="0">All Tests</stat>
</total>
<tag>
</tag>
<suite>
<stat pass="4" fail="0" skip="0" id="s1" name="SC WL 006">SC WL 006</stat>
</suite>
</statistics>
<errors>
</errors>
</robot>
