<?xml version="1.0" encoding="UTF-8"?>
<robot generator="Robot 7.3.2 (Python 3.8.7 on win32)" generated="2025-07-30T16:11:38.168017" rpa="false" schemaversion="5">
<suite id="s1" name="TC KYC 002" source="D:\AML_Project\TestCase\KYC\Manual Key In\TC_KYC_002.robot">
<test id="s1-t1" name="1.open web IBank &amp; Login" line="59">
<kw name="Enteropen web IBank &amp; Login" owner="main_keywords">
<kw name="Open Browser" owner="SeleniumLibrary">
<msg time="2025-07-30T16:11:38.780306" level="INFO">Opening browser 'chrome' to base url 'https://172.26.59.117/login'.</msg>
<arg>${URL:IBank}</arg>
<arg>${Browser}</arg>
<arg>options=add_argument("--ignore-certificate-errors")</arg>
<doc>Opens a new browser instance to the optional ``url``.</doc>
<status status="PASS" start="2025-07-30T16:11:38.780306" elapsed="6.771342"/>
</kw>
<kw name="Maximize Browser Window" owner="SeleniumLibrary">
<doc>Maximizes current browser window.</doc>
<status status="PASS" start="2025-07-30T16:11:45.552650" elapsed="0.027808"/>
</kw>
<kw name="Set Selenium Speed" owner="SeleniumLibrary">
<arg>0.5s</arg>
<doc>Sets the delay that is waited after each Selenium command.</doc>
<status status="PASS" start="2025-07-30T16:11:45.580458" elapsed="0.001000"/>
</kw>
<status status="PASS" start="2025-07-30T16:11:38.780306" elapsed="6.801152"/>
</kw>
<kw name="เข้าด้วยUserระดับพนักงาน" owner="main_keywords">
<kw name="Wait Until Element Is Visible" owner="SeleniumLibrary">
<arg>xpath=//input[contains(@class, 'inputLogin')]</arg>
<doc>Waits until the element ``locator`` is visible.</doc>
<status status="PASS" start="2025-07-30T16:11:45.582459" elapsed="1.756036"/>
</kw>
<kw name="Input Text" owner="SeleniumLibrary">
<msg time="2025-07-30T16:11:47.338495" level="INFO">Typing text '540763' into text field 'xpath=//input[contains(@class, 'inputLogin')]'.</msg>
<arg>xpath=//input[contains(@class, 'inputLogin')]</arg>
<arg>${ID:พนักงาน}</arg>
<doc>Types the given ``text`` into the text field identified by ``locator``.</doc>
<status status="PASS" start="2025-07-30T16:11:47.338495" elapsed="1.629959"/>
</kw>
<kw name="Input Password" owner="SeleniumLibrary">
<msg time="2025-07-30T16:11:48.969485" level="INFO">Typing password into text field 'xpath=//input[contains(@class, 'inputLogin') and @type='password']'.</msg>
<msg time="2025-07-30T16:11:50.019028" level="INFO">Temporally setting log level to: NONE</msg>
<arg>xpath=//input[contains(@class, 'inputLogin') and @type='password']</arg>
<arg>${password:พนักงาน}</arg>
<doc>Types the given password into the text field identified by ``locator``.</doc>
<status status="PASS" start="2025-07-30T16:11:48.969485" elapsed="1.595429"/>
</kw>
<kw name="Click Element" owner="SeleniumLibrary">
<msg time="2025-07-30T16:11:50.564914" level="INFO">Clicking element '//button[contains(@class, 'mat-raised-button')]'.</msg>
<arg>//button[contains(@class, 'mat-raised-button')]</arg>
<doc>Click the element identified by ``locator``.</doc>
<status status="PASS" start="2025-07-30T16:11:50.564914" elapsed="1.075299"/>
</kw>
<kw name="Run Keyword And Ignore Error" owner="BuiltIn">
<kw name="ยืนยันการเข้าระบบ" owner="main_keywords">
<kw name="Wait Until Element Is Visible" owner="SeleniumLibrary">
<arg>//button[contains(@class, 'mat-raised-button')]//i[contains(@class, 'fa-check')]</arg>
<doc>Waits until the element ``locator`` is visible.</doc>
<status status="PASS" start="2025-07-30T16:11:51.642661" elapsed="1.044466"/>
</kw>
<kw name="Click Element" owner="SeleniumLibrary">
<msg time="2025-07-30T16:11:52.687127" level="INFO">Clicking element '//button[contains(@class, 'mat-raised-button')]//i[contains(@class, 'fa-check')]'.</msg>
<arg>//button[contains(@class, 'mat-raised-button')]//i[contains(@class, 'fa-check')]</arg>
<doc>Click the element identified by ``locator``.</doc>
<status status="PASS" start="2025-07-30T16:11:52.687127" elapsed="1.072942"/>
</kw>
<status status="PASS" start="2025-07-30T16:11:51.641627" elapsed="2.118442"/>
</kw>
<arg>ยืนยันการเข้าระบบ</arg>
<doc>Runs the given keyword with the given arguments and ignores possible error.</doc>
<status status="PASS" start="2025-07-30T16:11:51.640213" elapsed="2.119856"/>
</kw>
<kw name="Run Keyword And Ignore Error" owner="BuiltIn">
<kw name="ยืนยันการข้าม Pop-up" owner="main_keywords">
<kw name="Wait Until Element Is Visible" owner="SeleniumLibrary">
<msg time="2025-07-30T16:11:59.437331" level="INFO" html="true">&lt;/td&gt;&lt;/tr&gt;&lt;tr&gt;&lt;td colspan="3"&gt;&lt;a href="selenium-screenshot-1.png"&gt;&lt;img src="selenium-screenshot-1.png" width="800px"&gt;&lt;/a&gt;</msg>
<msg time="2025-07-30T16:11:59.437331" level="FAIL">Element 'xpath=//button[.//span[normalize-space(text())='Close']]' not visible after 5 seconds.</msg>
<arg>xpath=//button[.//span[normalize-space(text())='Close']]</arg>
<arg>timeout=5s</arg>
<doc>Waits until the element ``locator`` is visible.</doc>
<status status="FAIL" start="2025-07-30T16:11:53.760069" elapsed="5.700689">Element 'xpath=//button[.//span[normalize-space(text())='Close']]' not visible after 5 seconds.</status>
</kw>
<kw name="Click Element" owner="SeleniumLibrary">
<arg>xpath=//button[.//span[normalize-space(text())='Close']]</arg>
<doc>Click the element identified by ``locator``.</doc>
<status status="NOT RUN" start="2025-07-30T16:11:59.460758" elapsed="0.000000"/>
</kw>
<status status="FAIL" start="2025-07-30T16:11:53.760069" elapsed="5.700689">Element 'xpath=//button[.//span[normalize-space(text())='Close']]' not visible after 5 seconds.</status>
</kw>
<arg>ยืนยันการข้าม Pop-up</arg>
<doc>Runs the given keyword with the given arguments and ignores possible error.</doc>
<status status="PASS" start="2025-07-30T16:11:53.760069" elapsed="5.701708"/>
</kw>
<status status="PASS" start="2025-07-30T16:11:45.582459" elapsed="13.879318"/>
</kw>
<doc>ทดสอบการทำงาน KYC Manual Key in TC_KYC_001</doc>
<status status="PASS" start="2025-07-30T16:11:38.780306" elapsed="20.681471"/>
</test>
<test id="s1-t2" name="2.เข้าหน้าจอKYC เลือกระบบ Manual Key in" line="63">
<kw name="เข้าหน้าจอKYC เลือกระบบ Manual Key in" owner="ManualKeyIn Keywords">
<kw name="Wait Until Element Is Visible" owner="SeleniumLibrary">
<arg>${KYC-ไทย}</arg>
<doc>Waits until the element ``locator`` is visible.</doc>
<status status="PASS" start="2025-07-30T16:11:59.464893" elapsed="1.036328"/>
</kw>
<kw name="Click Element" owner="SeleniumLibrary">
<msg time="2025-07-30T16:12:00.501221" level="INFO">Clicking element 'xpath=//a[contains(@class, 'sidebar-link') and .//div[contains(text(), 'KYC')]]'.</msg>
<arg>${KYC-ไทย}</arg>
<doc>Click the element identified by ``locator``.</doc>
<status status="PASS" start="2025-07-30T16:12:00.501221" elapsed="1.062689"/>
</kw>
<kw name="Wait Until Element Is Visible" owner="SeleniumLibrary">
<arg>${ยืนยันตัวตน}</arg>
<doc>Waits until the element ``locator`` is visible.</doc>
<status status="PASS" start="2025-07-30T16:12:01.563910" elapsed="1.011757"/>
</kw>
<kw name="Click Element" owner="SeleniumLibrary">
<msg time="2025-07-30T16:12:02.575667" level="INFO">Clicking element 'xpath=//a[contains(@class, 'mat-list-item') and contains(., 'ยืนยันตัวตน')]'.</msg>
<arg>${ยืนยันตัวตน}</arg>
<doc>Click the element identified by ``locator``.</doc>
<status status="PASS" start="2025-07-30T16:12:02.575667" elapsed="1.054005"/>
</kw>
<kw name="Wait Until Element Is Visible" owner="SeleniumLibrary">
<arg>${ไทย Manual Key In}</arg>
<doc>Waits until the element ``locator`` is visible.</doc>
<status status="PASS" start="2025-07-30T16:12:03.630878" elapsed="1.038878"/>
</kw>
<kw name="Click Element" owner="SeleniumLibrary">
<msg time="2025-07-30T16:12:04.669756" level="INFO">Clicking element '//button[h4[contains(text(), 'Manual Key In')]]'.</msg>
<arg>${ไทย Manual Key In}</arg>
<doc>Click the element identified by ``locator``.</doc>
<status status="PASS" start="2025-07-30T16:12:04.669756" elapsed="1.092277"/>
</kw>
<status status="PASS" start="2025-07-30T16:11:59.463863" elapsed="6.298170"/>
</kw>
<status status="PASS" start="2025-07-30T16:11:59.462833" elapsed="6.299200"/>
</test>
<test id="s1-t3" name="3.ระบุข้อมูลส่วนของManual Key in" line="67">
<kw name="ระบุเลขที่บัตรประจำตัวประชาชนและlaserCode" owner="ManualKeyIn Keywords">
<kw name="เรียกเลขประจำตัวประชาชน" owner="KYC Variables">
<kw name="สุ่มเลขบัตร13หลัก" owner="KYC Variables">
<kw name="Evaluate" owner="BuiltIn">
<msg time="2025-07-30T16:12:05.762033" level="INFO">${digits} = [1, 4, 2, 0, 5, 1, 7, 4, 6, 8, 0, 3]</msg>
<var>${digits}</var>
<arg>[random.randint(0,9) for _ in range(12)]</arg>
<arg>modules=random</arg>
<doc>Evaluates the given expression in Python and returns the result.</doc>
<status status="PASS" start="2025-07-30T16:12:05.762033" elapsed="0.000000"/>
</kw>
<kw name="Evaluate" owner="BuiltIn">
<msg time="2025-07-30T16:12:05.762033" level="INFO">${total} = 277</msg>
<var>${total}</var>
<arg>sum([x*(13-i) for i,x in enumerate(${digits})])</arg>
<doc>Evaluates the given expression in Python and returns the result.</doc>
<status status="PASS" start="2025-07-30T16:12:05.762033" elapsed="0.000000"/>
</kw>
<kw name="Evaluate" owner="BuiltIn">
<msg time="2025-07-30T16:12:05.762033" level="INFO">${check} = 9</msg>
<var>${check}</var>
<arg>(11 - (${total} % 11)) % 10</arg>
<doc>Evaluates the given expression in Python and returns the result.</doc>
<status status="PASS" start="2025-07-30T16:12:05.762033" elapsed="0.000000"/>
</kw>
<kw name="Evaluate" owner="BuiltIn">
<msg time="2025-07-30T16:12:05.762033" level="INFO">${digits} = [1, 4, 2, 0, 5, 1, 7, 4, 6, 8, 0, 3, 9]</msg>
<var>${digits}</var>
<arg>${digits} + [${check}]</arg>
<doc>Evaluates the given expression in Python and returns the result.</doc>
<status status="PASS" start="2025-07-30T16:12:05.762033" elapsed="0.000000"/>
</kw>
<kw name="Evaluate" owner="BuiltIn">
<msg time="2025-07-30T16:12:05.762033" level="INFO">${random_number} = 1420517468039</msg>
<var>${random_number}</var>
<arg>''.join(str(x) for x in ${digits})</arg>
<doc>Evaluates the given expression in Python and returns the result.</doc>
<status status="PASS" start="2025-07-30T16:12:05.762033" elapsed="0.000000"/>
</kw>
<kw name="Set Suite Variable" owner="BuiltIn">
<msg time="2025-07-30T16:12:05.762033" level="INFO">${random_number} = 1420517468039</msg>
<arg>${random_number}</arg>
<arg>${random_number}</arg>
<doc>Makes a variable available everywhere within the scope of the current suite.</doc>
<status status="PASS" start="2025-07-30T16:12:05.762033" elapsed="0.000000"/>
</kw>
<return>
<value>${random_number}</value>
<status status="PASS" start="2025-07-30T16:12:05.762033" elapsed="0.000000"/>
</return>
<status status="PASS" start="2025-07-30T16:12:05.762033" elapsed="0.000000"/>
</kw>
<kw name="ใช้งานเลขบัตร" owner="KYC Variables">
<kw name="สุ่มเลขบัตร13หลัก" owner="KYC Variables">
<kw name="Evaluate" owner="BuiltIn">
<msg time="2025-07-30T16:12:05.777454" level="INFO">${digits} = [4, 3, 4, 1, 0, 2, 3, 2, 8, 9, 3, 2]</msg>
<var>${digits}</var>
<arg>[random.randint(0,9) for _ in range(12)]</arg>
<arg>modules=random</arg>
<doc>Evaluates the given expression in Python and returns the result.</doc>
<status status="PASS" start="2025-07-30T16:12:05.777454" elapsed="0.000000"/>
</kw>
<kw name="Evaluate" owner="BuiltIn">
<msg time="2025-07-30T16:12:05.777454" level="INFO">${total} = 280</msg>
<var>${total}</var>
<arg>sum([x*(13-i) for i,x in enumerate(${digits})])</arg>
<doc>Evaluates the given expression in Python and returns the result.</doc>
<status status="PASS" start="2025-07-30T16:12:05.777454" elapsed="0.000000"/>
</kw>
<kw name="Evaluate" owner="BuiltIn">
<msg time="2025-07-30T16:12:05.777454" level="INFO">${check} = 6</msg>
<var>${check}</var>
<arg>(11 - (${total} % 11)) % 10</arg>
<doc>Evaluates the given expression in Python and returns the result.</doc>
<status status="PASS" start="2025-07-30T16:12:05.777454" elapsed="0.000000"/>
</kw>
<kw name="Evaluate" owner="BuiltIn">
<msg time="2025-07-30T16:12:05.777454" level="INFO">${digits} = [4, 3, 4, 1, 0, 2, 3, 2, 8, 9, 3, 2, 6]</msg>
<var>${digits}</var>
<arg>${digits} + [${check}]</arg>
<doc>Evaluates the given expression in Python and returns the result.</doc>
<status status="PASS" start="2025-07-30T16:12:05.777454" elapsed="0.000000"/>
</kw>
<kw name="Evaluate" owner="BuiltIn">
<msg time="2025-07-30T16:12:05.777454" level="INFO">${random_number} = 4341023289326</msg>
<var>${random_number}</var>
<arg>''.join(str(x) for x in ${digits})</arg>
<doc>Evaluates the given expression in Python and returns the result.</doc>
<status status="PASS" start="2025-07-30T16:12:05.777454" elapsed="0.000000"/>
</kw>
<kw name="Set Suite Variable" owner="BuiltIn">
<msg time="2025-07-30T16:12:05.777454" level="INFO">${random_number} = 4341023289326</msg>
<arg>${random_number}</arg>
<arg>${random_number}</arg>
<doc>Makes a variable available everywhere within the scope of the current suite.</doc>
<status status="PASS" start="2025-07-30T16:12:05.777454" elapsed="0.000000"/>
</kw>
<return>
<value>${random_number}</value>
<status status="PASS" start="2025-07-30T16:12:05.777454" elapsed="0.000000"/>
</return>
<msg time="2025-07-30T16:12:05.777454" level="INFO">${เลขประจำตัวประชาชน} = 4341023289326</msg>
<var>${เลขประจำตัวประชาชน}</var>
<status status="PASS" start="2025-07-30T16:12:05.777454" elapsed="0.000000"/>
</kw>
<kw name="Set Suite Variable" owner="BuiltIn">
<msg time="2025-07-30T16:12:05.777454" level="INFO">${เลขประจำตัวประชาชน} = 4341023289326</msg>
<arg>${เลขประจำตัวประชาชน}</arg>
<arg>${เลขประจำตัวประชาชน}</arg>
<doc>Makes a variable available everywhere within the scope of the current suite.</doc>
<status status="PASS" start="2025-07-30T16:12:05.777454" elapsed="0.000000"/>
</kw>
<return>
<value>${เลขประจำตัวประชาชน}</value>
<status status="PASS" start="2025-07-30T16:12:05.777454" elapsed="0.000000"/>
</return>
<status status="PASS" start="2025-07-30T16:12:05.762033" elapsed="0.015421"/>
</kw>
<status status="PASS" start="2025-07-30T16:12:05.762033" elapsed="0.015421"/>
</kw>
<kw name="Wait Until Element Is Visible" owner="SeleniumLibrary">
<arg>${เลขประจำตัวประชาชน_xpath}</arg>
<doc>Waits until the element ``locator`` is visible.</doc>
<status status="PASS" start="2025-07-30T16:12:05.777454" elapsed="1.042840"/>
</kw>
<kw name="Input Text" owner="SeleniumLibrary">
<msg time="2025-07-30T16:12:06.820294" level="INFO">Typing text '4341023289326' into text field '//input[@name='idCard']'.</msg>
<arg>${เลขประจำตัวประชาชน_xpath}</arg>
<arg>${เลขประจำตัวประชาชน}</arg>
<doc>Types the given ``text`` into the text field identified by ``locator``.</doc>
<status status="PASS" start="2025-07-30T16:12:06.820294" elapsed="1.653428"/>
</kw>
<kw name="สุ่มเลเซอร์โค้ด" owner="KYC Variables">
<kw name="Evaluate" owner="BuiltIn">
<msg time="2025-07-30T16:12:08.473722" level="INFO">${letters} = EF</msg>
<var>${letters}</var>
<arg>''.join(random.choices(string.ascii_uppercase, k=2))</arg>
<arg>modules=random,string</arg>
<doc>Evaluates the given expression in Python and returns the result.</doc>
<status status="PASS" start="2025-07-30T16:12:08.473722" elapsed="0.000000"/>
</kw>
<kw name="Evaluate" owner="BuiltIn">
<msg time="2025-07-30T16:12:08.473722" level="INFO">${numbers} = 1376866114</msg>
<var>${numbers}</var>
<arg>''.join(random.choices(string.digits, k=10))</arg>
<arg>modules=random,string</arg>
<doc>Evaluates the given expression in Python and returns the result.</doc>
<status status="PASS" start="2025-07-30T16:12:08.473722" elapsed="0.000000"/>
</kw>
<kw name="Catenate" owner="BuiltIn">
<msg time="2025-07-30T16:12:08.473722" level="INFO">${random_laser_code} = EF1376866114</msg>
<var>${random_laser_code}</var>
<arg>SEPARATOR=</arg>
<arg>${letters}</arg>
<arg>${numbers}</arg>
<doc>Catenates the given items together and returns the resulted string.</doc>
<status status="PASS" start="2025-07-30T16:12:08.473722" elapsed="0.000000"/>
</kw>
<kw name="Set Suite Variable" owner="BuiltIn">
<msg time="2025-07-30T16:12:08.473722" level="INFO">${random_laser_code} = EF1376866114</msg>
<arg>${random_laser_code}</arg>
<arg>${random_laser_code}</arg>
<doc>Makes a variable available everywhere within the scope of the current suite.</doc>
<status status="PASS" start="2025-07-30T16:12:08.473722" elapsed="0.000000"/>
</kw>
<return>
<value>${random_laser_code}</value>
<status status="PASS" start="2025-07-30T16:12:08.473722" elapsed="0.000000"/>
</return>
<status status="PASS" start="2025-07-30T16:12:08.473722" elapsed="0.000000"/>
</kw>
<kw name="Wait Until Element Is Visible" owner="SeleniumLibrary">
<arg>${laserCode_xpath}</arg>
<doc>Waits until the element ``locator`` is visible.</doc>
<status status="PASS" start="2025-07-30T16:12:08.473722" elapsed="1.040180"/>
</kw>
<kw name="Input Text" owner="SeleniumLibrary">
<msg time="2025-07-30T16:12:09.513902" level="INFO">Typing text 'EF1376866114' into text field '//input[@name='laserCode']'.</msg>
<arg>${laserCode_xpath}</arg>
<arg>${random_laser_code}</arg>
<doc>Types the given ``text`` into the text field identified by ``locator``.</doc>
<status status="PASS" start="2025-07-30T16:12:09.513902" elapsed="1.663655"/>
</kw>
<kw name="Log To Console" owner="BuiltIn">
<arg>เลขที่บัตร :${เลขประจำตัวประชาชน}</arg>
<doc>Logs the given message to the console.</doc>
<status status="PASS" start="2025-07-30T16:12:11.177557" elapsed="0.000000"/>
</kw>
<kw name="Log To Console" owner="BuiltIn">
<arg>laser_code :${random_laser_code}</arg>
<doc>Logs the given message to the console.</doc>
<status status="PASS" start="2025-07-30T16:12:11.177557" elapsed="0.000000"/>
</kw>
<kw name="Log" owner="BuiltIn">
<msg time="2025-07-30T16:12:11.177557" level="INFO">เลขที่บัตร :4341023289326</msg>
<arg>เลขที่บัตร :${เลขประจำตัวประชาชน}</arg>
<doc>Logs the given message with the given level.</doc>
<status status="PASS" start="2025-07-30T16:12:11.177557" elapsed="0.000000"/>
</kw>
<kw name="Log" owner="BuiltIn">
<msg time="2025-07-30T16:12:11.177557" level="INFO">laser_code :EF1376866114</msg>
<arg>laser_code :${random_laser_code}</arg>
<doc>Logs the given message with the given level.</doc>
<status status="PASS" start="2025-07-30T16:12:11.177557" elapsed="0.000000"/>
</kw>
<status status="PASS" start="2025-07-30T16:12:05.762033" elapsed="5.415524"/>
</kw>
<kw name="ระบุข้อมูล Manual Key in TH" owner="ManualKeyIn Keywords">
<kw name="Click Element" owner="SeleniumLibrary">
<msg time="2025-07-30T16:12:11.177557" level="INFO">Clicking element '(//mat-select[.//span[contains(text(),'โปรดระบุ')]])[1]'.</msg>
<arg>${คำนำหน้าชื่อTH_xpath}</arg>
<doc>Click the element identified by ``locator``.</doc>
<status status="PASS" start="2025-07-30T16:12:11.177557" elapsed="1.113901"/>
</kw>
<kw name="Click Element" owner="SeleniumLibrary">
<msg time="2025-07-30T16:12:12.291458" level="INFO">Clicking element '//mat-option/span[normalize-space(text())='นาย']'.</msg>
<arg>${คำนำหน้าชื่อTH_เลือก}</arg>
<doc>Click the element identified by ``locator``.</doc>
<status status="PASS" start="2025-07-30T16:12:12.291458" elapsed="1.089633"/>
</kw>
<kw name="Input Text" owner="SeleniumLibrary">
<msg time="2025-07-30T16:12:13.382620" level="INFO">Typing text 'คะแนน' into text field '//input[@name='thFirstName']'.</msg>
<arg>${ชื่อTH_xpath}</arg>
<arg>${ชื่อTH}</arg>
<doc>Types the given ``text`` into the text field identified by ``locator``.</doc>
<status status="PASS" start="2025-07-30T16:12:13.381091" elapsed="1.618092"/>
</kw>
<kw name="Input Text" owner="SeleniumLibrary">
<msg time="2025-07-30T16:12:14.999183" level="INFO">Typing text 'เต็มร้อย' into text field '//input[@name='thLastName']'.</msg>
<arg>${นามสกุลTH_xpath}</arg>
<arg>${นามสกุลTH}</arg>
<doc>Types the given ``text`` into the text field identified by ``locator``.</doc>
<status status="PASS" start="2025-07-30T16:12:14.999183" elapsed="1.631913"/>
</kw>
<status status="PASS" start="2025-07-30T16:12:11.177557" elapsed="5.453539"/>
</kw>
<kw name="ระบุข้อมูล Manual Key in EN" owner="ManualKeyIn Keywords">
<kw name="Click Element" owner="SeleniumLibrary">
<msg time="2025-07-30T16:12:16.631096" level="INFO">Clicking element '(//mat-select[.//span[contains(text(),'โปรดระบุ')]])[1]'.</msg>
<arg>${คำนำหน้าชื่อEN_xpath}</arg>
<doc>Click the element identified by ``locator``.</doc>
<status status="PASS" start="2025-07-30T16:12:16.631096" elapsed="1.075744"/>
</kw>
<kw name="Click Element" owner="SeleniumLibrary">
<msg time="2025-07-30T16:12:17.706840" level="INFO">Clicking element '//mat-option/span[normalize-space(text())='Mr.']'.</msg>
<arg>${คำนำหน้าชื่อEN_เลือก}</arg>
<doc>Click the element identified by ``locator``.</doc>
<status status="PASS" start="2025-07-30T16:12:17.706840" elapsed="1.099618"/>
</kw>
<kw name="Input Text" owner="SeleniumLibrary">
<msg time="2025-07-30T16:12:18.807555" level="INFO">Typing text 't' into text field '//input[@name='enFirstname']'.</msg>
<arg>${ชื่อEN_xpath}</arg>
<arg>${ชื่อEN}</arg>
<doc>Types the given ``text`` into the text field identified by ``locator``.</doc>
<status status="PASS" start="2025-07-30T16:12:18.806458" elapsed="1.610211"/>
</kw>
<kw name="Input Text" owner="SeleniumLibrary">
<msg time="2025-07-30T16:12:20.418927" level="INFO">Typing text 't' into text field '//input[@name='enLastname']'.</msg>
<arg>${นามสกุลEN_xpath}</arg>
<arg>${นามสกุลEN}</arg>
<doc>Types the given ``text`` into the text field identified by ``locator``.</doc>
<status status="PASS" start="2025-07-30T16:12:20.418372" elapsed="1.588160"/>
</kw>
<status status="PASS" start="2025-07-30T16:12:16.631096" elapsed="5.376153"/>
</kw>
<kw name="ระบุข้อมูลวันเกิด" owner="ManualKeyIn Keywords">
<kw name="Input Text" owner="SeleniumLibrary">
<msg time="2025-07-30T16:12:22.007249" level="INFO">Typing text '11/12/2540' into text field '//input[@name='birthday']'.</msg>
<arg>${วัน/เดือน/ปี เกิด_xpath}</arg>
<arg>${วัน/เดือน/ปี เกิด}</arg>
<doc>Types the given ``text`` into the text field identified by ``locator``.</doc>
<status status="PASS" start="2025-07-30T16:12:22.007249" elapsed="1.713608"/>
</kw>
<kw name="Input Text" owner="SeleniumLibrary">
<msg time="2025-07-30T16:12:23.721889" level="INFO">Typing text '11/12/2560' into text field '//input[@name='issue']'.</msg>
<arg>${วันที่ออกบัตร_xpath}</arg>
<arg>${วันที่ออกบัตร}</arg>
<doc>Types the given ``text`` into the text field identified by ``locator``.</doc>
<status status="PASS" start="2025-07-30T16:12:23.720857" elapsed="1.700806"/>
</kw>
<kw name="Input Text" owner="SeleniumLibrary">
<msg time="2025-07-30T16:12:25.421663" level="INFO">Typing text '11/12/2570' into text field '//input[@name='expire']'.</msg>
<arg>${วันที่บัตรหมดอายุ_xpath}</arg>
<arg>${วันที่บัตรหมดอายุ}</arg>
<doc>Types the given ``text`` into the text field identified by ``locator``.</doc>
<status status="PASS" start="2025-07-30T16:12:25.421663" elapsed="1.727383"/>
</kw>
<status status="PASS" start="2025-07-30T16:12:22.007249" elapsed="5.143050"/>
</kw>
<kw name="ระบุข้อมูลที่อยู่" owner="ManualKeyIn Keywords">
<kw name="Input Text" owner="SeleniumLibrary">
<msg time="2025-07-30T16:12:27.151069" level="INFO">Typing text '1' into text field '//input[@name='addressNumber']'.</msg>
<arg>${เลขที่_xpath}</arg>
<arg>${เลขที่}</arg>
<doc>Types the given ``text`` into the text field identified by ``locator``.</doc>
<status status="PASS" start="2025-07-30T16:12:27.151069" elapsed="1.621487"/>
</kw>
<kw name="Input Text" owner="SeleniumLibrary">
<msg time="2025-07-30T16:12:28.772556" level="INFO">Typing text '1' into text field '//input[@name='addressMoo']'.</msg>
<arg>${หมู่ที่_xpath}</arg>
<arg>${หมู่ที่}</arg>
<doc>Types the given ``text`` into the text field identified by ``locator``.</doc>
<status status="PASS" start="2025-07-30T16:12:28.772556" elapsed="1.621079"/>
</kw>
<kw name="Input Text" owner="SeleniumLibrary">
<msg time="2025-07-30T16:12:30.394923" level="INFO">Typing text '1' into text field '//input[@name='addressAlley']'.</msg>
<arg>${ตรอก_xpath}</arg>
<arg>${ตรอก}</arg>
<doc>Types the given ``text`` into the text field identified by ``locator``.</doc>
<status status="PASS" start="2025-07-30T16:12:30.394923" elapsed="1.604872"/>
</kw>
<kw name="Input Text" owner="SeleniumLibrary">
<msg time="2025-07-30T16:12:32.000821" level="INFO">Typing text '1' into text field '//input[@name='addressSoi']'.</msg>
<arg>${ซอย_xpath}</arg>
<arg>${ซอย}</arg>
<doc>Types the given ``text`` into the text field identified by ``locator``.</doc>
<status status="PASS" start="2025-07-30T16:12:32.000821" elapsed="1.591581"/>
</kw>
<kw name="Input Text" owner="SeleniumLibrary">
<msg time="2025-07-30T16:12:33.592402" level="INFO">Typing text '1' into text field '//input[@name='addressRoad']'.</msg>
<arg>${ถนน_xpath}</arg>
<arg>${ถนน}</arg>
<doc>Types the given ``text`` into the text field identified by ``locator``.</doc>
<status status="PASS" start="2025-07-30T16:12:33.592402" elapsed="1.595615"/>
</kw>
<kw name="Click Element" owner="SeleniumLibrary">
<msg time="2025-07-30T16:12:35.189385" level="INFO">Clicking element '(//mat-select[.//span[contains(text(),'โปรดระบุ')]])[1]'.</msg>
<arg>${จังหวัด_xpath}</arg>
<doc>Click the element identified by ``locator``.</doc>
<status status="PASS" start="2025-07-30T16:12:35.188017" elapsed="1.076016"/>
</kw>
<kw name="Click Element" owner="SeleniumLibrary">
<msg time="2025-07-30T16:12:36.265139" level="INFO">Clicking element 'xpath=//mat-option[.//span[contains(text(),'กรุงเทพ')]]'.</msg>
<arg>${จังหวัด_เลือก}</arg>
<doc>Click the element identified by ``locator``.</doc>
<status status="PASS" start="2025-07-30T16:12:36.265139" elapsed="1.092396"/>
</kw>
<kw name="Click Element" owner="SeleniumLibrary">
<msg time="2025-07-30T16:12:37.358594" level="INFO">Clicking element '(//mat-select[.//span[contains(text(),'โปรดระบุ')]])[1]'.</msg>
<arg>${อำเภอ_xpath}</arg>
<doc>Click the element identified by ``locator``.</doc>
<status status="PASS" start="2025-07-30T16:12:37.358594" elapsed="1.102862"/>
</kw>
<kw name="Click Element" owner="SeleniumLibrary">
<msg time="2025-07-30T16:12:38.461456" level="INFO">Clicking element 'xpath=//mat-option[.//span[contains(text(),'ธนบุรี')]]'.</msg>
<arg>${อำเภอ_เลือก}</arg>
<doc>Click the element identified by ``locator``.</doc>
<status status="PASS" start="2025-07-30T16:12:38.461456" elapsed="1.080447"/>
</kw>
<kw name="Click Element" owner="SeleniumLibrary">
<msg time="2025-07-30T16:12:39.541903" level="INFO">Clicking element '(//mat-select[.//span[contains(text(),'โปรดระบุ')]])[1]'.</msg>
<arg>${ตำบล_xpath}</arg>
<doc>Click the element identified by ``locator``.</doc>
<status status="PASS" start="2025-07-30T16:12:39.541903" elapsed="1.073100"/>
</kw>
<kw name="Click Element" owner="SeleniumLibrary">
<msg time="2025-07-30T16:12:40.615003" level="INFO">Clicking element 'xpath=//mat-option[.//span[contains(text(),'ดาวคะนอง')]]'.</msg>
<arg>${ตำบล_เลือก}</arg>
<doc>Click the element identified by ``locator``.</doc>
<status status="PASS" start="2025-07-30T16:12:40.615003" elapsed="1.090818"/>
</kw>
<kw name="Input Text" owner="SeleniumLibrary">
<msg time="2025-07-30T16:12:41.707933" level="INFO">Typing text '12345' into text field '//input[@name='zipCode']'.</msg>
<arg>${รหัสไปรษณีย์_xpath}</arg>
<arg>${รหัสไปรษณีย์}</arg>
<doc>Types the given ``text`` into the text field identified by ``locator``.</doc>
<status status="PASS" start="2025-07-30T16:12:41.706883" elapsed="1.616346"/>
</kw>
<status status="PASS" start="2025-07-30T16:12:27.151069" elapsed="16.172160"/>
</kw>
<kw name="อัพโหลดไฟล์" owner="ManualKeyIn Keywords">
<kw name="Sleep" owner="BuiltIn">
<msg time="2025-07-30T16:12:44.331195" level="INFO">Slept 1 second.</msg>
<arg>1s</arg>
<doc>Pauses the test executed for the given time.</doc>
<status status="PASS" start="2025-07-30T16:12:43.323229" elapsed="1.007966"/>
</kw>
<kw name="Choose File" owner="SeleniumLibrary">
<msg time="2025-07-30T16:12:44.332238" level="INFO">Sending D:\AML_Project\File\รูปบัตรประชาชน.png to browser.</msg>
<arg>${อัพโหลด_xpath}</arg>
<arg>${UPLOAD_FILE_PATH}</arg>
<doc>Inputs the ``file_path`` into the file input field ``locator``.</doc>
<status status="PASS" start="2025-07-30T16:12:44.332238" elapsed="1.055413"/>
</kw>
<status status="PASS" start="2025-07-30T16:12:43.323229" elapsed="2.065284"/>
</kw>
<kw name="กดปุ่มบันทึก" owner="ManualKeyIn Keywords">
<kw name="Click Element" owner="SeleniumLibrary">
<msg time="2025-07-30T16:12:45.388513" level="INFO">Clicking element '//button[.//span[contains(text(),'บันทึก')]]'.</msg>
<arg>${ปุ่มบันทึก}</arg>
<doc>Click the element identified by ``locator``.</doc>
<status status="PASS" start="2025-07-30T16:12:45.388513" elapsed="1.104327"/>
</kw>
<status status="PASS" start="2025-07-30T16:12:45.388513" elapsed="1.104327"/>
</kw>
<status status="PASS" start="2025-07-30T16:12:05.762033" elapsed="40.730807"/>
</test>
<test id="s1-t4" name="4.รุบุข้อมูลหน้าCard Informations" line="76">
<kw name="ข้อมูล Consent ยินยอม" owner="ManualKeyIn Keywords">
<kw name="Wait Until Element Is Visible" owner="SeleniumLibrary">
<arg>${ยินยอม1}</arg>
<arg>20s</arg>
<doc>Waits until the element ``locator`` is visible.</doc>
<status status="PASS" start="2025-07-30T16:12:46.495120" elapsed="1.029438"/>
</kw>
<kw name="Click Element" owner="SeleniumLibrary">
<msg time="2025-07-30T16:12:47.525482" level="INFO">Clicking element '(//label[@for='mat-radio-2-input'])[1]'.</msg>
<arg>${ยินยอม1}</arg>
<doc>Click the element identified by ``locator``.</doc>
<status status="PASS" start="2025-07-30T16:12:47.525482" elapsed="1.083293"/>
</kw>
<kw name="Click Element" owner="SeleniumLibrary">
<msg time="2025-07-30T16:12:48.608775" level="INFO">Clicking element '(//mat-radio-button[.//span[text()='ยินยอม']])[2]'.</msg>
<arg>${ยินยอม2}</arg>
<doc>Click the element identified by ``locator``.</doc>
<status status="PASS" start="2025-07-30T16:12:48.608775" elapsed="1.062240"/>
</kw>
<kw name="Click Element" owner="SeleniumLibrary">
<msg time="2025-07-30T16:12:49.671015" level="INFO">Clicking element '(//mat-radio-button[.//span[text()='ยินยอม']])[3]'.</msg>
<arg>${ยินยอม3}</arg>
<doc>Click the element identified by ``locator``.</doc>
<status status="PASS" start="2025-07-30T16:12:49.671015" elapsed="1.090997"/>
</kw>
<kw name="Click Element" owner="SeleniumLibrary">
<msg time="2025-07-30T16:12:50.762012" level="INFO">Clicking element '(//mat-radio-button[.//span[text()='ยินยอม']])[4]'.</msg>
<arg>${ยินยอม4}</arg>
<doc>Click the element identified by ``locator``.</doc>
<status status="PASS" start="2025-07-30T16:12:50.762012" elapsed="1.072238"/>
</kw>
<status status="PASS" start="2025-07-30T16:12:46.495120" elapsed="5.339130"/>
</kw>
<kw name="ข้อมูลประเภท บุคคลธรรมดา&amp;ลูกค้าธนาคาร" owner="ManualKeyIn Keywords">
<kw name="Click Element" owner="SeleniumLibrary">
<msg time="2025-07-30T16:12:51.834250" level="INFO">Clicking element '(//mat-form-field[.//mat-select[contains(@class,'mat-select')]]//div[contains(@class,'mat-select-arrow-wrapper')])[6]'.</msg>
<arg>${ประเภท_เลือก}</arg>
<doc>Click the element identified by ``locator``.</doc>
<status status="PASS" start="2025-07-30T16:12:51.834250" elapsed="1.086059"/>
</kw>
<kw name="Click Element" owner="SeleniumLibrary">
<msg time="2025-07-30T16:12:52.920309" level="INFO">Clicking element '//mat-option//span[normalize-space(text())='บุคคลธรรมดา']'.</msg>
<arg>${ประเภท_บุคคลธรรมดา}</arg>
<doc>Click the element identified by ``locator``.</doc>
<status status="PASS" start="2025-07-30T16:12:52.920309" elapsed="1.074659"/>
</kw>
<kw name="Click Element" owner="SeleniumLibrary">
<msg time="2025-07-30T16:12:53.997538" level="INFO">Clicking element '(//mat-form-field[.//mat-select[contains(@class,'mat-select')]]//div[contains(@class,'mat-select-arrow-wrapper')])[7]'.</msg>
<arg>${ประเภทลูกค้า_เลิอก}</arg>
<doc>Click the element identified by ``locator``.</doc>
<status status="PASS" start="2025-07-30T16:12:53.996387" elapsed="1.068048"/>
</kw>
<kw name="Click Element" owner="SeleniumLibrary">
<msg time="2025-07-30T16:12:55.065347" level="INFO">Clicking element '//mat-option//span[normalize-space(text())='ลูกค้าธนาคาร']'.</msg>
<arg>${ประเภทลูกค้า_ลูกค้าธนาคาร}</arg>
<doc>Click the element identified by ``locator``.</doc>
<status status="PASS" start="2025-07-30T16:12:55.065347" elapsed="1.079710"/>
</kw>
<status status="PASS" start="2025-07-30T16:12:51.834250" elapsed="4.311707"/>
</kw>
<kw name="วัตถุประสงค์การดำเนินการเปิดบัญชีใหม่/เปลี่ยนแปลงข้อมูล" owner="ManualKeyIn Keywords">
<kw name="Click Element" owner="SeleniumLibrary">
<msg time="2025-07-30T16:12:56.148435" level="INFO">Clicking element 'xpath=//*[contains(text(), "วัตถุประสงค์การดำเนินการ")]/following::mat-select[1]'.</msg>
<arg>${วัตถุประสงค์การดำเนินการ}</arg>
<doc>Click the element identified by ``locator``.</doc>
<status status="PASS" start="2025-07-30T16:12:56.148435" elapsed="1.082530"/>
</kw>
<kw name="Click Element" owner="SeleniumLibrary">
<msg time="2025-07-30T16:12:57.232066" level="INFO">Clicking element '//mat-option//span[normalize-space(.)='เปิดบัญชีใหม่หรือเปลี่ยนแปลงข้อมูล']'.</msg>
<arg>${วัตถุประสงค์การดำเนินการ_เปิดบัญชีใหม่หรือเปลี่ยนแปลงข้อมูล}</arg>
<doc>Click the element identified by ``locator``.</doc>
<status status="PASS" start="2025-07-30T16:12:57.232066" elapsed="1.059323"/>
</kw>
<status status="PASS" start="2025-07-30T16:12:56.147288" elapsed="2.144101"/>
</kw>
<kw name="กดส่วนเพิ่มเติม" owner="ManualKeyIn Keywords">
<kw name="Wait Until Element Is Visible" owner="SeleniumLibrary">
<arg>${ปุ่มเพื่มเติม_xpath}</arg>
<doc>Waits until the element ``locator`` is visible.</doc>
<status status="PASS" start="2025-07-30T16:12:58.293863" elapsed="1.036167"/>
</kw>
<kw name="Click Element" owner="SeleniumLibrary">
<msg time="2025-07-30T16:12:59.330946" level="INFO">Clicking element '//button[.//mat-icon[normalize-space(text())='open_in_new']]'.</msg>
<arg>${ปุ่มเพื่มเติม_xpath}</arg>
<doc>Click the element identified by ``locator``.</doc>
<status status="PASS" start="2025-07-30T16:12:59.330946" elapsed="1.137669"/>
</kw>
<status status="PASS" start="2025-07-30T16:12:58.292860" elapsed="2.175755"/>
</kw>
<kw name="ระบุข้อมูลส่วนของเพิ่มเติมตรวจหาความเสี่ยงและ Watchlistบุคคลธรรมดา" owner="ManualKeyIn Keywords">
<kw name="Click Element" owner="SeleniumLibrary">
<msg time="2025-07-30T16:13:00.470369" level="INFO">Clicking element '//mat-select[@ng-reflect-name='occupation']'.</msg>
<arg>${อาชีพ_เพื่มเติม_xpath}</arg>
<doc>Click the element identified by ``locator``.</doc>
<status status="PASS" start="2025-07-30T16:13:00.470369" elapsed="1.100918"/>
</kw>
<kw name="Click Element" owner="SeleniumLibrary">
<msg time="2025-07-30T16:13:01.572244" level="INFO">Clicking element '//mat-option[.//span[normalize-space(text())='ข้าราชการการเมือง']]'.</msg>
<arg>${อาชีพ_เลือก_xpath}</arg>
<doc>Click the element identified by ``locator``.</doc>
<status status="PASS" start="2025-07-30T16:13:01.572244" elapsed="1.071219"/>
</kw>
<kw name="Click Element" owner="SeleniumLibrary">
<msg time="2025-07-30T16:13:02.645307" level="INFO">Clicking element '//mat-select[@ng-reflect-name='nationalityCode']'.</msg>
<arg>${สัญชาติ_เพื่มเติม_xpath}</arg>
<doc>Click the element identified by ``locator``.</doc>
<status status="PASS" start="2025-07-30T16:13:02.644530" elapsed="1.084503"/>
</kw>
<kw name="Click Element" owner="SeleniumLibrary">
<msg time="2025-07-30T16:13:03.729033" level="INFO">Clicking element '//mat-option[.//span[normalize-space(text())='TH ไทย']]'.</msg>
<arg>${สัญชาติ_เลือก_xpath}</arg>
<doc>Click the element identified by ``locator``.</doc>
<status status="PASS" start="2025-07-30T16:13:03.729033" elapsed="1.071571"/>
</kw>
<kw name="Click Element" owner="SeleniumLibrary">
<msg time="2025-07-30T16:13:04.802903" level="INFO">Clicking element '//mat-select[@ng-reflect-name='countryResidence']'.</msg>
<arg>${ประเทศที่อยู่_เพื่มเติม_xpath}</arg>
<doc>Click the element identified by ``locator``.</doc>
<status status="PASS" start="2025-07-30T16:13:04.802127" elapsed="1.097074"/>
</kw>
<kw name="Click Element" owner="SeleniumLibrary">
<msg time="2025-07-30T16:13:05.899201" level="INFO">Clicking element '//mat-option[.//span[normalize-space(text())='TH ไทย']]'.</msg>
<arg>${ประเทศที่อยู่_เลือก_xpath}</arg>
<doc>Click the element identified by ``locator``.</doc>
<status status="PASS" start="2025-07-30T16:13:05.899201" elapsed="1.054321"/>
</kw>
<kw name="Click Element" owner="SeleniumLibrary">
<msg time="2025-07-30T16:13:06.955629" level="INFO">Clicking element '//mat-select[@ng-reflect-name='notInThai']'.</msg>
<arg>${เป็นลูกค้าที่ไม่มีถิ่นที่อยู่ในประเทศไทย_เพื่มเติม_xpath}</arg>
<doc>Click the element identified by ``locator``.</doc>
<status status="PASS" start="2025-07-30T16:13:06.954638" elapsed="1.069015"/>
</kw>
<kw name="Click Element" owner="SeleniumLibrary">
<msg time="2025-07-30T16:13:08.023653" level="INFO">Clicking element '//mat-option[.//span[normalize-space(text())='YES']]'.</msg>
<arg>${เป็นลูกค้าที่ไม่มีถิ่นที่อยู่ในประเทศไทย_เลือก_xpath}</arg>
<doc>Click the element identified by ``locator``.</doc>
<status status="PASS" start="2025-07-30T16:13:08.023653" elapsed="1.061855"/>
</kw>
<kw name="Click Element" owner="SeleniumLibrary">
<msg time="2025-07-30T16:13:09.087548" level="INFO">Clicking element '//button[.//mat-icon[text()='search'] and .//span[contains(text(),'ตรวจสอบสถานะ Watchlist')]]'.</msg>
<arg>${ปุ่มตรวจสอบสถานะWatchlist_xpath}</arg>
<doc>Click the element identified by ``locator``.</doc>
<status status="PASS" start="2025-07-30T16:13:09.086852" elapsed="1.078194"/>
</kw>
<kw name="Click Element" owner="SeleniumLibrary">
<msg time="2025-07-30T16:13:10.166743" level="INFO">Clicking element '//mat-select[@ng-reflect-name='accountingOwnerBranch']'.</msg>
<arg>${สาขาเจ้าของบัญชี_เพื่มเติม_xpath}</arg>
<doc>Click the element identified by ``locator``.</doc>
<status status="PASS" start="2025-07-30T16:13:10.166626" elapsed="1.073020"/>
</kw>
<kw name="Click Element" owner="SeleniumLibrary">
<msg time="2025-07-30T16:13:11.239646" level="INFO">Clicking element '//mat-option[@ng-reflect-value='002800']'.</msg>
<arg>${สาขาเจ้าของบัญชี_เพื่มเติม}</arg>
<doc>Click the element identified by ``locator``.</doc>
<status status="PASS" start="2025-07-30T16:13:11.239646" elapsed="1.073640"/>
</kw>
<kw name="Click Element" owner="SeleniumLibrary">
<msg time="2025-07-30T16:13:12.314616" level="INFO">Clicking element '//mat-select[@ng-reflect-name='productType']'.</msg>
<arg>${ประเภทผลิตภัณฑ์_เพื่มเติม_xpath}</arg>
<doc>Click the element identified by ``locator``.</doc>
<status status="PASS" start="2025-07-30T16:13:12.313286" elapsed="1.095092"/>
</kw>
<kw name="Click Element" owner="SeleniumLibrary">
<msg time="2025-07-30T16:13:13.409377" level="INFO">Clicking element '//mat-option//span[normalize-space(text())='2002 Savings Wadiah (Non-Profit)']'.</msg>
<arg>${ประเภทผลิตภัณฑ์_เลือก_เพื่มเติม}</arg>
<doc>Click the element identified by ``locator``.</doc>
<status status="PASS" start="2025-07-30T16:13:13.408378" elapsed="1.069703"/>
</kw>
<kw name="Click Element" owner="SeleniumLibrary">
<msg time="2025-07-30T16:13:14.479598" level="INFO">Clicking element '//mat-select[@ng-reflect-name='factorServices']'.</msg>
<arg>${ปัจจัยเกี่ยวกับช่องทางและบริการ_เพื่มเติม_xpath}</arg>
<doc>Click the element identified by ``locator``.</doc>
<status status="PASS" start="2025-07-30T16:13:14.479051" elapsed="1.106685"/>
</kw>
<kw name="Click Element" owner="SeleniumLibrary">
<msg time="2025-07-30T16:13:15.586648" level="INFO">Clicking element '//mat-option//span[normalize-space(text())='1']'.</msg>
<arg>${ปัจจัยเกี่ยวกับช่องทางและบริการ_เลือก_เพื่มเติม}</arg>
<doc>Click the element identified by ``locator``.</doc>
<status status="PASS" start="2025-07-30T16:13:15.586648" elapsed="1.075524"/>
</kw>
<status status="PASS" start="2025-07-30T16:13:00.470369" elapsed="16.192559"/>
</kw>
<kw name="กดปุ่มตรวจสอบและบันทึก" owner="ManualKeyIn Keywords">
<kw name="Wait Until Element Is Visible" owner="SeleniumLibrary">
<arg>${ปุ่มบันทึก_xpath}</arg>
<doc>Waits until the element ``locator`` is visible.</doc>
<status status="PASS" start="2025-07-30T16:13:16.665118" elapsed="1.019612"/>
</kw>
<kw name="Click Element" owner="SeleniumLibrary">
<msg time="2025-07-30T16:13:17.684730" level="INFO">Clicking element '(//button[.//mat-icon[text()='save'] and .//span[contains(text(),'บันทึก')]])[2]'.</msg>
<arg>${ปุ่มบันทึก_xpath}</arg>
<doc>Click the element identified by ``locator``.</doc>
<status status="PASS" start="2025-07-30T16:13:17.684730" elapsed="1.057850"/>
</kw>
<status status="PASS" start="2025-07-30T16:13:16.663909" elapsed="2.079576"/>
</kw>
<status status="PASS" start="2025-07-30T16:12:46.492840" elapsed="32.251155"/>
</test>
<test id="s1-t5" name="5.ยืนยันการอนุมัติ KYC" line="83">
<kw name="ยืนยันสถานะ KYC ปฏิเสธ KYC (Reject)" owner="ManualKeyIn Keywords">
<kw name="Click Element" owner="SeleniumLibrary">
<msg time="2025-07-30T16:13:18.743995" level="INFO">Clicking element '(//mat-radio-button[.//span[text()='ปฏิเสธ KYC (Reject)']])[1]'.</msg>
<arg>${ปฏิเสธ KYC (Reject)}</arg>
<doc>Click the element identified by ``locator``.</doc>
<status status="PASS" start="2025-07-30T16:13:18.743995" elapsed="1.073830"/>
</kw>
<kw name="Input Text" owner="SeleniumLibrary">
<msg time="2025-07-30T16:13:19.817825" level="INFO">Typing text 'test' into text field '//textarea[@ng-reflect-maxlength='400']'.</msg>
<arg>${ระบุเหตุผล_xpath}</arg>
<arg>${KYC_ระบุเหตุผล}</arg>
<doc>Types the given ``text`` into the text field identified by ``locator``.</doc>
<status status="PASS" start="2025-07-30T16:13:19.817825" elapsed="1.600423"/>
</kw>
<status status="PASS" start="2025-07-30T16:13:18.743995" elapsed="2.674253"/>
</kw>
<kw name="กดปุ่มรอตรวจสอบ" owner="ManualKeyIn Keywords">
<kw name="Click Element" owner="SeleniumLibrary">
<msg time="2025-07-30T16:13:21.418248" level="INFO">Clicking element 'xpath=//button[.//span[text()='รอตรวจสอบ']]'.</msg>
<arg>${ปุ่มรอตรวจสอบ_xpath}</arg>
<doc>Click the element identified by ``locator``.</doc>
<status status="PASS" start="2025-07-30T16:13:21.418248" elapsed="1.054353"/>
</kw>
<kw name="Run Keyword And Ignore Error" owner="BuiltIn">
<kw name="กดปุ่มตกลง" owner="ManualKeyIn Keywords">
<kw name="Click Element" owner="SeleniumLibrary">
<msg time="2025-07-30T16:13:22.473665" level="INFO">Clicking element '//button[.//span[normalize-space()='ตกลง']]'.</msg>
<arg>${ปุ่มตกลง_xpath}</arg>
<doc>Click the element identified by ``locator``.</doc>
<status status="PASS" start="2025-07-30T16:13:22.473665" elapsed="1.065189"/>
</kw>
<status status="PASS" start="2025-07-30T16:13:22.473665" elapsed="1.065189"/>
</kw>
<arg>กดปุ่มตกลง</arg>
<doc>Runs the given keyword with the given arguments and ignores possible error.</doc>
<status status="PASS" start="2025-07-30T16:13:22.473231" elapsed="1.065623"/>
</kw>
<status status="PASS" start="2025-07-30T16:13:21.418248" elapsed="2.121821"/>
</kw>
<status status="PASS" start="2025-07-30T16:13:18.743995" elapsed="4.796496"/>
</test>
<test id="s1-t6" name="6.ออกจากระบบเข้า User ผู้จัดการดูข้อมูล" line="86">
<kw name="ออกจากระบบ" owner="main_keywords">
<kw name="Click Element" owner="SeleniumLibrary">
<msg time="2025-07-30T16:13:23.543536" level="INFO">Clicking element '//button//span[contains(text(), 'ออกจากระบบ')]'.</msg>
<arg>${ปุ่มออกจากระบบ}</arg>
<doc>Click the element identified by ``locator``.</doc>
<status status="PASS" start="2025-07-30T16:13:23.542529" elapsed="1.101848"/>
</kw>
<status status="PASS" start="2025-07-30T16:13:23.542529" elapsed="1.102624"/>
</kw>
<kw name="เข้าด้วยUserระดับหัวหน้างาน" owner="main_keywords">
<kw name="Wait Until Element Is Visible" owner="SeleniumLibrary">
<arg>xpath=//input[contains(@class, 'inputLogin')]</arg>
<doc>Waits until the element ``locator`` is visible.</doc>
<status status="PASS" start="2025-07-30T16:13:24.645153" elapsed="1.037287"/>
</kw>
<kw name="Input Text" owner="SeleniumLibrary">
<msg time="2025-07-30T16:13:25.682440" level="INFO">Typing text '490234' into text field 'xpath=//input[contains(@class, 'inputLogin')]'.</msg>
<arg>xpath=//input[contains(@class, 'inputLogin')]</arg>
<arg>${ID:หัวหน้างาน}</arg>
<doc>Types the given ``text`` into the text field identified by ``locator``.</doc>
<status status="PASS" start="2025-07-30T16:13:25.682440" elapsed="1.573178"/>
</kw>
<kw name="Input Password" owner="SeleniumLibrary">
<msg time="2025-07-30T16:13:27.256306" level="INFO">Typing password into text field 'xpath=//input[contains(@class, 'inputLogin') and @type='password']'.</msg>
<msg time="2025-07-30T16:13:28.296943" level="INFO">Temporally setting log level to: NONE</msg>
<arg>xpath=//input[contains(@class, 'inputLogin') and @type='password']</arg>
<arg>${password:หัวหน้างาน}</arg>
<doc>Types the given password into the text field identified by ``locator``.</doc>
<status status="PASS" start="2025-07-30T16:13:27.256306" elapsed="1.576628"/>
</kw>
<kw name="Click Element" owner="SeleniumLibrary">
<msg time="2025-07-30T16:13:28.833873" level="INFO">Clicking element '//button[contains(@class, 'mat-raised-button')]'.</msg>
<arg>//button[contains(@class, 'mat-raised-button')]</arg>
<doc>Click the element identified by ``locator``.</doc>
<status status="PASS" start="2025-07-30T16:13:28.833873" elapsed="1.062433"/>
</kw>
<kw name="Run Keyword And Ignore Error" owner="BuiltIn">
<kw name="ยืนยันการเข้าระบบ" owner="main_keywords">
<kw name="Wait Until Element Is Visible" owner="SeleniumLibrary">
<arg>//button[contains(@class, 'mat-raised-button')]//i[contains(@class, 'fa-check')]</arg>
<doc>Waits until the element ``locator`` is visible.</doc>
<status status="PASS" start="2025-07-30T16:13:29.896306" elapsed="1.007273"/>
</kw>
<kw name="Click Element" owner="SeleniumLibrary">
<msg time="2025-07-30T16:13:30.903579" level="INFO">Clicking element '//button[contains(@class, 'mat-raised-button')]//i[contains(@class, 'fa-check')]'.</msg>
<arg>//button[contains(@class, 'mat-raised-button')]//i[contains(@class, 'fa-check')]</arg>
<doc>Click the element identified by ``locator``.</doc>
<status status="PASS" start="2025-07-30T16:13:30.903579" elapsed="1.068380"/>
</kw>
<status status="PASS" start="2025-07-30T16:13:29.896306" elapsed="2.075653"/>
</kw>
<arg>ยืนยันการเข้าระบบ</arg>
<doc>Runs the given keyword with the given arguments and ignores possible error.</doc>
<status status="PASS" start="2025-07-30T16:13:29.896306" elapsed="2.075653"/>
</kw>
<kw name="Run Keyword And Ignore Error" owner="BuiltIn">
<kw name="ยืนยันการข้าม Pop-up" owner="main_keywords">
<kw name="Wait Until Element Is Visible" owner="SeleniumLibrary">
<msg time="2025-07-30T16:13:37.604827" level="INFO" html="true">&lt;/td&gt;&lt;/tr&gt;&lt;tr&gt;&lt;td colspan="3"&gt;&lt;a href="selenium-screenshot-2.png"&gt;&lt;img src="selenium-screenshot-2.png" width="800px"&gt;&lt;/a&gt;</msg>
<msg time="2025-07-30T16:13:37.604827" level="FAIL">Element 'xpath=//button[.//span[normalize-space(text())='Close']]' not visible after 5 seconds.</msg>
<arg>xpath=//button[.//span[normalize-space(text())='Close']]</arg>
<arg>timeout=5s</arg>
<doc>Waits until the element ``locator`` is visible.</doc>
<status status="FAIL" start="2025-07-30T16:13:31.971959" elapsed="5.634033">Element 'xpath=//button[.//span[normalize-space(text())='Close']]' not visible after 5 seconds.</status>
</kw>
<kw name="Click Element" owner="SeleniumLibrary">
<arg>xpath=//button[.//span[normalize-space(text())='Close']]</arg>
<doc>Click the element identified by ``locator``.</doc>
<status status="NOT RUN" start="2025-07-30T16:13:37.605992" elapsed="0.000000"/>
</kw>
<status status="FAIL" start="2025-07-30T16:13:31.971959" elapsed="5.634033">Element 'xpath=//button[.//span[normalize-space(text())='Close']]' not visible after 5 seconds.</status>
</kw>
<arg>ยืนยันการข้าม Pop-up</arg>
<doc>Runs the given keyword with the given arguments and ignores possible error.</doc>
<status status="PASS" start="2025-07-30T16:13:31.971959" elapsed="5.634033"/>
</kw>
<status status="PASS" start="2025-07-30T16:13:24.645153" elapsed="12.960839"/>
</kw>
<kw name="เข้าหน้าค้นหาข้อมูล KYC" owner="ค้นหาข้อมูล KYC_keywords">
<kw name="Wait Until Element Is Visible" owner="SeleniumLibrary">
<arg>${ค้นหาข้อมูล KYC}</arg>
<doc>Waits until the element ``locator`` is visible.</doc>
<status status="PASS" start="2025-07-30T16:13:37.609011" elapsed="1.047649"/>
</kw>
<kw name="Click Element" owner="SeleniumLibrary">
<msg time="2025-07-30T16:13:38.656660" level="INFO">Clicking element 'xpath=//a[contains(@class, 'mat-list-item') and contains(., 'ค้นหาข้อมูล KYC')]'.</msg>
<arg>${ค้นหาข้อมูล KYC}</arg>
<doc>Click the element identified by ``locator``.</doc>
<status status="PASS" start="2025-07-30T16:13:38.656660" elapsed="1.095956"/>
</kw>
<status status="PASS" start="2025-07-30T16:13:37.605992" elapsed="2.146624"/>
</kw>
<kw name="ค้นหาเลขเลขประจำตัว" owner="ค้นหาข้อมูล KYC_keywords">
<kw name="Wait Until Element Is Visible" owner="SeleniumLibrary">
<arg>${เลขบัตร_xpath}</arg>
<doc>Waits until the element ``locator`` is visible.</doc>
<status status="PASS" start="2025-07-30T16:13:39.752616" elapsed="1.026940"/>
</kw>
<kw name="Input Text" owner="SeleniumLibrary">
<msg time="2025-07-30T16:13:40.780415" level="INFO">Typing text '4341023289326' into text field '//input[@name='cardNo']'.</msg>
<arg>${เลขบัตร_xpath}</arg>
<arg>${random_number}</arg>
<doc>Types the given ``text`` into the text field identified by ``locator``.</doc>
<status status="PASS" start="2025-07-30T16:13:40.780415" elapsed="1.602529"/>
</kw>
<kw name="Wait Until Element Is Visible" owner="SeleniumLibrary">
<arg>${ปุ่มค้นหา}</arg>
<doc>Waits until the element ``locator`` is visible.</doc>
<status status="PASS" start="2025-07-30T16:13:42.382944" elapsed="1.016114"/>
</kw>
<kw name="Click Element" owner="SeleniumLibrary">
<msg time="2025-07-30T16:13:43.399058" level="INFO">Clicking element '//button//span[contains(text(), 'ค้นหา')]'.</msg>
<arg>${ปุ่มค้นหา}</arg>
<doc>Click the element identified by ``locator``.</doc>
<status status="PASS" start="2025-07-30T16:13:43.399058" elapsed="1.074177"/>
</kw>
<kw name="Capture Page Screenshot" owner="SeleniumLibrary">
<msg time="2025-07-30T16:13:45.084322" level="INFO" html="true">&lt;/td&gt;&lt;/tr&gt;&lt;tr&gt;&lt;td colspan="3"&gt;&lt;a href="selenium-screenshot-3.png"&gt;&lt;img src="selenium-screenshot-3.png" width="800px"&gt;&lt;/a&gt;</msg>
<doc>Takes a screenshot of the current page and embeds it into a log file.</doc>
<status status="PASS" start="2025-07-30T16:13:44.473235" elapsed="0.611087"/>
</kw>
<status status="PASS" start="2025-07-30T16:13:39.752616" elapsed="5.331706"/>
</kw>
<kw name="เข้าดูข้อมูล" owner="ค้นหาข้อมูล KYC_keywords">
<kw name="Wait Until Element Is Visible" owner="SeleniumLibrary">
<arg>${ปุ่มดูข้อมูล_xpath}</arg>
<doc>Waits until the element ``locator`` is visible.</doc>
<status status="PASS" start="2025-07-30T16:13:45.084322" elapsed="1.027073"/>
</kw>
<kw name="Click Element" owner="SeleniumLibrary">
<msg time="2025-07-30T16:13:46.111395" level="INFO">Clicking element '//button[@mattooltip='ดูข้อมูล']'.</msg>
<arg>${ปุ่มดูข้อมูล_xpath}</arg>
<doc>Click the element identified by ``locator``.</doc>
<status status="PASS" start="2025-07-30T16:13:46.111395" elapsed="1.125621"/>
</kw>
<kw name="Capture Page Screenshot" owner="SeleniumLibrary">
<msg time="2025-07-30T16:13:47.846336" level="INFO" html="true">&lt;/td&gt;&lt;/tr&gt;&lt;tr&gt;&lt;td colspan="3"&gt;&lt;a href="selenium-screenshot-4.png"&gt;&lt;img src="selenium-screenshot-4.png" width="800px"&gt;&lt;/a&gt;</msg>
<doc>Takes a screenshot of the current page and embeds it into a log file.</doc>
<status status="PASS" start="2025-07-30T16:13:47.237016" elapsed="0.609320"/>
</kw>
<status status="PASS" start="2025-07-30T16:13:45.084322" elapsed="2.762014"/>
</kw>
<status status="PASS" start="2025-07-30T16:13:23.541530" elapsed="24.304806"/>
</test>
<test id="s1-t7" name="จบการทำงาน" line="92">
<kw name="จบการทำงาน" owner="main_keywords">
<kw name="Sleep" owner="BuiltIn">
<msg time="2025-07-30T16:13:52.859742" level="INFO">Slept 5 seconds.</msg>
<arg>5s</arg>
<doc>Pauses the test executed for the given time.</doc>
<status status="PASS" start="2025-07-30T16:13:47.846336" elapsed="5.013406"/>
</kw>
<kw name="Capture Page Screenshot" owner="SeleniumLibrary">
<msg time="2025-07-30T16:13:53.483896" level="INFO" html="true">&lt;/td&gt;&lt;/tr&gt;&lt;tr&gt;&lt;td colspan="3"&gt;&lt;a href="selenium-screenshot-5.png"&gt;&lt;img src="selenium-screenshot-5.png" width="800px"&gt;&lt;/a&gt;</msg>
<doc>Takes a screenshot of the current page and embeds it into a log file.</doc>
<status status="PASS" start="2025-07-30T16:13:52.859742" elapsed="0.624154"/>
</kw>
<kw name="Log" owner="BuiltIn">
<msg time="2025-07-30T16:13:53.483896" level="INFO">Test Teardown Completed</msg>
<arg>Test Teardown Completed</arg>
<doc>Logs the given message with the given level.</doc>
<status status="PASS" start="2025-07-30T16:13:53.483896" elapsed="0.000000"/>
</kw>
<kw name="Close Browser" owner="SeleniumLibrary">
<doc>Closes the current browser.</doc>
<status status="PASS" start="2025-07-30T16:13:53.483896" elapsed="3.470221"/>
</kw>
<status status="PASS" start="2025-07-30T16:13:47.846336" elapsed="9.107781"/>
</kw>
<status status="PASS" start="2025-07-30T16:13:47.846336" elapsed="9.107781"/>
</test>
<doc>ทดสอบการทำงาน KYC  TC_KYC_001</doc>
<status status="PASS" start="2025-07-30T16:11:38.183655" elapsed="138.770462"/>
</suite>
<statistics>
<total>
<stat pass="7" fail="0" skip="0">All Tests</stat>
</total>
<tag>
</tag>
<suite>
<stat name="TC KYC 002" id="s1" pass="7" fail="0" skip="0">TC KYC 002</stat>
</suite>
</statistics>
<errors>
<msg time="2025-07-30T16:11:38.733451" level="WARN">Error in file 'D:\AML_Project\Resources\Menu_name\KYC\ยืนยันตัวตน\KYC Variables.robot' on line 19: The '[Return]' setting is deprecated. Use the 'RETURN' statement instead.</msg>
<msg time="2025-07-30T16:11:38.733451" level="WARN">Error in file 'D:\AML_Project\Resources\Menu_name\KYC\ยืนยันตัวตน\KYC Variables.robot' on line 23: The '[Return]' setting is deprecated. Use the 'RETURN' statement instead.</msg>
<msg time="2025-07-30T16:11:38.733451" level="WARN">Error in file 'D:\AML_Project\Resources\Menu_name\KYC\ยืนยันตัวตน\KYC Variables.robot' on line 33: The '[Return]' setting is deprecated. Use the 'RETURN' statement instead.</msg>
<msg time="2025-07-30T16:11:38.749056" level="ERROR">Error in file 'D:\AML_Project\Resources\Menu_name\KYC\ยืนยันตัวตน\Manual Key In\Manual Key In Variables.robot' on line 117: Setting variable '${ตรวจสอบพบว่านิติบคคลมีตัวแทน_เลือก}' failed: Resolving variable '${ตรวจสอบพบว่านิติบคคลมีตัวแทน}' failed: Variable '${ตรวจสอบพบว}' not found.</msg>
<msg time="2025-07-30T16:11:38.749056" level="ERROR">Error in file 'D:\AML_Project\Resources\Menu_name\KYC\ยืนยันตัวตน\Manual Key In\Manual Key In Variables.robot' on line 111: Setting variable '${ประเทศที่นิติบุคคลตั้งอยู่_เลือก}' failed: Resolving variable '${ประเทศที่นิติบุคคลตั้งอยู่}' failed: Variable '${ประเทศท}' not found.</msg>
<msg time="2025-07-30T16:11:38.749056" level="ERROR">Error in file 'D:\AML_Project\Resources\Menu_name\KYC\ยืนยันตัวตน\Manual Key In\Manual Key In Variables.robot' on line 109: Setting variable '${ประเทศที่นิติบุคคลทำการจดทะเบียน_เลือก}' failed: Resolving variable '${ประเทศที่นิติบุคคลทำการจดทะเบียน}' failed: Variable '${ประเทศท}' not found.</msg>
<msg time="2025-07-30T16:11:38.764681" level="ERROR">Error in file 'D:\AML_Project\Resources\Menu_name\KYC\ยืนยันตัวตน\Manual Key In\Manual Key In Variables.robot' on line 107: Setting variable '${ประเภทธุรกิจ(I-SIC)_เลือก}' failed: Resolving variable '${ประเภทธุรกิจ(I-SIC)}' failed: Variable '${ประเภทธ}' not found.</msg>
<msg time="2025-07-30T16:11:38.764681" level="ERROR">Error in file 'D:\AML_Project\Resources\Menu_name\KYC\ยืนยันตัวตน\Manual Key In\Manual Key In Variables.robot' on line 80: Setting variable '${ประเภทลูกค้า_เลือก_xpath}' failed: Resolving variable '${ประเภทลูกค้า}' failed: Variable '${ประเภทล}' not found. Did you mean:
    ${ประเภท_เลือก}</msg>
<msg time="2025-07-30T16:11:38.764681" level="ERROR">Error in file 'D:\AML_Project\Resources\Menu_name\KYC\ยืนยันตัวตน\Manual Key In\Manual Key In Variables.robot' on line 113: Setting variable '${เป็นบริษัทที่จดทะเบียนในตลาด_เลือก}' failed: Resolving variable '${เป็นบริษัทที่จดทะเบียนในตลาด}' failed: Variable '${เป}' not found.</msg>
<msg time="2025-07-30T16:11:38.764681" level="ERROR">Error in file 'D:\AML_Project\Resources\Menu_name\KYC\ยืนยันตัวตน\Manual Key In\Manual Key In Variables.robot' on line 115: Setting variable '${โครงสร้างถือหุ้นมีความผิดปกติ_เลือก}' failed: Resolving variable '${โครงสร้างถือหุ้นมีความผิดปกติ}' failed: Variable '${โครงสร}' not found.</msg>
</errors>
</robot>
