<?xml version="1.0" encoding="UTF-8"?>
<robot generator="Robot 7.0.1 (Python 3.8.7 on win32)" generated="2025-07-30T11:40:43.981979" rpa="false" schemaversion="5">
<suite id="s1" name="TC 1-02 010" source="D:\AML_Project\TestCase\AMLO\ปปง1-02\TC_1-02_010.robot">
<test id="s1-t1" name="1.open web IBank &amp; Login" line="55">
<kw name="Enteropen web IBank &amp; Login" owner="main_keywords">
<kw name="Open Browser" owner="SeleniumLibrary">
<msg time="2025-07-30T11:40:44.333894" level="INFO">Opening browser 'chrome' to base url 'https://172.26.59.117/login'.</msg>
<arg>${URL:IBank}</arg>
<arg>${Browser}</arg>
<arg>options=add_argument("--ignore-certificate-errors")</arg>
<doc>Opens a new browser instance to the optional ``url``.</doc>
<status status="PASS" start="2025-07-30T11:40:44.333894" elapsed="5.200048"/>
</kw>
<kw name="Maximize Browser Window" owner="SeleniumLibrary">
<doc>Maximizes current browser window.</doc>
<status status="PASS" start="2025-07-30T11:40:49.534934" elapsed="0.029424"/>
</kw>
<kw name="Set Selenium Speed" owner="SeleniumLibrary">
<arg>0.5s</arg>
<doc>Sets the delay that is waited after each Selenium command.</doc>
<status status="PASS" start="2025-07-30T11:40:49.564358" elapsed="0.000000"/>
</kw>
<status status="PASS" start="2025-07-30T11:40:44.333894" elapsed="5.230464"/>
</kw>
<kw name="เข้าด้วยUserระดับพนักงาน" owner="main_keywords">
<kw name="Wait Until Element Is Visible" owner="SeleniumLibrary">
<arg>xpath=//input[contains(@class, 'inputLogin')]</arg>
<doc>Waits until the element ``locator`` is visible.</doc>
<status status="PASS" start="2025-07-30T11:40:49.565356" elapsed="1.770839"/>
</kw>
<kw name="Input Text" owner="SeleniumLibrary">
<msg time="2025-07-30T11:40:51.337114" level="INFO">Typing text '540763' into text field 'xpath=//input[contains(@class, 'inputLogin')]'.</msg>
<arg>xpath=//input[contains(@class, 'inputLogin')]</arg>
<arg>${ID:พนักงาน}</arg>
<doc>Types the given ``text`` into the text field identified by ``locator``.</doc>
<status status="PASS" start="2025-07-30T11:40:51.337114" elapsed="1.601254"/>
</kw>
<kw name="Input Password" owner="SeleniumLibrary">
<msg time="2025-07-30T11:40:52.938368" level="INFO">Typing password into text field 'xpath=//input[contains(@class, 'inputLogin') and @type='password']'.</msg>
<msg time="2025-07-30T11:40:53.977318" level="INFO">Temporally setting log level to: NONE</msg>
<arg>xpath=//input[contains(@class, 'inputLogin') and @type='password']</arg>
<arg>${password:พนักงาน}</arg>
<doc>Types the given password into the text field identified by ``locator``.</doc>
<status status="PASS" start="2025-07-30T11:40:52.938368" elapsed="1.577817"/>
</kw>
<kw name="Click Element" owner="SeleniumLibrary">
<msg time="2025-07-30T11:40:54.518415" level="INFO">Clicking element '//button[contains(@class, 'mat-raised-button')]'.</msg>
<arg>//button[contains(@class, 'mat-raised-button')]</arg>
<doc>Click the element identified by ``locator``.</doc>
<status status="PASS" start="2025-07-30T11:40:54.517001" elapsed="1.077931"/>
</kw>
<kw name="Run Keyword And Ignore Error" owner="BuiltIn">
<kw name="ยืนยันการเข้าระบบ" owner="main_keywords">
<kw name="Wait Until Element Is Visible" owner="SeleniumLibrary">
<msg time="2025-07-30T11:41:01.249400" level="INFO" html="true">&lt;/td&gt;&lt;/tr&gt;&lt;tr&gt;&lt;td colspan="3"&gt;&lt;a href="selenium-screenshot-1.png"&gt;&lt;img src="selenium-screenshot-1.png" width="800px"&gt;&lt;/a&gt;</msg>
<msg time="2025-07-30T11:41:01.249400" level="FAIL">Element '//button[contains(@class, 'mat-raised-button')]//i[contains(@class, 'fa-check')]' not visible after 5 seconds.</msg>
<arg>//button[contains(@class, 'mat-raised-button')]//i[contains(@class, 'fa-check')]</arg>
<doc>Waits until the element ``locator`` is visible.</doc>
<status status="FAIL" start="2025-07-30T11:40:55.595941" elapsed="5.659041">Element '//button[contains(@class, 'mat-raised-button')]//i[contains(@class, 'fa-check')]' not visible after 5 seconds.</status>
</kw>
<kw name="Click Element" owner="SeleniumLibrary">
<arg>//button[contains(@class, 'mat-raised-button')]//i[contains(@class, 'fa-check')]</arg>
<doc>Click the element identified by ``locator``.</doc>
<status status="NOT RUN" start="2025-07-30T11:41:01.254982" elapsed="0.000000"/>
</kw>
<status status="FAIL" start="2025-07-30T11:40:55.595941" elapsed="5.659707">Element '//button[contains(@class, 'mat-raised-button')]//i[contains(@class, 'fa-check')]' not visible after 5 seconds.</status>
</kw>
<arg>ยืนยันการเข้าระบบ</arg>
<doc>Runs the given keyword with the given arguments and ignores possible error.</doc>
<status status="PASS" start="2025-07-30T11:40:55.594932" elapsed="5.660716"/>
</kw>
<kw name="Run Keyword And Ignore Error" owner="BuiltIn">
<kw name="ยืนยันการข้าม Pop-up" owner="main_keywords">
<kw name="Wait Until Element Is Visible" owner="SeleniumLibrary">
<msg time="2025-07-30T11:41:06.900457" level="INFO" html="true">&lt;/td&gt;&lt;/tr&gt;&lt;tr&gt;&lt;td colspan="3"&gt;&lt;a href="selenium-screenshot-2.png"&gt;&lt;img src="selenium-screenshot-2.png" width="800px"&gt;&lt;/a&gt;</msg>
<msg time="2025-07-30T11:41:06.900457" level="FAIL">Element 'xpath=//button[.//span[normalize-space(text())='Close']]' not visible after 5 seconds.</msg>
<arg>xpath=//button[.//span[normalize-space(text())='Close']]</arg>
<arg>timeout=5s</arg>
<doc>Waits until the element ``locator`` is visible.</doc>
<status status="FAIL" start="2025-07-30T11:41:01.255648" elapsed="5.644809">Element 'xpath=//button[.//span[normalize-space(text())='Close']]' not visible after 5 seconds.</status>
</kw>
<kw name="Click Element" owner="SeleniumLibrary">
<arg>xpath=//button[.//span[normalize-space(text())='Close']]</arg>
<doc>Click the element identified by ``locator``.</doc>
<status status="NOT RUN" start="2025-07-30T11:41:06.900457" elapsed="0.000000"/>
</kw>
<status status="FAIL" start="2025-07-30T11:41:01.255648" elapsed="5.644809">Element 'xpath=//button[.//span[normalize-space(text())='Close']]' not visible after 5 seconds.</status>
</kw>
<arg>ยืนยันการข้าม Pop-up</arg>
<doc>Runs the given keyword with the given arguments and ignores possible error.</doc>
<status status="PASS" start="2025-07-30T11:41:01.255648" elapsed="5.644809"/>
</kw>
<status status="PASS" start="2025-07-30T11:40:49.565356" elapsed="17.335101"/>
</kw>
<doc>ทดสอบการแสดงหน้าเว็ปและการเข้าสู่ระบบ</doc>
<status status="PASS" start="2025-07-30T11:40:44.333894" elapsed="22.566563"/>
</test>
<test id="s1-t2" name="2.เลือก AML &amp; ยื่นคำร้อง" line="59">
<kw name="เมนู AML ยื่นคำร้องManual" owner="AMLO Variables">
<kw name="Wait Until Element Is Visible" owner="SeleniumLibrary">
<arg>${AML-ไทย}</arg>
<doc>Waits until the element ``locator`` is visible.</doc>
<status status="PASS" start="2025-07-30T11:41:06.900457" elapsed="1.027706"/>
</kw>
<kw name="Click Element" owner="SeleniumLibrary">
<msg time="2025-07-30T11:41:07.928163" level="INFO">Clicking element 'xpath=//a[contains(@class, 'sidebar-link') and .//div[contains(text(), 'AML')]]'.</msg>
<arg>${AML-ไทย}</arg>
<doc>Click the element identified by ``locator``.</doc>
<status status="PASS" start="2025-07-30T11:41:07.928163" elapsed="1.065537"/>
</kw>
<kw name="Click Element" owner="SeleniumLibrary">
<msg time="2025-07-30T11:41:08.994861" level="INFO">Clicking element 'xpath=//a[contains(@class, 'mat-list-item') and contains(., 'ยื่นคำร้อง Manual')]'.</msg>
<arg>${ยื่นคำร้องManual}</arg>
<doc>Click the element identified by ``locator``.</doc>
<status status="PASS" start="2025-07-30T11:41:08.994861" elapsed="1.094371"/>
</kw>
<status status="PASS" start="2025-07-30T11:41:06.900457" elapsed="3.189496"/>
</kw>
<doc>เข้าหน้า AML ยื่นคำร้องManual</doc>
<status status="PASS" start="2025-07-30T11:41:06.900457" elapsed="3.190082"/>
</test>
<test id="s1-t3" name="3.เลือกรายการ_ปปง1-02" line="62">
<kw name="เลือกรายการ_ปปง1-02" owner="keywords_Testcase_1-02">
<kw name="Wait Until Element Is Visible" owner="SeleniumLibrary">
<arg>${ประเภทรายงาน}</arg>
<doc>Waits until the element ``locator`` is visible.</doc>
<status status="PASS" start="2025-07-30T11:41:10.090539" elapsed="1.044929"/>
</kw>
<kw name="Click Element" owner="SeleniumLibrary">
<msg time="2025-07-30T11:41:11.135468" level="INFO">Clicking element 'xpath=//mat-select[@aria-labelledby='mat-select-value-1']'.</msg>
<arg>${ประเภทรายงาน}</arg>
<doc>Click the element identified by ``locator``.</doc>
<status status="PASS" start="2025-07-30T11:41:11.135468" elapsed="1.071311"/>
</kw>
<kw name="Click Element" owner="SeleniumLibrary">
<msg time="2025-07-30T11:41:12.206779" level="INFO">Clicking element 'xpath=//mat-option[@ng-reflect-value='1-02']'.</msg>
<arg>${ปปง.1-02}</arg>
<doc>Click the element identified by ``locator``.</doc>
<status status="PASS" start="2025-07-30T11:41:12.206779" elapsed="1.087896"/>
</kw>
<status status="PASS" start="2025-07-30T11:41:10.090539" elapsed="3.204136"/>
</kw>
<doc>เข้าเลือกทำรายการ ปปง1-02</doc>
<status status="PASS" start="2025-07-30T11:41:10.090539" elapsed="3.205634"/>
</test>
<test id="s1-t4" name="4.รายงานล่าช้า &amp; ไม่ใช่ลูกค้าธนาคาร" line="65">
<kw name="ยื่นคำร้องรายงานล่าช้า &amp; ไม่ใช่ลูกค้าธนาคาร" owner="keywords_Testcase_1-02">
<kw name="Click Element" owner="SeleniumLibrary">
<msg time="2025-07-30T11:41:13.297351" level="INFO">Clicking element 'xpath=//mat-radio-button[@ng-reflect-value='01']'.</msg>
<arg>${รายงานเนื่องจาก_รายงานตัวช้า}</arg>
<doc>Click the element identified by ``locator``.</doc>
<status status="PASS" start="2025-07-30T11:41:13.297351" elapsed="1.076875"/>
</kw>
<kw name="Click Element" owner="SeleniumLibrary">
<msg time="2025-07-30T11:41:14.374226" level="INFO">Clicking element 'xpath=//mat-radio-button[@ng-reflect-value="NOT_CUSTOMER"]'.</msg>
<arg>${ค้าหาข้อมูลจากลูกค้าด้วย_บัตรประจำตัว_ไม่ใช้ลูกค้าธนาคาร}</arg>
<doc>Click the element identified by ``locator``.</doc>
<status status="PASS" start="2025-07-30T11:41:14.374226" elapsed="1.073181"/>
</kw>
<kw name="Click Element" owner="SeleniumLibrary">
<msg time="2025-07-30T11:41:15.449107" level="INFO">Clicking element 'xpath=//button[@mat-raised-button]'.</msg>
<arg>${ยื่นคำร้องManual_ถัดไป}</arg>
<doc>Click the element identified by ``locator``.</doc>
<status status="PASS" start="2025-07-30T11:41:15.449107" elapsed="1.199216"/>
</kw>
<status status="PASS" start="2025-07-30T11:41:13.297351" elapsed="3.350972"/>
</kw>
<doc>เลือกการรายงาน</doc>
<status status="PASS" start="2025-07-30T11:41:13.297351" elapsed="3.352550"/>
</test>
<test id="s1-t5" name="5.ระบุข้อมูลส่วนที่1,ส่วนที่2,ส่วนที่3" line="68">
<kw name="เรียกเลขประจำตัวประชาชน" owner="AMLO Variables">
<kw name="สุ่มเลขบัตร13หลัก" owner="AMLO Variables">
<kw name="Evaluate" owner="BuiltIn">
<msg time="2025-07-30T11:41:16.649901" level="INFO">${digits} = [1, 5, 1, 3, 6, 8, 9, 4, 9, 0, 2, 6]</msg>
<var>${digits}</var>
<arg>[random.randint(0,9) for _ in range(12)]</arg>
<arg>modules=random</arg>
<doc>Evaluates the given expression in Python and returns the result.</doc>
<status status="PASS" start="2025-07-30T11:41:16.649901" elapsed="0.000000"/>
</kw>
<kw name="Evaluate" owner="BuiltIn">
<msg time="2025-07-30T11:41:16.649901" level="INFO">${total} = 382</msg>
<var>${total}</var>
<arg>sum([x*(13-i) for i,x in enumerate(${digits})])</arg>
<doc>Evaluates the given expression in Python and returns the result.</doc>
<status status="PASS" start="2025-07-30T11:41:16.649901" elapsed="0.000000"/>
</kw>
<kw name="Evaluate" owner="BuiltIn">
<msg time="2025-07-30T11:41:16.649901" level="INFO">${check} = 3</msg>
<var>${check}</var>
<arg>(11 - (${total} % 11)) % 10</arg>
<doc>Evaluates the given expression in Python and returns the result.</doc>
<status status="PASS" start="2025-07-30T11:41:16.649901" elapsed="0.000000"/>
</kw>
<kw name="Evaluate" owner="BuiltIn">
<msg time="2025-07-30T11:41:16.649901" level="INFO">${digits} = [1, 5, 1, 3, 6, 8, 9, 4, 9, 0, 2, 6, 3]</msg>
<var>${digits}</var>
<arg>${digits} + [${check}]</arg>
<doc>Evaluates the given expression in Python and returns the result.</doc>
<status status="PASS" start="2025-07-30T11:41:16.649901" elapsed="0.000000"/>
</kw>
<kw name="Evaluate" owner="BuiltIn">
<msg time="2025-07-30T11:41:16.649901" level="INFO">${random_number} = 1513689490263</msg>
<var>${random_number}</var>
<arg>''.join(str(x) for x in ${digits})</arg>
<doc>Evaluates the given expression in Python and returns the result.</doc>
<status status="PASS" start="2025-07-30T11:41:16.649901" elapsed="0.000000"/>
</kw>
<kw name="Set Suite Variable" owner="BuiltIn">
<msg time="2025-07-30T11:41:16.649901" level="INFO">${random_number} = 1513689490263</msg>
<arg>${random_number}</arg>
<arg>${random_number}</arg>
<doc>Makes a variable available everywhere within the scope of the current suite.</doc>
<status status="PASS" start="2025-07-30T11:41:16.649901" elapsed="0.000000"/>
</kw>
<return>
<value>${random_number}</value>
<status status="PASS" start="2025-07-30T11:41:16.664417" elapsed="0.000000"/>
</return>
<status status="PASS" start="2025-07-30T11:41:16.649901" elapsed="0.015389"/>
</kw>
<kw name="ใช้งานเลขบัตร" owner="AMLO Variables">
<kw name="สุ่มเลขบัตร13หลัก" owner="AMLO Variables">
<kw name="Evaluate" owner="BuiltIn">
<msg time="2025-07-30T11:41:16.665290" level="INFO">${digits} = [5, 4, 9, 4, 4, 6, 7, 1, 7, 2, 0, 9]</msg>
<var>${digits}</var>
<arg>[random.randint(0,9) for _ in range(12)]</arg>
<arg>modules=random</arg>
<doc>Evaluates the given expression in Python and returns the result.</doc>
<status status="PASS" start="2025-07-30T11:41:16.665290" elapsed="0.000000"/>
</kw>
<kw name="Evaluate" owner="BuiltIn">
<msg time="2025-07-30T11:41:16.665290" level="INFO">${total} = 452</msg>
<var>${total}</var>
<arg>sum([x*(13-i) for i,x in enumerate(${digits})])</arg>
<doc>Evaluates the given expression in Python and returns the result.</doc>
<status status="PASS" start="2025-07-30T11:41:16.665290" elapsed="0.000000"/>
</kw>
<kw name="Evaluate" owner="BuiltIn">
<msg time="2025-07-30T11:41:16.665290" level="INFO">${check} = 0</msg>
<var>${check}</var>
<arg>(11 - (${total} % 11)) % 10</arg>
<doc>Evaluates the given expression in Python and returns the result.</doc>
<status status="PASS" start="2025-07-30T11:41:16.665290" elapsed="0.000000"/>
</kw>
<kw name="Evaluate" owner="BuiltIn">
<msg time="2025-07-30T11:41:16.665290" level="INFO">${digits} = [5, 4, 9, 4, 4, 6, 7, 1, 7, 2, 0, 9, 0]</msg>
<var>${digits}</var>
<arg>${digits} + [${check}]</arg>
<doc>Evaluates the given expression in Python and returns the result.</doc>
<status status="PASS" start="2025-07-30T11:41:16.665290" elapsed="0.000000"/>
</kw>
<kw name="Evaluate" owner="BuiltIn">
<msg time="2025-07-30T11:41:16.665290" level="INFO">${random_number} = 5494467172090</msg>
<var>${random_number}</var>
<arg>''.join(str(x) for x in ${digits})</arg>
<doc>Evaluates the given expression in Python and returns the result.</doc>
<status status="PASS" start="2025-07-30T11:41:16.665290" elapsed="0.000000"/>
</kw>
<kw name="Set Suite Variable" owner="BuiltIn">
<msg time="2025-07-30T11:41:16.665290" level="INFO">${random_number} = 5494467172090</msg>
<arg>${random_number}</arg>
<arg>${random_number}</arg>
<doc>Makes a variable available everywhere within the scope of the current suite.</doc>
<status status="PASS" start="2025-07-30T11:41:16.665290" elapsed="0.000000"/>
</kw>
<return>
<value>${random_number}</value>
<status status="PASS" start="2025-07-30T11:41:16.665290" elapsed="0.000000"/>
</return>
<msg time="2025-07-30T11:41:16.665290" level="INFO">${เลขประจำตัวประชาชน} = 5494467172090</msg>
<var>${เลขประจำตัวประชาชน}</var>
<status status="PASS" start="2025-07-30T11:41:16.665290" elapsed="0.000000"/>
</kw>
<kw name="Set Suite Variable" owner="BuiltIn">
<msg time="2025-07-30T11:41:16.665290" level="INFO">${เลขประจำตัวประชาชน} = 5494467172090</msg>
<arg>${เลขประจำตัวประชาชน}</arg>
<arg>${เลขประจำตัวประชาชน}</arg>
<doc>Makes a variable available everywhere within the scope of the current suite.</doc>
<status status="PASS" start="2025-07-30T11:41:16.665290" elapsed="0.000000"/>
</kw>
<return>
<value>${เลขประจำตัวประชาชน}</value>
<status status="PASS" start="2025-07-30T11:41:16.665290" elapsed="0.000000"/>
</return>
<status status="PASS" start="2025-07-30T11:41:16.665290" elapsed="0.000000"/>
</kw>
<status status="PASS" start="2025-07-30T11:41:16.649901" elapsed="0.015389"/>
</kw>
<kw name="ส่วนที่1 ระบุข้อมูล(ทำธุรกรรมด้วยตนเอง)" owner="keywords_Testcase_1-02">
<kw name="เรียกเลขประจำตัวประชาชน" owner="AMLO Variables">
<kw name="สุ่มเลขบัตร13หลัก" owner="AMLO Variables">
<kw name="Evaluate" owner="BuiltIn">
<msg time="2025-07-30T11:41:16.665290" level="INFO">${digits} = [8, 3, 5, 0, 6, 2, 0, 0, 3, 9, 1, 6]</msg>
<var>${digits}</var>
<arg>[random.randint(0,9) for _ in range(12)]</arg>
<arg>modules=random</arg>
<doc>Evaluates the given expression in Python and returns the result.</doc>
<status status="PASS" start="2025-07-30T11:41:16.665290" elapsed="0.000000"/>
</kw>
<kw name="Evaluate" owner="BuiltIn">
<msg time="2025-07-30T11:41:16.665290" level="INFO">${total} = 331</msg>
<var>${total}</var>
<arg>sum([x*(13-i) for i,x in enumerate(${digits})])</arg>
<doc>Evaluates the given expression in Python and returns the result.</doc>
<status status="PASS" start="2025-07-30T11:41:16.665290" elapsed="0.000000"/>
</kw>
<kw name="Evaluate" owner="BuiltIn">
<msg time="2025-07-30T11:41:16.665290" level="INFO">${check} = 0</msg>
<var>${check}</var>
<arg>(11 - (${total} % 11)) % 10</arg>
<doc>Evaluates the given expression in Python and returns the result.</doc>
<status status="PASS" start="2025-07-30T11:41:16.665290" elapsed="0.000000"/>
</kw>
<kw name="Evaluate" owner="BuiltIn">
<msg time="2025-07-30T11:41:16.665290" level="INFO">${digits} = [8, 3, 5, 0, 6, 2, 0, 0, 3, 9, 1, 6, 0]</msg>
<var>${digits}</var>
<arg>${digits} + [${check}]</arg>
<doc>Evaluates the given expression in Python and returns the result.</doc>
<status status="PASS" start="2025-07-30T11:41:16.665290" elapsed="0.000000"/>
</kw>
<kw name="Evaluate" owner="BuiltIn">
<msg time="2025-07-30T11:41:16.680314" level="INFO">${random_number} = 8350620039160</msg>
<var>${random_number}</var>
<arg>''.join(str(x) for x in ${digits})</arg>
<doc>Evaluates the given expression in Python and returns the result.</doc>
<status status="PASS" start="2025-07-30T11:41:16.665290" elapsed="0.015024"/>
</kw>
<kw name="Set Suite Variable" owner="BuiltIn">
<msg time="2025-07-30T11:41:16.680314" level="INFO">${random_number} = 8350620039160</msg>
<arg>${random_number}</arg>
<arg>${random_number}</arg>
<doc>Makes a variable available everywhere within the scope of the current suite.</doc>
<status status="PASS" start="2025-07-30T11:41:16.680314" elapsed="0.000000"/>
</kw>
<return>
<value>${random_number}</value>
<status status="PASS" start="2025-07-30T11:41:16.680314" elapsed="0.000000"/>
</return>
<status status="PASS" start="2025-07-30T11:41:16.665290" elapsed="0.015024"/>
</kw>
<kw name="ใช้งานเลขบัตร" owner="AMLO Variables">
<kw name="สุ่มเลขบัตร13หลัก" owner="AMLO Variables">
<kw name="Evaluate" owner="BuiltIn">
<msg time="2025-07-30T11:41:16.680314" level="INFO">${digits} = [2, 0, 1, 3, 4, 7, 1, 9, 2, 7, 0, 7]</msg>
<var>${digits}</var>
<arg>[random.randint(0,9) for _ in range(12)]</arg>
<arg>modules=random</arg>
<doc>Evaluates the given expression in Python and returns the result.</doc>
<status status="PASS" start="2025-07-30T11:41:16.680314" elapsed="0.000000"/>
</kw>
<kw name="Evaluate" owner="BuiltIn">
<msg time="2025-07-30T11:41:16.680314" level="INFO">${total} = 272</msg>
<var>${total}</var>
<arg>sum([x*(13-i) for i,x in enumerate(${digits})])</arg>
<doc>Evaluates the given expression in Python and returns the result.</doc>
<status status="PASS" start="2025-07-30T11:41:16.680314" elapsed="0.000000"/>
</kw>
<kw name="Evaluate" owner="BuiltIn">
<msg time="2025-07-30T11:41:16.680314" level="INFO">${check} = 3</msg>
<var>${check}</var>
<arg>(11 - (${total} % 11)) % 10</arg>
<doc>Evaluates the given expression in Python and returns the result.</doc>
<status status="PASS" start="2025-07-30T11:41:16.680314" elapsed="0.000000"/>
</kw>
<kw name="Evaluate" owner="BuiltIn">
<msg time="2025-07-30T11:41:16.680314" level="INFO">${digits} = [2, 0, 1, 3, 4, 7, 1, 9, 2, 7, 0, 7, 3]</msg>
<var>${digits}</var>
<arg>${digits} + [${check}]</arg>
<doc>Evaluates the given expression in Python and returns the result.</doc>
<status status="PASS" start="2025-07-30T11:41:16.680314" elapsed="0.000000"/>
</kw>
<kw name="Evaluate" owner="BuiltIn">
<msg time="2025-07-30T11:41:16.680314" level="INFO">${random_number} = 2013471927073</msg>
<var>${random_number}</var>
<arg>''.join(str(x) for x in ${digits})</arg>
<doc>Evaluates the given expression in Python and returns the result.</doc>
<status status="PASS" start="2025-07-30T11:41:16.680314" elapsed="0.000000"/>
</kw>
<kw name="Set Suite Variable" owner="BuiltIn">
<msg time="2025-07-30T11:41:16.680314" level="INFO">${random_number} = 2013471927073</msg>
<arg>${random_number}</arg>
<arg>${random_number}</arg>
<doc>Makes a variable available everywhere within the scope of the current suite.</doc>
<status status="PASS" start="2025-07-30T11:41:16.680314" elapsed="0.000000"/>
</kw>
<return>
<value>${random_number}</value>
<status status="PASS" start="2025-07-30T11:41:16.680314" elapsed="0.000000"/>
</return>
<msg time="2025-07-30T11:41:16.680314" level="INFO">${เลขประจำตัวประชาชน} = 2013471927073</msg>
<var>${เลขประจำตัวประชาชน}</var>
<status status="PASS" start="2025-07-30T11:41:16.680314" elapsed="0.000000"/>
</kw>
<kw name="Set Suite Variable" owner="BuiltIn">
<msg time="2025-07-30T11:41:16.680314" level="INFO">${เลขประจำตัวประชาชน} = 2013471927073</msg>
<arg>${เลขประจำตัวประชาชน}</arg>
<arg>${เลขประจำตัวประชาชน}</arg>
<doc>Makes a variable available everywhere within the scope of the current suite.</doc>
<status status="PASS" start="2025-07-30T11:41:16.680314" elapsed="0.000000"/>
</kw>
<return>
<value>${เลขประจำตัวประชาชน}</value>
<status status="PASS" start="2025-07-30T11:41:16.680314" elapsed="0.000000"/>
</return>
<status status="PASS" start="2025-07-30T11:41:16.680314" elapsed="0.000000"/>
</kw>
<status status="PASS" start="2025-07-30T11:41:16.665290" elapsed="0.015024"/>
</kw>
<kw name="Wait Until Element Is Visible" owner="SeleniumLibrary">
<arg>${เหตุผลการรายงาน Mannual_เหตุผลในการรายงาน}</arg>
<doc>Waits until the element ``locator`` is visible.</doc>
<status status="PASS" start="2025-07-30T11:41:16.680314" elapsed="1.043360"/>
</kw>
<kw name="Input Text" owner="SeleniumLibrary">
<msg time="2025-07-30T11:41:17.723674" level="INFO">Typing text 'test' into text field 'xpath=//textarea[@ng-reflect-maxlength='2000']'.</msg>
<arg>${เหตุผลการรายงาน Mannual_เหตุผลในการรายงาน}</arg>
<arg>${เหตุผลในการรายงาน}</arg>
<doc>Types the given ``text`` into the text field identified by ``locator``.</doc>
<status status="PASS" start="2025-07-30T11:41:17.723674" elapsed="1.588006"/>
</kw>
<kw name="Click Element" owner="SeleniumLibrary">
<msg time="2025-07-30T11:41:19.312911" level="INFO">Clicking element 'xpath=//mat-select[@name='prefix']'.</msg>
<arg>${1.1_คำนำหน้าชื่อ}</arg>
<doc>Click the element identified by ``locator``.</doc>
<status status="PASS" start="2025-07-30T11:41:19.312911" elapsed="1.100429"/>
</kw>
<kw name="Click Element" owner="SeleniumLibrary">
<msg time="2025-07-30T11:41:20.413340" level="INFO">Clicking element 'xpath=//mat-option[@ng-reflect-value='นาย']'.</msg>
<arg>${1.1_คำนำหน้าชื่อ_เลือก}</arg>
<doc>Click the element identified by ``locator``.</doc>
<status status="PASS" start="2025-07-30T11:41:20.413340" elapsed="1.065033"/>
</kw>
<kw name="Input Text" owner="SeleniumLibrary">
<msg time="2025-07-30T11:41:21.479487" level="INFO">Typing text 'ลิน' into text field 'xpath=(//input[contains(@class, 'mat-input-element') and @maxlength='250' and @required])[1]'.</msg>
<arg>${1.1_ชื่อ}</arg>
<arg>${ชื่อ}</arg>
<doc>Types the given ``text`` into the text field identified by ``locator``.</doc>
<status status="PASS" start="2025-07-30T11:41:21.479237" elapsed="1.610069"/>
</kw>
<kw name="Input Text" owner="SeleniumLibrary">
<msg time="2025-07-30T11:41:23.089306" level="INFO">Typing text 'น้ำ' into text field 'xpath=(//input[contains(@class, 'mat-input-element') and @maxlength='250' and @required])[2]'.</msg>
<arg>${1.1_นามสกุล}</arg>
<arg>${นามสกุล}</arg>
<doc>Types the given ``text`` into the text field identified by ``locator``.</doc>
<status status="PASS" start="2025-07-30T11:41:23.089306" elapsed="1.599815"/>
</kw>
<kw name="Input Text" owner="SeleniumLibrary">
<msg time="2025-07-30T11:41:24.689121" level="INFO">Typing text '2013471927073' into text field 'xpath=//input[@ng-reflect-maxlength='13']'.</msg>
<arg>${1.1_เอกสารประจำตัว_เลขที่}</arg>
<arg>${random_number}</arg>
<doc>Types the given ``text`` into the text field identified by ``locator``.</doc>
<status status="PASS" start="2025-07-30T11:41:24.689121" elapsed="1.625093"/>
</kw>
<kw name="Click Element" owner="SeleniumLibrary">
<msg time="2025-07-30T11:41:26.314214" level="INFO">Clicking element 'xpath=//mat-radio-button[contains(@class, 'mat-radio-button mat-accent') and @ng-reflect-value='0']'.</msg>
<arg>${1.1_เอกสารประจำตัว_ทำธุรกรรมด้วยตนเอง}</arg>
<doc>Click the element identified by ``locator``.</doc>
<status status="PASS" start="2025-07-30T11:41:26.314214" elapsed="1.093822"/>
</kw>
<kw name="Input Text" owner="SeleniumLibrary">
<msg time="2025-07-30T11:41:27.408036" level="INFO">Typing text 'เทส' into text field 'xpath=//input[contains(@class, 'mat-input-element') and @maxlength='300']'.</msg>
<arg>${1.2_ที่อยู่}</arg>
<arg>${ที่อยู่}</arg>
<doc>Types the given ``text`` into the text field identified by ``locator``.</doc>
<status status="PASS" start="2025-07-30T11:41:27.408036" elapsed="1.589599"/>
</kw>
<kw name="Click Element" owner="SeleniumLibrary">
<msg time="2025-07-30T11:41:28.997635" level="INFO">Clicking element '(//mat-select[@name='countryCode'])[1]'.</msg>
<arg>${1.2_ประเทศ}</arg>
<doc>Click the element identified by ``locator``.</doc>
<status status="PASS" start="2025-07-30T11:41:28.997635" elapsed="1.063098"/>
</kw>
<kw name="Click Element" owner="SeleniumLibrary">
<msg time="2025-07-30T11:41:30.060733" level="INFO">Clicking element 'xpath=//mat-option[span[contains(text(), 'ไทย')]]'.</msg>
<arg>${1.2_ที่อยู่_ประเทศ_ไทย}</arg>
<doc>Click the element identified by ``locator``.</doc>
<status status="PASS" start="2025-07-30T11:41:30.060733" elapsed="1.065838"/>
</kw>
<kw name="Click Element" owner="SeleniumLibrary">
<msg time="2025-07-30T11:41:31.126571" level="INFO">Clicking element '(//mat-select[.//span[contains(text(),'โปรดระบุ')]])[1]'.</msg>
<arg>${1.2_ที่อยู่_ประเทศ_จังหวัด}</arg>
<doc>Click the element identified by ``locator``.</doc>
<status status="PASS" start="2025-07-30T11:41:31.126571" elapsed="1.095413"/>
</kw>
<kw name="Click Element" owner="SeleniumLibrary">
<msg time="2025-07-30T11:41:32.221984" level="INFO">Clicking element 'xpath=//mat-option[.//span[contains(text(),'กรุงเทพมหานคร')]]'.</msg>
<arg>${1.2_ที่อยู่_ประเทศ_จังหวัด_เลือก}</arg>
<doc>Click the element identified by ``locator``.</doc>
<status status="PASS" start="2025-07-30T11:41:32.221984" elapsed="1.078951"/>
</kw>
<kw name="Click Element" owner="SeleniumLibrary">
<msg time="2025-07-30T11:41:33.303384" level="INFO">Clicking element '(//mat-select[.//span[contains(text(),'โปรดระบุ')]])[1]'.</msg>
<arg>${1.2_ที่อยู่_ประเทศ_อำเภอ}</arg>
<doc>Click the element identified by ``locator``.</doc>
<status status="PASS" start="2025-07-30T11:41:33.302594" elapsed="1.093545"/>
</kw>
<kw name="Click Element" owner="SeleniumLibrary">
<msg time="2025-07-30T11:41:34.396139" level="INFO">Clicking element 'xpath=//mat-option[.//span[contains(text(),'จตุจักร')]]'.</msg>
<arg>${1.2_ที่อยู่_ประเทศ_อำเภอ_เลือก}</arg>
<doc>Click the element identified by ``locator``.</doc>
<status status="PASS" start="2025-07-30T11:41:34.396139" elapsed="1.087955"/>
</kw>
<kw name="Click Element" owner="SeleniumLibrary">
<msg time="2025-07-30T11:41:35.486150" level="INFO">Clicking element '(//mat-select[.//span[contains(text(),'โปรดระบุ')]])[1]'.</msg>
<arg>${1.2_ที่อยู่_ประเทศ_ตำบล}</arg>
<doc>Click the element identified by ``locator``.</doc>
<status status="PASS" start="2025-07-30T11:41:35.485144" elapsed="1.075004"/>
</kw>
<kw name="Click Element" owner="SeleniumLibrary">
<msg time="2025-07-30T11:41:36.560148" level="INFO">Clicking element 'xpath=//mat-option[.//span[contains(text(),'จตุจักร')]]'.</msg>
<arg>${1.2_ที่อยู่_ประเทศ_ตำบล_เลือก}</arg>
<doc>Click the element identified by ``locator``.</doc>
<status status="PASS" start="2025-07-30T11:41:36.560148" elapsed="1.068503"/>
</kw>
<kw name="Input Text" owner="SeleniumLibrary">
<msg time="2025-07-30T11:41:37.628651" level="INFO">Typing text '21229' into text field '(//input[@ng-reflect-maxlength='5'])[1]'.</msg>
<arg>${1.2_ที่อยู่_ประเทศ_รหัสไปรษณีย์_เลข}</arg>
<arg>${รหัสไปรษณีย์}</arg>
<doc>Types the given ``text`` into the text field identified by ``locator``.</doc>
<status status="PASS" start="2025-07-30T11:41:37.628651" elapsed="1.621861"/>
</kw>
<kw name="Click Element" owner="SeleniumLibrary">
<msg time="2025-07-30T11:41:39.251764" level="INFO">Clicking element 'xpath=//mat-select[@name='occupationType']'.</msg>
<arg>${1.3อาชีพ}</arg>
<doc>Click the element identified by ``locator``.</doc>
<status status="PASS" start="2025-07-30T11:41:39.251764" elapsed="1.068969"/>
</kw>
<kw name="Click Element" owner="SeleniumLibrary">
<msg time="2025-07-30T11:41:40.320733" level="INFO">Clicking element 'xpath=//mat-option[.//span[contains(text(), 'อาชีพอิสระ')]]'.</msg>
<arg>${1.3อาชีพ_เลือก}</arg>
<doc>Click the element identified by ``locator``.</doc>
<status status="PASS" start="2025-07-30T11:41:40.320733" elapsed="1.067053"/>
</kw>
<kw name="Input Text" owner="SeleniumLibrary">
<msg time="2025-07-30T11:41:41.390251" level="INFO">Typing text '2013471927073' into text field 'xpath=(//input[@ng-reflect-maxlength='13'])[2]'.</msg>
<arg>${1.5_เลขที่}</arg>
<arg>${random_number}</arg>
<doc>Types the given ``text`` into the text field identified by ``locator``.</doc>
<status status="PASS" start="2025-07-30T11:41:41.387786" elapsed="1.652006"/>
</kw>
<status status="PASS" start="2025-07-30T11:41:16.665290" elapsed="26.374502"/>
</kw>
<kw name="ส่วนที่1 บันทึกและไปหน้าถัดไป" owner="keywords_Testcase_1-02">
<kw name="Click Element" owner="SeleniumLibrary">
<msg time="2025-07-30T11:41:43.039792" level="INFO">Clicking element 'xpath=//button[.//span[contains(text(), 'บันทึก')]]'.</msg>
<arg>${ส่วนที่1_บีนทึก}</arg>
<doc>Click the element identified by ``locator``.</doc>
<status status="PASS" start="2025-07-30T11:41:43.039792" elapsed="1.065474"/>
</kw>
<kw name="Run Keyword And Ignore Error" owner="BuiltIn">
<kw name="(ปุ่มตกลง)" owner="keywords_Testcase_1-02">
<kw name="Wait Until Element Is Enabled" owner="SeleniumLibrary">
<arg>${ส่วนที่1_ตกลง}</arg>
<arg>timeout=10s</arg>
<doc>Waits until the element ``locator`` is enabled.</doc>
<status status="PASS" start="2025-07-30T11:41:44.105266" elapsed="1.544563"/>
</kw>
<kw name="Wait Until Element Is Visible" owner="SeleniumLibrary">
<arg>${ส่วนที่1_ตกลง}</arg>
<arg>timeout=10s</arg>
<doc>Waits until the element ``locator`` is visible.</doc>
<status status="PASS" start="2025-07-30T11:41:45.649829" elapsed="1.028758"/>
</kw>
<kw name="Click Element" owner="SeleniumLibrary">
<msg time="2025-07-30T11:41:46.679603" level="INFO">Clicking element '//button[.//span[normalize-space()='ตกลง']]'.</msg>
<arg>${ส่วนที่1_ตกลง}</arg>
<doc>Click the element identified by ``locator``.</doc>
<status status="PASS" start="2025-07-30T11:41:46.679603" elapsed="1.070489"/>
</kw>
<status status="PASS" start="2025-07-30T11:41:44.105266" elapsed="3.644826"/>
</kw>
<arg>(ปุ่มตกลง)</arg>
<doc>Runs the given keyword with the given arguments and ignores possible error.</doc>
<status status="PASS" start="2025-07-30T11:41:44.105266" elapsed="3.644826"/>
</kw>
<kw name="Wait Until Element Is Visible" owner="SeleniumLibrary">
<arg>${ส่วนที่1_ถัดไป}</arg>
<doc>Waits until the element ``locator`` is visible.</doc>
<status status="PASS" start="2025-07-30T11:41:47.750092" elapsed="1.048413"/>
</kw>
<kw name="Click Element" owner="SeleniumLibrary">
<msg time="2025-07-30T11:41:48.800297" level="INFO">Clicking element '//button[contains(@class, 'mat-raised-button') and .//span[contains(text(), 'ถัดไป')]]'.</msg>
<arg>${ส่วนที่1_ถัดไป}</arg>
<doc>Click the element identified by ``locator``.</doc>
<status status="PASS" start="2025-07-30T11:41:48.798505" elapsed="1.101558"/>
</kw>
<status status="PASS" start="2025-07-30T11:41:43.039792" elapsed="6.861437"/>
</kw>
<kw name="ส่วนที่2 ถัดไป" owner="keywords_Testcase_1-02">
<kw name="Wait Until Element Is Visible" owner="SeleniumLibrary">
<arg>${ส่วนที่2_ถัดไป}</arg>
<doc>Waits until the element ``locator`` is visible.</doc>
<status status="PASS" start="2025-07-30T11:41:49.901229" elapsed="1.043077"/>
</kw>
<kw name="Click Element" owner="SeleniumLibrary">
<msg time="2025-07-30T11:41:50.944306" level="INFO">Clicking element '//button[contains(@class, 'mat-raised-button') and .//span[contains(text(), 'ถัดไป')]]'.</msg>
<arg>${ส่วนที่2_ถัดไป}</arg>
<doc>Click the element identified by ``locator``.</doc>
<status status="PASS" start="2025-07-30T11:41:50.944306" elapsed="1.152894"/>
</kw>
<status status="PASS" start="2025-07-30T11:41:49.901229" elapsed="2.195971"/>
</kw>
<kw name="ส่วนที่ 3 ระบุข้อมูล(ขายฝาก/ที่ดิน)" owner="keywords_Testcase_1-02">
<kw name="Wait Until Element Is Visible" owner="SeleniumLibrary">
<arg>${ส่วนที่3_วันที่ทำธุรกรรม}</arg>
<doc>Waits until the element ``locator`` is visible.</doc>
<status status="PASS" start="2025-07-30T11:41:52.097200" elapsed="1.011602"/>
</kw>
<kw name="Input Text" owner="SeleniumLibrary">
<msg time="2025-07-30T11:41:53.108802" level="INFO">Typing text '01/01/2567' into text field 'xpath=//input[contains(@class, 'mat-datepicker-input')]'.</msg>
<arg>${ส่วนที่3_วันที่ทำธุรกรรม}</arg>
<arg>${วันที่ทำธุระกรรม(dd/MM/yyyy)}</arg>
<doc>Types the given ``text`` into the text field identified by ``locator``.</doc>
<status status="PASS" start="2025-07-30T11:41:53.108802" elapsed="1.644148"/>
</kw>
<kw name="Click Element" owner="SeleniumLibrary">
<msg time="2025-07-30T11:41:54.752950" level="INFO">Clicking element '//mat-radio-button[.//span[contains(text(), 'จำนอง')]]'.</msg>
<arg>${3.1_ประเภทธุรกรรม_จำนอง}</arg>
<doc>Click the element identified by ``locator``.</doc>
<status status="PASS" start="2025-07-30T11:41:54.752950" elapsed="1.080207"/>
</kw>
<kw name="Click Element" owner="SeleniumLibrary">
<msg time="2025-07-30T11:41:55.833157" level="INFO">Clicking element '//mat-radio-button[label/span[contains(text(), 'ที่ดิน')]]'.</msg>
<arg>${3.2_ประเภททรัพย์สินที่ใช้ทําธุรกรรม_ที่ดิน}</arg>
<doc>Click the element identified by ``locator``.</doc>
<status status="PASS" start="2025-07-30T11:41:55.833157" elapsed="1.072191"/>
</kw>
<kw name="Input Text" owner="SeleniumLibrary">
<msg time="2025-07-30T11:41:56.905348" level="INFO">Typing text 'test' into text field '//textarea[contains(@class, 'mat-input-element')]'.</msg>
<arg>${3.2_โปรดระบุรายละเอียดของทรัพย์สิน}</arg>
<arg>${รายละเอียดทรัพย์สิน}</arg>
<doc>Types the given ``text`` into the text field identified by ``locator``.</doc>
<status status="PASS" start="2025-07-30T11:41:56.905348" elapsed="1.603161"/>
</kw>
<kw name="Input Text" owner="SeleniumLibrary">
<msg time="2025-07-30T11:41:58.509548" level="INFO">Typing text '3000000' into text field '//input[@name='assetAmount']'.</msg>
<arg>${3.3_มูลค่าทรัพย์สินที่ทำธุรกรรมทั้งสิ้น}</arg>
<arg>${มูลค่าทรัพย์สินที่ทำธุรกรรมทั้งสิ้น}</arg>
<doc>Types the given ``text`` into the text field identified by ``locator``.</doc>
<status status="PASS" start="2025-07-30T11:41:58.509548" elapsed="1.633244"/>
</kw>
<kw name="Input Text" owner="SeleniumLibrary">
<msg time="2025-07-30T11:42:00.142792" level="INFO">Typing text '0129304304056' into text field '//input[@name="accountNo"]'.</msg>
<arg>${3.4_บัญชีที่ทำธุรกรรม_เลขที่บัญชีที่ทำธุรกรรม}</arg>
<arg>${เลขที่บัญชีที่ทำธุรกรรม}</arg>
<doc>Types the given ``text`` into the text field identified by ``locator``.</doc>
<status status="PASS" start="2025-07-30T11:42:00.142792" elapsed="1.626731"/>
</kw>
<kw name="Input Text" owner="SeleniumLibrary">
<msg time="2025-07-30T11:42:01.769523" level="INFO">Typing text 'สวยสุด' into text field '//input[@ng-reflect-name='accountName']'.</msg>
<arg>${3.4_บัญชีที่ทำธุรกรรม_ชื่อบัญชี}</arg>
<arg>${ัญชีที่ทำธุรกรรม_ชื่อบัญชี}</arg>
<doc>Types the given ``text`` into the text field identified by ``locator``.</doc>
<status status="PASS" start="2025-07-30T11:42:01.769523" elapsed="1.619050"/>
</kw>
<status status="PASS" start="2025-07-30T11:41:52.097200" elapsed="11.291373"/>
</kw>
<kw name="ส่วนที่ 3 3.4บุคคลธรรมดา" owner="keywords_Testcase_1-02">
<kw name="Click Element" owner="SeleniumLibrary">
<msg time="2025-07-30T11:42:03.388573" level="INFO">Clicking element '(//mat-radio-button[@value='1'])[3]'.</msg>
<arg>${3.4_บัญชีที่ทำธุรกรรม_ชื่อเจ้าของบัญชี_บุคคลธรรมดา}</arg>
<doc>Click the element identified by ``locator``.</doc>
<status status="PASS" start="2025-07-30T11:42:03.388573" elapsed="1.069815"/>
</kw>
<kw name="Click Element" owner="SeleniumLibrary">
<msg time="2025-07-30T11:42:04.459492" level="INFO">Clicking element 'xpath=//mat-select[@name='accountHolderPrefix']'.</msg>
<arg>${3.4_บัญชีที่ทำธุรกรรม_คำนำหน้าชื่อ}</arg>
<doc>Click the element identified by ``locator``.</doc>
<status status="PASS" start="2025-07-30T11:42:04.459492" elapsed="1.091214"/>
</kw>
<kw name="Click Element" owner="SeleniumLibrary">
<msg time="2025-07-30T11:42:05.551656" level="INFO">Clicking element 'xpath=//mat-option[@ng-reflect-value='นาย']'.</msg>
<arg>${3.4_บัญชีที่ทำธุรกรรม_คำนำหน้าชื่อ_เลือก}</arg>
<doc>Click the element identified by ``locator``.</doc>
<status status="PASS" start="2025-07-30T11:42:05.551656" elapsed="1.094619"/>
</kw>
<kw name="Input Text" owner="SeleniumLibrary">
<msg time="2025-07-30T11:42:06.648395" level="INFO">Typing text 'หล่อ' into text field '(//input[@name='accountHolderFirst'])[1]'.</msg>
<arg>${3.4_บัญชีที่ทำธุรกรรม_คำนำหน้าชื่อ_ชื่อ}</arg>
<arg>${ชื่อ3.4}</arg>
<doc>Types the given ``text`` into the text field identified by ``locator``.</doc>
<status status="PASS" start="2025-07-30T11:42:06.647409" elapsed="1.606329"/>
</kw>
<kw name="Input Text" owner="SeleniumLibrary">
<msg time="2025-07-30T11:42:08.253738" level="INFO">Typing text 'มากมาก' into text field '(//input[@name='accountHolderLast'])[1]'.</msg>
<arg>${3.4_บัญชีที่ทำธุรกรรม_คำนำหน้าชื่อ_นามสกุล}</arg>
<arg>${นามสกุล3.4}</arg>
<doc>Types the given ``text`` into the text field identified by ``locator``.</doc>
<status status="PASS" start="2025-07-30T11:42:08.253738" elapsed="1.600777"/>
</kw>
<status status="PASS" start="2025-07-30T11:42:03.388573" elapsed="6.465942"/>
</kw>
<kw name="ส่วนที่ 3 3.7รัตถุประสงค์ของการทำธุรกรรม" owner="keywords_Testcase_1-02">
<kw name="Click Element" owner="SeleniumLibrary">
<msg time="2025-07-30T11:42:09.854515" level="INFO">Clicking element 'xpath=//mat-select[@name='objectiveType']'.</msg>
<arg>${3.7วัตถุประสงค์ของการทำธุรกรรม}</arg>
<doc>Click the element identified by ``locator``.</doc>
<status status="PASS" start="2025-07-30T11:42:09.854515" elapsed="1.088912"/>
</kw>
<kw name="Click Element" owner="SeleniumLibrary">
<msg time="2025-07-30T11:42:10.944364" level="INFO">Clicking element '//mat-option[.//span[contains(text(), 'ฝากเงินเพื่อรับดอกเบี้ย')]]'.</msg>
<arg>${3.7วัตถุประสงค์ของการทำธุรกรรม_เลือก}</arg>
<doc>Click the element identified by ``locator``.</doc>
<status status="PASS" start="2025-07-30T11:42:10.944364" elapsed="1.084377"/>
</kw>
<status status="PASS" start="2025-07-30T11:42:09.854515" elapsed="2.174226"/>
</kw>
<kw name="ส่วนที่ 3 บันทึกข้อมูล" owner="keywords_Testcase_1-02">
<kw name="เก็บรหัสCIF" owner="AMLO Variables">
<kw name="Wait Until Element Is Visible" owner="SeleniumLibrary">
<arg>${CIF_XPATH}</arg>
<arg>timeout=2s</arg>
<doc>Waits until the element ``locator`` is visible.</doc>
<status status="PASS" start="2025-07-30T11:42:12.032492" elapsed="1.030984"/>
</kw>
<kw name="Get Text" owner="SeleniumLibrary">
<msg time="2025-07-30T11:42:14.108310" level="INFO">${CIF} = MAN2013471927073</msg>
<var>${CIF}</var>
<arg>${CIF_XPATH}</arg>
<doc>Returns the text value of the element identified by ``locator``.</doc>
<status status="PASS" start="2025-07-30T11:42:13.063476" elapsed="1.044834"/>
</kw>
<kw name="Log To Console" owner="BuiltIn">
<arg>รหัสCIF ที่เก็บได้: ${CIF}</arg>
<doc>Logs the given message to the console.</doc>
<status status="PASS" start="2025-07-30T11:42:14.108310" elapsed="0.000000"/>
</kw>
<kw name="Set Suite Variable" owner="BuiltIn">
<msg time="2025-07-30T11:42:14.108310" level="INFO">${CIF} = MAN2013471927073</msg>
<arg>${CIF}</arg>
<arg>${CIF}</arg>
<doc>Makes a variable available everywhere within the scope of the current suite.</doc>
<status status="PASS" start="2025-07-30T11:42:14.108310" elapsed="0.000000"/>
</kw>
<return>
<value>${CIF}</value>
<status status="PASS" start="2025-07-30T11:42:14.108310" elapsed="0.000000"/>
</return>
<status status="PASS" start="2025-07-30T11:42:12.031668" elapsed="2.076642"/>
</kw>
<kw name="Click Element" owner="SeleniumLibrary">
<msg time="2025-07-30T11:42:14.108310" level="INFO">Clicking element 'xpath=//button[.//span[contains(text(), 'บันทึก')]]'.</msg>
<arg>${ส่วนที่1_บีนทึก}</arg>
<doc>Click the element identified by ``locator``.</doc>
<status status="PASS" start="2025-07-30T11:42:14.108310" elapsed="1.087707"/>
</kw>
<kw name="Run Keyword And Ignore Error" owner="BuiltIn">
<kw name="(ปุ่มตกลง)" owner="keywords_Testcase_1-02">
<kw name="Wait Until Element Is Enabled" owner="SeleniumLibrary">
<arg>${ส่วนที่1_ตกลง}</arg>
<arg>timeout=10s</arg>
<doc>Waits until the element ``locator`` is enabled.</doc>
<status status="PASS" start="2025-07-30T11:42:15.197293" elapsed="1.521572"/>
</kw>
<kw name="Wait Until Element Is Visible" owner="SeleniumLibrary">
<arg>${ส่วนที่1_ตกลง}</arg>
<arg>timeout=10s</arg>
<doc>Waits until the element ``locator`` is visible.</doc>
<status status="PASS" start="2025-07-30T11:42:16.719801" elapsed="1.026403"/>
</kw>
<kw name="Click Element" owner="SeleniumLibrary">
<msg time="2025-07-30T11:42:17.746204" level="INFO">Clicking element '//button[.//span[normalize-space()='ตกลง']]'.</msg>
<arg>${ส่วนที่1_ตกลง}</arg>
<doc>Click the element identified by ``locator``.</doc>
<status status="PASS" start="2025-07-30T11:42:17.746204" elapsed="1.067844"/>
</kw>
<status status="PASS" start="2025-07-30T11:42:15.197293" elapsed="3.617797"/>
</kw>
<arg>(ปุ่มตกลง)</arg>
<doc>Runs the given keyword with the given arguments and ignores possible error.</doc>
<status status="PASS" start="2025-07-30T11:42:15.196541" elapsed="3.618549"/>
</kw>
<status status="PASS" start="2025-07-30T11:42:12.030485" elapsed="6.784605"/>
</kw>
<kw name="ส่วนที่ 3 ขออนุมัติ" owner="keywords_Testcase_1-02">
<kw name="Click Element" owner="SeleniumLibrary">
<msg time="2025-07-30T11:42:18.815090" level="INFO">Clicking element '//button//span[contains(text(), 'ขออนุมัติ')]'.</msg>
<arg>${ขออนุมัติ}</arg>
<doc>Click the element identified by ``locator``.</doc>
<status status="PASS" start="2025-07-30T11:42:18.815090" elapsed="1.080177"/>
</kw>
<kw name="Wait Until Element Is Visible" owner="SeleniumLibrary">
<arg>${ส่วนที่3_ยืนยัน}</arg>
<doc>Waits until the element ``locator`` is visible.</doc>
<status status="PASS" start="2025-07-30T11:42:19.896176" elapsed="1.016372"/>
</kw>
<kw name="Click Element" owner="SeleniumLibrary">
<msg time="2025-07-30T11:42:20.913970" level="INFO">Clicking element '//button//span[contains(text(), 'ยืนยัน')]'.</msg>
<arg>${ส่วนที่3_ยืนยัน}</arg>
<doc>Click the element identified by ``locator``.</doc>
<status status="PASS" start="2025-07-30T11:42:20.913970" elapsed="1.094971"/>
</kw>
<kw name="Run Keyword And Ignore Error" owner="BuiltIn">
<kw name="(ปุ่มตกลง)" owner="keywords_Testcase_1-02">
<kw name="Wait Until Element Is Enabled" owner="SeleniumLibrary">
<arg>${ส่วนที่1_ตกลง}</arg>
<arg>timeout=10s</arg>
<doc>Waits until the element ``locator`` is enabled.</doc>
<status status="PASS" start="2025-07-30T11:42:22.009961" elapsed="1.543129"/>
</kw>
<kw name="Wait Until Element Is Visible" owner="SeleniumLibrary">
<arg>${ส่วนที่1_ตกลง}</arg>
<arg>timeout=10s</arg>
<doc>Waits until the element ``locator`` is visible.</doc>
<status status="PASS" start="2025-07-30T11:42:23.553090" elapsed="1.007218"/>
</kw>
<kw name="Click Element" owner="SeleniumLibrary">
<msg time="2025-07-30T11:42:24.560308" level="INFO">Clicking element '//button[.//span[normalize-space()='ตกลง']]'.</msg>
<arg>${ส่วนที่1_ตกลง}</arg>
<doc>Click the element identified by ``locator``.</doc>
<status status="PASS" start="2025-07-30T11:42:24.560308" elapsed="1.068901"/>
</kw>
<status status="PASS" start="2025-07-30T11:42:22.009961" elapsed="3.619248"/>
</kw>
<arg>(ปุ่มตกลง)</arg>
<doc>Runs the given keyword with the given arguments and ignores possible error.</doc>
<status status="PASS" start="2025-07-30T11:42:22.009961" elapsed="3.619248"/>
</kw>
<status status="PASS" start="2025-07-30T11:42:18.815090" elapsed="6.814119"/>
</kw>
<doc>ระบุข้อมูลในส่วนที่ 1 ส่วนที่ 2 และส่วนที่ 3</doc>
<status status="PASS" start="2025-07-30T11:41:16.649901" elapsed="68.980707"/>
</test>
<test id="s1-t6" name="6.เปลี่ยนUserอนุมัติข้อมูลระดับผู้จัดการ" line="79">
<kw name="ออกจากระบบ" owner="main_keywords">
<kw name="Click Element" owner="SeleniumLibrary">
<msg time="2025-07-30T11:42:25.630608" level="INFO">Clicking element '//button//span[contains(text(), 'ออกจากระบบ')]'.</msg>
<arg>${ปุ่มออกจากระบบ}</arg>
<doc>Click the element identified by ``locator``.</doc>
<status status="PASS" start="2025-07-30T11:42:25.630608" elapsed="1.085180"/>
</kw>
<status status="PASS" start="2025-07-30T11:42:25.630608" elapsed="1.086054"/>
</kw>
<kw name="เข้าด้วยUserระดับหัวหน้างาน" owner="main_keywords">
<kw name="Wait Until Element Is Visible" owner="SeleniumLibrary">
<arg>xpath=//input[contains(@class, 'inputLogin')]</arg>
<doc>Waits until the element ``locator`` is visible.</doc>
<status status="PASS" start="2025-07-30T11:42:26.716662" elapsed="1.035447"/>
</kw>
<kw name="Input Text" owner="SeleniumLibrary">
<msg time="2025-07-30T11:42:27.753180" level="INFO">Typing text '490234' into text field 'xpath=//input[contains(@class, 'inputLogin')]'.</msg>
<arg>xpath=//input[contains(@class, 'inputLogin')]</arg>
<arg>${ID:หัวหน้างาน}</arg>
<doc>Types the given ``text`` into the text field identified by ``locator``.</doc>
<status status="PASS" start="2025-07-30T11:42:27.753180" elapsed="1.573012"/>
</kw>
<kw name="Input Password" owner="SeleniumLibrary">
<msg time="2025-07-30T11:42:29.326192" level="INFO">Typing password into text field 'xpath=//input[contains(@class, 'inputLogin') and @type='password']'.</msg>
<msg time="2025-07-30T11:42:30.384199" level="INFO">Temporally setting log level to: NONE</msg>
<arg>xpath=//input[contains(@class, 'inputLogin') and @type='password']</arg>
<arg>${password:หัวหน้างาน}</arg>
<doc>Types the given password into the text field identified by ``locator``.</doc>
<status status="PASS" start="2025-07-30T11:42:29.326192" elapsed="1.594773"/>
</kw>
<kw name="Click Element" owner="SeleniumLibrary">
<msg time="2025-07-30T11:42:30.920965" level="INFO">Clicking element '//button[contains(@class, 'mat-raised-button')]'.</msg>
<arg>//button[contains(@class, 'mat-raised-button')]</arg>
<doc>Click the element identified by ``locator``.</doc>
<status status="PASS" start="2025-07-30T11:42:30.920965" elapsed="1.066211"/>
</kw>
<kw name="Run Keyword And Ignore Error" owner="BuiltIn">
<kw name="ยืนยันการเข้าระบบ" owner="main_keywords">
<kw name="Wait Until Element Is Visible" owner="SeleniumLibrary">
<msg time="2025-07-30T11:42:37.602931" level="INFO" html="true">&lt;/td&gt;&lt;/tr&gt;&lt;tr&gt;&lt;td colspan="3"&gt;&lt;a href="selenium-screenshot-3.png"&gt;&lt;img src="selenium-screenshot-3.png" width="800px"&gt;&lt;/a&gt;</msg>
<msg time="2025-07-30T11:42:37.602931" level="FAIL">Element '//button[contains(@class, 'mat-raised-button')]//i[contains(@class, 'fa-check')]' not visible after 5 seconds.</msg>
<arg>//button[contains(@class, 'mat-raised-button')]//i[contains(@class, 'fa-check')]</arg>
<doc>Waits until the element ``locator`` is visible.</doc>
<status status="FAIL" start="2025-07-30T11:42:31.989878" elapsed="5.613053">Element '//button[contains(@class, 'mat-raised-button')]//i[contains(@class, 'fa-check')]' not visible after 5 seconds.</status>
</kw>
<kw name="Click Element" owner="SeleniumLibrary">
<arg>//button[contains(@class, 'mat-raised-button')]//i[contains(@class, 'fa-check')]</arg>
<doc>Click the element identified by ``locator``.</doc>
<status status="NOT RUN" start="2025-07-30T11:42:37.602931" elapsed="0.000000"/>
</kw>
<status status="FAIL" start="2025-07-30T11:42:31.989128" elapsed="5.613803">Element '//button[contains(@class, 'mat-raised-button')]//i[contains(@class, 'fa-check')]' not visible after 5 seconds.</status>
</kw>
<arg>ยืนยันการเข้าระบบ</arg>
<doc>Runs the given keyword with the given arguments and ignores possible error.</doc>
<status status="PASS" start="2025-07-30T11:42:31.988010" elapsed="5.614921"/>
</kw>
<kw name="Run Keyword And Ignore Error" owner="BuiltIn">
<kw name="ยืนยันการข้าม Pop-up" owner="main_keywords">
<kw name="Wait Until Element Is Visible" owner="SeleniumLibrary">
<msg time="2025-07-30T11:42:43.918317" level="INFO" html="true">&lt;/td&gt;&lt;/tr&gt;&lt;tr&gt;&lt;td colspan="3"&gt;&lt;a href="selenium-screenshot-4.png"&gt;&lt;img src="selenium-screenshot-4.png" width="800px"&gt;&lt;/a&gt;</msg>
<msg time="2025-07-30T11:42:43.918317" level="FAIL">Element 'xpath=//button[.//span[normalize-space(text())='Close']]' not visible after 5 seconds.</msg>
<arg>xpath=//button[.//span[normalize-space(text())='Close']]</arg>
<arg>timeout=5s</arg>
<doc>Waits until the element ``locator`` is visible.</doc>
<status status="FAIL" start="2025-07-30T11:42:37.602931" elapsed="6.315386">Element 'xpath=//button[.//span[normalize-space(text())='Close']]' not visible after 5 seconds.</status>
</kw>
<kw name="Click Element" owner="SeleniumLibrary">
<arg>xpath=//button[.//span[normalize-space(text())='Close']]</arg>
<doc>Click the element identified by ``locator``.</doc>
<status status="NOT RUN" start="2025-07-30T11:42:43.918317" elapsed="0.000000"/>
</kw>
<status status="FAIL" start="2025-07-30T11:42:37.602931" elapsed="6.315386">Element 'xpath=//button[.//span[normalize-space(text())='Close']]' not visible after 5 seconds.</status>
</kw>
<arg>ยืนยันการข้าม Pop-up</arg>
<doc>Runs the given keyword with the given arguments and ignores possible error.</doc>
<status status="PASS" start="2025-07-30T11:42:37.602931" elapsed="6.315386"/>
</kw>
<status status="PASS" start="2025-07-30T11:42:26.716662" elapsed="17.201655"/>
</kw>
<kw name="เลือกเมนูView Alert รายงาน ปปง. 1-01, 1-02, 1-03, 1-05-9" owner="AMLO Variables">
<kw name="Wait Until Element Is Visible" owner="SeleniumLibrary">
<arg>${View Alert รายงาน ปปง. 1-01, 1-02, 1-03, 1-05-9}</arg>
<doc>Waits until the element ``locator`` is visible.</doc>
<status status="PASS" start="2025-07-30T11:42:43.918317" elapsed="1.025547"/>
</kw>
<kw name="Click Element" owner="SeleniumLibrary">
<msg time="2025-07-30T11:42:44.943864" level="INFO">Clicking element '//a[contains(normalize-space(), 'View Alert รายงาน ปปง. 1-01')]'.</msg>
<arg>${View Alert รายงาน ปปง. 1-01, 1-02, 1-03, 1-05-9}</arg>
<doc>Click the element identified by ``locator``.</doc>
<status status="PASS" start="2025-07-30T11:42:44.943864" elapsed="1.113749"/>
</kw>
<status status="PASS" start="2025-07-30T11:42:43.918317" elapsed="2.139296"/>
</kw>
<kw name="ค้นหารายงานด้วย CIF" owner="keywordการค้นหา">
<kw name="Input Text" owner="SeleniumLibrary">
<msg time="2025-07-30T11:42:46.060857" level="INFO">Typing text 'MAN2013471927073' into text field '//input[@ng-reflect-name="cifNo"]'.</msg>
<arg>${ค้นหาCIF}</arg>
<arg>${CIF}</arg>
<doc>Types the given ``text`` into the text field identified by ``locator``.</doc>
<status status="PASS" start="2025-07-30T11:42:46.059630" elapsed="1.624793"/>
</kw>
<kw name="Sleep" owner="BuiltIn">
<msg time="2025-07-30T11:42:48.686174" level="INFO">Slept 1 second.</msg>
<arg>1s</arg>
<doc>Pauses the test executed for the given time.</doc>
<status status="PASS" start="2025-07-30T11:42:47.684423" elapsed="1.001751"/>
</kw>
<kw name="Wait Until Element Is Visible" owner="SeleniumLibrary">
<arg>${ปุ่มค้นหา}</arg>
<arg>5s</arg>
<doc>Waits until the element ``locator`` is visible.</doc>
<status status="PASS" start="2025-07-30T11:42:48.686174" elapsed="1.018460"/>
</kw>
<kw name="Click Element" owner="SeleniumLibrary">
<msg time="2025-07-30T11:42:49.706241" level="INFO">Clicking element '//button[.//span[contains(text(), 'ค้นหา')]]'.</msg>
<arg>${ปุ่มค้นหา}</arg>
<doc>Click the element identified by ``locator``.</doc>
<status status="PASS" start="2025-07-30T11:42:49.704634" elapsed="1.079614"/>
</kw>
<kw name="Sleep" owner="BuiltIn">
<msg time="2025-07-30T11:42:51.791711" level="INFO">Slept 1 second.</msg>
<arg>1s</arg>
<doc>Pauses the test executed for the given time.</doc>
<status status="PASS" start="2025-07-30T11:42:50.784248" elapsed="1.007463"/>
</kw>
<kw name="Capture Page Screenshot" owner="SeleniumLibrary">
<msg time="2025-07-30T11:42:52.424294" level="INFO" html="true">&lt;/td&gt;&lt;/tr&gt;&lt;tr&gt;&lt;td colspan="3"&gt;&lt;a href="selenium-screenshot-5.png"&gt;&lt;img src="selenium-screenshot-5.png" width="800px"&gt;&lt;/a&gt;</msg>
<doc>Takes a screenshot of the current page and embeds it into a log file.</doc>
<status status="PASS" start="2025-07-30T11:42:51.791711" elapsed="0.632583"/>
</kw>
<status status="PASS" start="2025-07-30T11:42:46.059630" elapsed="6.364664"/>
</kw>
<kw name="เลือกอนุมัติรายการ" owner="keywordการค้นหา">
<kw name="Wait Until Element Is Visible" owner="SeleniumLibrary">
<arg>${ปุ่มApprove}</arg>
<doc>Waits until the element ``locator`` is visible.</doc>
<status status="PASS" start="2025-07-30T11:42:52.424294" elapsed="1.034916"/>
</kw>
<kw name="Click Element" owner="SeleniumLibrary">
<msg time="2025-07-30T11:42:53.459210" level="INFO">Clicking element '//button[.//span[contains(text(), 'Approve')]]'.</msg>
<arg>${ปุ่มApprove}</arg>
<doc>Click the element identified by ``locator``.</doc>
<status status="PASS" start="2025-07-30T11:42:53.459210" elapsed="1.116070"/>
</kw>
<kw name="Wait Until Element Is Visible" owner="SeleniumLibrary">
<arg>${ปุ่มอนุมัติ}</arg>
<doc>Waits until the element ``locator`` is visible.</doc>
<status status="PASS" start="2025-07-30T11:42:54.575984" elapsed="1.047965"/>
</kw>
<kw name="Click Element" owner="SeleniumLibrary">
<msg time="2025-07-30T11:42:55.624917" level="INFO">Clicking element '//button[.//mat-icon[text()='assignment_turned_in'] and .//span[normalize-space()='อนุมัติ']]'.</msg>
<arg>${ปุ่มอนุมัติ}</arg>
<doc>Click the element identified by ``locator``.</doc>
<status status="PASS" start="2025-07-30T11:42:55.624917" elapsed="1.080162"/>
</kw>
<kw name="Click Element" owner="SeleniumLibrary">
<msg time="2025-07-30T11:42:56.706192" level="INFO">Clicking element '//button[.//span[normalize-space()='ยืนยัน']]'.</msg>
<arg>${ปุ่มยืนยัน_xpath}</arg>
<doc>Click the element identified by ``locator``.</doc>
<status status="PASS" start="2025-07-30T11:42:56.706192" elapsed="1.071345"/>
</kw>
<kw name="Run Keyword And Ignore Error" owner="BuiltIn">
<kw name="กดปุ่มตกลง" owner="keywordการค้นหา">
<kw name="Wait Until Element Is Enabled" owner="SeleniumLibrary">
<arg>${ปุ่มตกลง_xpath}</arg>
<arg>timeout=10s</arg>
<doc>Waits until the element ``locator`` is enabled.</doc>
<status status="PASS" start="2025-07-30T11:42:57.779319" elapsed="1.544308"/>
</kw>
<kw name="Wait Until Element Is Visible" owner="SeleniumLibrary">
<arg>${ปุ่มตกลง_xpath}</arg>
<arg>timeout=10s</arg>
<doc>Waits until the element ``locator`` is visible.</doc>
<status status="PASS" start="2025-07-30T11:42:59.323627" elapsed="1.011493"/>
</kw>
<kw name="Click Element" owner="SeleniumLibrary">
<msg time="2025-07-30T11:43:00.335120" level="INFO">Clicking element '//button[.//span[normalize-space()='ตกลง']]'.</msg>
<arg>${ปุ่มตกลง_xpath}</arg>
<doc>Click the element identified by ``locator``.</doc>
<status status="PASS" start="2025-07-30T11:43:00.335120" elapsed="1.052423"/>
</kw>
<status status="PASS" start="2025-07-30T11:42:57.779319" elapsed="3.608224"/>
</kw>
<arg>กดปุ่มตกลง</arg>
<doc>Runs the given keyword with the given arguments and ignores possible error.</doc>
<status status="PASS" start="2025-07-30T11:42:57.777537" elapsed="3.610006"/>
</kw>
<kw name="Run Keyword And Ignore Error" owner="BuiltIn">
<kw name="กดปุ่มตกลง" owner="keywordการค้นหา">
<kw name="Wait Until Element Is Enabled" owner="SeleniumLibrary">
<msg time="2025-07-30T11:43:12.072328" level="INFO" html="true">&lt;/td&gt;&lt;/tr&gt;&lt;tr&gt;&lt;td colspan="3"&gt;&lt;a href="selenium-screenshot-6.png"&gt;&lt;img src="selenium-screenshot-6.png" width="800px"&gt;&lt;/a&gt;</msg>
<msg time="2025-07-30T11:43:12.072328" level="FAIL">Element with locator '//button[.//span[normalize-space()='ตกลง']]' not found.</msg>
<arg>${ปุ่มตกลง_xpath}</arg>
<arg>timeout=10s</arg>
<doc>Waits until the element ``locator`` is enabled.</doc>
<status status="FAIL" start="2025-07-30T11:43:01.387543" elapsed="10.684785">Element with locator '//button[.//span[normalize-space()='ตกลง']]' not found.</status>
</kw>
<kw name="Wait Until Element Is Visible" owner="SeleniumLibrary">
<arg>${ปุ่มตกลง_xpath}</arg>
<arg>timeout=10s</arg>
<doc>Waits until the element ``locator`` is visible.</doc>
<status status="NOT RUN" start="2025-07-30T11:43:12.072328" elapsed="0.000000"/>
</kw>
<kw name="Click Element" owner="SeleniumLibrary">
<arg>${ปุ่มตกลง_xpath}</arg>
<doc>Click the element identified by ``locator``.</doc>
<status status="NOT RUN" start="2025-07-30T11:43:12.072328" elapsed="0.000000"/>
</kw>
<status status="FAIL" start="2025-07-30T11:43:01.387543" elapsed="10.684785">Element with locator '//button[.//span[normalize-space()='ตกลง']]' not found.</status>
</kw>
<arg>กดปุ่มตกลง</arg>
<doc>Runs the given keyword with the given arguments and ignores possible error.</doc>
<status status="PASS" start="2025-07-30T11:43:01.387543" elapsed="10.684785"/>
</kw>
<status status="PASS" start="2025-07-30T11:42:52.424294" elapsed="19.648034"/>
</kw>
<doc>เข้าUser ระดับผู้จัดการอนุมัติข้อมูล</doc>
<status status="PASS" start="2025-07-30T11:42:25.630608" elapsed="46.457690"/>
</test>
<test id="s1-t7" name="8.เปลี่ยนUserอนุมัติข้อมูลระดับฝ่ายกำกับพนักงาน" line="86">
<kw name="ออกจากระบบ" owner="main_keywords">
<kw name="Click Element" owner="SeleniumLibrary">
<msg time="2025-07-30T11:43:12.088298" level="INFO">Clicking element '//button//span[contains(text(), 'ออกจากระบบ')]'.</msg>
<arg>${ปุ่มออกจากระบบ}</arg>
<doc>Click the element identified by ``locator``.</doc>
<status status="PASS" start="2025-07-30T11:43:12.088298" elapsed="1.100393"/>
</kw>
<status status="PASS" start="2025-07-30T11:43:12.088298" elapsed="1.100393"/>
</kw>
<kw name="เข้าด้วยUserระดับฝ่ายกำกับพนักงาน" owner="main_keywords">
<kw name="Wait Until Element Is Visible" owner="SeleniumLibrary">
<arg>xpath=//input[contains(@class, 'inputLogin')]</arg>
<doc>Waits until the element ``locator`` is visible.</doc>
<status status="PASS" start="2025-07-30T11:43:13.190372" elapsed="1.043691"/>
</kw>
<kw name="Input Text" owner="SeleniumLibrary">
<msg time="2025-07-30T11:43:14.235518" level="INFO">Typing text '490183' into text field 'xpath=//input[contains(@class, 'inputLogin')]'.</msg>
<arg>xpath=//input[contains(@class, 'inputLogin')]</arg>
<arg>${ID:ฝ่ายกำกับพนักงาน}</arg>
<doc>Types the given ``text`` into the text field identified by ``locator``.</doc>
<status status="PASS" start="2025-07-30T11:43:14.234063" elapsed="1.606942"/>
</kw>
<kw name="Input Password" owner="SeleniumLibrary">
<msg time="2025-07-30T11:43:15.841005" level="INFO">Typing password into text field 'xpath=//input[contains(@class, 'inputLogin') and @type='password']'.</msg>
<msg time="2025-07-30T11:43:16.888994" level="INFO">Temporally setting log level to: NONE</msg>
<arg>xpath=//input[contains(@class, 'inputLogin') and @type='password']</arg>
<arg>${password:ฝ่ายกำกับพนักงาน}</arg>
<doc>Types the given password into the text field identified by ``locator``.</doc>
<status status="PASS" start="2025-07-30T11:43:15.841005" elapsed="1.598186"/>
</kw>
<kw name="Click Element" owner="SeleniumLibrary">
<msg time="2025-07-30T11:43:17.439191" level="INFO">Clicking element '//button[contains(@class, 'mat-raised-button')]'.</msg>
<arg>//button[contains(@class, 'mat-raised-button')]</arg>
<doc>Click the element identified by ``locator``.</doc>
<status status="PASS" start="2025-07-30T11:43:17.439191" elapsed="1.070907"/>
</kw>
<kw name="Run Keyword And Ignore Error" owner="BuiltIn">
<kw name="ยืนยันการเข้าระบบ" owner="main_keywords">
<kw name="Wait Until Element Is Visible" owner="SeleniumLibrary">
<msg time="2025-07-30T11:43:24.835670" level="INFO" html="true">&lt;/td&gt;&lt;/tr&gt;&lt;tr&gt;&lt;td colspan="3"&gt;&lt;a href="selenium-screenshot-7.png"&gt;&lt;img src="selenium-screenshot-7.png" width="800px"&gt;&lt;/a&gt;</msg>
<msg time="2025-07-30T11:43:24.835670" level="FAIL">Element '//button[contains(@class, 'mat-raised-button')]//i[contains(@class, 'fa-check')]' not visible after 5 seconds.</msg>
<arg>//button[contains(@class, 'mat-raised-button')]//i[contains(@class, 'fa-check')]</arg>
<doc>Waits until the element ``locator`` is visible.</doc>
<status status="FAIL" start="2025-07-30T11:43:18.512126" elapsed="6.323544">Element '//button[contains(@class, 'mat-raised-button')]//i[contains(@class, 'fa-check')]' not visible after 5 seconds.</status>
</kw>
<kw name="Click Element" owner="SeleniumLibrary">
<arg>//button[contains(@class, 'mat-raised-button')]//i[contains(@class, 'fa-check')]</arg>
<doc>Click the element identified by ``locator``.</doc>
<status status="NOT RUN" start="2025-07-30T11:43:24.835670" elapsed="0.000000"/>
</kw>
<status status="FAIL" start="2025-07-30T11:43:18.511113" elapsed="6.324557">Element '//button[contains(@class, 'mat-raised-button')]//i[contains(@class, 'fa-check')]' not visible after 5 seconds.</status>
</kw>
<arg>ยืนยันการเข้าระบบ</arg>
<doc>Runs the given keyword with the given arguments and ignores possible error.</doc>
<status status="PASS" start="2025-07-30T11:43:18.510098" elapsed="6.325572"/>
</kw>
<kw name="Run Keyword And Ignore Error" owner="BuiltIn">
<kw name="ยืนยันการข้าม Pop-up" owner="main_keywords">
<kw name="Wait Until Element Is Visible" owner="SeleniumLibrary">
<msg time="2025-07-30T11:43:30.546362" level="INFO" html="true">&lt;/td&gt;&lt;/tr&gt;&lt;tr&gt;&lt;td colspan="3"&gt;&lt;a href="selenium-screenshot-8.png"&gt;&lt;img src="selenium-screenshot-8.png" width="800px"&gt;&lt;/a&gt;</msg>
<msg time="2025-07-30T11:43:30.546362" level="FAIL">Element 'xpath=//button[.//span[normalize-space(text())='Close']]' not visible after 5 seconds.</msg>
<arg>xpath=//button[.//span[normalize-space(text())='Close']]</arg>
<arg>timeout=5s</arg>
<doc>Waits until the element ``locator`` is visible.</doc>
<status status="FAIL" start="2025-07-30T11:43:24.835670" elapsed="5.710692">Element 'xpath=//button[.//span[normalize-space(text())='Close']]' not visible after 5 seconds.</status>
</kw>
<kw name="Click Element" owner="SeleniumLibrary">
<arg>xpath=//button[.//span[normalize-space(text())='Close']]</arg>
<doc>Click the element identified by ``locator``.</doc>
<status status="NOT RUN" start="2025-07-30T11:43:30.546362" elapsed="0.000000"/>
</kw>
<status status="FAIL" start="2025-07-30T11:43:24.835670" elapsed="5.710692">Element 'xpath=//button[.//span[normalize-space(text())='Close']]' not visible after 5 seconds.</status>
</kw>
<arg>ยืนยันการข้าม Pop-up</arg>
<doc>Runs the given keyword with the given arguments and ignores possible error.</doc>
<status status="PASS" start="2025-07-30T11:43:24.835670" elapsed="5.710692"/>
</kw>
<status status="PASS" start="2025-07-30T11:43:13.190372" elapsed="17.355990"/>
</kw>
<kw name="เลือกเมนูView Alert รายงาน ปปง. 1-01, 1-02, 1-03, 1-05-9" owner="AMLO Variables">
<kw name="Wait Until Element Is Visible" owner="SeleniumLibrary">
<arg>${View Alert รายงาน ปปง. 1-01, 1-02, 1-03, 1-05-9}</arg>
<doc>Waits until the element ``locator`` is visible.</doc>
<status status="PASS" start="2025-07-30T11:43:30.546362" elapsed="1.020577"/>
</kw>
<kw name="Click Element" owner="SeleniumLibrary">
<msg time="2025-07-30T11:43:31.566939" level="INFO">Clicking element '//a[contains(normalize-space(), 'View Alert รายงาน ปปง. 1-01')]'.</msg>
<arg>${View Alert รายงาน ปปง. 1-01, 1-02, 1-03, 1-05-9}</arg>
<doc>Click the element identified by ``locator``.</doc>
<status status="PASS" start="2025-07-30T11:43:31.566939" elapsed="1.098736"/>
</kw>
<status status="PASS" start="2025-07-30T11:43:30.546362" elapsed="2.119313"/>
</kw>
<kw name="ค้นหารายงานด้วย CIF" owner="keywordการค้นหา">
<kw name="Input Text" owner="SeleniumLibrary">
<msg time="2025-07-30T11:43:32.667327" level="INFO">Typing text 'MAN2013471927073' into text field '//input[@ng-reflect-name="cifNo"]'.</msg>
<arg>${ค้นหาCIF}</arg>
<arg>${CIF}</arg>
<doc>Types the given ``text`` into the text field identified by ``locator``.</doc>
<status status="PASS" start="2025-07-30T11:43:32.667327" elapsed="1.619984"/>
</kw>
<kw name="Sleep" owner="BuiltIn">
<msg time="2025-07-30T11:43:35.301168" level="INFO">Slept 1 second.</msg>
<arg>1s</arg>
<doc>Pauses the test executed for the given time.</doc>
<status status="PASS" start="2025-07-30T11:43:34.287311" elapsed="1.013857"/>
</kw>
<kw name="Wait Until Element Is Visible" owner="SeleniumLibrary">
<arg>${ปุ่มค้นหา}</arg>
<arg>5s</arg>
<doc>Waits until the element ``locator`` is visible.</doc>
<status status="PASS" start="2025-07-30T11:43:35.302589" elapsed="1.052269"/>
</kw>
<kw name="Click Element" owner="SeleniumLibrary">
<msg time="2025-07-30T11:43:36.354858" level="INFO">Clicking element '//button[.//span[contains(text(), 'ค้นหา')]]'.</msg>
<arg>${ปุ่มค้นหา}</arg>
<doc>Click the element identified by ``locator``.</doc>
<status status="PASS" start="2025-07-30T11:43:36.354858" elapsed="1.118879"/>
</kw>
<kw name="Sleep" owner="BuiltIn">
<msg time="2025-07-30T11:43:38.489519" level="INFO">Slept 1 second.</msg>
<arg>1s</arg>
<doc>Pauses the test executed for the given time.</doc>
<status status="PASS" start="2025-07-30T11:43:37.474853" elapsed="1.014666"/>
</kw>
<kw name="Capture Page Screenshot" owner="SeleniumLibrary">
<msg time="2025-07-30T11:43:39.113296" level="INFO" html="true">&lt;/td&gt;&lt;/tr&gt;&lt;tr&gt;&lt;td colspan="3"&gt;&lt;a href="selenium-screenshot-9.png"&gt;&lt;img src="selenium-screenshot-9.png" width="800px"&gt;&lt;/a&gt;</msg>
<doc>Takes a screenshot of the current page and embeds it into a log file.</doc>
<status status="PASS" start="2025-07-30T11:43:38.489519" elapsed="0.623777"/>
</kw>
<status status="PASS" start="2025-07-30T11:43:32.666746" elapsed="6.446550"/>
</kw>
<kw name="เลือกส่งขออนุมัติ" owner="keywordการค้นหา">
<kw name="Wait Until Element Is Visible" owner="SeleniumLibrary">
<arg>${ปุ่มApprove}</arg>
<doc>Waits until the element ``locator`` is visible.</doc>
<status status="PASS" start="2025-07-30T11:43:39.113296" elapsed="1.037470"/>
</kw>
<kw name="Click Element" owner="SeleniumLibrary">
<msg time="2025-07-30T11:43:40.150766" level="INFO">Clicking element '//button[.//span[contains(text(), 'Approve')]]'.</msg>
<arg>${ปุ่มApprove}</arg>
<doc>Click the element identified by ``locator``.</doc>
<status status="PASS" start="2025-07-30T11:43:40.150766" elapsed="1.112782"/>
</kw>
<kw name="Wait Until Element Is Visible" owner="SeleniumLibrary">
<arg>${ส่งขออนุมัติ}</arg>
<doc>Waits until the element ``locator`` is visible.</doc>
<status status="PASS" start="2025-07-30T11:43:41.264390" elapsed="1.017003"/>
</kw>
<kw name="Click Element" owner="SeleniumLibrary">
<msg time="2025-07-30T11:43:42.281393" level="INFO">Clicking element '//button[.//mat-icon[text()='assignment_turned_in'] and .//span[normalize-space()='ส่งขออนุมัติ']]'.</msg>
<arg>${ส่งขออนุมัติ}</arg>
<doc>Click the element identified by ``locator``.</doc>
<status status="PASS" start="2025-07-30T11:43:42.281393" elapsed="1.071679"/>
</kw>
<kw name="Click Element" owner="SeleniumLibrary">
<msg time="2025-07-30T11:43:43.354216" level="INFO">Clicking element '//button[.//span[normalize-space()='ยืนยัน']]'.</msg>
<arg>${ปุ่มยืนยัน_xpath}</arg>
<doc>Click the element identified by ``locator``.</doc>
<status status="PASS" start="2025-07-30T11:43:43.354216" elapsed="1.076813"/>
</kw>
<kw name="Run Keyword And Ignore Error" owner="BuiltIn">
<kw name="กดปุ่มตกลง" owner="keywordการค้นหา">
<kw name="Wait Until Element Is Enabled" owner="SeleniumLibrary">
<arg>${ปุ่มตกลง_xpath}</arg>
<arg>timeout=10s</arg>
<doc>Waits until the element ``locator`` is enabled.</doc>
<status status="PASS" start="2025-07-30T11:43:44.431784" elapsed="1.553436"/>
</kw>
<kw name="Wait Until Element Is Visible" owner="SeleniumLibrary">
<arg>${ปุ่มตกลง_xpath}</arg>
<arg>timeout=10s</arg>
<doc>Waits until the element ``locator`` is visible.</doc>
<status status="PASS" start="2025-07-30T11:43:45.985220" elapsed="1.025063"/>
</kw>
<kw name="Click Element" owner="SeleniumLibrary">
<msg time="2025-07-30T11:43:47.010283" level="INFO">Clicking element '//button[.//span[normalize-space()='ตกลง']]'.</msg>
<arg>${ปุ่มตกลง_xpath}</arg>
<doc>Click the element identified by ``locator``.</doc>
<status status="PASS" start="2025-07-30T11:43:47.010283" elapsed="1.068825"/>
</kw>
<status status="PASS" start="2025-07-30T11:43:44.431784" elapsed="3.647324"/>
</kw>
<arg>กดปุ่มตกลง</arg>
<doc>Runs the given keyword with the given arguments and ignores possible error.</doc>
<status status="PASS" start="2025-07-30T11:43:44.431166" elapsed="3.647942"/>
</kw>
<kw name="Run Keyword And Ignore Error" owner="BuiltIn">
<kw name="กดปุ่มตกลง" owner="keywordการค้นหา">
<kw name="Wait Until Element Is Enabled" owner="SeleniumLibrary">
<msg time="2025-07-30T11:43:59.337106" level="INFO" html="true">&lt;/td&gt;&lt;/tr&gt;&lt;tr&gt;&lt;td colspan="3"&gt;&lt;a href="selenium-screenshot-10.png"&gt;&lt;img src="selenium-screenshot-10.png" width="800px"&gt;&lt;/a&gt;</msg>
<msg time="2025-07-30T11:43:59.337106" level="FAIL">Element with locator '//button[.//span[normalize-space()='ตกลง']]' not found.</msg>
<arg>${ปุ่มตกลง_xpath}</arg>
<arg>timeout=10s</arg>
<doc>Waits until the element ``locator`` is enabled.</doc>
<status status="FAIL" start="2025-07-30T11:43:48.079108" elapsed="11.257998">Element with locator '//button[.//span[normalize-space()='ตกลง']]' not found.</status>
</kw>
<kw name="Wait Until Element Is Visible" owner="SeleniumLibrary">
<arg>${ปุ่มตกลง_xpath}</arg>
<arg>timeout=10s</arg>
<doc>Waits until the element ``locator`` is visible.</doc>
<status status="NOT RUN" start="2025-07-30T11:43:59.337106" elapsed="0.000000"/>
</kw>
<kw name="Click Element" owner="SeleniumLibrary">
<arg>${ปุ่มตกลง_xpath}</arg>
<doc>Click the element identified by ``locator``.</doc>
<status status="NOT RUN" start="2025-07-30T11:43:59.337106" elapsed="0.000000"/>
</kw>
<status status="FAIL" start="2025-07-30T11:43:48.079108" elapsed="11.257998">Element with locator '//button[.//span[normalize-space()='ตกลง']]' not found.</status>
</kw>
<arg>กดปุ่มตกลง</arg>
<doc>Runs the given keyword with the given arguments and ignores possible error.</doc>
<status status="PASS" start="2025-07-30T11:43:48.079108" elapsed="11.257998"/>
</kw>
<status status="PASS" start="2025-07-30T11:43:39.113296" elapsed="20.223810"/>
</kw>
<doc>เข้าUser  ฝ่ายกำกับพนักงานอนุมัติข้อมูลรายการ</doc>
<status status="PASS" start="2025-07-30T11:43:12.088298" elapsed="47.252837"/>
</test>
<test id="s1-t8" name="9.เปลี่ยนUserเลือกส่งกลับคืนเพื่อแก้ไขระดับฝ่ายกำกับหัวหน้างาน" line="93">
<kw name="ออกจากระบบ" owner="main_keywords">
<kw name="Click Element" owner="SeleniumLibrary">
<msg time="2025-07-30T11:43:59.341135" level="INFO">Clicking element '//button//span[contains(text(), 'ออกจากระบบ')]'.</msg>
<arg>${ปุ่มออกจากระบบ}</arg>
<doc>Click the element identified by ``locator``.</doc>
<status status="PASS" start="2025-07-30T11:43:59.341135" elapsed="1.101727"/>
</kw>
<status status="PASS" start="2025-07-30T11:43:59.341135" elapsed="1.101727"/>
</kw>
<kw name="เข้าด้วยUserระดับฝ่ายกำกับหัวหน้างาน" owner="main_keywords">
<kw name="Wait Until Element Is Visible" owner="SeleniumLibrary">
<arg>xpath=//input[contains(@class, 'inputLogin')]</arg>
<doc>Waits until the element ``locator`` is visible.</doc>
<status status="PASS" start="2025-07-30T11:44:00.442862" elapsed="1.012201"/>
</kw>
<kw name="Input Text" owner="SeleniumLibrary">
<msg time="2025-07-30T11:44:01.455063" level="INFO">Typing text '530433' into text field 'xpath=//input[contains(@class, 'inputLogin')]'.</msg>
<arg>xpath=//input[contains(@class, 'inputLogin')]</arg>
<arg>${ID:ฝ่ายกำกับหัวหน้างาน}</arg>
<doc>Types the given ``text`` into the text field identified by ``locator``.</doc>
<status status="PASS" start="2025-07-30T11:44:01.455063" elapsed="1.563323"/>
</kw>
<kw name="Input Password" owner="SeleniumLibrary">
<msg time="2025-07-30T11:44:03.018386" level="INFO">Typing password into text field 'xpath=//input[contains(@class, 'inputLogin') and @type='password']'.</msg>
<msg time="2025-07-30T11:44:04.044346" level="INFO">Temporally setting log level to: NONE</msg>
<arg>xpath=//input[contains(@class, 'inputLogin') and @type='password']</arg>
<arg>${password:ฝ่ายกำกับหัวหน้างาน}</arg>
<doc>Types the given password into the text field identified by ``locator``.</doc>
<status status="PASS" start="2025-07-30T11:44:03.018386" elapsed="1.573510"/>
</kw>
<kw name="Click Element" owner="SeleniumLibrary">
<msg time="2025-07-30T11:44:04.591896" level="INFO">Clicking element '//button[contains(@class, 'mat-raised-button')]'.</msg>
<arg>//button[contains(@class, 'mat-raised-button')]</arg>
<doc>Click the element identified by ``locator``.</doc>
<status status="PASS" start="2025-07-30T11:44:04.591896" elapsed="1.082198"/>
</kw>
<kw name="Run Keyword And Ignore Error" owner="BuiltIn">
<kw name="ยืนยันการเข้าระบบ" owner="main_keywords">
<kw name="Wait Until Element Is Visible" owner="SeleniumLibrary">
<msg time="2025-07-30T11:44:12.013663" level="INFO" html="true">&lt;/td&gt;&lt;/tr&gt;&lt;tr&gt;&lt;td colspan="3"&gt;&lt;a href="selenium-screenshot-11.png"&gt;&lt;img src="selenium-screenshot-11.png" width="800px"&gt;&lt;/a&gt;</msg>
<msg time="2025-07-30T11:44:12.013663" level="FAIL">Element '//button[contains(@class, 'mat-raised-button')]//i[contains(@class, 'fa-check')]' not visible after 5 seconds.</msg>
<arg>//button[contains(@class, 'mat-raised-button')]//i[contains(@class, 'fa-check')]</arg>
<doc>Waits until the element ``locator`` is visible.</doc>
<status status="FAIL" start="2025-07-30T11:44:05.675102" elapsed="6.338561">Element '//button[contains(@class, 'mat-raised-button')]//i[contains(@class, 'fa-check')]' not visible after 5 seconds.</status>
</kw>
<kw name="Click Element" owner="SeleniumLibrary">
<arg>//button[contains(@class, 'mat-raised-button')]//i[contains(@class, 'fa-check')]</arg>
<doc>Click the element identified by ``locator``.</doc>
<status status="NOT RUN" start="2025-07-30T11:44:12.013663" elapsed="0.000000"/>
</kw>
<status status="FAIL" start="2025-07-30T11:44:05.675102" elapsed="6.338561">Element '//button[contains(@class, 'mat-raised-button')]//i[contains(@class, 'fa-check')]' not visible after 5 seconds.</status>
</kw>
<arg>ยืนยันการเข้าระบบ</arg>
<doc>Runs the given keyword with the given arguments and ignores possible error.</doc>
<status status="PASS" start="2025-07-30T11:44:05.674094" elapsed="6.339569"/>
</kw>
<kw name="Run Keyword And Ignore Error" owner="BuiltIn">
<kw name="ยืนยันการข้าม Pop-up" owner="main_keywords">
<kw name="Wait Until Element Is Visible" owner="SeleniumLibrary">
<msg time="2025-07-30T11:44:17.661368" level="INFO" html="true">&lt;/td&gt;&lt;/tr&gt;&lt;tr&gt;&lt;td colspan="3"&gt;&lt;a href="selenium-screenshot-12.png"&gt;&lt;img src="selenium-screenshot-12.png" width="800px"&gt;&lt;/a&gt;</msg>
<msg time="2025-07-30T11:44:17.661368" level="FAIL">Element 'xpath=//button[.//span[normalize-space(text())='Close']]' not visible after 5 seconds.</msg>
<arg>xpath=//button[.//span[normalize-space(text())='Close']]</arg>
<arg>timeout=5s</arg>
<doc>Waits until the element ``locator`` is visible.</doc>
<status status="FAIL" start="2025-07-30T11:44:12.013663" elapsed="5.647705">Element 'xpath=//button[.//span[normalize-space(text())='Close']]' not visible after 5 seconds.</status>
</kw>
<kw name="Click Element" owner="SeleniumLibrary">
<arg>xpath=//button[.//span[normalize-space(text())='Close']]</arg>
<doc>Click the element identified by ``locator``.</doc>
<status status="NOT RUN" start="2025-07-30T11:44:17.661368" elapsed="0.000000"/>
</kw>
<status status="FAIL" start="2025-07-30T11:44:12.013663" elapsed="5.647705">Element 'xpath=//button[.//span[normalize-space(text())='Close']]' not visible after 5 seconds.</status>
</kw>
<arg>ยืนยันการข้าม Pop-up</arg>
<doc>Runs the given keyword with the given arguments and ignores possible error.</doc>
<status status="PASS" start="2025-07-30T11:44:12.013663" elapsed="5.647705"/>
</kw>
<status status="PASS" start="2025-07-30T11:44:00.442862" elapsed="17.218506"/>
</kw>
<kw name="เลือกเมนูView Alert รายงาน ปปง. 1-01, 1-02, 1-03, 1-05-9" owner="AMLO Variables">
<kw name="Wait Until Element Is Visible" owner="SeleniumLibrary">
<arg>${View Alert รายงาน ปปง. 1-01, 1-02, 1-03, 1-05-9}</arg>
<doc>Waits until the element ``locator`` is visible.</doc>
<status status="PASS" start="2025-07-30T11:44:17.670407" elapsed="1.030911"/>
</kw>
<kw name="Click Element" owner="SeleniumLibrary">
<msg time="2025-07-30T11:44:18.702083" level="INFO">Clicking element '//a[contains(normalize-space(), 'View Alert รายงาน ปปง. 1-01')]'.</msg>
<arg>${View Alert รายงาน ปปง. 1-01, 1-02, 1-03, 1-05-9}</arg>
<doc>Click the element identified by ``locator``.</doc>
<status status="PASS" start="2025-07-30T11:44:18.702083" elapsed="1.099825"/>
</kw>
<status status="PASS" start="2025-07-30T11:44:17.661368" elapsed="2.140540"/>
</kw>
<kw name="ค้นหารายงานด้วย CIF" owner="keywordการค้นหา">
<kw name="Input Text" owner="SeleniumLibrary">
<msg time="2025-07-30T11:44:19.802756" level="INFO">Typing text 'MAN2013471927073' into text field '//input[@ng-reflect-name="cifNo"]'.</msg>
<arg>${ค้นหาCIF}</arg>
<arg>${CIF}</arg>
<doc>Types the given ``text`` into the text field identified by ``locator``.</doc>
<status status="PASS" start="2025-07-30T11:44:19.802756" elapsed="1.617117"/>
</kw>
<kw name="Sleep" owner="BuiltIn">
<msg time="2025-07-30T11:44:22.425455" level="INFO">Slept 1 second.</msg>
<arg>1s</arg>
<doc>Pauses the test executed for the given time.</doc>
<status status="PASS" start="2025-07-30T11:44:21.419873" elapsed="1.005582"/>
</kw>
<kw name="Wait Until Element Is Visible" owner="SeleniumLibrary">
<arg>${ปุ่มค้นหา}</arg>
<arg>5s</arg>
<doc>Waits until the element ``locator`` is visible.</doc>
<status status="PASS" start="2025-07-30T11:44:22.425455" elapsed="1.015729"/>
</kw>
<kw name="Click Element" owner="SeleniumLibrary">
<msg time="2025-07-30T11:44:23.441184" level="INFO">Clicking element '//button[.//span[contains(text(), 'ค้นหา')]]'.</msg>
<arg>${ปุ่มค้นหา}</arg>
<doc>Click the element identified by ``locator``.</doc>
<status status="PASS" start="2025-07-30T11:44:23.441184" elapsed="1.070508"/>
</kw>
<kw name="Sleep" owner="BuiltIn">
<msg time="2025-07-30T11:44:25.526696" level="INFO">Slept 1 second.</msg>
<arg>1s</arg>
<doc>Pauses the test executed for the given time.</doc>
<status status="PASS" start="2025-07-30T11:44:24.511692" elapsed="1.015004"/>
[...]
</kw>
<kw name="Click Element" owner="SeleniumLibrary">
<msg time="2025-07-30T11:48:57.434597" level="INFO">Clicking element '//button[.//mat-icon[text()='assignment_turned_in'] and .//span[normalize-space()='ส่งขออนุมัติ']]'.</msg>
<arg>${ส่งขออนุมัติ}</arg>
<doc>Click the element identified by ``locator``.</doc>
<status status="PASS" start="2025-07-30T11:48:57.434597" elapsed="1.081163"/>
</kw>
<kw name="Click Element" owner="SeleniumLibrary">
<msg time="2025-07-30T11:48:58.515760" level="INFO">Clicking element '//button[.//span[normalize-space()='ยืนยัน']]'.</msg>
<arg>${ปุ่มยืนยัน_xpath}</arg>
<doc>Click the element identified by ``locator``.</doc>
<status status="PASS" start="2025-07-30T11:48:58.515760" elapsed="1.049624"/>
</kw>
<kw name="Run Keyword And Ignore Error" owner="BuiltIn">
<kw name="กดปุ่มตกลง" owner="keywordการค้นหา">
<kw name="Wait Until Element Is Enabled" owner="SeleniumLibrary">
<arg>${ปุ่มตกลง_xpath}</arg>
<arg>timeout=10s</arg>
<doc>Waits until the element ``locator`` is enabled.</doc>
<status status="PASS" start="2025-07-30T11:48:59.566063" elapsed="1.527319"/>
</kw>
<kw name="Wait Until Element Is Visible" owner="SeleniumLibrary">
<arg>${ปุ่มตกลง_xpath}</arg>
<arg>timeout=10s</arg>
<doc>Waits until the element ``locator`` is visible.</doc>
<status status="PASS" start="2025-07-30T11:49:01.093382" elapsed="1.031800"/>
</kw>
<kw name="Click Element" owner="SeleniumLibrary">
<msg time="2025-07-30T11:49:02.126032" level="INFO">Clicking element '//button[.//span[normalize-space()='ตกลง']]'.</msg>
<arg>${ปุ่มตกลง_xpath}</arg>
<doc>Click the element identified by ``locator``.</doc>
<status status="PASS" start="2025-07-30T11:49:02.126032" elapsed="1.070133"/>
</kw>
<status status="PASS" start="2025-07-30T11:48:59.566063" elapsed="3.630102"/>
</kw>
<arg>กดปุ่มตกลง</arg>
<doc>Runs the given keyword with the given arguments and ignores possible error.</doc>
<status status="PASS" start="2025-07-30T11:48:59.566063" elapsed="3.630102"/>
</kw>
<kw name="Run Keyword And Ignore Error" owner="BuiltIn">
<kw name="กดปุ่มตกลง" owner="keywordการค้นหา">
<kw name="Wait Until Element Is Enabled" owner="SeleniumLibrary">
<msg time="2025-07-30T11:49:13.904120" level="INFO" html="true">&lt;/td&gt;&lt;/tr&gt;&lt;tr&gt;&lt;td colspan="3"&gt;&lt;a href="selenium-screenshot-35.png"&gt;&lt;img src="selenium-screenshot-35.png" width="800px"&gt;&lt;/a&gt;</msg>
<msg time="2025-07-30T11:49:13.904120" level="FAIL">Element with locator '//button[.//span[normalize-space()='ตกลง']]' not found.</msg>
<arg>${ปุ่มตกลง_xpath}</arg>
<arg>timeout=10s</arg>
<doc>Waits until the element ``locator`` is enabled.</doc>
<status status="FAIL" start="2025-07-30T11:49:03.196165" elapsed="10.707955">Element with locator '//button[.//span[normalize-space()='ตกลง']]' not found.</status>
</kw>
<kw name="Wait Until Element Is Visible" owner="SeleniumLibrary">
<arg>${ปุ่มตกลง_xpath}</arg>
<arg>timeout=10s</arg>
<doc>Waits until the element ``locator`` is visible.</doc>
<status status="NOT RUN" start="2025-07-30T11:49:13.904120" elapsed="0.000000"/>
</kw>
<kw name="Click Element" owner="SeleniumLibrary">
<arg>${ปุ่มตกลง_xpath}</arg>
<doc>Click the element identified by ``locator``.</doc>
<status status="NOT RUN" start="2025-07-30T11:49:13.904120" elapsed="0.000000"/>
</kw>
<status status="FAIL" start="2025-07-30T11:49:03.196165" elapsed="10.707955">Element with locator '//button[.//span[normalize-space()='ตกลง']]' not found.</status>
</kw>
<arg>กดปุ่มตกลง</arg>
<doc>Runs the given keyword with the given arguments and ignores possible error.</doc>
<status status="PASS" start="2025-07-30T11:49:03.196165" elapsed="10.707955"/>
</kw>
<status status="PASS" start="2025-07-30T11:48:54.259382" elapsed="19.644738"/>
</kw>
<doc>เข้าUser  ฝ่ายกำกับพนักงานอนุมัติข้อมูลรายการ</doc>
<status status="PASS" start="2025-07-30T11:48:28.068051" elapsed="45.840092"/>
</test>
<test id="s1-t14" name="16.เปลี่ยนUserอนุมัติข้อมูลระดับฝ่ายกำกับหัวหน้างาน" line="141">
<kw name="ออกจากระบบ" owner="main_keywords">
<kw name="Click Element" owner="SeleniumLibrary">
<msg time="2025-07-30T11:49:13.911332" level="INFO">Clicking element '//button//span[contains(text(), 'ออกจากระบบ')]'.</msg>
<arg>${ปุ่มออกจากระบบ}</arg>
<doc>Click the element identified by ``locator``.</doc>
<status status="PASS" start="2025-07-30T11:49:13.911332" elapsed="1.089663"/>
</kw>
<status status="PASS" start="2025-07-30T11:49:13.911332" elapsed="1.089663"/>
</kw>
<kw name="เข้าด้วยUserระดับฝ่ายกำกับหัวหน้างาน" owner="main_keywords">
<kw name="Wait Until Element Is Visible" owner="SeleniumLibrary">
<arg>xpath=//input[contains(@class, 'inputLogin')]</arg>
<doc>Waits until the element ``locator`` is visible.</doc>
<status status="PASS" start="2025-07-30T11:49:15.000995" elapsed="1.005950"/>
</kw>
<kw name="Input Text" owner="SeleniumLibrary">
<msg time="2025-07-30T11:49:16.006945" level="INFO">Typing text '530433' into text field 'xpath=//input[contains(@class, 'inputLogin')]'.</msg>
<arg>xpath=//input[contains(@class, 'inputLogin')]</arg>
<arg>${ID:ฝ่ายกำกับหัวหน้างาน}</arg>
<doc>Types the given ``text`` into the text field identified by ``locator``.</doc>
<status status="PASS" start="2025-07-30T11:49:16.006945" elapsed="1.564544"/>
</kw>
<kw name="Input Password" owner="SeleniumLibrary">
<msg time="2025-07-30T11:49:17.571489" level="INFO">Typing password into text field 'xpath=//input[contains(@class, 'inputLogin') and @type='password']'.</msg>
<msg time="2025-07-30T11:49:18.615344" level="INFO">Temporally setting log level to: NONE</msg>
<arg>xpath=//input[contains(@class, 'inputLogin') and @type='password']</arg>
<arg>${password:ฝ่ายกำกับหัวหน้างาน}</arg>
<doc>Types the given password into the text field identified by ``locator``.</doc>
<status status="PASS" start="2025-07-30T11:49:17.571489" elapsed="1.600896"/>
</kw>
<kw name="Click Element" owner="SeleniumLibrary">
<msg time="2025-07-30T11:49:19.172385" level="INFO">Clicking element '//button[contains(@class, 'mat-raised-button')]'.</msg>
<arg>//button[contains(@class, 'mat-raised-button')]</arg>
<doc>Click the element identified by ``locator``.</doc>
<status status="PASS" start="2025-07-30T11:49:19.172385" elapsed="1.071347"/>
</kw>
<kw name="Run Keyword And Ignore Error" owner="BuiltIn">
<kw name="ยืนยันการเข้าระบบ" owner="main_keywords">
<kw name="Wait Until Element Is Visible" owner="SeleniumLibrary">
<msg time="2025-07-30T11:49:25.952079" level="INFO" html="true">&lt;/td&gt;&lt;/tr&gt;&lt;tr&gt;&lt;td colspan="3"&gt;&lt;a href="selenium-screenshot-36.png"&gt;&lt;img src="selenium-screenshot-36.png" width="800px"&gt;&lt;/a&gt;</msg>
<msg time="2025-07-30T11:49:25.952079" level="FAIL">Element '//button[contains(@class, 'mat-raised-button')]//i[contains(@class, 'fa-check')]' not visible after 5 seconds.</msg>
<arg>//button[contains(@class, 'mat-raised-button')]//i[contains(@class, 'fa-check')]</arg>
<doc>Waits until the element ``locator`` is visible.</doc>
<status status="FAIL" start="2025-07-30T11:49:20.244823" elapsed="5.707256">Element '//button[contains(@class, 'mat-raised-button')]//i[contains(@class, 'fa-check')]' not visible after 5 seconds.</status>
</kw>
<kw name="Click Element" owner="SeleniumLibrary">
<arg>//button[contains(@class, 'mat-raised-button')]//i[contains(@class, 'fa-check')]</arg>
<doc>Click the element identified by ``locator``.</doc>
<status status="NOT RUN" start="2025-07-30T11:49:25.952079" elapsed="0.000000"/>
</kw>
<status status="FAIL" start="2025-07-30T11:49:20.244823" elapsed="5.707256">Element '//button[contains(@class, 'mat-raised-button')]//i[contains(@class, 'fa-check')]' not visible after 5 seconds.</status>
</kw>
<arg>ยืนยันการเข้าระบบ</arg>
<doc>Runs the given keyword with the given arguments and ignores possible error.</doc>
<status status="PASS" start="2025-07-30T11:49:20.244290" elapsed="5.707789"/>
</kw>
<kw name="Run Keyword And Ignore Error" owner="BuiltIn">
<kw name="ยืนยันการข้าม Pop-up" owner="main_keywords">
<kw name="Wait Until Element Is Visible" owner="SeleniumLibrary">
<msg time="2025-07-30T11:49:31.621731" level="INFO" html="true">&lt;/td&gt;&lt;/tr&gt;&lt;tr&gt;&lt;td colspan="3"&gt;&lt;a href="selenium-screenshot-37.png"&gt;&lt;img src="selenium-screenshot-37.png" width="800px"&gt;&lt;/a&gt;</msg>
<msg time="2025-07-30T11:49:31.621731" level="FAIL">Element 'xpath=//button[.//span[normalize-space(text())='Close']]' not visible after 5 seconds.</msg>
<arg>xpath=//button[.//span[normalize-space(text())='Close']]</arg>
<arg>timeout=5s</arg>
<doc>Waits until the element ``locator`` is visible.</doc>
<status status="FAIL" start="2025-07-30T11:49:25.952079" elapsed="5.669652">Element 'xpath=//button[.//span[normalize-space(text())='Close']]' not visible after 5 seconds.</status>
</kw>
<kw name="Click Element" owner="SeleniumLibrary">
<arg>xpath=//button[.//span[normalize-space(text())='Close']]</arg>
<doc>Click the element identified by ``locator``.</doc>
<status status="NOT RUN" start="2025-07-30T11:49:31.621731" elapsed="0.000000"/>
</kw>
<status status="FAIL" start="2025-07-30T11:49:25.952079" elapsed="5.669652">Element 'xpath=//button[.//span[normalize-space(text())='Close']]' not visible after 5 seconds.</status>
</kw>
<arg>ยืนยันการข้าม Pop-up</arg>
<doc>Runs the given keyword with the given arguments and ignores possible error.</doc>
<status status="PASS" start="2025-07-30T11:49:25.952079" elapsed="5.669652"/>
</kw>
<status status="PASS" start="2025-07-30T11:49:15.000995" elapsed="16.620736"/>
</kw>
<kw name="เลือกเมนูView Alert รายงาน ปปง. 1-01, 1-02, 1-03, 1-05-9" owner="AMLO Variables">
<kw name="Wait Until Element Is Visible" owner="SeleniumLibrary">
<arg>${View Alert รายงาน ปปง. 1-01, 1-02, 1-03, 1-05-9}</arg>
<doc>Waits until the element ``locator`` is visible.</doc>
<status status="PASS" start="2025-07-30T11:49:31.637658" elapsed="1.022468"/>
</kw>
<kw name="Click Element" owner="SeleniumLibrary">
<msg time="2025-07-30T11:49:32.660126" level="INFO">Clicking element '//a[contains(normalize-space(), 'View Alert รายงาน ปปง. 1-01')]'.</msg>
<arg>${View Alert รายงาน ปปง. 1-01, 1-02, 1-03, 1-05-9}</arg>
<doc>Click the element identified by ``locator``.</doc>
<status status="PASS" start="2025-07-30T11:49:32.660126" elapsed="1.086729"/>
</kw>
<status status="PASS" start="2025-07-30T11:49:31.637126" elapsed="2.109729"/>
</kw>
<kw name="ค้นหารายงานด้วย CIF" owner="keywordการค้นหา">
<kw name="Input Text" owner="SeleniumLibrary">
<msg time="2025-07-30T11:49:33.748919" level="INFO">Typing text 'MAN2013471927073' into text field '//input[@ng-reflect-name="cifNo"]'.</msg>
<arg>${ค้นหาCIF}</arg>
<arg>${CIF}</arg>
<doc>Types the given ``text`` into the text field identified by ``locator``.</doc>
<status status="PASS" start="2025-07-30T11:49:33.747850" elapsed="1.620570"/>
</kw>
<kw name="Sleep" owner="BuiltIn">
<msg time="2025-07-30T11:49:36.379746" level="INFO">Slept 1 second.</msg>
<arg>1s</arg>
<doc>Pauses the test executed for the given time.</doc>
<status status="PASS" start="2025-07-30T11:49:35.368420" elapsed="1.011326"/>
</kw>
<kw name="Wait Until Element Is Visible" owner="SeleniumLibrary">
<arg>${ปุ่มค้นหา}</arg>
<arg>5s</arg>
<doc>Waits until the element ``locator`` is visible.</doc>
<status status="PASS" start="2025-07-30T11:49:36.379746" elapsed="1.046394"/>
</kw>
<kw name="Click Element" owner="SeleniumLibrary">
<msg time="2025-07-30T11:49:37.427822" level="INFO">Clicking element '//button[.//span[contains(text(), 'ค้นหา')]]'.</msg>
<arg>${ปุ่มค้นหา}</arg>
<doc>Click the element identified by ``locator``.</doc>
<status status="PASS" start="2025-07-30T11:49:37.426140" elapsed="1.076968"/>
</kw>
<kw name="Sleep" owner="BuiltIn">
<msg time="2025-07-30T11:49:39.513368" level="INFO">Slept 1 second.</msg>
<arg>1s</arg>
<doc>Pauses the test executed for the given time.</doc>
<status status="PASS" start="2025-07-30T11:49:38.503934" elapsed="1.009434"/>
</kw>
<kw name="Capture Page Screenshot" owner="SeleniumLibrary">
<msg time="2025-07-30T11:49:40.144199" level="INFO" html="true">&lt;/td&gt;&lt;/tr&gt;&lt;tr&gt;&lt;td colspan="3"&gt;&lt;a href="selenium-screenshot-38.png"&gt;&lt;img src="selenium-screenshot-38.png" width="800px"&gt;&lt;/a&gt;</msg>
<doc>Takes a screenshot of the current page and embeds it into a log file.</doc>
<status status="PASS" start="2025-07-30T11:49:39.514468" elapsed="0.629731"/>
</kw>
<status status="PASS" start="2025-07-30T11:49:33.747850" elapsed="6.407381"/>
</kw>
<kw name="เลือกส่งขออนุมัติ" owner="keywordการค้นหา">
<kw name="Wait Until Element Is Visible" owner="SeleniumLibrary">
<arg>${ปุ่มApprove}</arg>
<doc>Waits until the element ``locator`` is visible.</doc>
<status status="PASS" start="2025-07-30T11:49:40.155231" elapsed="1.014424"/>
</kw>
<kw name="Click Element" owner="SeleniumLibrary">
<msg time="2025-07-30T11:49:41.169655" level="INFO">Clicking element '//button[.//span[contains(text(), 'Approve')]]'.</msg>
<arg>${ปุ่มApprove}</arg>
<doc>Click the element identified by ``locator``.</doc>
<status status="PASS" start="2025-07-30T11:49:41.169655" elapsed="1.090340"/>
</kw>
<kw name="Wait Until Element Is Visible" owner="SeleniumLibrary">
<arg>${ส่งขออนุมัติ}</arg>
<doc>Waits until the element ``locator`` is visible.</doc>
<status status="PASS" start="2025-07-30T11:49:42.259995" elapsed="1.009123"/>
</kw>
<kw name="Click Element" owner="SeleniumLibrary">
<msg time="2025-07-30T11:49:43.269118" level="INFO">Clicking element '//button[.//mat-icon[text()='assignment_turned_in'] and .//span[normalize-space()='ส่งขออนุมัติ']]'.</msg>
<arg>${ส่งขออนุมัติ}</arg>
<doc>Click the element identified by ``locator``.</doc>
<status status="PASS" start="2025-07-30T11:49:43.269118" elapsed="1.092522"/>
</kw>
<kw name="Click Element" owner="SeleniumLibrary">
<msg time="2025-07-30T11:49:44.361640" level="INFO">Clicking element '//button[.//span[normalize-space()='ยืนยัน']]'.</msg>
<arg>${ปุ่มยืนยัน_xpath}</arg>
<doc>Click the element identified by ``locator``.</doc>
<status status="PASS" start="2025-07-30T11:49:44.361640" elapsed="1.065156"/>
</kw>
<kw name="Run Keyword And Ignore Error" owner="BuiltIn">
<kw name="กดปุ่มตกลง" owner="keywordการค้นหา">
<kw name="Wait Until Element Is Enabled" owner="SeleniumLibrary">
<arg>${ปุ่มตกลง_xpath}</arg>
<arg>timeout=10s</arg>
<doc>Waits until the element ``locator`` is enabled.</doc>
<status status="PASS" start="2025-07-30T11:49:45.428033" elapsed="1.545846"/>
</kw>
<kw name="Wait Until Element Is Visible" owner="SeleniumLibrary">
<arg>${ปุ่มตกลง_xpath}</arg>
<arg>timeout=10s</arg>
<doc>Waits until the element ``locator`` is visible.</doc>
<status status="PASS" start="2025-07-30T11:49:46.973879" elapsed="1.029954"/>
</kw>
<kw name="Click Element" owner="SeleniumLibrary">
<msg time="2025-07-30T11:49:48.003833" level="INFO">Clicking element '//button[.//span[normalize-space()='ตกลง']]'.</msg>
<arg>${ปุ่มตกลง_xpath}</arg>
<doc>Click the element identified by ``locator``.</doc>
<status status="PASS" start="2025-07-30T11:49:48.003833" elapsed="1.075928"/>
</kw>
<status status="PASS" start="2025-07-30T11:49:45.428033" elapsed="3.651728"/>
</kw>
<arg>กดปุ่มตกลง</arg>
<doc>Runs the given keyword with the given arguments and ignores possible error.</doc>
<status status="PASS" start="2025-07-30T11:49:45.427560" elapsed="3.652201"/>
</kw>
<kw name="Run Keyword And Ignore Error" owner="BuiltIn">
<kw name="กดปุ่มตกลง" owner="keywordการค้นหา">
<kw name="Wait Until Element Is Enabled" owner="SeleniumLibrary">
<msg time="2025-07-30T11:50:00.393927" level="INFO" html="true">&lt;/td&gt;&lt;/tr&gt;&lt;tr&gt;&lt;td colspan="3"&gt;&lt;a href="selenium-screenshot-39.png"&gt;&lt;img src="selenium-screenshot-39.png" width="800px"&gt;&lt;/a&gt;</msg>
<msg time="2025-07-30T11:50:00.398613" level="FAIL">Element with locator '//button[.//span[normalize-space()='ตกลง']]' not found.</msg>
<arg>${ปุ่มตกลง_xpath}</arg>
<arg>timeout=10s</arg>
<doc>Waits until the element ``locator`` is enabled.</doc>
<status status="FAIL" start="2025-07-30T11:49:49.079761" elapsed="11.318852">Element with locator '//button[.//span[normalize-space()='ตกลง']]' not found.</status>
</kw>
<kw name="Wait Until Element Is Visible" owner="SeleniumLibrary">
<arg>${ปุ่มตกลง_xpath}</arg>
<arg>timeout=10s</arg>
<doc>Waits until the element ``locator`` is visible.</doc>
<status status="NOT RUN" start="2025-07-30T11:50:00.398613" elapsed="0.001510"/>
</kw>
<kw name="Click Element" owner="SeleniumLibrary">
<arg>${ปุ่มตกลง_xpath}</arg>
<doc>Click the element identified by ``locator``.</doc>
<status status="NOT RUN" start="2025-07-30T11:50:00.400123" elapsed="0.000000"/>
</kw>
<status status="FAIL" start="2025-07-30T11:49:49.079761" elapsed="11.320362">Element with locator '//button[.//span[normalize-space()='ตกลง']]' not found.</status>
</kw>
<arg>กดปุ่มตกลง</arg>
<doc>Runs the given keyword with the given arguments and ignores possible error.</doc>
<status status="PASS" start="2025-07-30T11:49:49.079761" elapsed="11.320362"/>
</kw>
<status status="PASS" start="2025-07-30T11:49:40.155231" elapsed="20.244892"/>
</kw>
<doc>เข้าUser ฝ่ายกำกับหัวหน้างานอนุมัติข้อมูลรายการ</doc>
<status status="PASS" start="2025-07-30T11:49:13.908143" elapsed="46.491980"/>
</test>
<test id="s1-t15" name="จบการทำงาน" line="148">
<kw name="จบการทำงาน" owner="main_keywords">
<kw name="Sleep" owner="BuiltIn">
<msg time="2025-07-30T11:50:05.412179" level="INFO">Slept 5 seconds.</msg>
<arg>5s</arg>
<doc>Pauses the test executed for the given time.</doc>
<status status="PASS" start="2025-07-30T11:50:00.404454" elapsed="5.007725"/>
</kw>
<kw name="Capture Page Screenshot" owner="SeleniumLibrary">
<msg time="2025-07-30T11:50:06.050943" level="INFO" html="true">&lt;/td&gt;&lt;/tr&gt;&lt;tr&gt;&lt;td colspan="3"&gt;&lt;a href="selenium-screenshot-40.png"&gt;&lt;img src="selenium-screenshot-40.png" width="800px"&gt;&lt;/a&gt;</msg>
<doc>Takes a screenshot of the current page and embeds it into a log file.</doc>
<status status="PASS" start="2025-07-30T11:50:05.412179" elapsed="0.638764"/>
</kw>
<kw name="Log" owner="BuiltIn">
<msg time="2025-07-30T11:50:06.050943" level="INFO">Test Teardown Completed</msg>
<arg>Test Teardown Completed</arg>
<doc>Logs the given message with the given level.</doc>
<status status="PASS" start="2025-07-30T11:50:06.050943" elapsed="0.000000"/>
</kw>
<kw name="Close Browser" owner="SeleniumLibrary">
<doc>Closes the current browser.</doc>
<status status="PASS" start="2025-07-30T11:50:06.050943" elapsed="3.423988"/>
</kw>
<status status="PASS" start="2025-07-30T11:50:00.404454" elapsed="9.070477"/>
</kw>
<status status="PASS" start="2025-07-30T11:50:00.400123" elapsed="9.074808"/>
</test>
<doc>ทดสอบการยื่นคำร้อง manual ของ ปปง.1-02  TC_1-02_010</doc>
<status status="PASS" start="2025-07-30T11:40:43.997630" elapsed="565.477301"/>
</suite>
<statistics>
<total>
<stat pass="15" fail="0" skip="0">All Tests</stat>
</total>
<tag>
</tag>
<suite>
<stat pass="15" fail="0" skip="0" id="s1" name="TC 1-02 010">TC 1-02 010</stat>
</suite>
</statistics>
<errors>
<msg time="2025-07-30T11:40:44.311739" level="WARN">Error in file 'D:\AML_Project\Resources\Menu_name\AML\ยื่นคำร้อง Manual\AMLO Variables.robot' on line 30: The '[Return]' setting is deprecated. Use the 'RETURN' statement instead.</msg>
<msg time="2025-07-30T11:40:44.311739" level="WARN">Error in file 'D:\AML_Project\Resources\Menu_name\AML\ยื่นคำร้อง Manual\AMLO Variables.robot' on line 40: The '[Return]' setting is deprecated. Use the 'RETURN' statement instead.</msg>
<msg time="2025-07-30T11:40:44.311739" level="WARN">Error in file 'D:\AML_Project\Resources\Menu_name\AML\ยื่นคำร้อง Manual\AMLO Variables.robot' on line 44: The '[Return]' setting is deprecated. Use the 'RETURN' statement instead.</msg>
<msg time="2025-07-30T11:40:44.311739" level="WARN">Error in file 'D:\AML_Project\Resources\Menu_name\AML\ยื่นคำร้อง Manual\AMLO Variables.robot' on line 54: The '[Return]' setting is deprecated. Use the 'RETURN' statement instead.</msg>
</errors>
</robot>
