<?xml version="1.0" encoding="UTF-8"?>
<robot generator="Robot 7.0.1 (Python 3.8.7 on win32)" generated="2025-05-06T15:31:31.119140" rpa="false" schemaversion="5">
<suite id="s1" name="SC WL 001" source="D:\AML_Project\TestCase\Watchlist Screening\Watch List\SC_WL_001.robot">
<test id="s1-t1" name="1.open web IBank &amp; Login" line="23">
<kw name="Enteropen web IBank &amp; Login" owner="main_keywords">
<kw name="Open Browser" owner="SeleniumLibrary">
<msg time="2025-05-06T15:31:32.452637" level="INFO">Opening browser 'chrome' to base url 'https://172.26.59.117/login'.</msg>
<msg time="2025-05-06T15:31:37.645273" level="WARN">The chromedriver version (134.0.6998.88) detected in PATH at C:\Users\suravesi\AppData\Local\Programs\Python\Python38\chromedriver.exe might not be compatible with the detected chrome version (136.0.7103.49); currently, chromedriver 136.0.7103.49 is recommended for chrome 136.*, so it is advised to delete the driver in PATH and retry</msg>
<msg time="2025-05-06T15:31:43.781851" level="INFO">Cannot capture screenshot because no browser is open.</msg>
<msg time="2025-05-06T15:31:43.781851" level="FAIL">SessionNotCreatedException: Message: session not created: This version of ChromeDriver only supports Chrome version 134
Current browser version is 136.0.7103.49 with binary path C:\Program Files\Google\Chrome\Application\chrome.exe
Stacktrace:
	GetHandleVerifier [0x00007FF78CE5FE45+26629]
	(No symbol) [0x00007FF78CDC6010]
	(No symbol) [0x00007FF78CC5931A]
	(No symbol) [0x00007FF78CC9D40D]
	(No symbol) [0x00007FF78CC9C44B]
	(No symbol) [0x00007FF78CC9655C]
	(No symbol) [0x00007FF78CC91B2D]
	(No symbol) [0x00007FF78CCE5D0B]
	(No symbol) [0x00007FF78CCE52E0]
	(No symbol) [0x00007FF78CCD7883]
	(No symbol) [0x00007FF78CCA0550]
	(No symbol) [0x00007FF78CCA1803]
	GetHandleVerifier [0x00007FF78D1B72BD+3529853]
	GetHandleVerifier [0x00007FF78D1CDA22+3621858]
	GetHandleVerifier [0x00007FF78D1C24D3+3575443]
	GetHandleVerifier [0x00007FF78CF2B77A+860474]
	(No symbol) [0x00007FF78CDD088F]
	(No symbol) [0x00007FF78CDCCBC4]
	(No symbol) [0x00007FF78CDCCD66]
	(No symbol) [0x00007FF78CDBC2C9]
	BaseThreadInitThunk [0x00007FFF5C37259D+29]
	RtlUserThreadStart [0x00007FFF5D5AAF38+40]
</msg>
<arg>${URL:IBank}</arg>
<arg>${Browser}</arg>
<arg>options=add_argument("--ignore-certificate-errors")</arg>
<doc>Opens a new browser instance to the optional ``url``.</doc>
<status status="FAIL" start="2025-05-06T15:31:32.452637" elapsed="11.434188">SessionNotCreatedException: Message: session not created: This version of ChromeDriver only supports Chrome version 134
Current browser version is 136.0.7103.49 with binary path C:\Program Files\Google\Chrome\Application\chrome.exe
Stacktrace:
	GetHandleVerifier [0x00007FF78CE5FE45+26629]
	(No symbol) [0x00007FF78CDC6010]
	(No symbol) [0x00007FF78CC5931A]
	(No symbol) [0x00007FF78CC9D40D]
	(No symbol) [0x00007FF78CC9C44B]
	(No symbol) [0x00007FF78CC9655C]
	(No symbol) [0x00007FF78CC91B2D]
	(No symbol) [0x00007FF78CCE5D0B]
	(No symbol) [0x00007FF78CCE52E0]
	(No symbol) [0x00007FF78CCD7883]
	(No symbol) [0x00007FF78CCA0550]
	(No symbol) [0x00007FF78CCA1803]
	GetHandleVerifier [0x00007FF78D1B72BD+3529853]
	GetHandleVerifier [0x00007FF78D1CDA22+3621858]
	GetHandleVerifier [0x00007FF78D1C24D3+3575443]
	GetHandleVerifier [0x00007FF78CF2B77A+860474]
	(No symbol) [0x00007FF78CDD088F]
	(No symbol) [0x00007FF78CDCCBC4]
	(No symbol) [0x00007FF78CDCCD66]
	(No symbol) [0x00007FF78CDBC2C9]
	BaseThreadInitThunk [0x00007FFF5C37259D+29]
	RtlUserThreadStart [0x00007FFF5D5AAF38+40]
</status>
</kw>
<kw name="Maximize Browser Window" owner="SeleniumLibrary">
<doc>Maximizes current browser window.</doc>
<status status="NOT RUN" start="2025-05-06T15:31:43.886825" elapsed="0.000000"/>
</kw>
<kw name="Set Selenium Speed" owner="SeleniumLibrary">
<arg>0.5s</arg>
<doc>Sets the delay that is waited after each Selenium command.</doc>
<status status="NOT RUN" start="2025-05-06T15:31:43.886825" elapsed="0.000000"/>
</kw>
<kw name="Wait Until Element Is Visible" owner="SeleniumLibrary">
<arg>xpath=//input[contains(@class, 'inputLogin')]</arg>
<arg>5s</arg>
<doc>Waits until the element ``locator`` is visible.</doc>
<status status="NOT RUN" start="2025-05-06T15:31:43.886825" elapsed="0.000000"/>
</kw>
<kw name="Input Text" owner="SeleniumLibrary">
<arg>xpath=//input[contains(@class, 'inputLogin')]</arg>
<arg>${ID:dammi}</arg>
<doc>Types the given ``text`` into the text field identified by ``locator``.</doc>
<status status="NOT RUN" start="2025-05-06T15:31:43.886825" elapsed="0.000000"/>
</kw>
<kw name="Input Password" owner="SeleniumLibrary">
<arg>xpath=//input[contains(@class, 'inputLogin') and @type='password']</arg>
<arg>${password:dammi}</arg>
<doc>Types the given password into the text field identified by ``locator``.</doc>
<status status="NOT RUN" start="2025-05-06T15:31:43.886825" elapsed="0.000000"/>
</kw>
<kw name="Click Element" owner="SeleniumLibrary">
<arg>//button[contains(@class, 'mat-raised-button')]</arg>
<doc>Click the element identified by ``locator``.</doc>
<status status="NOT RUN" start="2025-05-06T15:31:43.886825" elapsed="0.000000"/>
</kw>
<status status="FAIL" start="2025-05-06T15:31:32.452637" elapsed="11.439202">SessionNotCreatedException: Message: session not created: This version of ChromeDriver only supports Chrome version 134
Current browser version is 136.0.7103.49 with binary path C:\Program Files\Google\Chrome\Application\chrome.exe
Stacktrace:
	GetHandleVerifier [0x00007FF78CE5FE45+26629]
	(No symbol) [0x00007FF78CDC6010]
	(No symbol) [0x00007FF78CC5931A]
	(No symbol) [0x00007FF78CC9D40D]
	(No symbol) [0x00007FF78CC9C44B]
	(No symbol) [0x00007FF78CC9655C]
	(No symbol) [0x00007FF78CC91B2D]
	(No symbol) [0x00007FF78CCE5D0B]
	(No symbol) [0x00007FF78CCE52E0]
	(No symbol) [0x00007FF78CCD7883]
	(No symbol) [0x00007FF78CCA0550]
	(No symbol) [0x00007FF78CCA1803]
	GetHandleVerifier [0x00007FF78D1B72BD+3529853]
	GetHandleVerifier [0x00007FF78D1CDA22+3621858]
	GetHandleVerifier [0x00007FF78D1C24D3+3575443]
	GetHandleVerifier [0x00007FF78CF2B77A+860474]
	(No symbol) [0x00007FF78CDD088F]
	(No symbol) [0x00007FF78CDCCBC4]
	(No symbol) [0x00007FF78CDCCD66]
	(No symbol) [0x00007FF78CDBC2C9]
	BaseThreadInitThunk [0x00007FFF5C37259D+29]
	RtlUserThreadStart [0x00007FFF5D5AAF38+40]
</status>
</kw>
<kw name="Run Keyword And Ignore Error" owner="BuiltIn">
<arg>ยืนยันการเข้าระบบ</arg>
<doc>Runs the given keyword with the given arguments and ignores possible error.</doc>
<status status="NOT RUN" start="2025-05-06T15:31:43.891839" elapsed="0.000000"/>
</kw>
<kw name="Run Keyword And Ignore Error" owner="BuiltIn">
<arg>ยืนยันการข้าม Pop-up</arg>
<doc>Runs the given keyword with the given arguments and ignores possible error.</doc>
<status status="NOT RUN" start="2025-05-06T15:31:43.891839" elapsed="0.000000"/>
</kw>
<doc>ทดสอบการทำรายงาน Watch List</doc>
<status status="FAIL" start="2025-05-06T15:31:32.452637" elapsed="11.439202">SessionNotCreatedException: Message: session not created: This version of ChromeDriver only supports Chrome version 134
Current browser version is 136.0.7103.49 with binary path C:\Program Files\Google\Chrome\Application\chrome.exe
Stacktrace:
	GetHandleVerifier [0x00007FF78CE5FE45+26629]
	(No symbol) [0x00007FF78CDC6010]
	(No symbol) [0x00007FF78CC5931A]
	(No symbol) [0x00007FF78CC9D40D]
	(No symbol) [0x00007FF78CC9C44B]
	(No symbol) [0x00007FF78CC9655C]
	(No symbol) [0x00007FF78CC91B2D]
	(No symbol) [0x00007FF78CCE5D0B]
	(No symbol) [0x00007FF78CCE52E0]
	(No symbol) [0x00007FF78CCD7883]
	(No symbol) [0x00007FF78CCA0550]
	(No symbol) [0x00007FF78CCA1803]
	GetHandleVerifier [0x00007FF78D1B72BD+3529853]
	GetHandleVerifier [0x00007FF78D1CDA22+3621858]
	GetHandleVerifier [0x00007FF78D1C24D3+3575443]
	GetHandleVerifier [0x00007FF78CF2B77A+860474]
	(No symbol) [0x00007FF78CDD088F]
	(No symbol) [0x00007FF78CDCCBC4]
	(No symbol) [0x00007FF78CDCCD66]
	(No symbol) [0x00007FF78CDBC2C9]
	BaseThreadInitThunk [0x00007FFF5C37259D+29]
	RtlUserThreadStart [0x00007FFF5D5AAF38+40]
</status>
</test>
<test id="s1-t2" name="2.เลือกMenu Watch List" line="28">
<kw name="เข้าMenu Watch List" owner="WatchList Keywords">
<kw name="Click Element" owner="SeleniumLibrary">
<msg time="2025-05-06T15:31:43.891839" level="INFO">Clicking element 'xpath=//a[contains(@class, 'sidebar-link') and .//div[contains(text(), 'Watch List')]]'.</msg>
<msg time="2025-05-06T15:31:43.891839" level="INFO">Cannot capture screenshot because no browser is open.</msg>
<msg time="2025-05-06T15:31:43.891839" level="FAIL">No browser is open.</msg>
<arg>${Watch List_menuXPATH}</arg>
<doc>Click the element identified by ``locator``.</doc>
<status status="FAIL" start="2025-05-06T15:31:43.891839" elapsed="0.038986">No browser is open.</status>
</kw>
<kw name="Click Element" owner="SeleniumLibrary">
<arg>${Watch List}</arg>
<doc>Click the element identified by ``locator``.</doc>
<status status="NOT RUN" start="2025-05-06T15:31:43.930825" elapsed="0.000000"/>
</kw>
<status status="FAIL" start="2025-05-06T15:31:43.891839" elapsed="0.038986">No browser is open.</status>
</kw>
<status status="FAIL" start="2025-05-06T15:31:43.891839" elapsed="0.038986">No browser is open.</status>
</test>
<test id="s1-t3" name="3ระบุข้อมูล" line="32">
<kw name="ค้นหาข้อมูลSource" owner="WatchList Keywords">
<kw name="Click Element" owner="SeleniumLibrary">
<msg time="2025-05-06T15:31:43.939341" level="INFO">Clicking element '//mat-select[@name='watchListSources']'.</msg>
<msg time="2025-05-06T15:31:43.939341" level="INFO">Cannot capture screenshot because no browser is open.</msg>
<msg time="2025-05-06T15:31:43.939341" level="FAIL">No browser is open.</msg>
<arg>${Source_xpath}</arg>
<doc>Click the element identified by ``locator``.</doc>
<status status="FAIL" start="2025-05-06T15:31:43.939341" elapsed="0.000000">No browser is open.</status>
</kw>
<kw name="Click Element" owner="SeleniumLibrary">
<arg>${Source_เลือก}</arg>
<doc>Click the element identified by ``locator``.</doc>
<status status="NOT RUN" start="2025-05-06T15:31:43.939341" elapsed="0.000000"/>
</kw>
<status status="FAIL" start="2025-05-06T15:31:43.939341" elapsed="0.000000">No browser is open.</status>
</kw>
<kw name="ค้นหาข้อมูลกรุณาเลือกประเภทในการค้นหา-บุคคลธรรมดา" owner="WatchList Keywords">
<status status="NOT RUN" start="2025-05-06T15:31:43.939341" elapsed="0.000000"/>
</kw>
<kw name="ความแม่นยำในการค้นหา 100%" owner="WatchList Keywords">
<status status="NOT RUN" start="2025-05-06T15:31:43.939341" elapsed="0.000000"/>
</kw>
<kw name="ตรวจสอบด้วย เลขประจำตัวประชาชน/เลขที่หนังสือเดินทาง" owner="WatchList Keywords">
<status status="NOT RUN" start="2025-05-06T15:31:43.939341" elapsed="0.000000"/>
</kw>
<kw name="ข้อมูลเพิ่มเติมในการค้นหาประเทศ" owner="WatchList Keywords">
<status status="NOT RUN" start="2025-05-06T15:31:43.939341" elapsed="0.000000"/>
</kw>
<kw name="ข้อมูลเพิ่มเติมในการค้นหาวันเกิด" owner="WatchList Keywords">
<status status="NOT RUN" start="2025-05-06T15:31:43.939341" elapsed="0.000000"/>
</kw>
<kw name="กดปุ่มตรวจสอบ" owner="WatchList Keywords">
<status status="NOT RUN" start="2025-05-06T15:31:43.939341" elapsed="0.000000"/>
</kw>
<status status="FAIL" start="2025-05-06T15:31:43.939341" elapsed="0.000000">No browser is open.</status>
</test>
<doc>ทดสอบการทำงาน Watch List SC_WL_001</doc>
<status status="FAIL" start="2025-05-06T15:31:31.134777" elapsed="12.804564"/>
</suite>
<statistics>
<total>
<stat pass="0" fail="3" skip="0">All Tests</stat>
</total>
<tag>
</tag>
<suite>
<stat pass="0" fail="3" skip="0" id="s1" name="SC WL 001">SC WL 001</stat>
</suite>
</statistics>
<errors>
<msg time="2025-05-06T15:31:37.645273" level="WARN">The chromedriver version (134.0.6998.88) detected in PATH at C:\Users\suravesi\AppData\Local\Programs\Python\Python38\chromedriver.exe might not be compatible with the detected chrome version (136.0.7103.49); currently, chromedriver 136.0.7103.49 is recommended for chrome 136.*, so it is advised to delete the driver in PATH and retry</msg>
</errors>
</robot>
