<?xml version="1.0" encoding="UTF-8"?>
<robot generator="Robot 7.0.1 (Python 3.8.7 on win32)" generated="2025-07-30T10:53:32.960371" rpa="false" schemaversion="5">
<suite id="s1" name="TC 1-02 003" source="D:\AML_Project\TestCase\AMLO\ปปง1-02\TC_1-02_003.robot">
<test id="s1-t1" name="1.open web IBank &amp; Login" line="55">
<kw name="Enteropen web IBank &amp; Login" owner="main_keywords">
<kw name="Open Browser" owner="SeleniumLibrary">
<msg time="2025-07-30T10:53:33.316489" level="INFO">Opening browser 'chrome' to base url 'https://172.26.59.117/login'.</msg>
<arg>${URL:IBank}</arg>
<arg>${Browser}</arg>
<arg>options=add_argument("--ignore-certificate-errors")</arg>
<doc>Opens a new browser instance to the optional ``url``.</doc>
<status status="PASS" start="2025-07-30T10:53:33.316489" elapsed="5.125348"/>
</kw>
<kw name="Maximize Browser Window" owner="SeleniumLibrary">
<doc>Maximizes current browser window.</doc>
<status status="PASS" start="2025-07-30T10:53:38.441837" elapsed="0.029956"/>
</kw>
<kw name="Set Selenium Speed" owner="SeleniumLibrary">
<arg>0.5s</arg>
<doc>Sets the delay that is waited after each Selenium command.</doc>
<status status="PASS" start="2025-07-30T10:53:38.471793" elapsed="0.001014"/>
</kw>
<status status="PASS" start="2025-07-30T10:53:33.316489" elapsed="5.156318"/>
</kw>
<kw name="เข้าด้วยUserระดับพนักงาน" owner="main_keywords">
<kw name="Wait Until Element Is Visible" owner="SeleniumLibrary">
<arg>xpath=//input[contains(@class, 'inputLogin')]</arg>
<doc>Waits until the element ``locator`` is visible.</doc>
<status status="PASS" start="2025-07-30T10:53:38.473794" elapsed="1.743647"/>
</kw>
<kw name="Input Text" owner="SeleniumLibrary">
<msg time="2025-07-30T10:53:40.217441" level="INFO">Typing text '540763' into text field 'xpath=//input[contains(@class, 'inputLogin')]'.</msg>
<arg>xpath=//input[contains(@class, 'inputLogin')]</arg>
<arg>${ID:พนักงาน}</arg>
<doc>Types the given ``text`` into the text field identified by ``locator``.</doc>
<status status="PASS" start="2025-07-30T10:53:40.217441" elapsed="1.588536"/>
</kw>
<kw name="Input Password" owner="SeleniumLibrary">
<msg time="2025-07-30T10:53:41.806626" level="INFO">Typing password into text field 'xpath=//input[contains(@class, 'inputLogin') and @type='password']'.</msg>
<msg time="2025-07-30T10:53:42.849168" level="INFO">Temporally setting log level to: NONE</msg>
<arg>xpath=//input[contains(@class, 'inputLogin') and @type='password']</arg>
<arg>${password:พนักงาน}</arg>
<doc>Types the given password into the text field identified by ``locator``.</doc>
<status status="PASS" start="2025-07-30T10:53:41.806626" elapsed="1.604210"/>
</kw>
<kw name="Click Element" owner="SeleniumLibrary">
<msg time="2025-07-30T10:53:43.410836" level="INFO">Clicking element '//button[contains(@class, 'mat-raised-button')]'.</msg>
<arg>//button[contains(@class, 'mat-raised-button')]</arg>
<doc>Click the element identified by ``locator``.</doc>
<status status="PASS" start="2025-07-30T10:53:43.410836" elapsed="1.077650"/>
</kw>
<kw name="Run Keyword And Ignore Error" owner="BuiltIn">
<kw name="ยืนยันการเข้าระบบ" owner="main_keywords">
<kw name="Wait Until Element Is Visible" owner="SeleniumLibrary">
<msg time="2025-07-30T10:53:50.180852" level="INFO" html="true">&lt;/td&gt;&lt;/tr&gt;&lt;tr&gt;&lt;td colspan="3"&gt;&lt;a href="selenium-screenshot-1.png"&gt;&lt;img src="selenium-screenshot-1.png" width="800px"&gt;&lt;/a&gt;</msg>
<msg time="2025-07-30T10:53:50.180852" level="FAIL">Element '//button[contains(@class, 'mat-raised-button')]//i[contains(@class, 'fa-check')]' not visible after 5 seconds.</msg>
<arg>//button[contains(@class, 'mat-raised-button')]//i[contains(@class, 'fa-check')]</arg>
<doc>Waits until the element ``locator`` is visible.</doc>
<status status="FAIL" start="2025-07-30T10:53:44.490500" elapsed="5.690352">Element '//button[contains(@class, 'mat-raised-button')]//i[contains(@class, 'fa-check')]' not visible after 5 seconds.</status>
</kw>
<kw name="Click Element" owner="SeleniumLibrary">
<arg>//button[contains(@class, 'mat-raised-button')]//i[contains(@class, 'fa-check')]</arg>
<doc>Click the element identified by ``locator``.</doc>
<status status="NOT RUN" start="2025-07-30T10:53:50.180852" elapsed="0.000000"/>
</kw>
<status status="FAIL" start="2025-07-30T10:53:44.490500" elapsed="5.706002">Element '//button[contains(@class, 'mat-raised-button')]//i[contains(@class, 'fa-check')]' not visible after 5 seconds.</status>
</kw>
<arg>ยืนยันการเข้าระบบ</arg>
<doc>Runs the given keyword with the given arguments and ignores possible error.</doc>
<status status="PASS" start="2025-07-30T10:53:44.489533" elapsed="5.706969"/>
</kw>
<kw name="Run Keyword And Ignore Error" owner="BuiltIn">
<kw name="ยืนยันการข้าม Pop-up" owner="main_keywords">
<kw name="Wait Until Element Is Visible" owner="SeleniumLibrary">
<msg time="2025-07-30T10:53:55.842845" level="INFO" html="true">&lt;/td&gt;&lt;/tr&gt;&lt;tr&gt;&lt;td colspan="3"&gt;&lt;a href="selenium-screenshot-2.png"&gt;&lt;img src="selenium-screenshot-2.png" width="800px"&gt;&lt;/a&gt;</msg>
<msg time="2025-07-30T10:53:55.854040" level="FAIL">Element 'xpath=//button[.//span[normalize-space(text())='Close']]' not visible after 5 seconds.</msg>
<arg>xpath=//button[.//span[normalize-space(text())='Close']]</arg>
<arg>timeout=5s</arg>
<doc>Waits until the element ``locator`` is visible.</doc>
<status status="FAIL" start="2025-07-30T10:53:50.196502" elapsed="5.657538">Element 'xpath=//button[.//span[normalize-space(text())='Close']]' not visible after 5 seconds.</status>
</kw>
<kw name="Click Element" owner="SeleniumLibrary">
<arg>xpath=//button[.//span[normalize-space(text())='Close']]</arg>
<doc>Click the element identified by ``locator``.</doc>
<status status="NOT RUN" start="2025-07-30T10:53:55.854040" elapsed="0.000000"/>
</kw>
<status status="FAIL" start="2025-07-30T10:53:50.196502" elapsed="5.657538">Element 'xpath=//button[.//span[normalize-space(text())='Close']]' not visible after 5 seconds.</status>
</kw>
<arg>ยืนยันการข้าม Pop-up</arg>
<doc>Runs the given keyword with the given arguments and ignores possible error.</doc>
<status status="PASS" start="2025-07-30T10:53:50.196502" elapsed="5.657538"/>
</kw>
<status status="PASS" start="2025-07-30T10:53:38.473794" elapsed="17.380246"/>
</kw>
<doc>ทดสอบการแสดงหน้าเว็ปและการเข้าสู่ระบบ</doc>
<status status="PASS" start="2025-07-30T10:53:33.316489" elapsed="22.537551"/>
</test>
<test id="s1-t2" name="2.เลือก AML &amp; ยื่นคำร้อง" line="59">
<kw name="เมนู AML ยื่นคำร้องManual" owner="AMLO Variables">
<kw name="Wait Until Element Is Visible" owner="SeleniumLibrary">
<arg>${AML-ไทย}</arg>
<doc>Waits until the element ``locator`` is visible.</doc>
<status status="PASS" start="2025-07-30T10:53:55.854040" elapsed="1.049952"/>
</kw>
<kw name="Click Element" owner="SeleniumLibrary">
<msg time="2025-07-30T10:53:56.903992" level="INFO">Clicking element 'xpath=//a[contains(@class, 'sidebar-link') and .//div[contains(text(), 'AML')]]'.</msg>
<arg>${AML-ไทย}</arg>
<doc>Click the element identified by ``locator``.</doc>
<status status="PASS" start="2025-07-30T10:53:56.903992" elapsed="1.070309"/>
</kw>
<kw name="Click Element" owner="SeleniumLibrary">
<msg time="2025-07-30T10:53:57.974301" level="INFO">Clicking element 'xpath=//a[contains(@class, 'mat-list-item') and contains(., 'ยื่นคำร้อง Manual')]'.</msg>
<arg>${ยื่นคำร้องManual}</arg>
<doc>Click the element identified by ``locator``.</doc>
<status status="PASS" start="2025-07-30T10:53:57.974301" elapsed="1.104270"/>
</kw>
<status status="PASS" start="2025-07-30T10:53:55.854040" elapsed="3.224531"/>
</kw>
<doc>เข้าหน้า AML ยื่นคำร้องManual</doc>
<status status="PASS" start="2025-07-30T10:53:55.854040" elapsed="3.225545"/>
</test>
<test id="s1-t3" name="3.เลือกรายการ_ปปง1-02" line="62">
<kw name="เลือกรายการ_ปปง1-02" owner="keywords_Testcase_1-02">
<kw name="Wait Until Element Is Visible" owner="SeleniumLibrary">
<arg>${ประเภทรายงาน}</arg>
<doc>Waits until the element ``locator`` is visible.</doc>
<status status="PASS" start="2025-07-30T10:53:59.085595" elapsed="1.025678"/>
</kw>
<kw name="Click Element" owner="SeleniumLibrary">
<msg time="2025-07-30T10:54:00.111273" level="INFO">Clicking element 'xpath=//mat-select[@aria-labelledby='mat-select-value-1']'.</msg>
<arg>${ประเภทรายงาน}</arg>
<doc>Click the element identified by ``locator``.</doc>
<status status="PASS" start="2025-07-30T10:54:00.111273" elapsed="1.067002"/>
</kw>
<kw name="Click Element" owner="SeleniumLibrary">
<msg time="2025-07-30T10:54:01.178965" level="INFO">Clicking element 'xpath=//mat-option[@ng-reflect-value='1-02']'.</msg>
<arg>${ปปง.1-02}</arg>
<doc>Click the element identified by ``locator``.</doc>
<status status="PASS" start="2025-07-30T10:54:01.178965" elapsed="1.069439"/>
</kw>
<status status="PASS" start="2025-07-30T10:53:59.084596" elapsed="3.163808"/>
</kw>
<doc>เข้าเลือกทำรายการ ปปง1-02</doc>
<status status="PASS" start="2025-07-30T10:53:59.081598" elapsed="3.168234"/>
</test>
<test id="s1-t4" name="4.รายงานล่าช้า &amp; ไม่ใช่ลูกค้าธนาคาร" line="65">
<kw name="ยื่นคำร้องรายงานล่าช้า &amp; ไม่ใช่ลูกค้าธนาคาร" owner="keywords_Testcase_1-02">
<kw name="Click Element" owner="SeleniumLibrary">
<msg time="2025-07-30T10:54:02.251527" level="INFO">Clicking element 'xpath=//mat-radio-button[@ng-reflect-value='01']'.</msg>
<arg>${รายงานเนื่องจาก_รายงานตัวช้า}</arg>
<doc>Click the element identified by ``locator``.</doc>
<status status="PASS" start="2025-07-30T10:54:02.251527" elapsed="1.071733"/>
</kw>
<kw name="Click Element" owner="SeleniumLibrary">
<msg time="2025-07-30T10:54:03.324249" level="INFO">Clicking element 'xpath=//mat-radio-button[@ng-reflect-value="NOT_CUSTOMER"]'.</msg>
<arg>${ค้าหาข้อมูลจากลูกค้าด้วย_บัตรประจำตัว_ไม่ใช้ลูกค้าธนาคาร}</arg>
<doc>Click the element identified by ``locator``.</doc>
<status status="PASS" start="2025-07-30T10:54:03.324249" elapsed="1.077390"/>
</kw>
<kw name="Click Element" owner="SeleniumLibrary">
<msg time="2025-07-30T10:54:04.402575" level="INFO">Clicking element 'xpath=//button[@mat-raised-button]'.</msg>
<arg>${ยื่นคำร้องManual_ถัดไป}</arg>
<doc>Click the element identified by ``locator``.</doc>
<status status="PASS" start="2025-07-30T10:54:04.402575" elapsed="1.219009"/>
</kw>
<status status="PASS" start="2025-07-30T10:54:02.251527" elapsed="3.370057"/>
</kw>
<doc>เลือกการรายงาน</doc>
<status status="PASS" start="2025-07-30T10:54:02.251527" elapsed="3.370057"/>
</test>
<test id="s1-t5" name="5.ระบุข้อมูลส่วนที่1,ส่วนที่2,ส่วนที่3" line="68">
<kw name="เรียกเลขประจำตัวประชาชน" owner="AMLO Variables">
<kw name="สุ่มเลขบัตร13หลัก" owner="AMLO Variables">
<kw name="Evaluate" owner="BuiltIn">
<msg time="2025-07-30T10:54:05.621584" level="INFO">${digits} = [0, 4, 1, 7, 0, 6, 9, 6, 1, 6, 1, 6]</msg>
<var>${digits}</var>
<arg>[random.randint(0,9) for _ in range(12)]</arg>
<arg>modules=random</arg>
<doc>Evaluates the given expression in Python and returns the result.</doc>
<status status="PASS" start="2025-07-30T10:54:05.621584" elapsed="0.000000"/>
</kw>
<kw name="Evaluate" owner="BuiltIn">
<msg time="2025-07-30T10:54:05.621584" level="INFO">${total} = 320</msg>
<var>${total}</var>
<arg>sum([x*(13-i) for i,x in enumerate(${digits})])</arg>
<doc>Evaluates the given expression in Python and returns the result.</doc>
<status status="PASS" start="2025-07-30T10:54:05.621584" elapsed="0.000000"/>
</kw>
<kw name="Evaluate" owner="BuiltIn">
<msg time="2025-07-30T10:54:05.621584" level="INFO">${check} = 0</msg>
<var>${check}</var>
<arg>(11 - (${total} % 11)) % 10</arg>
<doc>Evaluates the given expression in Python and returns the result.</doc>
<status status="PASS" start="2025-07-30T10:54:05.621584" elapsed="0.000000"/>
</kw>
<kw name="Evaluate" owner="BuiltIn">
<msg time="2025-07-30T10:54:05.621584" level="INFO">${digits} = [0, 4, 1, 7, 0, 6, 9, 6, 1, 6, 1, 6, 0]</msg>
<var>${digits}</var>
<arg>${digits} + [${check}]</arg>
<doc>Evaluates the given expression in Python and returns the result.</doc>
<status status="PASS" start="2025-07-30T10:54:05.621584" elapsed="0.000000"/>
</kw>
<kw name="Evaluate" owner="BuiltIn">
<msg time="2025-07-30T10:54:05.637249" level="INFO">${random_number} = 0417069616160</msg>
<var>${random_number}</var>
<arg>''.join(str(x) for x in ${digits})</arg>
<doc>Evaluates the given expression in Python and returns the result.</doc>
<status status="PASS" start="2025-07-30T10:54:05.621584" elapsed="0.015665"/>
</kw>
<kw name="Set Suite Variable" owner="BuiltIn">
<msg time="2025-07-30T10:54:05.637249" level="INFO">${random_number} = 0417069616160</msg>
<arg>${random_number}</arg>
<arg>${random_number}</arg>
<doc>Makes a variable available everywhere within the scope of the current suite.</doc>
<status status="PASS" start="2025-07-30T10:54:05.637249" elapsed="0.000000"/>
</kw>
<return>
<value>${random_number}</value>
<status status="PASS" start="2025-07-30T10:54:05.637249" elapsed="0.000000"/>
</return>
<status status="PASS" start="2025-07-30T10:54:05.621584" elapsed="0.015665"/>
</kw>
<kw name="ใช้งานเลขบัตร" owner="AMLO Variables">
<kw name="สุ่มเลขบัตร13หลัก" owner="AMLO Variables">
<kw name="Evaluate" owner="BuiltIn">
<msg time="2025-07-30T10:54:05.637249" level="INFO">${digits} = [7, 1, 7, 1, 8, 0, 6, 2, 4, 0, 3, 3]</msg>
<var>${digits}</var>
<arg>[random.randint(0,9) for _ in range(12)]</arg>
<arg>modules=random</arg>
<doc>Evaluates the given expression in Python and returns the result.</doc>
<status status="PASS" start="2025-07-30T10:54:05.637249" elapsed="0.000000"/>
</kw>
<kw name="Evaluate" owner="BuiltIn">
<msg time="2025-07-30T10:54:05.637249" level="INFO">${total} = 351</msg>
<var>${total}</var>
<arg>sum([x*(13-i) for i,x in enumerate(${digits})])</arg>
<doc>Evaluates the given expression in Python and returns the result.</doc>
<status status="PASS" start="2025-07-30T10:54:05.637249" elapsed="0.000000"/>
</kw>
<kw name="Evaluate" owner="BuiltIn">
<msg time="2025-07-30T10:54:05.637249" level="INFO">${check} = 1</msg>
<var>${check}</var>
<arg>(11 - (${total} % 11)) % 10</arg>
<doc>Evaluates the given expression in Python and returns the result.</doc>
<status status="PASS" start="2025-07-30T10:54:05.637249" elapsed="0.000000"/>
</kw>
<kw name="Evaluate" owner="BuiltIn">
<msg time="2025-07-30T10:54:05.637249" level="INFO">${digits} = [7, 1, 7, 1, 8, 0, 6, 2, 4, 0, 3, 3, 1]</msg>
<var>${digits}</var>
<arg>${digits} + [${check}]</arg>
<doc>Evaluates the given expression in Python and returns the result.</doc>
<status status="PASS" start="2025-07-30T10:54:05.637249" elapsed="0.000000"/>
</kw>
<kw name="Evaluate" owner="BuiltIn">
<msg time="2025-07-30T10:54:05.637249" level="INFO">${random_number} = 7171806240331</msg>
<var>${random_number}</var>
<arg>''.join(str(x) for x in ${digits})</arg>
<doc>Evaluates the given expression in Python and returns the result.</doc>
<status status="PASS" start="2025-07-30T10:54:05.637249" elapsed="0.000000"/>
</kw>
<kw name="Set Suite Variable" owner="BuiltIn">
<msg time="2025-07-30T10:54:05.637249" level="INFO">${random_number} = 7171806240331</msg>
<arg>${random_number}</arg>
<arg>${random_number}</arg>
<doc>Makes a variable available everywhere within the scope of the current suite.</doc>
<status status="PASS" start="2025-07-30T10:54:05.637249" elapsed="0.000000"/>
</kw>
<return>
<value>${random_number}</value>
<status status="PASS" start="2025-07-30T10:54:05.637249" elapsed="0.000000"/>
</return>
<msg time="2025-07-30T10:54:05.637249" level="INFO">${เลขประจำตัวประชาชน} = 7171806240331</msg>
<var>${เลขประจำตัวประชาชน}</var>
<status status="PASS" start="2025-07-30T10:54:05.637249" elapsed="0.000000"/>
</kw>
<kw name="Set Suite Variable" owner="BuiltIn">
<msg time="2025-07-30T10:54:05.637249" level="INFO">${เลขประจำตัวประชาชน} = 7171806240331</msg>
<arg>${เลขประจำตัวประชาชน}</arg>
<arg>${เลขประจำตัวประชาชน}</arg>
<doc>Makes a variable available everywhere within the scope of the current suite.</doc>
<status status="PASS" start="2025-07-30T10:54:05.637249" elapsed="0.000000"/>
</kw>
<return>
<value>${เลขประจำตัวประชาชน}</value>
<status status="PASS" start="2025-07-30T10:54:05.637249" elapsed="0.000000"/>
</return>
<status status="PASS" start="2025-07-30T10:54:05.637249" elapsed="0.000000"/>
</kw>
<status status="PASS" start="2025-07-30T10:54:05.621584" elapsed="0.015665"/>
</kw>
<kw name="ส่วนที่1 ระบุข้อมูล(ทำธุรกรรมด้วยตนเอง)" owner="keywords_Testcase_1-02">
<kw name="เรียกเลขประจำตัวประชาชน" owner="AMLO Variables">
<kw name="สุ่มเลขบัตร13หลัก" owner="AMLO Variables">
<kw name="Evaluate" owner="BuiltIn">
<msg time="2025-07-30T10:54:05.637249" level="INFO">${digits} = [6, 1, 4, 8, 8, 4, 1, 9, 4, 0, 6, 6]</msg>
<var>${digits}</var>
<arg>[random.randint(0,9) for _ in range(12)]</arg>
<arg>modules=random</arg>
<doc>Evaluates the given expression in Python and returns the result.</doc>
<status status="PASS" start="2025-07-30T10:54:05.637249" elapsed="0.000000"/>
</kw>
<kw name="Evaluate" owner="BuiltIn">
<msg time="2025-07-30T10:54:05.652874" level="INFO">${total} = 429</msg>
<var>${total}</var>
<arg>sum([x*(13-i) for i,x in enumerate(${digits})])</arg>
<doc>Evaluates the given expression in Python and returns the result.</doc>
<status status="PASS" start="2025-07-30T10:54:05.637249" elapsed="0.015625"/>
</kw>
<kw name="Evaluate" owner="BuiltIn">
<msg time="2025-07-30T10:54:05.652874" level="INFO">${check} = 1</msg>
<var>${check}</var>
<arg>(11 - (${total} % 11)) % 10</arg>
<doc>Evaluates the given expression in Python and returns the result.</doc>
<status status="PASS" start="2025-07-30T10:54:05.652874" elapsed="0.000000"/>
</kw>
<kw name="Evaluate" owner="BuiltIn">
<msg time="2025-07-30T10:54:05.652874" level="INFO">${digits} = [6, 1, 4, 8, 8, 4, 1, 9, 4, 0, 6, 6, 1]</msg>
<var>${digits}</var>
<arg>${digits} + [${check}]</arg>
<doc>Evaluates the given expression in Python and returns the result.</doc>
<status status="PASS" start="2025-07-30T10:54:05.652874" elapsed="0.000000"/>
</kw>
<kw name="Evaluate" owner="BuiltIn">
<msg time="2025-07-30T10:54:05.652874" level="INFO">${random_number} = 6148841940661</msg>
<var>${random_number}</var>
<arg>''.join(str(x) for x in ${digits})</arg>
<doc>Evaluates the given expression in Python and returns the result.</doc>
<status status="PASS" start="2025-07-30T10:54:05.652874" elapsed="0.000000"/>
</kw>
<kw name="Set Suite Variable" owner="BuiltIn">
<msg time="2025-07-30T10:54:05.652874" level="INFO">${random_number} = 6148841940661</msg>
<arg>${random_number}</arg>
<arg>${random_number}</arg>
<doc>Makes a variable available everywhere within the scope of the current suite.</doc>
<status status="PASS" start="2025-07-30T10:54:05.652874" elapsed="0.000000"/>
</kw>
<return>
<value>${random_number}</value>
<status status="PASS" start="2025-07-30T10:54:05.652874" elapsed="0.000000"/>
</return>
<status status="PASS" start="2025-07-30T10:54:05.637249" elapsed="0.015625"/>
</kw>
<kw name="ใช้งานเลขบัตร" owner="AMLO Variables">
<kw name="สุ่มเลขบัตร13หลัก" owner="AMLO Variables">
<kw name="Evaluate" owner="BuiltIn">
<msg time="2025-07-30T10:54:05.652874" level="INFO">${digits} = [3, 2, 1, 7, 9, 5, 0, 6, 7, 9, 5, 2]</msg>
<var>${digits}</var>
<arg>[random.randint(0,9) for _ in range(12)]</arg>
<arg>modules=random</arg>
<doc>Evaluates the given expression in Python and returns the result.</doc>
<status status="PASS" start="2025-07-30T10:54:05.652874" elapsed="0.000000"/>
</kw>
<kw name="Evaluate" owner="BuiltIn">
<msg time="2025-07-30T10:54:05.652874" level="INFO">${total} = 391</msg>
<var>${total}</var>
<arg>sum([x*(13-i) for i,x in enumerate(${digits})])</arg>
<doc>Evaluates the given expression in Python and returns the result.</doc>
<status status="PASS" start="2025-07-30T10:54:05.652874" elapsed="0.000000"/>
</kw>
<kw name="Evaluate" owner="BuiltIn">
<msg time="2025-07-30T10:54:05.652874" level="INFO">${check} = 5</msg>
<var>${check}</var>
<arg>(11 - (${total} % 11)) % 10</arg>
<doc>Evaluates the given expression in Python and returns the result.</doc>
<status status="PASS" start="2025-07-30T10:54:05.652874" elapsed="0.000000"/>
</kw>
<kw name="Evaluate" owner="BuiltIn">
<msg time="2025-07-30T10:54:05.652874" level="INFO">${digits} = [3, 2, 1, 7, 9, 5, 0, 6, 7, 9, 5, 2, 5]</msg>
<var>${digits}</var>
<arg>${digits} + [${check}]</arg>
<doc>Evaluates the given expression in Python and returns the result.</doc>
<status status="PASS" start="2025-07-30T10:54:05.652874" elapsed="0.000000"/>
</kw>
<kw name="Evaluate" owner="BuiltIn">
<msg time="2025-07-30T10:54:05.652874" level="INFO">${random_number} = 3217950679525</msg>
<var>${random_number}</var>
<arg>''.join(str(x) for x in ${digits})</arg>
<doc>Evaluates the given expression in Python and returns the result.</doc>
<status status="PASS" start="2025-07-30T10:54:05.652874" elapsed="0.000000"/>
</kw>
<kw name="Set Suite Variable" owner="BuiltIn">
<msg time="2025-07-30T10:54:05.652874" level="INFO">${random_number} = 3217950679525</msg>
<arg>${random_number}</arg>
<arg>${random_number}</arg>
<doc>Makes a variable available everywhere within the scope of the current suite.</doc>
<status status="PASS" start="2025-07-30T10:54:05.652874" elapsed="0.000000"/>
</kw>
<return>
<value>${random_number}</value>
<status status="PASS" start="2025-07-30T10:54:05.652874" elapsed="0.000000"/>
</return>
<msg time="2025-07-30T10:54:05.652874" level="INFO">${เลขประจำตัวประชาชน} = 3217950679525</msg>
<var>${เลขประจำตัวประชาชน}</var>
<status status="PASS" start="2025-07-30T10:54:05.652874" elapsed="0.000000"/>
</kw>
<kw name="Set Suite Variable" owner="BuiltIn">
<msg time="2025-07-30T10:54:05.652874" level="INFO">${เลขประจำตัวประชาชน} = 3217950679525</msg>
<arg>${เลขประจำตัวประชาชน}</arg>
<arg>${เลขประจำตัวประชาชน}</arg>
<doc>Makes a variable available everywhere within the scope of the current suite.</doc>
<status status="PASS" start="2025-07-30T10:54:05.652874" elapsed="0.000000"/>
</kw>
<return>
<value>${เลขประจำตัวประชาชน}</value>
<status status="PASS" start="2025-07-30T10:54:05.652874" elapsed="0.000000"/>
</return>
<status status="PASS" start="2025-07-30T10:54:05.652874" elapsed="0.000000"/>
</kw>
<status status="PASS" start="2025-07-30T10:54:05.637249" elapsed="0.015625"/>
</kw>
<kw name="Wait Until Element Is Visible" owner="SeleniumLibrary">
<arg>${เหตุผลการรายงาน Mannual_เหตุผลในการรายงาน}</arg>
<doc>Waits until the element ``locator`` is visible.</doc>
<status status="PASS" start="2025-07-30T10:54:05.652874" elapsed="1.036347"/>
</kw>
<kw name="Input Text" owner="SeleniumLibrary">
<msg time="2025-07-30T10:54:06.689221" level="INFO">Typing text 'test' into text field 'xpath=//textarea[@ng-reflect-maxlength='2000']'.</msg>
<arg>${เหตุผลการรายงาน Mannual_เหตุผลในการรายงาน}</arg>
<arg>${เหตุผลในการรายงาน}</arg>
<doc>Types the given ``text`` into the text field identified by ``locator``.</doc>
<status status="PASS" start="2025-07-30T10:54:06.689221" elapsed="1.588267"/>
</kw>
<kw name="Click Element" owner="SeleniumLibrary">
<msg time="2025-07-30T10:54:08.278504" level="INFO">Clicking element 'xpath=//mat-select[@name='prefix']'.</msg>
<arg>${1.1_คำนำหน้าชื่อ}</arg>
<doc>Click the element identified by ``locator``.</doc>
<status status="PASS" start="2025-07-30T10:54:08.277488" elapsed="1.095161"/>
</kw>
<kw name="Click Element" owner="SeleniumLibrary">
<msg time="2025-07-30T10:54:09.372649" level="INFO">Clicking element 'xpath=//mat-option[@ng-reflect-value='นาย']'.</msg>
<arg>${1.1_คำนำหน้าชื่อ_เลือก}</arg>
<doc>Click the element identified by ``locator``.</doc>
<status status="PASS" start="2025-07-30T10:54:09.372649" elapsed="1.078652"/>
</kw>
<kw name="Input Text" owner="SeleniumLibrary">
<msg time="2025-07-30T10:54:10.452610" level="INFO">Typing text 'ลิน' into text field 'xpath=(//input[contains(@class, 'mat-input-element') and @maxlength='250' and @required])[1]'.</msg>
<arg>${1.1_ชื่อ}</arg>
<arg>${ชื่อ}</arg>
<doc>Types the given ``text`` into the text field identified by ``locator``.</doc>
<status status="PASS" start="2025-07-30T10:54:10.451301" elapsed="1.613505"/>
</kw>
<kw name="Input Text" owner="SeleniumLibrary">
<msg time="2025-07-30T10:54:12.066479" level="INFO">Typing text 'น้ำ' into text field 'xpath=(//input[contains(@class, 'mat-input-element') and @maxlength='250' and @required])[2]'.</msg>
<arg>${1.1_นามสกุล}</arg>
<arg>${นามสกุล}</arg>
<doc>Types the given ``text`` into the text field identified by ``locator``.</doc>
<status status="PASS" start="2025-07-30T10:54:12.066479" elapsed="1.604394"/>
</kw>
<kw name="Input Text" owner="SeleniumLibrary">
<msg time="2025-07-30T10:54:13.671866" level="INFO">Typing text '3217950679525' into text field 'xpath=//input[@ng-reflect-maxlength='13']'.</msg>
<arg>${1.1_เอกสารประจำตัว_เลขที่}</arg>
<arg>${random_number}</arg>
<doc>Types the given ``text`` into the text field identified by ``locator``.</doc>
<status status="PASS" start="2025-07-30T10:54:13.671866" elapsed="1.628795"/>
</kw>
<kw name="Click Element" owner="SeleniumLibrary">
<msg time="2025-07-30T10:54:15.300661" level="INFO">Clicking element 'xpath=//mat-radio-button[contains(@class, 'mat-radio-button mat-accent') and @ng-reflect-value='0']'.</msg>
<arg>${1.1_เอกสารประจำตัว_ทำธุรกรรมด้วยตนเอง}</arg>
<doc>Click the element identified by ``locator``.</doc>
<status status="PASS" start="2025-07-30T10:54:15.300661" elapsed="1.085176"/>
</kw>
<kw name="Input Text" owner="SeleniumLibrary">
<msg time="2025-07-30T10:54:16.385837" level="INFO">Typing text 'เทส' into text field 'xpath=//input[contains(@class, 'mat-input-element') and @maxlength='300']'.</msg>
<arg>${1.2_ที่อยู่}</arg>
<arg>${ที่อยู่}</arg>
<doc>Types the given ``text`` into the text field identified by ``locator``.</doc>
<status status="PASS" start="2025-07-30T10:54:16.385837" elapsed="1.601139"/>
</kw>
<kw name="Click Element" owner="SeleniumLibrary">
<msg time="2025-07-30T10:54:17.986976" level="INFO">Clicking element '(//mat-select[@name='countryCode'])[1]'.</msg>
<arg>${1.2_ประเทศ}</arg>
<doc>Click the element identified by ``locator``.</doc>
<status status="PASS" start="2025-07-30T10:54:17.986976" elapsed="1.081477"/>
</kw>
<kw name="Click Element" owner="SeleniumLibrary">
<msg time="2025-07-30T10:54:19.068453" level="INFO">Clicking element 'xpath=//mat-option[span[contains(text(), 'ไทย')]]'.</msg>
<arg>${1.2_ที่อยู่_ประเทศ_ไทย}</arg>
<doc>Click the element identified by ``locator``.</doc>
<status status="PASS" start="2025-07-30T10:54:19.068453" elapsed="1.082750"/>
</kw>
<kw name="Click Element" owner="SeleniumLibrary">
<msg time="2025-07-30T10:54:20.152692" level="INFO">Clicking element '(//mat-select[.//span[contains(text(),'โปรดระบุ')]])[1]'.</msg>
<arg>${1.2_ที่อยู่_ประเทศ_จังหวัด}</arg>
<doc>Click the element identified by ``locator``.</doc>
<status status="PASS" start="2025-07-30T10:54:20.151203" elapsed="1.085284"/>
</kw>
<kw name="Click Element" owner="SeleniumLibrary">
<msg time="2025-07-30T10:54:21.236487" level="INFO">Clicking element 'xpath=//mat-option[.//span[contains(text(),'กรุงเทพมหานคร')]]'.</msg>
<arg>${1.2_ที่อยู่_ประเทศ_จังหวัด_เลือก}</arg>
<doc>Click the element identified by ``locator``.</doc>
<status status="PASS" start="2025-07-30T10:54:21.236487" elapsed="1.081363"/>
</kw>
<kw name="Click Element" owner="SeleniumLibrary">
<msg time="2025-07-30T10:54:22.319579" level="INFO">Clicking element '(//mat-select[.//span[contains(text(),'โปรดระบุ')]])[1]'.</msg>
<arg>${1.2_ที่อยู่_ประเทศ_อำเภอ}</arg>
<doc>Click the element identified by ``locator``.</doc>
<status status="PASS" start="2025-07-30T10:54:22.317850" elapsed="1.059906"/>
</kw>
<kw name="Click Element" owner="SeleniumLibrary">
<msg time="2025-07-30T10:54:23.377756" level="INFO">Clicking element 'xpath=//mat-option[.//span[contains(text(),'จตุจักร')]]'.</msg>
<arg>${1.2_ที่อยู่_ประเทศ_อำเภอ_เลือก}</arg>
<doc>Click the element identified by ``locator``.</doc>
<status status="PASS" start="2025-07-30T10:54:23.377756" elapsed="1.061420"/>
</kw>
<kw name="Click Element" owner="SeleniumLibrary">
<msg time="2025-07-30T10:54:24.440498" level="INFO">Clicking element '(//mat-select[.//span[contains(text(),'โปรดระบุ')]])[1]'.</msg>
<arg>${1.2_ที่อยู่_ประเทศ_ตำบล}</arg>
<doc>Click the element identified by ``locator``.</doc>
<status status="PASS" start="2025-07-30T10:54:24.440498" elapsed="1.065330"/>
</kw>
<kw name="Click Element" owner="SeleniumLibrary">
<msg time="2025-07-30T10:54:25.505828" level="INFO">Clicking element 'xpath=//mat-option[.//span[contains(text(),'จตุจักร')]]'.</msg>
<arg>${1.2_ที่อยู่_ประเทศ_ตำบล_เลือก}</arg>
<doc>Click the element identified by ``locator``.</doc>
<status status="PASS" start="2025-07-30T10:54:25.505828" elapsed="1.054875"/>
</kw>
<kw name="Input Text" owner="SeleniumLibrary">
<msg time="2025-07-30T10:54:26.563634" level="INFO">Typing text '21229' into text field '(//input[@ng-reflect-maxlength='5'])[1]'.</msg>
<arg>${1.2_ที่อยู่_ประเทศ_รหัสไปรษณีย์_เลข}</arg>
<arg>${รหัสไปรษณีย์}</arg>
<doc>Types the given ``text`` into the text field identified by ``locator``.</doc>
<status status="PASS" start="2025-07-30T10:54:26.562200" elapsed="1.617697"/>
</kw>
<kw name="Click Element" owner="SeleniumLibrary">
<msg time="2025-07-30T10:54:28.179897" level="INFO">Clicking element 'xpath=//mat-select[@name='occupationType']'.</msg>
<arg>${1.3อาชีพ}</arg>
<doc>Click the element identified by ``locator``.</doc>
<status status="PASS" start="2025-07-30T10:54:28.179897" elapsed="1.093794"/>
</kw>
<kw name="Click Element" owner="SeleniumLibrary">
<msg time="2025-07-30T10:54:29.274921" level="INFO">Clicking element 'xpath=//mat-option[.//span[contains(text(), 'อาชีพอิสระ')]]'.</msg>
<arg>${1.3อาชีพ_เลือก}</arg>
<doc>Click the element identified by ``locator``.</doc>
<status status="PASS" start="2025-07-30T10:54:29.274921" elapsed="1.075705"/>
</kw>
<kw name="Input Text" owner="SeleniumLibrary">
<msg time="2025-07-30T10:54:30.351984" level="INFO">Typing text '3217950679525' into text field 'xpath=(//input[@ng-reflect-maxlength='13'])[2]'.</msg>
<arg>${1.5_เลขที่}</arg>
<arg>${random_number}</arg>
<doc>Types the given ``text`` into the text field identified by ``locator``.</doc>
<status status="PASS" start="2025-07-30T10:54:30.350626" elapsed="1.653377"/>
</kw>
<status status="PASS" start="2025-07-30T10:54:05.637249" elapsed="26.366754"/>
</kw>
<kw name="ส่วนที่1 บันทึกและไปหน้าถัดไป" owner="keywords_Testcase_1-02">
<kw name="Click Element" owner="SeleniumLibrary">
<msg time="2025-07-30T10:54:32.004003" level="INFO">Clicking element 'xpath=//button[.//span[contains(text(), 'บันทึก')]]'.</msg>
<arg>${ส่วนที่1_บีนทึก}</arg>
<doc>Click the element identified by ``locator``.</doc>
<status status="PASS" start="2025-07-30T10:54:32.004003" elapsed="1.068599"/>
</kw>
<kw name="Run Keyword And Ignore Error" owner="BuiltIn">
<kw name="(ปุ่มตกลง)" owner="keywords_Testcase_1-02">
<kw name="Wait Until Element Is Enabled" owner="SeleniumLibrary">
<arg>${ส่วนที่1_ตกลง}</arg>
<arg>timeout=10s</arg>
<doc>Waits until the element ``locator`` is enabled.</doc>
<status status="PASS" start="2025-07-30T10:54:33.073278" elapsed="1.564671"/>
</kw>
<kw name="Wait Until Element Is Visible" owner="SeleniumLibrary">
<arg>${ส่วนที่1_ตกลง}</arg>
<arg>timeout=10s</arg>
<doc>Waits until the element ``locator`` is visible.</doc>
<status status="PASS" start="2025-07-30T10:54:34.637949" elapsed="1.007079"/>
</kw>
<kw name="Click Element" owner="SeleniumLibrary">
<msg time="2025-07-30T10:54:35.645028" level="INFO">Clicking element '//button[.//span[normalize-space()='ตกลง']]'.</msg>
<arg>${ส่วนที่1_ตกลง}</arg>
<doc>Click the element identified by ``locator``.</doc>
<status status="PASS" start="2025-07-30T10:54:35.645028" elapsed="1.090363"/>
</kw>
<status status="PASS" start="2025-07-30T10:54:33.073278" elapsed="3.662113"/>
</kw>
<arg>(ปุ่มตกลง)</arg>
<doc>Runs the given keyword with the given arguments and ignores possible error.</doc>
<status status="PASS" start="2025-07-30T10:54:33.072602" elapsed="3.662789"/>
</kw>
<kw name="Wait Until Element Is Visible" owner="SeleniumLibrary">
<arg>${ส่วนที่1_ถัดไป}</arg>
<doc>Waits until the element ``locator`` is visible.</doc>
<status status="PASS" start="2025-07-30T10:54:36.735391" elapsed="1.024684"/>
</kw>
<kw name="Click Element" owner="SeleniumLibrary">
<msg time="2025-07-30T10:54:37.760075" level="INFO">Clicking element '//button[contains(@class, 'mat-raised-button') and .//span[contains(text(), 'ถัดไป')]]'.</msg>
<arg>${ส่วนที่1_ถัดไป}</arg>
<doc>Click the element identified by ``locator``.</doc>
<status status="PASS" start="2025-07-30T10:54:37.760075" elapsed="1.074285"/>
</kw>
<status status="PASS" start="2025-07-30T10:54:32.004003" elapsed="6.830357"/>
</kw>
<kw name="ส่วนที่2 ถัดไป" owner="keywords_Testcase_1-02">
<kw name="Wait Until Element Is Visible" owner="SeleniumLibrary">
<arg>${ส่วนที่2_ถัดไป}</arg>
<doc>Waits until the element ``locator`` is visible.</doc>
<status status="PASS" start="2025-07-30T10:54:38.835703" elapsed="1.046336"/>
</kw>
<kw name="Click Element" owner="SeleniumLibrary">
<msg time="2025-07-30T10:54:39.883731" level="INFO">Clicking element '//button[contains(@class, 'mat-raised-button') and .//span[contains(text(), 'ถัดไป')]]'.</msg>
<arg>${ส่วนที่2_ถัดไป}</arg>
<doc>Click the element identified by ``locator``.</doc>
<status status="PASS" start="2025-07-30T10:54:39.883092" elapsed="1.165765"/>
</kw>
<status status="PASS" start="2025-07-30T10:54:38.835703" elapsed="2.213154"/>
</kw>
<kw name="ส่วนที่ 3 ระบุข้อมูล(ขายฝาก/ที่ดิน)" owner="keywords_Testcase_1-02">
<kw name="Wait Until Element Is Visible" owner="SeleniumLibrary">
<arg>${ส่วนที่3_วันที่ทำธุรกรรม}</arg>
<doc>Waits until the element ``locator`` is visible.</doc>
<status status="PASS" start="2025-07-30T10:54:41.048857" elapsed="1.008628"/>
</kw>
<kw name="Input Text" owner="SeleniumLibrary">
<msg time="2025-07-30T10:54:42.057485" level="INFO">Typing text '01/01/2567' into text field 'xpath=//input[contains(@class, 'mat-datepicker-input')]'.</msg>
<arg>${ส่วนที่3_วันที่ทำธุรกรรม}</arg>
<arg>${วันที่ทำธุระกรรม(dd/MM/yyyy)}</arg>
<doc>Types the given ``text`` into the text field identified by ``locator``.</doc>
<status status="PASS" start="2025-07-30T10:54:42.057485" elapsed="1.629660"/>
</kw>
<kw name="Click Element" owner="SeleniumLibrary">
<msg time="2025-07-30T10:54:43.687145" level="INFO">Clicking element '//mat-radio-button[.//span[contains(text(), 'จำนอง')]]'.</msg>
<arg>${3.1_ประเภทธุรกรรม_จำนอง}</arg>
<doc>Click the element identified by ``locator``.</doc>
<status status="PASS" start="2025-07-30T10:54:43.687145" elapsed="1.058084"/>
</kw>
<kw name="Click Element" owner="SeleniumLibrary">
<msg time="2025-07-30T10:54:44.745229" level="INFO">Clicking element '//mat-radio-button[label/span[contains(text(), 'ที่ดิน')]]'.</msg>
<arg>${3.2_ประเภททรัพย์สินที่ใช้ทําธุรกรรม_ที่ดิน}</arg>
<doc>Click the element identified by ``locator``.</doc>
<status status="PASS" start="2025-07-30T10:54:44.745229" elapsed="1.090011"/>
</kw>
<kw name="Input Text" owner="SeleniumLibrary">
<msg time="2025-07-30T10:54:45.836494" level="INFO">Typing text 'test' into text field '//textarea[contains(@class, 'mat-input-element')]'.</msg>
<arg>${3.2_โปรดระบุรายละเอียดของทรัพย์สิน}</arg>
<arg>${รายละเอียดทรัพย์สิน}</arg>
<doc>Types the given ``text`` into the text field identified by ``locator``.</doc>
<status status="PASS" start="2025-07-30T10:54:45.835976" elapsed="1.608517"/>
</kw>
<kw name="Input Text" owner="SeleniumLibrary">
<msg time="2025-07-30T10:54:47.444493" level="INFO">Typing text '3000000' into text field '//input[@name='assetAmount']'.</msg>
<arg>${3.3_มูลค่าทรัพย์สินที่ทำธุรกรรมทั้งสิ้น}</arg>
<arg>${มูลค่าทรัพย์สินที่ทำธุรกรรมทั้งสิ้น}</arg>
<doc>Types the given ``text`` into the text field identified by ``locator``.</doc>
<status status="PASS" start="2025-07-30T10:54:47.444493" elapsed="1.603534"/>
</kw>
<kw name="Input Text" owner="SeleniumLibrary">
<msg time="2025-07-30T10:54:49.048027" level="INFO">Typing text '0129304304056' into text field '//input[@name="accountNo"]'.</msg>
<arg>${3.4_บัญชีที่ทำธุรกรรม_เลขที่บัญชีที่ทำธุรกรรม}</arg>
<arg>${เลขที่บัญชีที่ทำธุรกรรม}</arg>
<doc>Types the given ``text`` into the text field identified by ``locator``.</doc>
<status status="PASS" start="2025-07-30T10:54:49.048027" elapsed="1.631361"/>
</kw>
<kw name="Input Text" owner="SeleniumLibrary">
<msg time="2025-07-30T10:54:50.680494" level="INFO">Typing text 'สวยสุด' into text field '//input[@ng-reflect-name='accountName']'.</msg>
<arg>${3.4_บัญชีที่ทำธุรกรรม_ชื่อบัญชี}</arg>
<arg>${ัญชีที่ทำธุรกรรม_ชื่อบัญชี}</arg>
<doc>Types the given ``text`` into the text field identified by ``locator``.</doc>
<status status="PASS" start="2025-07-30T10:54:50.680494" elapsed="1.627758"/>
</kw>
<status status="PASS" start="2025-07-30T10:54:41.048857" elapsed="11.259395"/>
</kw>
<kw name="ส่วนที่ 3 3.4บุคคลธรรมดา" owner="keywords_Testcase_1-02">
<kw name="Click Element" owner="SeleniumLibrary">
<msg time="2025-07-30T10:54:52.309149" level="INFO">Clicking element '(//mat-radio-button[@value='1'])[3]'.</msg>
<arg>${3.4_บัญชีที่ทำธุรกรรม_ชื่อเจ้าของบัญชี_บุคคลธรรมดา}</arg>
<doc>Click the element identified by ``locator``.</doc>
<status status="PASS" start="2025-07-30T10:54:52.309149" elapsed="1.061312"/>
</kw>
<kw name="Click Element" owner="SeleniumLibrary">
<msg time="2025-07-30T10:54:53.370461" level="INFO">Clicking element 'xpath=//mat-select[@name='accountHolderPrefix']'.</msg>
<arg>${3.4_บัญชีที่ทำธุรกรรม_คำนำหน้าชื่อ}</arg>
<doc>Click the element identified by ``locator``.</doc>
<status status="PASS" start="2025-07-30T10:54:53.370461" elapsed="1.090228"/>
</kw>
<kw name="Click Element" owner="SeleniumLibrary">
<msg time="2025-07-30T10:54:54.460689" level="INFO">Clicking element 'xpath=//mat-option[@ng-reflect-value='นาย']'.</msg>
<arg>${3.4_บัญชีที่ทำธุรกรรม_คำนำหน้าชื่อ_เลือก}</arg>
<doc>Click the element identified by ``locator``.</doc>
<status status="PASS" start="2025-07-30T10:54:54.460689" elapsed="1.092044"/>
</kw>
<kw name="Input Text" owner="SeleniumLibrary">
<msg time="2025-07-30T10:54:55.553812" level="INFO">Typing text 'หล่อ' into text field '(//input[@name='accountHolderFirst'])[1]'.</msg>
<arg>${3.4_บัญชีที่ทำธุรกรรม_คำนำหน้าชื่อ_ชื่อ}</arg>
<arg>${ชื่อ3.4}</arg>
<doc>Types the given ``text`` into the text field identified by ``locator``.</doc>
<status status="PASS" start="2025-07-30T10:54:55.552733" elapsed="1.631417"/>
</kw>
<kw name="Input Text" owner="SeleniumLibrary">
<msg time="2025-07-30T10:54:57.184150" level="INFO">Typing text 'มากมาก' into text field '(//input[@name='accountHolderLast'])[1]'.</msg>
<arg>${3.4_บัญชีที่ทำธุรกรรม_คำนำหน้าชื่อ_นามสกุล}</arg>
<arg>${นามสกุล3.4}</arg>
<doc>Types the given ``text`` into the text field identified by ``locator``.</doc>
<status status="PASS" start="2025-07-30T10:54:57.184150" elapsed="1.628087"/>
</kw>
<status status="PASS" start="2025-07-30T10:54:52.309149" elapsed="6.503088"/>
</kw>
<kw name="ส่วนที่ 3 3.7รัตถุประสงค์ของการทำธุรกรรม" owner="keywords_Testcase_1-02">
<kw name="Click Element" owner="SeleniumLibrary">
<msg time="2025-07-30T10:54:58.812237" level="INFO">Clicking element 'xpath=//mat-select[@name='objectiveType']'.</msg>
<arg>${3.7วัตถุประสงค์ของการทำธุรกรรม}</arg>
<doc>Click the element identified by ``locator``.</doc>
<status status="PASS" start="2025-07-30T10:54:58.812237" elapsed="1.068877"/>
</kw>
<kw name="Click Element" owner="SeleniumLibrary">
<msg time="2025-07-30T10:54:59.881114" level="INFO">Clicking element '//mat-option[.//span[contains(text(), 'ฝากเงินเพื่อรับดอกเบี้ย')]]'.</msg>
<arg>${3.7วัตถุประสงค์ของการทำธุรกรรม_เลือก}</arg>
<doc>Click the element identified by ``locator``.</doc>
<status status="PASS" start="2025-07-30T10:54:59.881114" elapsed="1.068421"/>
</kw>
<status status="PASS" start="2025-07-30T10:54:58.812237" elapsed="2.137298"/>
</kw>
<kw name="ส่วนที่ 3 บันทึกข้อมูล" owner="keywords_Testcase_1-02">
<kw name="เก็บรหัสCIF" owner="AMLO Variables">
<kw name="Wait Until Element Is Visible" owner="SeleniumLibrary">
<arg>${CIF_XPATH}</arg>
<arg>timeout=2s</arg>
<doc>Waits until the element ``locator`` is visible.</doc>
<status status="PASS" start="2025-07-30T10:55:00.953480" elapsed="1.019031"/>
</kw>
<kw name="Get Text" owner="SeleniumLibrary">
<msg time="2025-07-30T10:55:02.998204" level="INFO">${CIF} = MAN3217950679525</msg>
<var>${CIF}</var>
<arg>${CIF_XPATH}</arg>
<doc>Returns the text value of the element identified by ``locator``.</doc>
<status status="PASS" start="2025-07-30T10:55:01.972511" elapsed="1.025693"/>
</kw>
<kw name="Log To Console" owner="BuiltIn">
<arg>รหัสCIF ที่เก็บได้: ${CIF}</arg>
<doc>Logs the given message to the console.</doc>
<status status="PASS" start="2025-07-30T10:55:02.998204" elapsed="0.000000"/>
</kw>
<kw name="Set Suite Variable" owner="BuiltIn">
<msg time="2025-07-30T10:55:02.998204" level="INFO">${CIF} = MAN3217950679525</msg>
<arg>${CIF}</arg>
<arg>${CIF}</arg>
<doc>Makes a variable available everywhere within the scope of the current suite.</doc>
<status status="PASS" start="2025-07-30T10:55:02.998204" elapsed="0.000000"/>
</kw>
<return>
<value>${CIF}</value>
<status status="PASS" start="2025-07-30T10:55:02.998204" elapsed="0.000000"/>
</return>
<status status="PASS" start="2025-07-30T10:55:00.953122" elapsed="2.045082"/>
</kw>
<kw name="Click Element" owner="SeleniumLibrary">
<msg time="2025-07-30T10:55:02.998204" level="INFO">Clicking element 'xpath=//button[.//span[contains(text(), 'บันทึก')]]'.</msg>
<arg>${ส่วนที่1_บีนทึก}</arg>
<doc>Click the element identified by ``locator``.</doc>
<status status="PASS" start="2025-07-30T10:55:02.998204" elapsed="1.098274"/>
</kw>
<kw name="Run Keyword And Ignore Error" owner="BuiltIn">
<kw name="(ปุ่มตกลง)" owner="keywords_Testcase_1-02">
<kw name="Wait Until Element Is Enabled" owner="SeleniumLibrary">
<arg>${ส่วนที่1_ตกลง}</arg>
<arg>timeout=10s</arg>
<doc>Waits until the element ``locator`` is enabled.</doc>
<status status="PASS" start="2025-07-30T10:55:04.099971" elapsed="1.550818"/>
</kw>
<kw name="Wait Until Element Is Visible" owner="SeleniumLibrary">
<arg>${ส่วนที่1_ตกลง}</arg>
<arg>timeout=10s</arg>
<doc>Waits until the element ``locator`` is visible.</doc>
<status status="PASS" start="2025-07-30T10:55:05.651857" elapsed="1.034288"/>
</kw>
<kw name="Click Element" owner="SeleniumLibrary">
<msg time="2025-07-30T10:55:06.686145" level="INFO">Clicking element '//button[.//span[normalize-space()='ตกลง']]'.</msg>
<arg>${ส่วนที่1_ตกลง}</arg>
<doc>Click the element identified by ``locator``.</doc>
<status status="PASS" start="2025-07-30T10:55:06.686145" elapsed="1.091467"/>
</kw>
<status status="PASS" start="2025-07-30T10:55:04.099971" elapsed="3.677641"/>
</kw>
<arg>(ปุ่มตกลง)</arg>
<doc>Runs the given keyword with the given arguments and ignores possible error.</doc>
<status status="PASS" start="2025-07-30T10:55:04.096478" elapsed="3.681134"/>
</kw>
<status status="PASS" start="2025-07-30T10:55:00.952119" elapsed="6.825493"/>
</kw>
<kw name="ส่วนที่ 3 ขออนุมัติ" owner="keywords_Testcase_1-02">
<kw name="Click Element" owner="SeleniumLibrary">
<msg time="2025-07-30T10:55:07.780169" level="INFO">Clicking element '//button//span[contains(text(), 'ขออนุมัติ')]'.</msg>
<arg>${ขออนุมัติ}</arg>
<doc>Click the element identified by ``locator``.</doc>
<status status="PASS" start="2025-07-30T10:55:07.780169" elapsed="1.070881"/>
</kw>
<kw name="Wait Until Element Is Visible" owner="SeleniumLibrary">
<arg>${ส่วนที่3_ยืนยัน}</arg>
<doc>Waits until the element ``locator`` is visible.</doc>
<status status="PASS" start="2025-07-30T10:55:08.851050" elapsed="1.035126"/>
</kw>
<kw name="Click Element" owner="SeleniumLibrary">
<msg time="2025-07-30T10:55:09.887027" level="INFO">Clicking element '//button//span[contains(text(), 'ยืนยัน')]'.</msg>
<arg>${ส่วนที่3_ยืนยัน}</arg>
<doc>Click the element identified by ``locator``.</doc>
<status status="PASS" start="2025-07-30T10:55:09.887027" elapsed="1.079756"/>
</kw>
<kw name="Run Keyword And Ignore Error" owner="BuiltIn">
<kw name="(ปุ่มตกลง)" owner="keywords_Testcase_1-02">
<kw name="Wait Until Element Is Enabled" owner="SeleniumLibrary">
<arg>${ส่วนที่1_ตกลง}</arg>
<arg>timeout=10s</arg>
<doc>Waits until the element ``locator`` is enabled.</doc>
<status status="PASS" start="2025-07-30T10:55:10.968810" elapsed="1.554241"/>
</kw>
<kw name="Wait Until Element Is Visible" owner="SeleniumLibrary">
<arg>${ส่วนที่1_ตกลง}</arg>
<arg>timeout=10s</arg>
<doc>Waits until the element ``locator`` is visible.</doc>
<status status="PASS" start="2025-07-30T10:55:12.523051" elapsed="1.029178"/>
</kw>
<kw name="Click Element" owner="SeleniumLibrary">
<msg time="2025-07-30T10:55:13.552229" level="INFO">Clicking element '//button[.//span[normalize-space()='ตกลง']]'.</msg>
<arg>${ส่วนที่1_ตกลง}</arg>
<doc>Click the element identified by ``locator``.</doc>
<status status="PASS" start="2025-07-30T10:55:13.552229" elapsed="1.091478"/>
</kw>
<status status="PASS" start="2025-07-30T10:55:10.968810" elapsed="3.674897"/>
</kw>
<arg>(ปุ่มตกลง)</arg>
<doc>Runs the given keyword with the given arguments and ignores possible error.</doc>
<status status="PASS" start="2025-07-30T10:55:10.968810" elapsed="3.674897"/>
</kw>
<status status="PASS" start="2025-07-30T10:55:07.780169" elapsed="6.863538"/>
</kw>
<doc>ระบุข้อมูลในส่วนที่ 1 ส่วนที่ 2 และส่วนที่ 3</doc>
<status status="PASS" start="2025-07-30T10:54:05.621584" elapsed="69.022123"/>
</test>
<test id="s1-t6" name="6.เปลี่ยนUserอนุมัติข้อมูลระดับผู้จัดการ" line="79">
<kw name="ออกจากระบบ" owner="main_keywords">
<kw name="Click Element" owner="SeleniumLibrary">
<msg time="2025-07-30T10:55:14.643707" level="INFO">Clicking element '//button//span[contains(text(), 'ออกจากระบบ')]'.</msg>
<arg>${ปุ่มออกจากระบบ}</arg>
<doc>Click the element identified by ``locator``.</doc>
<status status="PASS" start="2025-07-30T10:55:14.643707" elapsed="1.081257"/>
</kw>
<status status="PASS" start="2025-07-30T10:55:14.643707" elapsed="1.081257"/>
</kw>
<kw name="เข้าด้วยUserระดับหัวหน้างาน" owner="main_keywords">
<kw name="Wait Until Element Is Visible" owner="SeleniumLibrary">
<arg>xpath=//input[contains(@class, 'inputLogin')]</arg>
<doc>Waits until the element ``locator`` is visible.</doc>
<status status="PASS" start="2025-07-30T10:55:15.726152" elapsed="1.044957"/>
</kw>
<kw name="Input Text" owner="SeleniumLibrary">
<msg time="2025-07-30T10:55:16.771918" level="INFO">Typing text '490234' into text field 'xpath=//input[contains(@class, 'inputLogin')]'.</msg>
<arg>xpath=//input[contains(@class, 'inputLogin')]</arg>
<arg>${ID:หัวหน้างาน}</arg>
<doc>Types the given ``text`` into the text field identified by ``locator``.</doc>
<status status="PASS" start="2025-07-30T10:55:16.771918" elapsed="1.612434"/>
</kw>
<kw name="Input Password" owner="SeleniumLibrary">
<msg time="2025-07-30T10:55:18.384352" level="INFO">Typing password into text field 'xpath=//input[contains(@class, 'inputLogin') and @type='password']'.</msg>
<msg time="2025-07-30T10:55:19.434349" level="INFO">Temporally setting log level to: NONE</msg>
<arg>xpath=//input[contains(@class, 'inputLogin') and @type='password']</arg>
<arg>${password:หัวหน้างาน}</arg>
<doc>Types the given password into the text field identified by ``locator``.</doc>
<status status="PASS" start="2025-07-30T10:55:18.384352" elapsed="1.595820"/>
</kw>
<kw name="Click Element" owner="SeleniumLibrary">
<msg time="2025-07-30T10:55:19.980172" level="INFO">Clicking element '//button[contains(@class, 'mat-raised-button')]'.</msg>
<arg>//button[contains(@class, 'mat-raised-button')]</arg>
<doc>Click the element identified by ``locator``.</doc>
<status status="PASS" start="2025-07-30T10:55:19.980172" elapsed="1.104381"/>
</kw>
<kw name="Run Keyword And Ignore Error" owner="BuiltIn">
<kw name="ยืนยันการเข้าระบบ" owner="main_keywords">
<kw name="Wait Until Element Is Visible" owner="SeleniumLibrary">
<msg time="2025-07-30T10:55:26.727157" level="INFO" html="true">&lt;/td&gt;&lt;/tr&gt;&lt;tr&gt;&lt;td colspan="3"&gt;&lt;a href="selenium-screenshot-3.png"&gt;&lt;img src="selenium-screenshot-3.png" width="800px"&gt;&lt;/a&gt;</msg>
<msg time="2025-07-30T10:55:26.727157" level="FAIL">Element '//button[contains(@class, 'mat-raised-button')]//i[contains(@class, 'fa-check')]' not visible after 5 seconds.</msg>
<arg>//button[contains(@class, 'mat-raised-button')]//i[contains(@class, 'fa-check')]</arg>
<doc>Waits until the element ``locator`` is visible.</doc>
<status status="FAIL" start="2025-07-30T10:55:21.085567" elapsed="5.641590">Element '//button[contains(@class, 'mat-raised-button')]//i[contains(@class, 'fa-check')]' not visible after 5 seconds.</status>
</kw>
<kw name="Click Element" owner="SeleniumLibrary">
<arg>//button[contains(@class, 'mat-raised-button')]//i[contains(@class, 'fa-check')]</arg>
<doc>Click the element identified by ``locator``.</doc>
<status status="NOT RUN" start="2025-07-30T10:55:26.727157" elapsed="0.000000"/>
</kw>
<status status="FAIL" start="2025-07-30T10:55:21.085567" elapsed="5.641590">Element '//button[contains(@class, 'mat-raised-button')]//i[contains(@class, 'fa-check')]' not visible after 5 seconds.</status>
</kw>
<arg>ยืนยันการเข้าระบบ</arg>
<doc>Runs the given keyword with the given arguments and ignores possible error.</doc>
<status status="PASS" start="2025-07-30T10:55:21.084553" elapsed="5.642604"/>
</kw>
<kw name="Run Keyword And Ignore Error" owner="BuiltIn">
<kw name="ยืนยันการข้าม Pop-up" owner="main_keywords">
<kw name="Wait Until Element Is Visible" owner="SeleniumLibrary">
<msg time="2025-07-30T10:55:32.432864" level="INFO" html="true">&lt;/td&gt;&lt;/tr&gt;&lt;tr&gt;&lt;td colspan="3"&gt;&lt;a href="selenium-screenshot-4.png"&gt;&lt;img src="selenium-screenshot-4.png" width="800px"&gt;&lt;/a&gt;</msg>
<msg time="2025-07-30T10:55:32.432864" level="FAIL">Element 'xpath=//button[.//span[normalize-space(text())='Close']]' not visible after 5 seconds.</msg>
<arg>xpath=//button[.//span[normalize-space(text())='Close']]</arg>
<arg>timeout=5s</arg>
<doc>Waits until the element ``locator`` is visible.</doc>
<status status="FAIL" start="2025-07-30T10:55:26.727157" elapsed="5.705707">Element 'xpath=//button[.//span[normalize-space(text())='Close']]' not visible after 5 seconds.</status>
</kw>
<kw name="Click Element" owner="SeleniumLibrary">
<arg>xpath=//button[.//span[normalize-space(text())='Close']]</arg>
<doc>Click the element identified by ``locator``.</doc>
<status status="NOT RUN" start="2025-07-30T10:55:32.432864" elapsed="0.000000"/>
</kw>
<status status="FAIL" start="2025-07-30T10:55:26.727157" elapsed="5.705707">Element 'xpath=//button[.//span[normalize-space(text())='Close']]' not visible after 5 seconds.</status>
</kw>
<arg>ยืนยันการข้าม Pop-up</arg>
<doc>Runs the given keyword with the given arguments and ignores possible error.</doc>
<status status="PASS" start="2025-07-30T10:55:26.727157" elapsed="5.705707"/>
</kw>
<status status="PASS" start="2025-07-30T10:55:15.726152" elapsed="16.706712"/>
</kw>
<kw name="เลือกเมนูView Alert รายงาน ปปง. 1-01, 1-02, 1-03, 1-05-9" owner="AMLO Variables">
<kw name="Wait Until Element Is Visible" owner="SeleniumLibrary">
<arg>${View Alert รายงาน ปปง. 1-01, 1-02, 1-03, 1-05-9}</arg>
<doc>Waits until the element ``locator`` is visible.</doc>
<status status="PASS" start="2025-07-30T10:55:32.432864" elapsed="1.031918"/>
</kw>
<kw name="Click Element" owner="SeleniumLibrary">
<msg time="2025-07-30T10:55:33.464782" level="INFO">Clicking element '//a[contains(normalize-space(), 'View Alert รายงาน ปปง. 1-01')]'.</msg>
<arg>${View Alert รายงาน ปปง. 1-01, 1-02, 1-03, 1-05-9}</arg>
<doc>Click the element identified by ``locator``.</doc>
<status status="PASS" start="2025-07-30T10:55:33.464782" elapsed="1.131513"/>
</kw>
<status status="PASS" start="2025-07-30T10:55:32.432864" elapsed="2.163431"/>
</kw>
<kw name="ค้นหารายงานด้วย CIF" owner="keywordการค้นหา">
<kw name="Input Text" owner="SeleniumLibrary">
<msg time="2025-07-30T10:55:34.596295" level="INFO">Typing text 'MAN3217950679525' into text field '//input[@ng-reflect-name="cifNo"]'.</msg>
<arg>${ค้นหาCIF}</arg>
<arg>${CIF}</arg>
<doc>Types the given ``text`` into the text field identified by ``locator``.</doc>
<status status="PASS" start="2025-07-30T10:55:34.596295" elapsed="1.628445"/>
</kw>
<kw name="Sleep" owner="BuiltIn">
<msg time="2025-07-30T10:55:37.230505" level="INFO">Slept 1 second.</msg>
<arg>1s</arg>
<doc>Pauses the test executed for the given time.</doc>
<status status="PASS" start="2025-07-30T10:55:36.224740" elapsed="1.005765"/>
</kw>
<kw name="Wait Until Element Is Visible" owner="SeleniumLibrary">
<arg>${ปุ่มค้นหา}</arg>
<arg>5s</arg>
<doc>Waits until the element ``locator`` is visible.</doc>
<status status="PASS" start="2025-07-30T10:55:37.230505" elapsed="1.026809"/>
</kw>
<kw name="Click Element" owner="SeleniumLibrary">
<msg time="2025-07-30T10:55:38.258853" level="INFO">Clicking element '//button[.//span[contains(text(), 'ค้นหา')]]'.</msg>
<arg>${ปุ่มค้นหา}</arg>
<doc>Click the element identified by ``locator``.</doc>
<status status="PASS" start="2025-07-30T10:55:38.257837" elapsed="1.089166"/>
</kw>
<kw name="Sleep" owner="BuiltIn">
<msg time="2025-07-30T10:55:40.356242" level="INFO">Slept 1 second.</msg>
<arg>1s</arg>
<doc>Pauses the test executed for the given time.</doc>
<status status="PASS" start="2025-07-30T10:55:39.347855" elapsed="1.008387"/>
</kw>
<kw name="Capture Page Screenshot" owner="SeleniumLibrary">
<msg time="2025-07-30T10:55:40.982588" level="INFO" html="true">&lt;/td&gt;&lt;/tr&gt;&lt;tr&gt;&lt;td colspan="3"&gt;&lt;a href="selenium-screenshot-5.png"&gt;&lt;img src="selenium-screenshot-5.png" width="800px"&gt;&lt;/a&gt;</msg>
<doc>Takes a screenshot of the current page and embeds it into a log file.</doc>
<status status="PASS" start="2025-07-30T10:55:40.357346" elapsed="0.625242"/>
</kw>
<status status="PASS" start="2025-07-30T10:55:34.596295" elapsed="6.386293"/>
</kw>
<kw name="เลือกอนุมัติรายการ" owner="keywordการค้นหา">
<kw name="Wait Until Element Is Visible" owner="SeleniumLibrary">
<arg>${ปุ่มApprove}</arg>
<doc>Waits until the element ``locator`` is visible.</doc>
<status status="PASS" start="2025-07-30T10:55:40.982588" elapsed="1.028096"/>
</kw>
<kw name="Click Element" owner="SeleniumLibrary">
<msg time="2025-07-30T10:55:42.011533" level="INFO">Clicking element '//button[.//span[contains(text(), 'Approve')]]'.</msg>
<arg>${ปุ่มApprove}</arg>
<doc>Click the element identified by ``locator``.</doc>
<status status="PASS" start="2025-07-30T10:55:42.011533" elapsed="1.127950"/>
</kw>
<kw name="Wait Until Element Is Visible" owner="SeleniumLibrary">
<arg>${ปุ่มอนุมัติ}</arg>
<doc>Waits until the element ``locator`` is visible.</doc>
<status status="PASS" start="2025-07-30T10:55:43.139483" elapsed="1.021585"/>
</kw>
<kw name="Click Element" owner="SeleniumLibrary">
<msg time="2025-07-30T10:55:44.161068" level="INFO">Clicking element '//button[.//mat-icon[text()='assignment_turned_in'] and .//span[normalize-space()='อนุมัติ']]'.</msg>
<arg>${ปุ่มอนุมัติ}</arg>
<doc>Click the element identified by ``locator``.</doc>
<status status="PASS" start="2025-07-30T10:55:44.161068" elapsed="1.079119"/>
</kw>
<kw name="Click Element" owner="SeleniumLibrary">
<msg time="2025-07-30T10:55:45.240187" level="INFO">Clicking element '//button[.//span[normalize-space()='ยืนยัน']]'.</msg>
<arg>${ปุ่มยืนยัน_xpath}</arg>
<doc>Click the element identified by ``locator``.</doc>
<status status="PASS" start="2025-07-30T10:55:45.240187" elapsed="1.072233"/>
</kw>
<kw name="Run Keyword And Ignore Error" owner="BuiltIn">
<kw name="กดปุ่มตกลง" owner="keywordการค้นหา">
<kw name="Wait Until Element Is Enabled" owner="SeleniumLibrary">
<arg>${ปุ่มตกลง_xpath}</arg>
<arg>timeout=10s</arg>
<doc>Waits until the element ``locator`` is enabled.</doc>
<status status="PASS" start="2025-07-30T10:55:46.314025" elapsed="1.556881"/>
</kw>
<kw name="Wait Until Element Is Visible" owner="SeleniumLibrary">
<arg>${ปุ่มตกลง_xpath}</arg>
<arg>timeout=10s</arg>
<doc>Waits until the element ``locator`` is visible.</doc>
<status status="PASS" start="2025-07-30T10:55:47.872050" elapsed="1.028562"/>
</kw>
<kw name="Click Element" owner="SeleniumLibrary">
<msg time="2025-07-30T10:55:48.900612" level="INFO">Clicking element '//button[.//span[normalize-space()='ตกลง']]'.</msg>
<arg>${ปุ่มตกลง_xpath}</arg>
<doc>Click the element identified by ``locator``.</doc>
<status status="PASS" start="2025-07-30T10:55:48.900612" elapsed="1.072548"/>
</kw>
<status status="PASS" start="2025-07-30T10:55:46.314025" elapsed="3.659135"/>
</kw>
<arg>กดปุ่มตกลง</arg>
<doc>Runs the given keyword with the given arguments and ignores possible error.</doc>
<status status="PASS" start="2025-07-30T10:55:46.314025" elapsed="3.659135"/>
</kw>
<kw name="Run Keyword And Ignore Error" owner="BuiltIn">
<kw name="กดปุ่มตกลง" owner="keywordการค้นหา">
<kw name="Wait Until Element Is Enabled" owner="SeleniumLibrary">
<msg time="2025-07-30T10:56:00.633390" level="INFO" html="true">&lt;/td&gt;&lt;/tr&gt;&lt;tr&gt;&lt;td colspan="3"&gt;&lt;a href="selenium-screenshot-6.png"&gt;&lt;img src="selenium-screenshot-6.png" width="800px"&gt;&lt;/a&gt;</msg>
<msg time="2025-07-30T10:56:00.633390" level="FAIL">Element with locator '//button[.//span[normalize-space()='ตกลง']]' not found.</msg>
<arg>${ปุ่มตกลง_xpath}</arg>
<arg>timeout=10s</arg>
<doc>Waits until the element ``locator`` is enabled.</doc>
<status status="FAIL" start="2025-07-30T10:55:49.973160" elapsed="10.660230">Element with locator '//button[.//span[normalize-space()='ตกลง']]' not found.</status>
</kw>
<kw name="Wait Until Element Is Visible" owner="SeleniumLibrary">
<arg>${ปุ่มตกลง_xpath}</arg>
<arg>timeout=10s</arg>
<doc>Waits until the element ``locator`` is visible.</doc>
<status status="NOT RUN" start="2025-07-30T10:56:00.633390" elapsed="0.000000"/>
</kw>
<kw name="Click Element" owner="SeleniumLibrary">
<arg>${ปุ่มตกลง_xpath}</arg>
<doc>Click the element identified by ``locator``.</doc>
<status status="NOT RUN" start="2025-07-30T10:56:00.633390" elapsed="0.000000"/>
</kw>
<status status="FAIL" start="2025-07-30T10:55:49.973160" elapsed="10.660230">Element with locator '//button[.//span[normalize-space()='ตกลง']]' not found.</status>
</kw>
<arg>กดปุ่มตกลง</arg>
<doc>Runs the given keyword with the given arguments and ignores possible error.</doc>
<status status="PASS" start="2025-07-30T10:55:49.973160" elapsed="10.660230"/>
</kw>
<status status="PASS" start="2025-07-30T10:55:40.982588" elapsed="19.650802"/>
</kw>
<doc>เข้าUser ระดับผู้จัดการอนุมัติข้อมูล</doc>
<status status="PASS" start="2025-07-30T10:55:14.643707" elapsed="46.004693"/>
</test>
<test id="s1-t7" name="ึ7.เปลี่ยนUserอนุมัติข้อมูลระดับฝ่ายกำกับพนักงาน" line="87">
<kw name="ออกจากระบบ" owner="main_keywords">
<kw name="Click Element" owner="SeleniumLibrary">
<msg time="2025-07-30T10:56:00.648400" level="INFO">Clicking element '//button//span[contains(text(), 'ออกจากระบบ')]'.</msg>
<arg>${ปุ่มออกจากระบบ}</arg>
<doc>Click the element identified by ``locator``.</doc>
<status status="PASS" start="2025-07-30T10:56:00.648400" elapsed="1.099118"/>
</kw>
<status status="PASS" start="2025-07-30T10:56:00.648400" elapsed="1.099118"/>
</kw>
<kw name="เข้าด้วยUserระดับฝ่ายกำกับพนักงาน" owner="main_keywords">
<kw name="Wait Until Element Is Visible" owner="SeleniumLibrary">
<arg>xpath=//input[contains(@class, 'inputLogin')]</arg>
<doc>Waits until the element ``locator`` is visible.</doc>
<status status="PASS" start="2025-07-30T10:56:01.747518" elapsed="1.043779"/>
</kw>
<kw name="Input Text" owner="SeleniumLibrary">
<msg time="2025-07-30T10:56:02.791297" level="INFO">Typing text '490183' into text field 'xpath=//input[contains(@class, 'inputLogin')]'.</msg>
<arg>xpath=//input[contains(@class, 'inputLogin')]</arg>
<arg>${ID:ฝ่ายกำกับพนักงาน}</arg>
<doc>Types the given ``text`` into the text field identified by ``locator``.</doc>
<status status="PASS" start="2025-07-30T10:56:02.791297" elapsed="1.592611"/>
</kw>
<kw name="Input Password" owner="SeleniumLibrary">
<msg time="2025-07-30T10:56:04.383908" level="INFO">Typing password into text field 'xpath=//input[contains(@class, 'inputLogin') and @type='password']'.</msg>
<msg time="2025-07-30T10:56:05.430651" level="INFO">Temporally setting log level to: NONE</msg>
<arg>xpath=//input[contains(@class, 'inputLogin') and @type='password']</arg>
<arg>${password:ฝ่ายกำกับพนักงาน}</arg>
<doc>Types the given password into the text field identified by ``locator``.</doc>
<status status="PASS" start="2025-07-30T10:56:04.383908" elapsed="1.611262"/>
</kw>
<kw name="Click Element" owner="SeleniumLibrary">
<msg time="2025-07-30T10:56:05.995170" level="INFO">Clicking element '//button[contains(@class, 'mat-raised-button')]'.</msg>
<arg>//button[contains(@class, 'mat-raised-button')]</arg>
<doc>Click the element identified by ``locator``.</doc>
<status status="PASS" start="2025-07-30T10:56:05.995170" elapsed="1.071338"/>
</kw>
<kw name="Run Keyword And Ignore Error" owner="BuiltIn">
<kw name="ยืนยันการเข้าระบบ" owner="main_keywords">
<kw name="Wait Until Element Is Visible" owner="SeleniumLibrary">
<msg time="2025-07-30T10:56:13.399453" level="INFO" html="true">&lt;/td&gt;&lt;/tr&gt;&lt;tr&gt;&lt;td colspan="3"&gt;&lt;a href="selenium-screenshot-7.png"&gt;&lt;img src="selenium-screenshot-7.png" width="800px"&gt;&lt;/a&gt;</msg>
<msg time="2025-07-30T10:56:13.399453" level="FAIL">Element '//button[contains(@class, 'mat-raised-button')]//i[contains(@class, 'fa-check')]' not visible after 5 seconds.</msg>
<arg>//button[contains(@class, 'mat-raised-button')]//i[contains(@class, 'fa-check')]</arg>
<doc>Waits until the element ``locator`` is visible.</doc>
<status status="FAIL" start="2025-07-30T10:56:07.066508" elapsed="6.332945">Element '//button[contains(@class, 'mat-raised-button')]//i[contains(@class, 'fa-check')]' not visible after 5 seconds.</status>
</kw>
<kw name="Click Element" owner="SeleniumLibrary">
<arg>//button[contains(@class, 'mat-raised-button')]//i[contains(@class, 'fa-check')]</arg>
<doc>Click the element identified by ``locator``.</doc>
<status status="NOT RUN" start="2025-07-30T10:56:13.399453" elapsed="0.000000"/>
</kw>
<status status="FAIL" start="2025-07-30T10:56:07.066508" elapsed="6.332945">Element '//button[contains(@class, 'mat-raised-button')]//i[contains(@class, 'fa-check')]' not visible after 5 seconds.</status>
</kw>
<arg>ยืนยันการเข้าระบบ</arg>
<doc>Runs the given keyword with the given arguments and ignores possible error.</doc>
<status status="PASS" start="2025-07-30T10:56:07.066508" elapsed="6.332945"/>
</kw>
<kw name="Run Keyword And Ignore Error" owner="BuiltIn">
<kw name="ยืนยันการข้าม Pop-up" owner="main_keywords">
<kw name="Wait Until Element Is Visible" owner="SeleniumLibrary">
<msg time="2025-07-30T10:56:19.061146" level="INFO" html="true">&lt;/td&gt;&lt;/tr&gt;&lt;tr&gt;&lt;td colspan="3"&gt;&lt;a href="selenium-screenshot-8.png"&gt;&lt;img src="selenium-screenshot-8.png" width="800px"&gt;&lt;/a&gt;</msg>
<msg time="2025-07-30T10:56:19.061146" level="FAIL">Element 'xpath=//button[.//span[normalize-space(text())='Close']]' not visible after 5 seconds.</msg>
<arg>xpath=//button[.//span[normalize-space(text())='Close']]</arg>
<arg>timeout=5s</arg>
<doc>Waits until the element ``locator`` is visible.</doc>
<status status="FAIL" start="2025-07-30T10:56:13.403965" elapsed="5.657181">Element 'xpath=//button[.//span[normalize-space(text())='Close']]' not visible after 5 seconds.</status>
</kw>
<kw name="Click Element" owner="SeleniumLibrary">
<arg>xpath=//button[.//span[normalize-space(text())='Close']]</arg>
<doc>Click the element identified by ``locator``.</doc>
<status status="NOT RUN" start="2025-07-30T10:56:19.061146" elapsed="0.000000"/>
</kw>
<status status="FAIL" start="2025-07-30T10:56:13.399453" elapsed="5.661693">Element 'xpath=//button[.//span[normalize-space(text())='Close']]' not visible after 5 seconds.</status>
</kw>
<arg>ยืนยันการข้าม Pop-up</arg>
<doc>Runs the given keyword with the given arguments and ignores possible error.</doc>
<status status="PASS" start="2025-07-30T10:56:13.399453" elapsed="5.661693"/>
</kw>
<status status="PASS" start="2025-07-30T10:56:01.747518" elapsed="17.313628"/>
</kw>
<kw name="เลือกเมนูView Alert รายงาน ปปง. 1-01, 1-02, 1-03, 1-05-9" owner="AMLO Variables">
<kw name="Wait Until Element Is Visible" owner="SeleniumLibrary">
<arg>${View Alert รายงาน ปปง. 1-01, 1-02, 1-03, 1-05-9}</arg>
<doc>Waits until the element ``locator`` is visible.</doc>
<status status="PASS" start="2025-07-30T10:56:19.066157" elapsed="1.038056"/>
</kw>
<kw name="Click Element" owner="SeleniumLibrary">
<msg time="2025-07-30T10:56:20.105246" level="INFO">Clicking element '//a[contains(normalize-space(), 'View Alert รายงาน ปปง. 1-01')]'.</msg>
<arg>${View Alert รายงาน ปปง. 1-01, 1-02, 1-03, 1-05-9}</arg>
<doc>Click the element identified by ``locator``.</doc>
<status status="PASS" start="2025-07-30T10:56:20.105246" elapsed="1.134254"/>
</kw>
<status status="PASS" start="2025-07-30T10:56:19.066157" elapsed="2.174220"/>
</kw>
<kw name="ค้นหารายงานด้วย CIF" owner="keywordการค้นหา">
<kw name="Input Text" owner="SeleniumLibrary">
<msg time="2025-07-30T10:56:21.240377" level="INFO">Typing text 'MAN3217950679525' into text field '//input[@ng-reflect-name="cifNo"]'.</msg>
<arg>${ค้นหาCIF}</arg>
<arg>${CIF}</arg>
<doc>Types the given ``text`` into the text field identified by ``locator``.</doc>
<status status="PASS" start="2025-07-30T10:56:21.240377" elapsed="1.617035"/>
</kw>
<kw name="Sleep" owner="BuiltIn">
<msg time="2025-07-30T10:56:23.871049" level="INFO">Slept 1 second.</msg>
<arg>1s</arg>
<doc>Pauses the test executed for the given time.</doc>
<status status="PASS" start="2025-07-30T10:56:22.858541" elapsed="1.012508"/>
</kw>
<kw name="Wait Until Element Is Visible" owner="SeleniumLibrary">
<arg>${ปุ่มค้นหา}</arg>
<arg>5s</arg>
<doc>Waits until the element ``locator`` is visible.</doc>
<status status="PASS" start="2025-07-30T10:56:23.871049" elapsed="1.022762"/>
</kw>
<kw name="Click Element" owner="SeleniumLibrary">
<msg time="2025-07-30T10:56:24.893811" level="INFO">Clicking element '//button[.//span[contains(text(), 'ค้นหา')]]'.</msg>
<arg>${ปุ่มค้นหา}</arg>
<doc>Click the element identified by ``locator``.</doc>
<status status="PASS" start="2025-07-30T10:56:24.893811" elapsed="1.065721"/>
</kw>
<kw name="Sleep" owner="BuiltIn">
<msg time="2025-07-30T10:56:26.965029" level="INFO">Slept 1 second.</msg>
<arg>1s</arg>
<doc>Pauses the test executed for the given time.</doc>
<status status="PASS" start="2025-07-30T10:56:25.959532" elapsed="1.005497"/>
</kw>
<kw name="Capture Page Screenshot" owner="SeleniumLibrary">
<msg time="2025-07-30T10:56:27.593869" level="INFO" html="true">&lt;/td&gt;&lt;/tr&gt;&lt;tr&gt;&lt;td colspan="3"&gt;&lt;a href="selenium-screenshot-9.png"&gt;&lt;img src="selenium-screenshot-9.png" width="800px"&gt;&lt;/a&gt;</msg>
<doc>Takes a screenshot of the current page and embeds it into a log file.</doc>
<status status="PASS" start="2025-07-30T10:56:26.965029" elapsed="0.628840"/>
</kw>
<status status="PASS" start="2025-07-30T10:56:21.240377" elapsed="6.353492"/>
</kw>
<kw name="เลือกส่งขออนุมัติ" owner="keywordการค้นหา">
<kw name="Wait Until Element Is Visible" owner="SeleniumLibrary">
<arg>${ปุ่มApprove}</arg>
<doc>Waits until the element ``locator`` is visible.</doc>
<status status="PASS" start="2025-07-30T10:56:27.593869" elapsed="1.022269"/>
</kw>
<kw name="Click Element" owner="SeleniumLibrary">
<msg time="2025-07-30T10:56:28.616138" level="INFO">Clicking element '//button[.//span[contains(text(), 'Approve')]]'.</msg>
<arg>${ปุ่มApprove}</arg>
<doc>Click the element identified by ``locator``.</doc>
<status status="PASS" start="2025-07-30T10:56:28.616138" elapsed="1.100555"/>
</kw>
<kw name="Wait Until Element Is Visible" owner="SeleniumLibrary">
<arg>${ส่งขออนุมัติ}</arg>
<doc>Waits until the element ``locator`` is visible.</doc>
<status status="PASS" start="2025-07-30T10:56:29.717734" elapsed="1.011542"/>
</kw>
<kw name="Click Element" owner="SeleniumLibrary">
<msg time="2025-07-30T10:56:30.729276" level="INFO">Clicking element '//button[.//mat-icon[text()='assignment_turned_in'] and .//span[normalize-space()='ส่งขออนุมัติ']]'.</msg>
<arg>${ส่งขออนุมัติ}</arg>
<doc>Click the element identified by ``locator``.</doc>
<status status="PASS" start="2025-07-30T10:56:30.729276" elapsed="1.080541"/>
</kw>
<kw name="Click Element" owner="SeleniumLibrary">
<msg time="2025-07-30T10:56:31.810728" level="INFO">Clicking element '//button[.//span[normalize-space()='ยืนยัน']]'.</msg>
<arg>${ปุ่มยืนยัน_xpath}</arg>
<doc>Click the element identified by ``locator``.</doc>
<status status="PASS" start="2025-07-30T10:56:31.810728" elapsed="1.080340"/>
</kw>
<kw name="Run Keyword And Ignore Error" owner="BuiltIn">
<kw name="กดปุ่มตกลง" owner="keywordการค้นหา">
<kw name="Wait Until Element Is Enabled" owner="SeleniumLibrary">
<arg>${ปุ่มตกลง_xpath}</arg>
<arg>timeout=10s</arg>
<doc>Waits until the element ``locator`` is enabled.</doc>
<status status="PASS" start="2025-07-30T10:56:32.892569" elapsed="1.542496"/>
</kw>
<kw name="Wait Until Element Is Visible" owner="SeleniumLibrary">
<arg>${ปุ่มตกลง_xpath}</arg>
<arg>timeout=10s</arg>
<doc>Waits until the element ``locator`` is visible.</doc>
<status status="PASS" start="2025-07-30T10:56:34.435065" elapsed="1.025150"/>
</kw>
<kw name="Click Element" owner="SeleniumLibrary">
<msg time="2025-07-30T10:56:35.462088" level="INFO">Clicking element '//button[.//span[normalize-space()='ตกลง']]'.</msg>
<arg>${ปุ่มตกลง_xpath}</arg>
<doc>Click the element identified by ``locator``.</doc>
<status status="PASS" start="2025-07-30T10:56:35.460215" elapsed="1.079019"/>
</kw>
<status status="PASS" start="2025-07-30T10:56:32.892569" elapsed="3.646665"/>
</kw>
<arg>กดปุ่มตกลง</arg>
<doc>Runs the given keyword with the given arguments and ignores possible error.</doc>
<status status="PASS" start="2025-07-30T10:56:32.892009" elapsed="3.647225"/>
</kw>
<kw name="Run Keyword And Ignore Error" owner="BuiltIn">
<kw name="กดปุ่มตกลง" owner="keywordการค้นหา">
<kw name="Wait Until Element Is Enabled" owner="SeleniumLibrary">
<msg time="2025-07-30T10:56:47.195213" level="INFO" html="true">&lt;/td&gt;&lt;/tr&gt;&lt;tr&gt;&lt;td colspan="3"&gt;&lt;a href="selenium-screenshot-10.png"&gt;&lt;img src="selenium-screenshot-10.png" width="800px"&gt;&lt;/a&gt;</msg>
<msg time="2025-07-30T10:56:47.195213" level="FAIL">Element with locator '//button[.//span[normalize-space()='ตกลง']]' not found.</msg>
<arg>${ปุ่มตกลง_xpath}</arg>
<arg>timeout=10s</arg>
<doc>Waits until the element ``locator`` is enabled.</doc>
<status status="FAIL" start="2025-07-30T10:56:36.540392" elapsed="10.654821">Element with locator '//button[.//span[normalize-space()='ตกลง']]' not found.</status>
</kw>
<kw name="Wait Until Element Is Visible" owner="SeleniumLibrary">
<arg>${ปุ่มตกลง_xpath}</arg>
<arg>timeout=10s</arg>
<doc>Waits until the element ``locator`` is visible.</doc>
<status status="NOT RUN" start="2025-07-30T10:56:47.195213" elapsed="0.000000"/>
</kw>
<kw name="Click Element" owner="SeleniumLibrary">
<arg>${ปุ่มตกลง_xpath}</arg>
<doc>Click the element identified by ``locator``.</doc>
<status status="NOT RUN" start="2025-07-30T10:56:47.195213" elapsed="0.000000"/>
</kw>
<status status="FAIL" start="2025-07-30T10:56:36.540392" elapsed="10.654821">Element with locator '//button[.//span[normalize-space()='ตกลง']]' not found.</status>
</kw>
<arg>กดปุ่มตกลง</arg>
<doc>Runs the given keyword with the given arguments and ignores possible error.</doc>
<status status="PASS" start="2025-07-30T10:56:36.540392" elapsed="10.654821"/>
</kw>
<status status="PASS" start="2025-07-30T10:56:27.593869" elapsed="19.616375"/>
</kw>
<doc>เข้าUser ฝ่ายกำกับพนักงานอนุมัติข้อมูลรายการ</doc>
<status status="PASS" start="2025-07-30T10:56:00.648400" elapsed="46.562701"/>
</test>
<test id="s1-t8" name="8.เปลี่ยนUserอนุมัติข้อมูลระดับฝ่ายกำกับหัวหน้างาน" line="95">
<kw name="ออกจากระบบ" owner="main_keywords">
<kw name="Click Element" owner="SeleniumLibrary">
<msg time="2025-07-30T10:56:47.211101" level="INFO">Clicking element '//button//span[contains(text(), 'ออกจากระบบ')]'.</msg>
<arg>${ปุ่มออกจากระบบ}</arg>
<doc>Click the element identified by ``locator``.</doc>
<status status="PASS" start="2025-07-30T10:56:47.211101" elapsed="1.107899"/>
</kw>
<status status="PASS" start="2025-07-30T10:56:47.211101" elapsed="1.107899"/>
</kw>
<kw name="เข้าด้วยUserระดับฝ่ายกำกับหัวหน้างาน" owner="main_keywords">
<kw name="Wait Until Element Is Visible" owner="SeleniumLibrary">
<arg>xpath=//input[contains(@class, 'inputLogin')]</arg>
<doc>Waits until the element ``locator`` is visible.</doc>
<status status="PASS" start="2025-07-30T10:56:48.319000" elapsed="1.044066"/>
</kw>
<kw name="Input Text" owner="SeleniumLibrary">
<msg time="2025-07-30T10:56:49.364095" level="INFO">Typing text '530433' into text field 'xpath=//input[contains(@class, 'inputLogin')]'.</msg>
<arg>xpath=//input[contains(@class, 'inputLogin')]</arg>
<arg>${ID:ฝ่ายกำกับหัวหน้างาน}</arg>
<doc>Types the given ``text`` into the text field identified by ``locator``.</doc>
<status status="PASS" start="2025-07-30T10:56:49.364095" elapsed="1.613951"/>
</kw>
<kw name="Input Password" owner="SeleniumLibrary">
<msg time="2025-07-30T10:56:50.978046" level="INFO">Typing password into text field 'xpath=//input[contains(@class, 'inputLogin') and @type='password']'.</msg>
<msg time="2025-07-30T10:56:52.026899" level="INFO">Temporally setting log level to: NONE</msg>
<arg>xpath=//input[contains(@class, 'inputLogin') and @type='password']</arg>
<arg>${password:ฝ่ายกำกับหัวหน้างาน}</arg>
<doc>Types the given password into the text field identified by ``locator``.</doc>
<status status="PASS" start="2025-07-30T10:56:50.978046" elapsed="1.603656"/>
</kw>
<kw name="Click Element" owner="SeleniumLibrary">
<msg time="2025-07-30T10:56:52.582699" level="INFO">Clicking element '//button[contains(@class, 'mat-raised-button')]'.</msg>
<arg>//button[contains(@class, 'mat-raised-button')]</arg>
<doc>Click the element identified by ``locator``.</doc>
<status status="PASS" start="2025-07-30T10:56:52.582699" elapsed="1.057487"/>
</kw>
<kw name="Run Keyword And Ignore Error" owner="BuiltIn">
<kw name="ยืนยันการเข้าระบบ" owner="main_keywords">
<kw name="Wait Until Element Is Visible" owner="SeleniumLibrary">
<arg>//button[contains(@class, 'mat-raised-button')]//i[contains(@class, 'fa-check')]</arg>
<doc>Waits until the element ``locator`` is visible.</doc>
<status status="PASS" start="2025-07-30T10:56:53.642019" elapsed="1.044474"/>
</kw>
<kw name="Click Element" owner="SeleniumLibrary">
<msg time="2025-07-30T10:56:54.686493" level="INFO">Clicking element '//button[contains(@class, 'mat-raised-button')]//i[contains(@class, 'fa-check')]'.</msg>
<arg>//button[contains(@class, 'mat-raised-button')]//i[contains(@class, 'fa-check')]</arg>
<doc>Click the element identified by ``locator``.</doc>
<status status="PASS" start="2025-07-30T10:56:54.686493" elapsed="1.070467"/>
</kw>
<status status="PASS" start="2025-07-30T10:56:53.641763" elapsed="2.115197"/>
</kw>
<arg>ยืนยันการเข้าระบบ</arg>
<doc>Runs the given keyword with the given arguments and ignores possible error.</doc>
<status status="PASS" start="2025-07-30T10:56:53.640729" elapsed="2.116765"/>
</kw>
<kw name="Run Keyword And Ignore Error" owner="BuiltIn">
<kw name="ยืนยันการข้าม Pop-up" owner="main_keywords">
<kw name="Wait Until Element Is Visible" owner="SeleniumLibrary">
<msg time="2025-07-30T10:57:02.104891" level="INFO" html="true">&lt;/td&gt;&lt;/tr&gt;&lt;tr&gt;&lt;td colspan="3"&gt;&lt;a href="selenium-screenshot-11.png"&gt;&lt;img src="selenium-screenshot-11.png" width="800px"&gt;&lt;/a&gt;</msg>
<msg time="2025-07-30T10:57:02.104891" level="FAIL">Element 'xpath=//button[.//span[normalize-space(text())='Close']]' not visible after 5 seconds.</msg>
<arg>xpath=//button[.//span[normalize-space(text())='Close']]</arg>
<arg>timeout=5s</arg>
<doc>Waits until the element ``locator`` is visible.</doc>
<status status="FAIL" start="2025-07-30T10:56:55.758035" elapsed="6.360955">Element 'xpath=//button[.//span[normalize-space(text())='Close']]' not visible after 5 seconds.</status>
</kw>
<kw name="Click Element" owner="SeleniumLibrary">
<arg>xpath=//button[.//span[normalize-space(text())='Close']]</arg>
<doc>Click the element identified by ``locator``.</doc>
<status status="NOT RUN" start="2025-07-30T10:57:02.118990" elapsed="0.000000"/>
</kw>
<status status="FAIL" start="2025-07-30T10:56:55.758035" elapsed="6.360955">Element 'xpath=//button[.//span[normalize-space(text())='Close']]' not visible after 5 seconds.</status>
</kw>
<arg>ยืนยันการข้าม Pop-up</arg>
<doc>Runs the given keyword with the given arguments and ignores possible error.</doc>
<status status="PASS" start="2025-07-30T10:56:55.757833" elapsed="6.361157"/>
</kw>
<status status="PASS" start="2025-07-30T10:56:48.319000" elapsed="13.799990"/>
</kw>
<kw name="เลือกเมนูView Alert รายงาน ปปง. 1-01, 1-02, 1-03, 1-05-9" owner="AMLO Variables">
<kw name="Wait Until Element Is Visible" owner="SeleniumLibrary">
<arg>${View Alert รายงาน ปปง. 1-01, 1-02, 1-03, 1-05-9}</arg>
<doc>Waits until the element ``locator`` is visible.</doc>
<status status="PASS" start="2025-07-30T10:57:02.121015" elapsed="1.044599"/>
</kw>
<kw name="Click Element" owner="SeleniumLibrary">
<msg time="2025-07-30T10:57:03.167200" level="INFO">Clicking element '//a[contains(normalize-space(), 'View Alert รายงาน ปปง. 1-01')]'.</msg>
<arg>${View Alert รายงาน ปปง. 1-01, 1-02, 1-03, 1-05-9}</arg>
<doc>Click the element identified by ``locator``.</doc>
<status status="PASS" start="2025-07-30T10:57:03.166649" elapsed="1.092943"/>
</kw>
<status status="PASS" start="2025-07-30T10:57:02.121015" elapsed="2.138577"/>
</kw>
<kw name="ค้นหารายงานด้วย CIF" owner="keywordการค้นหา">
<kw name="Input Text" owner="SeleniumLibrary">
<msg time="2025-07-30T10:57:04.262608" level="INFO">Typing text 'MAN3217950679525' into text field '//input[@ng-reflect-name="cifNo"]'.</msg>
<arg>${ค้นหาCIF}</arg>
<arg>${CIF}</arg>
<doc>Types the given ``text`` into the text field identified by ``locator``.</doc>
<status status="PASS" start="2025-07-30T10:57:04.261597" elapsed="1.606030"/>
</kw>
<kw name="Sleep" owner="BuiltIn">
<msg time="2025-07-30T10:57:06.882960" level="INFO">Slept 1 second.</msg>
<arg>1s</arg>
<doc>Pauses the test executed for the given time.</doc>
<status status="PASS" start="2025-07-30T10:57:05.867627" elapsed="1.015333"/>
</kw>
<kw name="Wait Until Element Is Visible" owner="SeleniumLibrary">
<arg>${ปุ่มค้นหา}</arg>
<arg>5s</arg>
<doc>Waits until the element ``locator`` is visible.</doc>
<status status="PASS" start="2025-07-30T10:57:06.882960" elapsed="1.029037"/>
</kw>
<kw name="Click Element" owner="SeleniumLibrary">
<msg time="2025-07-30T10:57:07.911997" level="INFO">Clicking element '//button[.//span[contains(text(), 'ค้นหา')]]'.</msg>
<arg>${ปุ่มค้นหา}</arg>
<doc>Click the element identified by ``locator``.</doc>
<status status="PASS" start="2025-07-30T10:57:07.911997" elapsed="1.084907"/>
</kw>
<kw name="Sleep" owner="BuiltIn">
<msg time="2025-07-30T10:57:10.012123" level="INFO">Slept 1 second.</msg>
<arg>1s</arg>
<doc>Pauses the test executed for the given time.</doc>
<status status="PASS" start="2025-07-30T10:57:08.997715" elapsed="1.014408"/>
</kw>
<kw name="Capture Page Screenshot" owner="SeleniumLibrary">
<msg time="2025-07-30T10:57:10.621309" level="INFO" html="true">&lt;/td&gt;&lt;/tr&gt;&lt;tr&gt;&lt;td colspan="3"&gt;&lt;a href="selenium-screenshot-12.png"&gt;&lt;img src="selenium-screenshot-12.png" width="800px"&gt;&lt;/a&gt;</msg>
<doc>Takes a screenshot of the current page and embeds it into a log file.</doc>
<status status="PASS" start="2025-07-30T10:57:10.012123" elapsed="0.609186"/>
</kw>
[...]
</kw>
<kw name="Click Element" owner="SeleniumLibrary">
<msg time="2025-07-30T10:57:13.827176" level="INFO">Clicking element '//button[.//mat-icon[text()='assignment_turned_in'] and .//span[normalize-space()='ส่งขออนุมัติ']]'.</msg>
<arg>${ส่งขออนุมัติ}</arg>
<doc>Click the element identified by ``locator``.</doc>
<status status="PASS" start="2025-07-30T10:57:13.827176" elapsed="1.085685"/>
</kw>
<kw name="Click Element" owner="SeleniumLibrary">
<msg time="2025-07-30T10:57:14.912861" level="INFO">Clicking element '//button[.//span[normalize-space()='ยืนยัน']]'.</msg>
<arg>${ปุ่มยืนยัน_xpath}</arg>
<doc>Click the element identified by ``locator``.</doc>
<status status="PASS" start="2025-07-30T10:57:14.912861" elapsed="1.073626"/>
</kw>
<kw name="Run Keyword And Ignore Error" owner="BuiltIn">
<kw name="กดปุ่มตกลง" owner="keywordการค้นหา">
<kw name="Wait Until Element Is Enabled" owner="SeleniumLibrary">
<arg>${ปุ่มตกลง_xpath}</arg>
<arg>timeout=10s</arg>
<doc>Waits until the element ``locator`` is enabled.</doc>
<status status="PASS" start="2025-07-30T10:57:15.987823" elapsed="1.557448"/>
</kw>
<kw name="Wait Until Element Is Visible" owner="SeleniumLibrary">
<arg>${ปุ่มตกลง_xpath}</arg>
<arg>timeout=10s</arg>
<doc>Waits until the element ``locator`` is visible.</doc>
<status status="PASS" start="2025-07-30T10:57:17.546224" elapsed="1.046665"/>
</kw>
<kw name="Click Element" owner="SeleniumLibrary">
<msg time="2025-07-30T10:57:18.592889" level="INFO">Clicking element '//button[.//span[normalize-space()='ตกลง']]'.</msg>
<arg>${ปุ่มตกลง_xpath}</arg>
<doc>Click the element identified by ``locator``.</doc>
<status status="PASS" start="2025-07-30T10:57:18.592889" elapsed="1.075255"/>
</kw>
<status status="PASS" start="2025-07-30T10:57:15.987823" elapsed="3.680321"/>
</kw>
<arg>กดปุ่มตกลง</arg>
<doc>Runs the given keyword with the given arguments and ignores possible error.</doc>
<status status="PASS" start="2025-07-30T10:57:15.987823" elapsed="3.680321"/>
</kw>
<kw name="Run Keyword And Ignore Error" owner="BuiltIn">
<kw name="กดปุ่มตกลง" owner="keywordการค้นหา">
<kw name="Wait Until Element Is Enabled" owner="SeleniumLibrary">
<msg time="2025-07-30T10:57:30.302320" level="INFO" html="true">&lt;/td&gt;&lt;/tr&gt;&lt;tr&gt;&lt;td colspan="3"&gt;&lt;a href="selenium-screenshot-13.png"&gt;&lt;img src="selenium-screenshot-13.png" width="800px"&gt;&lt;/a&gt;</msg>
<msg time="2025-07-30T10:57:30.302320" level="FAIL">Element with locator '//button[.//span[normalize-space()='ตกลง']]' not found.</msg>
<arg>${ปุ่มตกลง_xpath}</arg>
<arg>timeout=10s</arg>
<doc>Waits until the element ``locator`` is enabled.</doc>
<status status="FAIL" start="2025-07-30T10:57:19.668144" elapsed="10.649599">Element with locator '//button[.//span[normalize-space()='ตกลง']]' not found.</status>
</kw>
<kw name="Wait Until Element Is Visible" owner="SeleniumLibrary">
<arg>${ปุ่มตกลง_xpath}</arg>
<arg>timeout=10s</arg>
<doc>Waits until the element ``locator`` is visible.</doc>
<status status="NOT RUN" start="2025-07-30T10:57:30.317743" elapsed="0.000000"/>
</kw>
<kw name="Click Element" owner="SeleniumLibrary">
<arg>${ปุ่มตกลง_xpath}</arg>
<doc>Click the element identified by ``locator``.</doc>
<status status="NOT RUN" start="2025-07-30T10:57:30.317743" elapsed="0.000000"/>
</kw>
<status status="FAIL" start="2025-07-30T10:57:19.668144" elapsed="10.649599">Element with locator '//button[.//span[normalize-space()='ตกลง']]' not found.</status>
</kw>
<arg>กดปุ่มตกลง</arg>
<doc>Runs the given keyword with the given arguments and ignores possible error.</doc>
<status status="PASS" start="2025-07-30T10:57:19.668144" elapsed="10.649599"/>
</kw>
<status status="PASS" start="2025-07-30T10:57:10.621309" elapsed="19.696434"/>
</kw>
<doc>เข้าUser ฝ่ายกำกับหัวหน้างานอนุมัติข้อมูลรายการ</doc>
<status status="PASS" start="2025-07-30T10:56:47.211101" elapsed="43.106642"/>
</test>
<test id="s1-t9" name="9.เปลี่ยนUserอนุมัติข้อมูลระดับหัวหน้าฝ่ายกำกับ" line="102">
<kw name="ออกจากระบบ" owner="main_keywords">
<kw name="Click Element" owner="SeleniumLibrary">
<msg time="2025-07-30T10:57:30.317743" level="INFO">Clicking element '//button//span[contains(text(), 'ออกจากระบบ')]'.</msg>
<arg>${ปุ่มออกจากระบบ}</arg>
<doc>Click the element identified by ``locator``.</doc>
<status status="PASS" start="2025-07-30T10:57:30.317743" elapsed="1.102556"/>
</kw>
<status status="PASS" start="2025-07-30T10:57:30.317743" elapsed="1.103414"/>
</kw>
<kw name="เข้าด้วยUserระดับหัวหน้าฝ่ายกำกับ" owner="main_keywords">
<kw name="Wait Until Element Is Visible" owner="SeleniumLibrary">
<arg>xpath=//input[contains(@class, 'inputLogin')]</arg>
<doc>Waits until the element ``locator`` is visible.</doc>
<status status="PASS" start="2025-07-30T10:57:31.421664" elapsed="1.024193"/>
</kw>
<kw name="Input Text" owner="SeleniumLibrary">
<msg time="2025-07-30T10:57:32.445857" level="INFO">Typing text '460073' into text field 'xpath=//input[contains(@class, 'inputLogin')]'.</msg>
<arg>xpath=//input[contains(@class, 'inputLogin')]</arg>
<arg>${ID:หัวหน้าฝ่ายกำกับ}</arg>
<doc>Types the given ``text`` into the text field identified by ``locator``.</doc>
<status status="PASS" start="2025-07-30T10:57:32.445857" elapsed="1.581581"/>
</kw>
<kw name="Input Password" owner="SeleniumLibrary">
<msg time="2025-07-30T10:57:34.027438" level="INFO">Typing password into text field 'xpath=//input[contains(@class, 'inputLogin') and @type='password']'.</msg>
<msg time="2025-07-30T10:57:35.070118" level="INFO">Temporally setting log level to: NONE</msg>
<arg>xpath=//input[contains(@class, 'inputLogin') and @type='password']</arg>
<arg>${password:หัวหน้าฝ่ายกำกับ}</arg>
<doc>Types the given password into the text field identified by ``locator``.</doc>
<status status="PASS" start="2025-07-30T10:57:34.027438" elapsed="1.624358"/>
</kw>
<kw name="Click Element" owner="SeleniumLibrary">
<msg time="2025-07-30T10:57:35.651796" level="INFO">Clicking element '//button[contains(@class, 'mat-raised-button')]'.</msg>
<arg>//button[contains(@class, 'mat-raised-button')]</arg>
<doc>Click the element identified by ``locator``.</doc>
<status status="PASS" start="2025-07-30T10:57:35.651796" elapsed="1.091822"/>
</kw>
<kw name="Run Keyword And Ignore Error" owner="BuiltIn">
<kw name="ยืนยันการเข้าระบบ" owner="main_keywords">
<kw name="Wait Until Element Is Visible" owner="SeleniumLibrary">
<msg time="2025-07-30T10:57:42.376336" level="INFO" html="true">&lt;/td&gt;&lt;/tr&gt;&lt;tr&gt;&lt;td colspan="3"&gt;&lt;a href="selenium-screenshot-14.png"&gt;&lt;img src="selenium-screenshot-14.png" width="800px"&gt;&lt;/a&gt;</msg>
<msg time="2025-07-30T10:57:42.376336" level="FAIL">Element '//button[contains(@class, 'mat-raised-button')]//i[contains(@class, 'fa-check')]' not visible after 5 seconds.</msg>
<arg>//button[contains(@class, 'mat-raised-button')]//i[contains(@class, 'fa-check')]</arg>
<doc>Waits until the element ``locator`` is visible.</doc>
<status status="FAIL" start="2025-07-30T10:57:36.745616" elapsed="5.630720">Element '//button[contains(@class, 'mat-raised-button')]//i[contains(@class, 'fa-check')]' not visible after 5 seconds.</status>
</kw>
<kw name="Click Element" owner="SeleniumLibrary">
<arg>//button[contains(@class, 'mat-raised-button')]//i[contains(@class, 'fa-check')]</arg>
<doc>Click the element identified by ``locator``.</doc>
<status status="NOT RUN" start="2025-07-30T10:57:42.376336" elapsed="0.000000"/>
</kw>
<status status="FAIL" start="2025-07-30T10:57:36.744615" elapsed="5.631721">Element '//button[contains(@class, 'mat-raised-button')]//i[contains(@class, 'fa-check')]' not visible after 5 seconds.</status>
</kw>
<arg>ยืนยันการเข้าระบบ</arg>
<doc>Runs the given keyword with the given arguments and ignores possible error.</doc>
<status status="PASS" start="2025-07-30T10:57:36.743618" elapsed="5.632718"/>
</kw>
<kw name="Run Keyword And Ignore Error" owner="BuiltIn">
<kw name="ยืนยันการข้าม Pop-up" owner="main_keywords">
<kw name="Wait Until Element Is Visible" owner="SeleniumLibrary">
<msg time="2025-07-30T10:57:48.022927" level="INFO" html="true">&lt;/td&gt;&lt;/tr&gt;&lt;tr&gt;&lt;td colspan="3"&gt;&lt;a href="selenium-screenshot-15.png"&gt;&lt;img src="selenium-screenshot-15.png" width="800px"&gt;&lt;/a&gt;</msg>
<msg time="2025-07-30T10:57:48.022927" level="FAIL">Element 'xpath=//button[.//span[normalize-space(text())='Close']]' not visible after 5 seconds.</msg>
<arg>xpath=//button[.//span[normalize-space(text())='Close']]</arg>
<arg>timeout=5s</arg>
<doc>Waits until the element ``locator`` is visible.</doc>
<status status="FAIL" start="2025-07-30T10:57:42.391365" elapsed="5.631562">Element 'xpath=//button[.//span[normalize-space(text())='Close']]' not visible after 5 seconds.</status>
</kw>
<kw name="Click Element" owner="SeleniumLibrary">
<arg>xpath=//button[.//span[normalize-space(text())='Close']]</arg>
<doc>Click the element identified by ``locator``.</doc>
<status status="NOT RUN" start="2025-07-30T10:57:48.022927" elapsed="0.000000"/>
</kw>
<status status="FAIL" start="2025-07-30T10:57:42.391365" elapsed="5.631562">Element 'xpath=//button[.//span[normalize-space(text())='Close']]' not visible after 5 seconds.</status>
</kw>
<arg>ยืนยันการข้าม Pop-up</arg>
<doc>Runs the given keyword with the given arguments and ignores possible error.</doc>
<status status="PASS" start="2025-07-30T10:57:42.376336" elapsed="5.646591"/>
</kw>
<status status="PASS" start="2025-07-30T10:57:31.421664" elapsed="16.601263"/>
</kw>
<kw name="เลือกเมนูView Alert รายงาน ปปง. 1-01, 1-02, 1-03, 1-05-9" owner="AMLO Variables">
<kw name="Wait Until Element Is Visible" owner="SeleniumLibrary">
<arg>${View Alert รายงาน ปปง. 1-01, 1-02, 1-03, 1-05-9}</arg>
<doc>Waits until the element ``locator`` is visible.</doc>
<status status="PASS" start="2025-07-30T10:57:48.022927" elapsed="1.042138"/>
</kw>
<kw name="Click Element" owner="SeleniumLibrary">
<msg time="2025-07-30T10:57:49.066143" level="INFO">Clicking element '//a[contains(normalize-space(), 'View Alert รายงาน ปปง. 1-01')]'.</msg>
<arg>${View Alert รายงาน ปปง. 1-01, 1-02, 1-03, 1-05-9}</arg>
<doc>Click the element identified by ``locator``.</doc>
<status status="PASS" start="2025-07-30T10:57:49.066143" elapsed="1.111087"/>
</kw>
<status status="PASS" start="2025-07-30T10:57:48.022927" elapsed="2.154303"/>
</kw>
<kw name="ค้นหารายงานด้วย CIF" owner="keywordการค้นหา">
<kw name="Input Text" owner="SeleniumLibrary">
<msg time="2025-07-30T10:57:50.178641" level="INFO">Typing text 'MAN3217950679525' into text field '//input[@ng-reflect-name="cifNo"]'.</msg>
<arg>${ค้นหาCIF}</arg>
<arg>${CIF}</arg>
<doc>Types the given ``text`` into the text field identified by ``locator``.</doc>
<status status="PASS" start="2025-07-30T10:57:50.178641" elapsed="1.596757"/>
</kw>
<kw name="Sleep" owner="BuiltIn">
<msg time="2025-07-30T10:57:52.783472" level="INFO">Slept 1 second.</msg>
<arg>1s</arg>
<doc>Pauses the test executed for the given time.</doc>
<status status="PASS" start="2025-07-30T10:57:51.775398" elapsed="1.008074"/>
</kw>
<kw name="Wait Until Element Is Visible" owner="SeleniumLibrary">
<arg>${ปุ่มค้นหา}</arg>
<arg>5s</arg>
<doc>Waits until the element ``locator`` is visible.</doc>
<status status="PASS" start="2025-07-30T10:57:52.783472" elapsed="1.021761"/>
</kw>
<kw name="Click Element" owner="SeleniumLibrary">
<msg time="2025-07-30T10:57:53.806130" level="INFO">Clicking element '//button[.//span[contains(text(), 'ค้นหา')]]'.</msg>
<arg>${ปุ่มค้นหา}</arg>
<doc>Click the element identified by ``locator``.</doc>
<status status="PASS" start="2025-07-30T10:57:53.806130" elapsed="1.073603"/>
</kw>
<kw name="Sleep" owner="BuiltIn">
<msg time="2025-07-30T10:57:55.882412" level="INFO">Slept 1 second.</msg>
<arg>1s</arg>
<doc>Pauses the test executed for the given time.</doc>
<status status="PASS" start="2025-07-30T10:57:54.879733" elapsed="1.002679"/>
</kw>
<kw name="Capture Page Screenshot" owner="SeleniumLibrary">
<msg time="2025-07-30T10:57:56.498156" level="INFO" html="true">&lt;/td&gt;&lt;/tr&gt;&lt;tr&gt;&lt;td colspan="3"&gt;&lt;a href="selenium-screenshot-16.png"&gt;&lt;img src="selenium-screenshot-16.png" width="800px"&gt;&lt;/a&gt;</msg>
<doc>Takes a screenshot of the current page and embeds it into a log file.</doc>
<status status="PASS" start="2025-07-30T10:57:55.882412" elapsed="0.615744"/>
</kw>
<status status="PASS" start="2025-07-30T10:57:50.178641" elapsed="6.319515"/>
</kw>
<kw name="เลือกอนุมัติรายการ" owner="keywordการค้นหา">
<kw name="Wait Until Element Is Visible" owner="SeleniumLibrary">
<arg>${ปุ่มApprove}</arg>
<doc>Waits until the element ``locator`` is visible.</doc>
<status status="PASS" start="2025-07-30T10:57:56.513173" elapsed="1.016397"/>
</kw>
<kw name="Click Element" owner="SeleniumLibrary">
<msg time="2025-07-30T10:57:57.530560" level="INFO">Clicking element '//button[.//span[contains(text(), 'Approve')]]'.</msg>
<arg>${ปุ่มApprove}</arg>
<doc>Click the element identified by ``locator``.</doc>
<status status="PASS" start="2025-07-30T10:57:57.529570" elapsed="1.099517"/>
</kw>
<kw name="Wait Until Element Is Visible" owner="SeleniumLibrary">
<arg>${ปุ่มอนุมัติ}</arg>
<doc>Waits until the element ``locator`` is visible.</doc>
<status status="PASS" start="2025-07-30T10:57:58.629087" elapsed="1.024809"/>
</kw>
<kw name="Click Element" owner="SeleniumLibrary">
<msg time="2025-07-30T10:57:59.654789" level="INFO">Clicking element '//button[.//mat-icon[text()='assignment_turned_in'] and .//span[normalize-space()='อนุมัติ']]'.</msg>
<arg>${ปุ่มอนุมัติ}</arg>
<doc>Click the element identified by ``locator``.</doc>
<status status="PASS" start="2025-07-30T10:57:59.654789" elapsed="1.069194"/>
</kw>
<kw name="Click Element" owner="SeleniumLibrary">
<msg time="2025-07-30T10:58:00.723983" level="INFO">Clicking element '//button[.//span[normalize-space()='ยืนยัน']]'.</msg>
<arg>${ปุ่มยืนยัน_xpath}</arg>
<doc>Click the element identified by ``locator``.</doc>
<status status="PASS" start="2025-07-30T10:58:00.723983" elapsed="1.054102"/>
</kw>
<kw name="Run Keyword And Ignore Error" owner="BuiltIn">
<kw name="กดปุ่มตกลง" owner="keywordการค้นหา">
<kw name="Wait Until Element Is Enabled" owner="SeleniumLibrary">
<arg>${ปุ่มตกลง_xpath}</arg>
<arg>timeout=10s</arg>
<doc>Waits until the element ``locator`` is enabled.</doc>
<status status="PASS" start="2025-07-30T10:58:01.778800" elapsed="1.541404"/>
</kw>
<kw name="Wait Until Element Is Visible" owner="SeleniumLibrary">
<arg>${ปุ่มตกลง_xpath}</arg>
<arg>timeout=10s</arg>
<doc>Waits until the element ``locator`` is visible.</doc>
<status status="PASS" start="2025-07-30T10:58:03.320204" elapsed="1.008570"/>
</kw>
<kw name="Click Element" owner="SeleniumLibrary">
<msg time="2025-07-30T10:58:04.328774" level="INFO">Clicking element '//button[.//span[normalize-space()='ตกลง']]'.</msg>
<arg>${ปุ่มตกลง_xpath}</arg>
<doc>Click the element identified by ``locator``.</doc>
<status status="PASS" start="2025-07-30T10:58:04.328774" elapsed="1.103680"/>
</kw>
<status status="PASS" start="2025-07-30T10:58:01.778800" elapsed="3.653654"/>
</kw>
<arg>กดปุ่มตกลง</arg>
<doc>Runs the given keyword with the given arguments and ignores possible error.</doc>
<status status="PASS" start="2025-07-30T10:58:01.778800" elapsed="3.653654"/>
</kw>
<kw name="Run Keyword And Ignore Error" owner="BuiltIn">
<kw name="กดปุ่มตกลง" owner="keywordการค้นหา">
<kw name="Wait Until Element Is Enabled" owner="SeleniumLibrary">
<msg time="2025-07-30T10:58:16.060352" level="INFO" html="true">&lt;/td&gt;&lt;/tr&gt;&lt;tr&gt;&lt;td colspan="3"&gt;&lt;a href="selenium-screenshot-17.png"&gt;&lt;img src="selenium-screenshot-17.png" width="800px"&gt;&lt;/a&gt;</msg>
<msg time="2025-07-30T10:58:16.076003" level="FAIL">Element with locator '//button[.//span[normalize-space()='ตกลง']]' not found.</msg>
<arg>${ปุ่มตกลง_xpath}</arg>
<arg>timeout=10s</arg>
<doc>Waits until the element ``locator`` is enabled.</doc>
<status status="FAIL" start="2025-07-30T10:58:05.432454" elapsed="10.643549">Element with locator '//button[.//span[normalize-space()='ตกลง']]' not found.</status>
</kw>
<kw name="Wait Until Element Is Visible" owner="SeleniumLibrary">
<arg>${ปุ่มตกลง_xpath}</arg>
<arg>timeout=10s</arg>
<doc>Waits until the element ``locator`` is visible.</doc>
<status status="NOT RUN" start="2025-07-30T10:58:16.076003" elapsed="0.000000"/>
</kw>
<kw name="Click Element" owner="SeleniumLibrary">
<arg>${ปุ่มตกลง_xpath}</arg>
<doc>Click the element identified by ``locator``.</doc>
<status status="NOT RUN" start="2025-07-30T10:58:16.076003" elapsed="0.000000"/>
</kw>
<status status="FAIL" start="2025-07-30T10:58:05.432454" elapsed="10.643549">Element with locator '//button[.//span[normalize-space()='ตกลง']]' not found.</status>
</kw>
<arg>กดปุ่มตกลง</arg>
<doc>Runs the given keyword with the given arguments and ignores possible error.</doc>
<status status="PASS" start="2025-07-30T10:58:05.432454" elapsed="10.643549"/>
</kw>
<status status="PASS" start="2025-07-30T10:57:56.498156" elapsed="19.577847"/>
</kw>
<doc>เข้าUser  หัวหน้าฝ่ายกำกับอนุมัติข้อมูลรายการ</doc>
<status status="PASS" start="2025-07-30T10:57:30.317743" elapsed="45.758260"/>
</test>
<test id="s1-t10" name="จบการทำงาน" line="110">
<kw name="จบการทำงาน" owner="main_keywords">
<kw name="Sleep" owner="BuiltIn">
<msg time="2025-07-30T10:58:21.087489" level="INFO">Slept 5 seconds.</msg>
<arg>5s</arg>
<doc>Pauses the test executed for the given time.</doc>
<status status="PASS" start="2025-07-30T10:58:16.076003" elapsed="5.011486"/>
</kw>
<kw name="Capture Page Screenshot" owner="SeleniumLibrary">
<msg time="2025-07-30T10:58:21.717861" level="INFO" html="true">&lt;/td&gt;&lt;/tr&gt;&lt;tr&gt;&lt;td colspan="3"&gt;&lt;a href="selenium-screenshot-18.png"&gt;&lt;img src="selenium-screenshot-18.png" width="800px"&gt;&lt;/a&gt;</msg>
<doc>Takes a screenshot of the current page and embeds it into a log file.</doc>
<status status="PASS" start="2025-07-30T10:58:21.087489" elapsed="0.630372"/>
</kw>
<kw name="Log" owner="BuiltIn">
<msg time="2025-07-30T10:58:21.717861" level="INFO">Test Teardown Completed</msg>
<arg>Test Teardown Completed</arg>
<doc>Logs the given message with the given level.</doc>
<status status="PASS" start="2025-07-30T10:58:21.717861" elapsed="0.000000"/>
</kw>
<kw name="Close Browser" owner="SeleniumLibrary">
<doc>Closes the current browser.</doc>
<status status="PASS" start="2025-07-30T10:58:21.717861" elapsed="3.627599"/>
</kw>
<status status="PASS" start="2025-07-30T10:58:16.076003" elapsed="9.269457"/>
</kw>
<status status="PASS" start="2025-07-30T10:58:16.076003" elapsed="9.269457"/>
</test>
<doc>ทดสอบการยื่นคำร้อง manual ของ ปปง.1-02  TC_1-02_003</doc>
<status status="PASS" start="2025-07-30T10:53:32.960371" elapsed="292.385089"/>
</suite>
<statistics>
<total>
<stat pass="10" fail="0" skip="0">All Tests</stat>
</total>
<tag>
</tag>
<suite>
<stat pass="10" fail="0" skip="0" id="s1" name="TC 1-02 003">TC 1-02 003</stat>
</suite>
</statistics>
<errors>
<msg time="2025-07-30T10:53:33.285238" level="WARN">Error in file 'D:\AML_Project\Resources\Menu_name\AML\ยื่นคำร้อง Manual\AMLO Variables.robot' on line 30: The '[Return]' setting is deprecated. Use the 'RETURN' statement instead.</msg>
<msg time="2025-07-30T10:53:33.285238" level="WARN">Error in file 'D:\AML_Project\Resources\Menu_name\AML\ยื่นคำร้อง Manual\AMLO Variables.robot' on line 40: The '[Return]' setting is deprecated. Use the 'RETURN' statement instead.</msg>
<msg time="2025-07-30T10:53:33.285238" level="WARN">Error in file 'D:\AML_Project\Resources\Menu_name\AML\ยื่นคำร้อง Manual\AMLO Variables.robot' on line 44: The '[Return]' setting is deprecated. Use the 'RETURN' statement instead.</msg>
<msg time="2025-07-30T10:53:33.285238" level="WARN">Error in file 'D:\AML_Project\Resources\Menu_name\AML\ยื่นคำร้อง Manual\AMLO Variables.robot' on line 54: The '[Return]' setting is deprecated. Use the 'RETURN' statement instead.</msg>
</errors>
</robot>
