<?xml version="1.0" encoding="UTF-8"?>
<robot generator="Robot 7.0.1 (Python 3.8.7 on win32)" generated="2025-03-31T17:30:17.458936" rpa="false" schemaversion="5">
<suite id="s1" name="ปปง1-01 Testcase1" source="D:\AML_Project\Testcase\AMLO\ปปง1-01\ปปง1-01_testcase1.robot">
<test id="s1-t1" name="1.open web IBank &amp; Login" line="31">
<kw name="Enteropen web IBank &amp; Login" owner="main_keywords">
<kw name="Open Browser" owner="SeleniumLibrary">
<msg time="2025-03-31T17:30:17.773361" level="INFO">Opening browser 'chrome' to base url 'https://172.26.59.27:8443/amls/login'.</msg>
<arg>${URL:IBank}</arg>
<arg>${Browser}</arg>
<arg>options=add_argument("--ignore-certificate-errors")</arg>
<doc>Opens a new browser instance to the optional ``url``.</doc>
<status status="PASS" start="2025-03-31T17:30:17.773361" elapsed="4.917097"/>
</kw>
<kw name="Maximize Browser Window" owner="SeleniumLibrary">
<doc>Maximizes current browser window.</doc>
<status status="PASS" start="2025-03-31T17:30:22.690458" elapsed="0.103549"/>
</kw>
<kw name="Set Selenium Speed" owner="SeleniumLibrary">
<arg>0.5s</arg>
<doc>Sets the delay that is waited after each Selenium command.</doc>
<status status="PASS" start="2025-03-31T17:30:22.794007" elapsed="0.001002"/>
</kw>
<kw name="Wait Until Element Is Visible" owner="SeleniumLibrary">
<arg>xpath=//input[contains(@class, 'inputLogin')]</arg>
<arg>5s</arg>
<doc>Waits until the element ``locator`` is visible.</doc>
<status status="PASS" start="2025-03-31T17:30:22.795009" elapsed="1.087408"/>
</kw>
<kw name="Input Text" owner="SeleniumLibrary">
<msg time="2025-03-31T17:30:23.883422" level="INFO">Typing text 'parichartt' into text field 'xpath=//input[contains(@class, 'inputLogin')]'.</msg>
<arg>xpath=//input[contains(@class, 'inputLogin')]</arg>
<arg>${ID:dammi}</arg>
<doc>Types the given ``text`` into the text field identified by ``locator``.</doc>
<status status="PASS" start="2025-03-31T17:30:23.883422" elapsed="1.606915"/>
</kw>
<kw name="Input Password" owner="SeleniumLibrary">
<msg time="2025-03-31T17:30:25.491335" level="INFO">Typing password into text field 'xpath=//input[contains(@class, 'inputLogin') and @type='password']'.</msg>
<msg time="2025-03-31T17:30:26.536299" level="INFO">Temporally setting log level to: NONE</msg>
<arg>xpath=//input[contains(@class, 'inputLogin') and @type='password']</arg>
<arg>${password:dammi}</arg>
<doc>Types the given password into the text field identified by ``locator``.</doc>
<status status="PASS" start="2025-03-31T17:30:25.490337" elapsed="1.589127"/>
</kw>
<kw name="Click Element" owner="SeleniumLibrary">
<msg time="2025-03-31T17:30:27.080757" level="INFO">Clicking element '//button[contains(@class, 'mat-raised-button')]'.</msg>
<arg>//button[contains(@class, 'mat-raised-button')]</arg>
<doc>Click the element identified by ``locator``.</doc>
<status status="PASS" start="2025-03-31T17:30:27.080757" elapsed="1.073312"/>
</kw>
<status status="PASS" start="2025-03-31T17:30:17.772359" elapsed="10.382805"/>
</kw>
<kw name="Run Keyword And Ignore Error" owner="BuiltIn">
<kw name="ยืนยันการเข้าระบบ" owner="main_keywords">
<kw name="Click Element" owner="SeleniumLibrary">
<msg time="2025-03-31T17:30:28.157611" level="INFO">Clicking element '//button[contains(@class, 'mat-raised-button')]//i[contains(@class, 'fa-check')]'.</msg>
<arg>//button[contains(@class, 'mat-raised-button')]//i[contains(@class, 'fa-check')]</arg>
<doc>Click the element identified by ``locator``.</doc>
<status status="PASS" start="2025-03-31T17:30:28.156616" elapsed="1.081548"/>
</kw>
<status status="PASS" start="2025-03-31T17:30:28.156616" elapsed="1.081548"/>
</kw>
<arg>ยืนยันการเข้าระบบ</arg>
<doc>Runs the given keyword with the given arguments and ignores possible error.</doc>
<status status="PASS" start="2025-03-31T17:30:28.155596" elapsed="1.082568"/>
</kw>
<doc>ทดสอบการยื่นคำร้อง manual ของ ปปง.1-01 กรณี ยื่นคำร้องเอง</doc>
<status status="PASS" start="2025-03-31T17:30:17.771360" elapsed="11.468105"/>
</test>
<test id="s1-t2" name="2.เลือก AML &amp; ยื่นคำร้อง" line="35">
<kw name="Select the Submit Request menu" owner="keywords_Testcase_1-01">
<kw name="Click Element" owner="SeleniumLibrary">
<msg time="2025-03-31T17:30:29.243417" level="INFO">Clicking element 'xpath=//a[contains(@class, 'sidebar-link') and .//div[contains(text(), 'AML-ไทย')]]'.</msg>
<arg>${AML-ไทย}</arg>
<doc>Click the element identified by ``locator``.</doc>
<status status="PASS" start="2025-03-31T17:30:29.241974" elapsed="1.212389"/>
</kw>
<kw name="Click Element" owner="SeleniumLibrary">
<msg time="2025-03-31T17:30:30.456365" level="INFO">Clicking element 'xpath=//a[contains(@class, 'mat-list-item') and contains(., 'ยื่นคำร้อง Manual')]'.</msg>
<arg>${ยื่นคำร้องManual}</arg>
<doc>Click the element identified by ``locator``.</doc>
<status status="PASS" start="2025-03-31T17:30:30.455363" elapsed="1.131482"/>
</kw>
<status status="PASS" start="2025-03-31T17:30:29.241974" elapsed="2.344871"/>
</kw>
<status status="PASS" start="2025-03-31T17:30:29.240474" elapsed="2.346371"/>
</test>
<test id="s1-t3" name="3.เลือกรายการ_ปปง1-01" line="40">
<kw name="เลือกรายการ_ปปง1-01" owner="keywords_Testcase_1-01">
<kw name="Click Element" owner="SeleniumLibrary">
<msg time="2025-03-31T17:30:31.591356" level="INFO">Clicking element 'xpath=//mat-select[@aria-labelledby='mat-select-value-1']'.</msg>
<arg>${ประเภทรายงาน}</arg>
<doc>Click the element identified by ``locator``.</doc>
<status status="PASS" start="2025-03-31T17:30:31.591356" elapsed="1.084697"/>
</kw>
<kw name="Click Element" owner="SeleniumLibrary">
<msg time="2025-03-31T17:30:32.677058" level="INFO">Clicking element 'xpath=//mat-option[@ng-reflect-value='1-01']'.</msg>
<arg>${ปปง.1-01}</arg>
<doc>Click the element identified by ``locator``.</doc>
<status status="PASS" start="2025-03-31T17:30:32.676053" elapsed="1.075164"/>
</kw>
<status status="PASS" start="2025-03-31T17:30:31.590097" elapsed="2.161120"/>
</kw>
<status status="PASS" start="2025-03-31T17:30:31.589098" elapsed="2.163118"/>
</test>
<test id="s1-t4" name="4.รายงานล่าช้า &amp; ไม่ใช่ลูกค้าธนาคาร" line="44">
<kw name="ยื่นคำร้องรายงานล่าช้า &amp; ไม่ใช่ลูกค้าธนาคาร" owner="keywords_Testcase_1-01">
<kw name="Click Element" owner="SeleniumLibrary">
<msg time="2025-03-31T17:30:33.757520" level="INFO">Clicking element 'xpath=//mat-radio-button[@ng-reflect-value='01']'.</msg>
<arg>${รายงานเนื่องจาก_รายงานตัวช้า}</arg>
<doc>Click the element identified by ``locator``.</doc>
<status status="PASS" start="2025-03-31T17:30:33.756507" elapsed="1.081986"/>
</kw>
<kw name="Click Element" owner="SeleniumLibrary">
<msg time="2025-03-31T17:30:34.839495" level="INFO">Clicking element 'xpath=//mat-radio-button[@ng-reflect-value="NOT_CUSTOMER"]'.</msg>
<arg>${ค้าหาข้อมูลจากลูกค้าด้วย_บัตรประจำตัว_ไม่ใช้ลูกค้าธนาคาร}</arg>
<doc>Click the element identified by ``locator``.</doc>
<status status="PASS" start="2025-03-31T17:30:34.838493" elapsed="1.065881"/>
</kw>
<kw name="Click Element" owner="SeleniumLibrary">
<msg time="2025-03-31T17:30:35.905370" level="INFO">Clicking element 'xpath=//button[@mat-raised-button]'.</msg>
<arg>${ยื่นคำร้องManual_ถัดไป}</arg>
<doc>Click the element identified by ``locator``.</doc>
<status status="PASS" start="2025-03-31T17:30:35.905370" elapsed="1.206736"/>
</kw>
<status status="PASS" start="2025-03-31T17:30:33.755215" elapsed="3.356891"/>
</kw>
<status status="PASS" start="2025-03-31T17:30:33.754220" elapsed="3.360403"/>
</test>
<test id="s1-t5" name="5.ส่วนที่1" line="48">
<kw name="ส่วนที่1 ระบุข้อมูล(ทำธุรกรรมด้วยตนเอง)" owner="keywords_Testcase_1-01">
<kw name="Input Text" owner="SeleniumLibrary">
<msg time="2025-03-31T17:30:37.119622" level="INFO">Typing text 'test' into text field 'xpath=//textarea[@ng-reflect-maxlength='2000']'.</msg>
<arg>${เหตุผลการรายงาน Mannual_เหตุผลในการรายงาน}</arg>
<arg>${เหตุผลในการรายงาน}</arg>
<doc>Types the given ``text`` into the text field identified by ``locator``.</doc>
<status status="PASS" start="2025-03-31T17:30:37.119622" elapsed="1.594495"/>
</kw>
<kw name="Click Element" owner="SeleniumLibrary">
<msg time="2025-03-31T17:30:38.716133" level="INFO">Clicking element 'xpath=//mat-select[@name='prefix']'.</msg>
<arg>${1.1_คำนำหน้าชื่อ}</arg>
<doc>Click the element identified by ``locator``.</doc>
<status status="PASS" start="2025-03-31T17:30:38.715133" elapsed="1.115411"/>
</kw>
<kw name="Click Element" owner="SeleniumLibrary">
<msg time="2025-03-31T17:30:39.831607" level="INFO">Clicking element 'xpath=//mat-option[@ng-reflect-value='นาย']'.</msg>
<arg>${1.1_คำนำหน้าชื่อ_เลือก}</arg>
<doc>Click the element identified by ``locator``.</doc>
<status status="PASS" start="2025-03-31T17:30:39.831607" elapsed="1.089021"/>
</kw>
<kw name="Input Text" owner="SeleniumLibrary">
<msg time="2025-03-31T17:30:40.922629" level="INFO">Typing text 'เทส' into text field 'xpath=(//input[contains(@class, 'mat-input-element') and @maxlength='250' and @required])[1]'.</msg>
<arg>${1.1_ชื่อ}</arg>
<arg>${ชื่อ}</arg>
<doc>Types the given ``text`` into the text field identified by ``locator``.</doc>
<status status="PASS" start="2025-03-31T17:30:40.921629" elapsed="1.618967"/>
</kw>
<kw name="Input Text" owner="SeleniumLibrary">
<msg time="2025-03-31T17:30:42.541441" level="INFO">Typing text 'สุดหล่อ' into text field 'xpath=(//input[contains(@class, 'mat-input-element') and @maxlength='250' and @required])[2]'.</msg>
<arg>${1.1_นามสกุล}</arg>
<arg>${นามสกุล}</arg>
<doc>Types the given ``text`` into the text field identified by ``locator``.</doc>
<status status="PASS" start="2025-03-31T17:30:42.541441" elapsed="1.632371"/>
</kw>
<kw name="Input Text" owner="SeleniumLibrary">
<msg time="2025-03-31T17:30:44.174817" level="INFO">Typing text '1234567890123' into text field 'xpath=//input[@ng-reflect-maxlength='13']'.</msg>
<arg>${1.1_เอกสารประจำตัว_เลขที่}</arg>
<arg>${เลขที่บัตร}</arg>
<doc>Types the given ``text`` into the text field identified by ``locator``.</doc>
<status status="PASS" start="2025-03-31T17:30:44.173812" elapsed="1.680601"/>
</kw>
<kw name="Click Element" owner="SeleniumLibrary">
<msg time="2025-03-31T17:30:45.856429" level="INFO">Clicking element 'xpath=//mat-radio-button[contains(@class, 'mat-radio-button mat-accent') and @ng-reflect-value='0']'.</msg>
<arg>${1.1_เอกสารประจำตัว_ทำธุรกรรมด้วยตนเอง}</arg>
<doc>Click the element identified by ``locator``.</doc>
<status status="PASS" start="2025-03-31T17:30:45.855432" elapsed="1.101891"/>
</kw>
<kw name="Input Text" owner="SeleniumLibrary">
<msg time="2025-03-31T17:30:46.958347" level="INFO">Typing text 'เทส' into text field 'xpath=//input[contains(@class, 'mat-input-element') and @maxlength='300']'.</msg>
<arg>${1.2_ที่อยู่}</arg>
<arg>${ที่อยู่}</arg>
<doc>Types the given ``text`` into the text field identified by ``locator``.</doc>
<status status="PASS" start="2025-03-31T17:30:46.958347" elapsed="1.614835"/>
</kw>
<kw name="Click Element" owner="SeleniumLibrary">
<msg time="2025-03-31T17:30:48.574199" level="INFO">Clicking element '(//mat-select[@name='countryCode'])[1]'.</msg>
<arg>${1.2_ประเทศ}</arg>
<doc>Click the element identified by ``locator``.</doc>
<status status="PASS" start="2025-03-31T17:30:48.573182" elapsed="1.107095"/>
</kw>
<kw name="Click Element" owner="SeleniumLibrary">
<msg time="2025-03-31T17:30:49.682296" level="INFO">Clicking element 'xpath=//mat-option[span[contains(text(), 'ไทย')]]'.</msg>
<arg>${1.2_ที่อยู่_ประเทศ_ไทย}</arg>
<doc>Click the element identified by ``locator``.</doc>
<status status="PASS" start="2025-03-31T17:30:49.681301" elapsed="1.102616"/>
</kw>
<kw name="Click Element" owner="SeleniumLibrary">
<msg time="2025-03-31T17:30:50.784921" level="INFO">Clicking element '(//mat-select[.//span[contains(text(),'โปรดระบุ')]])[1]'.</msg>
<arg>${1.2_ที่อยู่_ประเทศ_จังหวัด}</arg>
<doc>Click the element identified by ``locator``.</doc>
<status status="PASS" start="2025-03-31T17:30:50.783917" elapsed="1.093338"/>
</kw>
<kw name="Click Element" owner="SeleniumLibrary">
<msg time="2025-03-31T17:30:51.878259" level="INFO">Clicking element 'xpath=//mat-option[.//span[contains(text(),'กรุงเทพมหานคร')]]'.</msg>
<arg>${1.2_ที่อยู่_ประเทศ_จังหวัด_เลือก}</arg>
<doc>Click the element identified by ``locator``.</doc>
<status status="PASS" start="2025-03-31T17:30:51.878259" elapsed="1.068068"/>
</kw>
<kw name="Click Element" owner="SeleniumLibrary">
<msg time="2025-03-31T17:30:52.947597" level="INFO">Clicking element '(//mat-select[.//span[contains(text(),'โปรดระบุ')]])[1]'.</msg>
<arg>${1.2_ที่อยู่_ประเทศ_อำเภอ}</arg>
<doc>Click the element identified by ``locator``.</doc>
<status status="PASS" start="2025-03-31T17:30:52.947597" elapsed="1.085638"/>
</kw>
<kw name="Click Element" owner="SeleniumLibrary">
<msg time="2025-03-31T17:30:54.034728" level="INFO">Clicking element 'xpath=//mat-option[.//span[contains(text(),'เขตจตุจักร')]]'.</msg>
<arg>${1.2_ที่อยู่_ประเทศ_อำเภอ_เลือก}</arg>
<doc>Click the element identified by ``locator``.</doc>
<status status="PASS" start="2025-03-31T17:30:54.034728" elapsed="1.085684"/>
</kw>
<kw name="Click Element" owner="SeleniumLibrary">
<msg time="2025-03-31T17:30:55.122413" level="INFO">Clicking element '(//mat-select[.//span[contains(text(),'โปรดระบุ')]])[1]'.</msg>
<arg>${1.2_ที่อยู่_ประเทศ_ตำบล}</arg>
<doc>Click the element identified by ``locator``.</doc>
<status status="PASS" start="2025-03-31T17:30:55.121408" elapsed="1.089985"/>
</kw>
<kw name="Click Element" owner="SeleniumLibrary">
<msg time="2025-03-31T17:30:56.213570" level="INFO">Clicking element 'xpath=//mat-option[.//span[contains(text(),'จตุจักร')]]'.</msg>
<arg>${1.2_ที่อยู่_ประเทศ_ตำบล_เลือก}</arg>
<doc>Click the element identified by ``locator``.</doc>
<status status="PASS" start="2025-03-31T17:30:56.212401" elapsed="1.083952"/>
</kw>
<kw name="Input Text" owner="SeleniumLibrary">
<msg time="2025-03-31T17:30:57.297885" level="INFO">Typing text '21229' into text field '(//input[@ng-reflect-maxlength='5'])[1]'.</msg>
<arg>${1.2_ที่อยู่_ประเทศ_รหัสไปรษณีย์_เลข}</arg>
<arg>${รหัสไปรษณีย์}</arg>
<doc>Types the given ``text`` into the text field identified by ``locator``.</doc>
<status status="PASS" start="2025-03-31T17:30:57.297370" elapsed="1.631300"/>
</kw>
<kw name="Click Element" owner="SeleniumLibrary">
<msg time="2025-03-31T17:30:58.929699" level="INFO">Clicking element 'xpath=//mat-select[@name='occupationType']'.</msg>
<arg>${1.3อาชีพ}</arg>
<doc>Click the element identified by ``locator``.</doc>
<status status="PASS" start="2025-03-31T17:30:58.929699" elapsed="1.072494"/>
</kw>
<kw name="Click Element" owner="SeleniumLibrary">
<msg time="2025-03-31T17:31:00.004196" level="INFO">Clicking element 'xpath=//mat-option[.//span[contains(text(), 'อาชีพอิสระ')]]'.</msg>
<arg>${1.3อาชีพ_เลือก}</arg>
<doc>Click the element identified by ``locator``.</doc>
<status status="PASS" start="2025-03-31T17:31:00.003198" elapsed="1.087912"/>
</kw>
<kw name="Input Text" owner="SeleniumLibrary">
<msg time="2025-03-31T17:31:01.092143" level="INFO">Typing text '0987654321123' into text field 'xpath=(//input[@ng-reflect-maxlength='13'])[2]'.</msg>
<arg>${1.5_เลขที่}</arg>
<arg>${เลขที่บัตร2}</arg>
<doc>Types the given ``text`` into the text field identified by ``locator``.</doc>
<status status="PASS" start="2025-03-31T17:31:01.092143" elapsed="1.701909"/>
</kw>
<status status="PASS" start="2025-03-31T17:30:37.118622" elapsed="25.675430"/>
</kw>
<kw name="ส่วนที่1 บันทึกและไปหน้าถัดไป" owner="keywords_Testcase_1-01">
<kw name="Click Element" owner="SeleniumLibrary">
<msg time="2025-03-31T17:31:02.797268" level="INFO">Clicking element 'xpath=//button[.//span[contains(text(), 'บันทึก')]]'.</msg>
<arg>${ส่วนที่1_บีนทึก}</arg>
<doc>Click the element identified by ``locator``.</doc>
<status status="PASS" start="2025-03-31T17:31:02.796269" elapsed="1.079913"/>
</kw>
<kw name="Sleep" owner="BuiltIn">
<msg time="2025-03-31T17:31:04.885176" level="INFO">Slept 1 second.</msg>
<arg>1s</arg>
<doc>Pauses the test executed for the given time.</doc>
<status status="PASS" start="2025-03-31T17:31:03.876182" elapsed="1.008994"/>
</kw>
<kw name="Click Element" owner="SeleniumLibrary">
<msg time="2025-03-31T17:31:04.887177" level="INFO">Clicking element '//button[.//span[contains(text(), 'ตกลง')]]'.</msg>
<arg>${ส่วนที่1_ตกลง}</arg>
<doc>Click the element identified by ``locator``.</doc>
<status status="PASS" start="2025-03-31T17:31:04.886178" elapsed="1.073369"/>
</kw>
<kw name="Click Element" owner="SeleniumLibrary">
<msg time="2025-03-31T17:31:05.960676" level="INFO">Clicking element '//button[contains(@class, 'mat-raised-button') and .//span[contains(text(), 'ถัดไป')]]'.</msg>
<arg>${ส่วนที่1_ถัดไป}</arg>
<doc>Click the element identified by ``locator``.</doc>
<status status="PASS" start="2025-03-31T17:31:05.960676" elapsed="1.116251"/>
</kw>
<status status="PASS" start="2025-03-31T17:31:02.795249" elapsed="4.283145"/>
</kw>
<status status="PASS" start="2025-03-31T17:30:37.116622" elapsed="29.962286"/>
</test>
<test id="s1-t6" name="6.ส่วนที่2" line="52">
<kw name="ส่วนที่2 ถัดไป" owner="keywords_Testcase_1-01">
<kw name="Click Element" owner="SeleniumLibrary">
<msg time="2025-03-31T17:31:07.083424" level="INFO">Clicking element '//button[contains(@class, 'mat-raised-button') and .//span[contains(text(), 'ถัดไป')]]'.</msg>
<arg>${ส่วนที่2_ถัดไป}</arg>
<doc>Click the element identified by ``locator``.</doc>
<status status="PASS" start="2025-03-31T17:31:07.083424" elapsed="1.111442"/>
</kw>
<status status="PASS" start="2025-03-31T17:31:07.082405" elapsed="1.112461"/>
</kw>
<status status="PASS" start="2025-03-31T17:31:07.080919" elapsed="1.114947"/>
</test>
<test id="s1-t7" name="7.ส่วนที่3" line="55">
<kw name="ส่วนที่ 3 ระบุข้อมูล(เลือกฝากเงิน/ถอนเงิน)" owner="keywords_Testcase_1-01">
<kw name="Input Text" owner="SeleniumLibrary">
<msg time="2025-03-31T17:31:08.200866" level="INFO">Typing text '01/01/2567' into text field 'xpath=//input[contains(@class, 'mat-datepicker-input')]'.</msg>
<arg>${3.1_ปวันที่ทำธุรกรรม}</arg>
<arg>${วันที่ทำธุระกรรม(dd/MM/yyyy)}</arg>
<doc>Types the given ``text`` into the text field identified by ``locator``.</doc>
<status status="PASS" start="2025-03-31T17:31:08.199866" elapsed="1.623104"/>
</kw>
<kw name="Click Element" owner="SeleniumLibrary">
<msg time="2025-03-31T17:31:09.824065" level="INFO">Clicking element '//mat-select[@name='transactionType']'.</msg>
<arg>${3.1_ประเภทและมูลค่าธุรกรรม}</arg>
<doc>Click the element identified by ``locator``.</doc>
<status status="PASS" start="2025-03-31T17:31:09.822970" elapsed="1.089203"/>
</kw>
<kw name="Click Element" owner="SeleniumLibrary">
<msg time="2025-03-31T17:31:10.914174" level="INFO">Clicking element '//mat-option[contains(normalize-space(.//span), 'ฝากเงิน')]'.</msg>
<arg>${3.1_ประเภทและมูลค่าธุรกรรม_เลือก}</arg>
<doc>Click the element identified by ``locator``.</doc>
<status status="PASS" start="2025-03-31T17:31:10.913173" elapsed="1.084402"/>
</kw>
<kw name="Input Text" owner="SeleniumLibrary">
<msg time="2025-03-31T17:31:11.998576" level="INFO">Typing text '0928394034' into text field 'xpath=//input[@ng-reflect-name='accountNo']'.</msg>
<arg>${3.1_ประเภทและมูลค่าธุรกรรม_จากบัญชีเลขที่}</arg>
<arg>${เข้าบัญชีเลขที่(0/30)}</arg>
<doc>Types the given ``text`` into the text field identified by ``locator``.</doc>
<status status="PASS" start="2025-03-31T17:31:11.997575" elapsed="1.614197"/>
</kw>
<kw name="Input Text" owner="SeleniumLibrary">
<msg time="2025-03-31T17:31:13.612774" level="INFO">Typing text '3000000' into text field 'xpath=//input[@ng-reflect-name='transactionAmount']'.</msg>
<arg>${3.1_ประเภทและมูลค่าธุรกรรม_จากบัญชีเลขที่_จำนวน}</arg>
<arg>${จำนวนเงิน(2,000,000)}</arg>
<doc>Types the given ``text`` into the text field identified by ``locator``.</doc>
<status status="PASS" start="2025-03-31T17:31:13.611772" elapsed="1.598062"/>
</kw>
<kw name="Click Element" owner="SeleniumLibrary">
<msg time="2025-03-31T17:31:15.210972" level="INFO">Clicking element 'xpath=//mat-select[@name='objectiveType']'.</msg>
<arg>${3.1วัตถุประสงค์ของการทำธุรกรรม}</arg>
<doc>Click the element identified by ``locator``.</doc>
<status status="PASS" start="2025-03-31T17:31:15.209834" elapsed="1.069523"/>
</kw>
<kw name="Click Element" owner="SeleniumLibrary">
<msg time="2025-03-31T17:31:16.280374" level="INFO">Clicking element '//mat-option[.//span[contains(text(), 'ฝากเงินเพื่อรับดอกเบี้ย')]]'.</msg>
<arg>${3.3วัตถุประสงค์ของการทำธุรกรรม_เลือก}</arg>
<doc>Click the element identified by ``locator``.</doc>
<status status="PASS" start="2025-03-31T17:31:16.280374" elapsed="1.085474"/>
</kw>
<status status="PASS" start="2025-03-31T17:31:08.198865" elapsed="9.166983"/>
</kw>
<kw name="ส่วนที่ 3 บันทึกข้อมูล" owner="keywords_Testcase_1-01">
<kw name="Click Element" owner="SeleniumLibrary">
<msg time="2025-03-31T17:31:17.368849" level="INFO">Clicking element 'xpath=//button[.//span[contains(text(), 'บันทึก')]]'.</msg>
<arg>${ส่วนที่1_บีนทึก}</arg>
<doc>Click the element identified by ``locator``.</doc>
<status status="PASS" start="2025-03-31T17:31:17.367843" elapsed="1.070516"/>
</kw>
<kw name="Sleep" owner="BuiltIn">
<msg time="2025-03-31T17:31:19.445414" level="INFO">Slept 1 second.</msg>
<arg>1s</arg>
<doc>Pauses the test executed for the given time.</doc>
<status status="PASS" start="2025-03-31T17:31:18.439352" elapsed="1.006062"/>
</kw>
<kw name="Click Element" owner="SeleniumLibrary">
<msg time="2025-03-31T17:31:19.446431" level="INFO">Clicking element '//button[.//span[contains(text(), 'ตกลง')]]'.</msg>
<arg>${ส่วนที่1_ตกลง}</arg>
<doc>Click the element identified by ``locator``.</doc>
<status status="PASS" start="2025-03-31T17:31:19.445414" elapsed="1.056661"/>
</kw>
<status status="PASS" start="2025-03-31T17:31:17.366846" elapsed="3.136119"/>
</kw>
<kw name="ส่วนที่ 3 ขออนุมัติ" owner="keywords_Testcase_1-01">
<kw name="Click Element" owner="SeleniumLibrary">
<msg time="2025-03-31T17:31:20.504983" level="INFO">Clicking element '//button//span[contains(text(), 'ขออนุมัติ')]'.</msg>
<arg>${ขออนุมัติ}</arg>
<doc>Click the element identified by ``locator``.</doc>
<status status="PASS" start="2025-03-31T17:31:20.503985" elapsed="1.084225"/>
</kw>
<kw name="Click Element" owner="SeleniumLibrary">
<msg time="2025-03-31T17:31:21.590393" level="INFO">Clicking element '//button//span[contains(text(), 'ยืนยัน')]'.</msg>
<arg>${ส่วนที่3_ยืนยัน}</arg>
<doc>Click the element identified by ``locator``.</doc>
<status status="PASS" start="2025-03-31T17:31:21.589376" elapsed="1.083724"/>
</kw>
<status status="PASS" start="2025-03-31T17:31:20.503985" elapsed="2.169115"/>
</kw>
<status status="PASS" start="2025-03-31T17:31:08.197866" elapsed="14.475234"/>
</test>
<test id="s1-t8" name="จบการทำงาน" line="61">
<kw name="จบการทำงาน" owner="main_keywords">
<kw name="Sleep" owner="BuiltIn">
<msg time="2025-03-31T17:31:27.680323" level="INFO">Slept 5 seconds.</msg>
<arg>5s</arg>
<doc>Pauses the test executed for the given time.</doc>
<status status="PASS" start="2025-03-31T17:31:22.676283" elapsed="5.004040"/>
</kw>
<kw name="Capture Page Screenshot" owner="SeleniumLibrary">
<msg time="2025-03-31T17:31:28.326055" level="INFO" html="true">&lt;/td&gt;&lt;/tr&gt;&lt;tr&gt;&lt;td colspan="3"&gt;&lt;a href="selenium-screenshot-8.png"&gt;&lt;img src="selenium-screenshot-8.png" width="800px"&gt;&lt;/a&gt;</msg>
<doc>Takes a screenshot of the current page and embeds it into a log file.</doc>
<status status="PASS" start="2025-03-31T17:31:27.680323" elapsed="0.645732"/>
</kw>
<kw name="Log" owner="BuiltIn">
<msg time="2025-03-31T17:31:28.327057" level="INFO">Test Teardown Completed</msg>
<arg>Test Teardown Completed</arg>
<doc>Logs the given message with the given level.</doc>
<status status="PASS" start="2025-03-31T17:31:28.327057" elapsed="0.001000"/>
</kw>
<kw name="Close Browser" owner="SeleniumLibrary">
<doc>Closes the current browser.</doc>
<status status="PASS" start="2025-03-31T17:31:28.328057" elapsed="3.331186"/>
</kw>
<status status="PASS" start="2025-03-31T17:31:22.675294" elapsed="8.984781"/>
</kw>
<status status="PASS" start="2025-03-31T17:31:22.674268" elapsed="8.985807"/>
</test>
<status status="PASS" start="2025-03-31T17:30:17.467935" elapsed="74.194180"/>
</suite>
<statistics>
<total>
<stat pass="8" fail="0" skip="0">All Tests</stat>
</total>
<tag>
</tag>
<suite>
<stat pass="8" fail="0" skip="0" id="s1" name="ปปง1-01 Testcase1">ปปง1-01 Testcase1</stat>
</suite>
</statistics>
<errors>
</errors>
</robot>
