<?xml version="1.0" encoding="UTF-8"?>
<robot generator="Robot 7.0.1 (Python 3.8.7 on win32)" generated="2025-05-16T16:35:08.318009" rpa="false" schemaversion="5">
<suite id="s1" name="ปปง1-01 Testcase1" source="D:\AML_Project\Testcase\AMLO\ปปง1-01\ปปง1-01_testcase1.robot">
<test id="s1-t1" name="1.open web IBank &amp; Login" line="35">
<kw name="Enteropen web IBank &amp; Login" owner="main_keywords">
<kw name="Open Browser" owner="SeleniumLibrary">
<msg time="2025-05-16T16:35:09.563253" level="INFO">Opening browser 'chrome' to base url 'https://dev.aml.ibank.co.th/'.</msg>
<arg>${URL:IBank}</arg>
<arg>${Browser}</arg>
<arg>options=add_argument("--ignore-certificate-errors")</arg>
<doc>Opens a new browser instance to the optional ``url``.</doc>
<status status="PASS" start="2025-05-16T16:35:09.561248" elapsed="7.173135"/>
</kw>
<kw name="Maximize Browser Window" owner="SeleniumLibrary">
<doc>Maximizes current browser window.</doc>
<status status="PASS" start="2025-05-16T16:35:16.734383" elapsed="0.035508"/>
</kw>
<kw name="Set Selenium Speed" owner="SeleniumLibrary">
<arg>0.5s</arg>
<doc>Sets the delay that is waited after each Selenium command.</doc>
<status status="PASS" start="2025-05-16T16:35:16.769891" elapsed="0.001008"/>
</kw>
<kw name="Wait Until Element Is Visible" owner="SeleniumLibrary">
<arg>xpath=//input[contains(@class, 'inputLogin')]</arg>
<arg>5s</arg>
<doc>Waits until the element ``locator`` is visible.</doc>
<status status="PASS" start="2025-05-16T16:35:16.770899" elapsed="1.800780"/>
</kw>
<kw name="Input Text" owner="SeleniumLibrary">
<msg time="2025-05-16T16:35:18.574700" level="INFO">Typing text '630051' into text field 'xpath=//input[contains(@class, 'inputLogin')]'.</msg>
<arg>xpath=//input[contains(@class, 'inputLogin')]</arg>
<arg>${ID:พนักงาน}</arg>
<doc>Types the given ``text`` into the text field identified by ``locator``.</doc>
<status status="PASS" start="2025-05-16T16:35:18.572694" elapsed="1.800926"/>
</kw>
<kw name="Input Password" owner="SeleniumLibrary">
<msg time="2025-05-16T16:35:20.374788" level="INFO">Typing password into text field 'xpath=//input[contains(@class, 'inputLogin') and @type='password']'.</msg>
<msg time="2025-05-16T16:35:21.452624" level="INFO">Temporally setting log level to: NONE</msg>
<arg>xpath=//input[contains(@class, 'inputLogin') and @type='password']</arg>
<arg>${password:พนักงาน}</arg>
<doc>Types the given password into the text field identified by ``locator``.</doc>
<status status="PASS" start="2025-05-16T16:35:20.374788" elapsed="1.701402"/>
</kw>
<kw name="Click Element" owner="SeleniumLibrary">
<msg time="2025-05-16T16:35:22.077194" level="INFO">Clicking element '//button[contains(@class, 'mat-raised-button')]'.</msg>
<arg>//button[contains(@class, 'mat-raised-button')]</arg>
<doc>Click the element identified by ``locator``.</doc>
<status status="PASS" start="2025-05-16T16:35:22.076190" elapsed="1.184254"/>
</kw>
<status status="PASS" start="2025-05-16T16:35:09.558249" elapsed="13.702195"/>
</kw>
<kw name="Run Keyword And Ignore Error" owner="BuiltIn">
<kw name="ยืนยันการเข้าระบบ" owner="main_keywords">
<kw name="Click Element" owner="SeleniumLibrary">
<msg time="2025-05-16T16:35:23.265982" level="INFO">Clicking element '//button[contains(@class, 'mat-raised-button')]//i[contains(@class, 'fa-check')]'.</msg>
<arg>//button[contains(@class, 'mat-raised-button')]//i[contains(@class, 'fa-check')]</arg>
<doc>Click the element identified by ``locator``.</doc>
<status status="PASS" start="2025-05-16T16:35:23.264985" elapsed="1.208853"/>
</kw>
<status status="PASS" start="2025-05-16T16:35:23.263984" elapsed="1.209854"/>
</kw>
<arg>ยืนยันการเข้าระบบ</arg>
<doc>Runs the given keyword with the given arguments and ignores possible error.</doc>
<status status="PASS" start="2025-05-16T16:35:23.262991" elapsed="1.210847"/>
</kw>
<kw name="Run Keyword And Ignore Error" owner="BuiltIn">
<kw name="ยืนยันการข้าม Pop-up" owner="main_keywords">
<kw name="Click Element" owner="SeleniumLibrary">
<msg time="2025-05-16T16:35:24.478746" level="INFO">Clicking element '//button//span[contains(text(), 'รับทราบ')]'.</msg>
<msg time="2025-05-16T16:35:25.749554" level="INFO" html="true">&lt;/td&gt;&lt;/tr&gt;&lt;tr&gt;&lt;td colspan="3"&gt;&lt;a href="selenium-screenshot-22.png"&gt;&lt;img src="selenium-screenshot-22.png" width="800px"&gt;&lt;/a&gt;</msg>
<msg time="2025-05-16T16:35:25.750554" level="FAIL">StaleElementReferenceException: Message: stale element reference: stale element not found in the current frame
  (Session info: chrome=136.0.7103.114); For documentation on this error, please visit: https://www.selenium.dev/documentation/webdriver/troubleshooting/errors#stale-element-reference-exception
Stacktrace:
	GetHandleVerifier [0x00007FF7912CCF65+75717]
	GetHandleVerifier [0x00007FF7912CCFC0+75808]
	(No symbol) [0x00007FF791098F9A]
	(No symbol) [0x00007FF7910A0998]
	(No symbol) [0x00007FF7910A3A0C]
	(No symbol) [0x00007FF7910A3ADF]
	(No symbol) [0x00007FF7910F16CD]
	(No symbol) [0x00007FF7910E2300]
	(No symbol) [0x00007FF79111737A]
	(No symbol) [0x00007FF7910E1C46]
	(No symbol) [0x00007FF791117590]
	(No symbol) [0x00007FF79113F39C]
	(No symbol) [0x00007FF791117153]
	(No symbol) [0x00007FF7910E0421]
	(No symbol) [0x00007FF7910E11B3]
	GetHandleVerifier [0x00007FF7915CD74D+3223469]
	GetHandleVerifier [0x00007FF7915C7CF2+3200338]
	GetHandleVerifier [0x00007FF7915E5B23+3322755]
	GetHandleVerifier [0x00007FF7912E6A3A+180890]
	GetHandleVerifier [0x00007FF7912EE13F+211359]
	GetHandleVerifier [0x00007FF7912D52B4+109332]
	GetHandleVerifier [0x00007FF7912D5462+109762]
	GetHandleVerifier [0x00007FF7912BBA79+4825]
	BaseThreadInitThunk [0x00007FFAE967259D+29]
	RtlUserThreadStart [0x00007FFAEA38AF58+40]
</msg>
<arg>//button//span[contains(text(), 'รับทราบ')]</arg>
<doc>Click the element identified by ``locator``.</doc>
<status status="FAIL" start="2025-05-16T16:35:24.478746" elapsed="1.293250">StaleElementReferenceException: Message: stale element reference: stale element not found in the current frame
  (Session info: chrome=136.0.7103.114); For documentation on this error, please visit: https://www.selenium.dev/documentation/webdriver/troubleshooting/errors#stale-element-reference-exception
Stacktrace:
	GetHandleVerifier [0x00007FF7912CCF65+75717]
	GetHandleVerifier [0x00007FF7912CCFC0+75808]
	(No symbol) [0x00007FF791098F9A]
	(No symbol) [0x00007FF7910A0998]
	(No symbol) [0x00007FF7910A3A0C]
	(No symbol) [0x00007FF7910A3ADF]
	(No symbol) [0x00007FF7910F16CD]
	(No symbol) [0x00007FF7910E2300]
	(No symbol) [0x00007FF79111737A]
	(No symbol) [0x00007FF7910E1C46]
	(No symbol) [0x00007FF791117590]
	(No symbol) [0x00007FF79113F39C]
	(No symbol) [0x00007FF791117153]
	(No symbol) [0x00007FF7910E0421]
	(No symbol) [0x00007FF7910E11B3]
	GetHandleVerifier [0x00007FF7915CD74D+3223469]
	GetHandleVerifier [0x00007FF7915C7CF2+3200338]
	GetHandleVerifier [0x00007FF7915E5B23+3322755]
	GetHandleVerifier [0x00007FF7912E6A3A+180890]
	GetHandleVerifier [0x00007FF7912EE13F+211359]
	GetHandleVerifier [0x00007FF7912D52B4+109332]
	GetHandleVerifier [0x00007FF7912D5462+109762]
	GetHandleVerifier [0x00007FF7912BBA79+4825]
	BaseThreadInitThunk [0x00007FFAE967259D+29]
	RtlUserThreadStart [0x00007FFAEA38AF58+40]
</status>
</kw>
<status status="FAIL" start="2025-05-16T16:35:24.476755" elapsed="1.296241">StaleElementReferenceException: Message: stale element reference: stale element not found in the current frame
  (Session info: chrome=136.0.7103.114); For documentation on this error, please visit: https://www.selenium.dev/documentation/webdriver/troubleshooting/errors#stale-element-reference-exception
Stacktrace:
	GetHandleVerifier [0x00007FF7912CCF65+75717]
	GetHandleVerifier [0x00007FF7912CCFC0+75808]
	(No symbol) [0x00007FF791098F9A]
	(No symbol) [0x00007FF7910A0998]
	(No symbol) [0x00007FF7910A3A0C]
	(No symbol) [0x00007FF7910A3ADF]
	(No symbol) [0x00007FF7910F16CD]
	(No symbol) [0x00007FF7910E2300]
	(No symbol) [0x00007FF79111737A]
	(No symbol) [0x00007FF7910E1C46]
	(No symbol) [0x00007FF791117590]
	(No symbol) [0x00007FF79113F39C]
	(No symbol) [0x00007FF791117153]
	(No symbol) [0x00007FF7910E0421]
	(No symbol) [0x00007FF7910E11B3]
	GetHandleVerifier [0x00007FF7915CD74D+3223469]
	GetHandleVerifier [0x00007FF7915C7CF2+3200338]
	GetHandleVerifier [0x00007FF7915E5B23+3322755]
	GetHandleVerifier [0x00007FF7912E6A3A+180890]
	GetHandleVerifier [0x00007FF7912EE13F+211359]
	GetHandleVerifier [0x00007FF7912D52B4+109332]
	GetHandleVerifier [0x00007FF7912D5462+109762]
	GetHandleVerifier [0x00007FF7912BBA79+4825]
	BaseThreadInitThunk [0x00007FFAE967259D+29]
	RtlUserThreadStart [0x00007FFAEA38AF58+40]
</status>
</kw>
<arg>ยืนยันการข้าม Pop-up</arg>
<doc>Runs the given keyword with the given arguments and ignores possible error.</doc>
<status status="PASS" start="2025-05-16T16:35:24.475757" elapsed="1.297239"/>
</kw>
<doc>ทดสอบการยื่นคำร้อง manual ของ ปปง.1-01 กรณี ยื่นคำร้องเอง</doc>
<status status="PASS" start="2025-05-16T16:35:09.553716" elapsed="16.220411"/>
</test>
<test id="s1-t2" name="2.เลือก AML &amp; ยื่นคำร้อง" line="40">
<kw name="เมนู AML ยื่นคำร้องManual" owner="AMLO Variables">
<kw name="Click Element" owner="SeleniumLibrary">
<msg time="2025-05-16T16:35:25.777644" level="INFO">Clicking element 'xpath=//a[contains(@class, 'sidebar-link') and .//div[contains(text(), 'AML')]]'.</msg>
<arg>${AML-ไทย}</arg>
<doc>Click the element identified by ``locator``.</doc>
<status status="PASS" start="2025-05-16T16:35:25.777644" elapsed="1.108882"/>
</kw>
<kw name="Click Element" owner="SeleniumLibrary">
<msg time="2025-05-16T16:35:26.888911" level="INFO">Clicking element 'xpath=//a[contains(@class, 'mat-list-item') and contains(., 'ยื่นคำร้อง Manual')]'.</msg>
<msg time="2025-05-16T16:35:28.135571" level="INFO" html="true">&lt;/td&gt;&lt;/tr&gt;&lt;tr&gt;&lt;td colspan="3"&gt;&lt;a href="selenium-screenshot-23.png"&gt;&lt;img src="selenium-screenshot-23.png" width="800px"&gt;&lt;/a&gt;</msg>
<msg time="2025-05-16T16:35:28.135571" level="FAIL">Element with locator 'xpath=//a[contains(@class, 'mat-list-item') and contains(., 'ยื่นคำร้อง Manual')]' not found.</msg>
<arg>${ยื่นคำร้องManual}</arg>
<doc>Click the element identified by ``locator``.</doc>
<status status="FAIL" start="2025-05-16T16:35:26.887542" elapsed="1.253343">Element with locator 'xpath=//a[contains(@class, 'mat-list-item') and contains(., 'ยื่นคำร้อง Manual')]' not found.</status>
</kw>
<status status="FAIL" start="2025-05-16T16:35:25.775637" elapsed="2.366711">Element with locator 'xpath=//a[contains(@class, 'mat-list-item') and contains(., 'ยื่นคำร้อง Manual')]' not found.</status>
</kw>
<status status="FAIL" start="2025-05-16T16:35:25.774127" elapsed="2.368221">Element with locator 'xpath=//a[contains(@class, 'mat-list-item') and contains(., 'ยื่นคำร้อง Manual')]' not found.</status>
</test>
<test id="s1-t3" name="3.เลือกรายการ_ปปง1-01" line="45">
<kw name="เลือกรายการ_ปปง1-01" owner="keywords_Testcase_1-01">
<kw name="Click Element" owner="SeleniumLibrary">
<msg time="2025-05-16T16:35:28.147979" level="INFO">Clicking element 'xpath=//mat-select[@aria-labelledby='mat-select-value-1']'.</msg>
<msg time="2025-05-16T16:35:29.419543" level="INFO" html="true">&lt;/td&gt;&lt;/tr&gt;&lt;tr&gt;&lt;td colspan="3"&gt;&lt;a href="selenium-screenshot-24.png"&gt;&lt;img src="selenium-screenshot-24.png" width="800px"&gt;&lt;/a&gt;</msg>
<msg time="2025-05-16T16:35:29.420537" level="FAIL">Element with locator 'xpath=//mat-select[@aria-labelledby='mat-select-value-1']' not found.</msg>
<arg>${ประเภทรายงาน}</arg>
<doc>Click the element identified by ``locator``.</doc>
<status status="FAIL" start="2025-05-16T16:35:28.146976" elapsed="1.274567">Element with locator 'xpath=//mat-select[@aria-labelledby='mat-select-value-1']' not found.</status>
</kw>
<kw name="Click Element" owner="SeleniumLibrary">
<arg>${ปปง.1-01}</arg>
<doc>Click the element identified by ``locator``.</doc>
<status status="NOT RUN" start="2025-05-16T16:35:29.422540" elapsed="0.000000"/>
</kw>
<status status="FAIL" start="2025-05-16T16:35:28.145977" elapsed="1.276563">Element with locator 'xpath=//mat-select[@aria-labelledby='mat-select-value-1']' not found.</status>
</kw>
<status status="FAIL" start="2025-05-16T16:35:28.144975" elapsed="1.279566">Element with locator 'xpath=//mat-select[@aria-labelledby='mat-select-value-1']' not found.</status>
</test>
<test id="s1-t4" name="4.รายงานล่าช้า &amp; ไม่ใช่ลูกค้าธนาคาร" line="49">
<kw name="ยื่นคำร้องรายงานล่าช้า &amp; ไม่ใช่ลูกค้าธนาคาร" owner="keywords_Testcase_1-01">
<kw name="Click Element" owner="SeleniumLibrary">
<msg time="2025-05-16T16:35:29.430072" level="INFO">Clicking element 'xpath=//mat-radio-button[@ng-reflect-value='01']'.</msg>
<msg time="2025-05-16T16:35:30.616257" level="INFO" html="true">&lt;/td&gt;&lt;/tr&gt;&lt;tr&gt;&lt;td colspan="3"&gt;&lt;a href="selenium-screenshot-25.png"&gt;&lt;img src="selenium-screenshot-25.png" width="800px"&gt;&lt;/a&gt;</msg>
<msg time="2025-05-16T16:35:30.617259" level="FAIL">Element with locator 'xpath=//mat-radio-button[@ng-reflect-value='01']' not found.</msg>
<arg>${รายงานเนื่องจาก_รายงานตัวช้า}</arg>
<doc>Click the element identified by ``locator``.</doc>
<status status="FAIL" start="2025-05-16T16:35:29.430072" elapsed="1.188204">Element with locator 'xpath=//mat-radio-button[@ng-reflect-value='01']' not found.</status>
</kw>
<kw name="Click Element" owner="SeleniumLibrary">
<arg>${ค้าหาข้อมูลจากลูกค้าด้วย_บัตรประจำตัว_ไม่ใช้ลูกค้าธนาคาร}</arg>
<doc>Click the element identified by ``locator``.</doc>
<status status="NOT RUN" start="2025-05-16T16:35:30.618276" elapsed="0.000000"/>
</kw>
<kw name="Click Element" owner="SeleniumLibrary">
<arg>${ยื่นคำร้องManual_ถัดไป}</arg>
<doc>Click the element identified by ``locator``.</doc>
<status status="NOT RUN" start="2025-05-16T16:35:30.619276" elapsed="0.000000"/>
</kw>
<status status="FAIL" start="2025-05-16T16:35:29.429071" elapsed="1.190205">Element with locator 'xpath=//mat-radio-button[@ng-reflect-value='01']' not found.</status>
</kw>
<status status="FAIL" start="2025-05-16T16:35:29.426072" elapsed="1.194202">Element with locator 'xpath=//mat-radio-button[@ng-reflect-value='01']' not found.</status>
</test>
<test id="s1-t5" name="5.ส่วนที่1" line="53">
<kw name="เรียกเลขบัตร" owner="AMLO Variables">
<kw name="สุ่มเลขบัตร13หลัก" owner="AMLO Variables">
<kw name="Evaluate" owner="BuiltIn">
<msg time="2025-05-16T16:35:30.625274" level="INFO">${random_number} = 4157017542899</msg>
<var>${random_number}</var>
<arg>random.randint(${MIN}, ${MAX})</arg>
<arg>modules=random</arg>
<doc>Evaluates the given expression in Python and returns the result.</doc>
<status status="PASS" start="2025-05-16T16:35:30.624273" elapsed="0.001001"/>
</kw>
<kw name="Set Suite Variable" owner="BuiltIn">
<msg time="2025-05-16T16:35:30.625274" level="INFO">${random_number} = 4157017542899</msg>
<arg>${random_number}</arg>
<arg>${random_number}</arg>
<doc>Makes a variable available everywhere within the scope of the current suite.</doc>
<status status="PASS" start="2025-05-16T16:35:30.625274" elapsed="0.001158"/>
</kw>
<return>
<value>${random_number}</value>
<status status="PASS" start="2025-05-16T16:35:30.626432" elapsed="0.000000"/>
</return>
<status status="PASS" start="2025-05-16T16:35:30.623274" elapsed="0.003158"/>
</kw>
<kw name="ใช้งานเลขบัตร" owner="AMLO Variables">
<kw name="สุ่มเลขบัตร13หลัก" owner="AMLO Variables">
<kw name="Evaluate" owner="BuiltIn">
<msg time="2025-05-16T16:35:30.630434" level="INFO">${random_number} = 6399672403871</msg>
<var>${random_number}</var>
<arg>random.randint(${MIN}, ${MAX})</arg>
<arg>modules=random</arg>
<doc>Evaluates the given expression in Python and returns the result.</doc>
<status status="PASS" start="2025-05-16T16:35:30.630434" elapsed="0.000000"/>
</kw>
<kw name="Set Suite Variable" owner="BuiltIn">
<msg time="2025-05-16T16:35:30.631432" level="INFO">${random_number} = 6399672403871</msg>
<arg>${random_number}</arg>
<arg>${random_number}</arg>
<doc>Makes a variable available everywhere within the scope of the current suite.</doc>
<status status="PASS" start="2025-05-16T16:35:30.631432" elapsed="0.001002"/>
</kw>
<return>
<value>${random_number}</value>
<status status="PASS" start="2025-05-16T16:35:30.632434" elapsed="0.000000"/>
</return>
<msg time="2025-05-16T16:35:30.632434" level="INFO">${เลขที่บัตร} = 6399672403871</msg>
<var>${เลขที่บัตร}</var>
<status status="PASS" start="2025-05-16T16:35:30.627435" elapsed="0.004999"/>
</kw>
<kw name="Set Suite Variable" owner="BuiltIn">
<msg time="2025-05-16T16:35:30.633438" level="INFO">${เลขที่บัตร} = 6399672403871</msg>
<arg>${เลขที่บัตร}</arg>
<arg>${เลขที่บัตร}</arg>
<doc>Makes a variable available everywhere within the scope of the current suite.</doc>
<status status="PASS" start="2025-05-16T16:35:30.632434" elapsed="0.001004"/>
</kw>
<return>
<value>${เลขที่บัตร}</value>
<status status="PASS" start="2025-05-16T16:35:30.633438" elapsed="0.000000"/>
</return>
<status status="PASS" start="2025-05-16T16:35:30.627435" elapsed="0.006003"/>
</kw>
<status status="PASS" start="2025-05-16T16:35:30.622276" elapsed="0.011162"/>
</kw>
<kw name="ส่วนที่1 ระบุข้อมูล(ทำธุรกรรมด้วยตนเอง)" owner="keywords_Testcase_1-01">
<kw name="Input Text" owner="SeleniumLibrary">
<msg time="2025-05-16T16:35:30.635964" level="INFO">Typing text 'test' into text field 'xpath=//textarea[@ng-reflect-maxlength='2000']'.</msg>
<msg time="2025-05-16T16:35:32.168693" level="INFO" html="true">&lt;/td&gt;&lt;/tr&gt;&lt;tr&gt;&lt;td colspan="3"&gt;&lt;a href="selenium-screenshot-26.png"&gt;&lt;img src="selenium-screenshot-26.png" width="800px"&gt;&lt;/a&gt;</msg>
<msg time="2025-05-16T16:35:32.169689" level="FAIL">Element with locator 'xpath=//textarea[@ng-reflect-maxlength='2000']' not found.</msg>
<arg>${เหตุผลการรายงาน Mannual_เหตุผลในการรายงาน}</arg>
<arg>${เหตุผลในการรายงาน}</arg>
<doc>Types the given ``text`` into the text field identified by ``locator``.</doc>
<status status="FAIL" start="2025-05-16T16:35:30.634950" elapsed="1.538742">Element with locator 'xpath=//textarea[@ng-reflect-maxlength='2000']' not found.</status>
</kw>
<kw name="Click Element" owner="SeleniumLibrary">
<arg>${1.1_คำนำหน้าชื่อ}</arg>
<doc>Click the element identified by ``locator``.</doc>
<status status="NOT RUN" start="2025-05-16T16:35:32.174693" elapsed="0.000000"/>
</kw>
<kw name="Click Element" owner="SeleniumLibrary">
<arg>${1.1_คำนำหน้าชื่อ_เลือก}</arg>
<doc>Click the element identified by ``locator``.</doc>
<status status="NOT RUN" start="2025-05-16T16:35:32.174693" elapsed="0.000000"/>
</kw>
<kw name="Input Text" owner="SeleniumLibrary">
<arg>${1.1_ชื่อ}</arg>
<arg>${ชื่อ}</arg>
<doc>Types the given ``text`` into the text field identified by ``locator``.</doc>
<status status="NOT RUN" start="2025-05-16T16:35:32.175691" elapsed="0.000000"/>
</kw>
<kw name="Input Text" owner="SeleniumLibrary">
<arg>${1.1_นามสกุล}</arg>
<arg>${นามสกุล}</arg>
<doc>Types the given ``text`` into the text field identified by ``locator``.</doc>
<status status="NOT RUN" start="2025-05-16T16:35:32.176200" elapsed="0.000000"/>
</kw>
<kw name="Input Text" owner="SeleniumLibrary">
<arg>${1.1_เอกสารประจำตัว_เลขที่}</arg>
<arg>${เลขที่บัตร}</arg>
<doc>Types the given ``text`` into the text field identified by ``locator``.</doc>
<status status="NOT RUN" start="2025-05-16T16:35:32.176200" elapsed="0.000000"/>
</kw>
<kw name="Click Element" owner="SeleniumLibrary">
<arg>${1.1_เอกสารประจำตัว_ทำธุรกรรมด้วยตนเอง}</arg>
<doc>Click the element identified by ``locator``.</doc>
<status status="NOT RUN" start="2025-05-16T16:35:32.176200" elapsed="0.000000"/>
</kw>
<kw name="Input Text" owner="SeleniumLibrary">
<arg>${1.2_ที่อยู่}</arg>
<arg>${ที่อยู่}</arg>
<doc>Types the given ``text`` into the text field identified by ``locator``.</doc>
<status status="NOT RUN" start="2025-05-16T16:35:32.177213" elapsed="0.000000"/>
</kw>
<kw name="Click Element" owner="SeleniumLibrary">
<arg>${1.2_ประเทศ}</arg>
<doc>Click the element identified by ``locator``.</doc>
<status status="NOT RUN" start="2025-05-16T16:35:32.177213" elapsed="0.000000"/>
</kw>
<kw name="Click Element" owner="SeleniumLibrary">
<arg>${1.2_ที่อยู่_ประเทศ_ไทย}</arg>
<doc>Click the element identified by ``locator``.</doc>
<status status="NOT RUN" start="2025-05-16T16:35:32.177213" elapsed="0.000000"/>
</kw>
<kw name="Click Element" owner="SeleniumLibrary">
<arg>${1.2_ที่อยู่_ประเทศ_จังหวัด}</arg>
<doc>Click the element identified by ``locator``.</doc>
<status status="NOT RUN" start="2025-05-16T16:35:32.178224" elapsed="0.000000"/>
</kw>
<kw name="Click Element" owner="SeleniumLibrary">
<arg>${1.2_ที่อยู่_ประเทศ_จังหวัด_เลือก}</arg>
<doc>Click the element identified by ``locator``.</doc>
<status status="NOT RUN" start="2025-05-16T16:35:32.178224" elapsed="0.000000"/>
</kw>
<kw name="Click Element" owner="SeleniumLibrary">
<arg>${1.2_ที่อยู่_ประเทศ_อำเภอ}</arg>
<doc>Click the element identified by ``locator``.</doc>
<status status="NOT RUN" start="2025-05-16T16:35:32.178224" elapsed="0.000000"/>
</kw>
<kw name="Click Element" owner="SeleniumLibrary">
<arg>${1.2_ที่อยู่_ประเทศ_อำเภอ_เลือก}</arg>
<doc>Click the element identified by ``locator``.</doc>
<status status="NOT RUN" start="2025-05-16T16:35:32.178224" elapsed="0.001000"/>
</kw>
<kw name="Click Element" owner="SeleniumLibrary">
<arg>${1.2_ที่อยู่_ประเทศ_ตำบล}</arg>
<doc>Click the element identified by ``locator``.</doc>
<status status="NOT RUN" start="2025-05-16T16:35:32.179224" elapsed="0.000000"/>
</kw>
<kw name="Click Element" owner="SeleniumLibrary">
<arg>${1.2_ที่อยู่_ประเทศ_ตำบล_เลือก}</arg>
<doc>Click the element identified by ``locator``.</doc>
<status status="NOT RUN" start="2025-05-16T16:35:32.179224" elapsed="0.000000"/>
</kw>
<kw name="Input Text" owner="SeleniumLibrary">
<arg>${1.2_ที่อยู่_ประเทศ_รหัสไปรษณีย์_เลข}</arg>
<arg>${รหัสไปรษณีย์}</arg>
<doc>Types the given ``text`` into the text field identified by ``locator``.</doc>
<status status="NOT RUN" start="2025-05-16T16:35:32.179224" elapsed="0.000000"/>
</kw>
<kw name="Click Element" owner="SeleniumLibrary">
<arg>${1.3อาชีพ}</arg>
<doc>Click the element identified by ``locator``.</doc>
<status status="NOT RUN" start="2025-05-16T16:35:32.180223" elapsed="0.000000"/>
</kw>
<kw name="Click Element" owner="SeleniumLibrary">
<arg>${1.3อาชีพ_เลือก}</arg>
<doc>Click the element identified by ``locator``.</doc>
<status status="NOT RUN" start="2025-05-16T16:35:32.180223" elapsed="0.000000"/>
</kw>
<kw name="Input Text" owner="SeleniumLibrary">
<arg>${1.5_เลขที่}</arg>
<arg>${เลขที่บัตร2}</arg>
<doc>Types the given ``text`` into the text field identified by ``locator``.</doc>
<status status="NOT RUN" start="2025-05-16T16:35:32.180223" elapsed="0.000000"/>
</kw>
<status status="FAIL" start="2025-05-16T16:35:30.634950" elapsed="1.546272">Element with locator 'xpath=//textarea[@ng-reflect-maxlength='2000']' not found.</status>
</kw>
<kw name="ส่วนที่1 บันทึกและไปหน้าถัดไป" owner="keywords_Testcase_1-01">
<status status="NOT RUN" start="2025-05-16T16:35:32.182733" elapsed="0.000000"/>
</kw>
<status status="FAIL" start="2025-05-16T16:35:30.621279" elapsed="1.562467">Element with locator 'xpath=//textarea[@ng-reflect-maxlength='2000']' not found.</status>
</test>
<test id="s1-t6" name="6.ส่วนที่2" line="58">
<kw name="ส่วนที่2 ถัดไป" owner="keywords_Testcase_1-01">
<kw name="Click Element" owner="SeleniumLibrary">
<msg time="2025-05-16T16:35:32.189062" level="INFO">Clicking element '//button[contains(@class, 'mat-raised-button') and .//span[contains(text(), 'ถัดไป')]]'.</msg>
<msg time="2025-05-16T16:35:33.990870" level="WARN">Keyword 'Capture Page Screenshot' could not be run on failure: Message: invalid session id
Stacktrace:
	GetHandleVerifier [0x00007FF7912CCF65+75717]
	GetHandleVerifier [0x00007FF7912CCFC0+75808]
	(No symbol) [0x00007FF791098DCC]
	(No symbol) [0x00007FF7910DF54F]
	(No symbol) [0x00007FF791117242]
	(No symbol) [0x00007FF791111C63]
	(No symbol) [0x00007FF791110D29]
	(No symbol) [0x00007FF791065A55]
	GetHandleVerifier [0x00007FF7915CD74D+3223469]
	GetHandleVerifier [0x00007FF7915C7CF2+3200338]
	GetHandleVerifier [0x00007FF7915E5B23+3322755]
	GetHandleVerifier [0x00007FF7912E6A3A+180890]
	GetHandleVerifier [0x00007FF7912EE13F+211359]
	(No symbol) [0x00007FF791064AC8]
	GetHandleVerifier [0x00007FF7916B6FF8+4180056]
	BaseThreadInitThunk [0x00007FFAE967259D+29]
	RtlUserThreadStart [0x00007FFAEA38AF58+40]
</msg>
<msg time="2025-05-16T16:35:33.993877" level="FAIL">InvalidSessionIdException: Message: invalid session id: session deleted as the browser has closed the connection
from disconnected: not connected to DevTools
  (Session info: chrome=136.0.7103.114)
Stacktrace:
	GetHandleVerifier [0x00007FF7912CCF65+75717]
	GetHandleVerifier [0x00007FF7912CCFC0+75808]
	(No symbol) [0x00007FF791098F9A]
	(No symbol) [0x00007FF791084E35]
	(No symbol) [0x00007FF7910A9DB4]
	(No symbol) [0x00007FF79111EE75]
	(No symbol) [0x00007FF79113ECC2]
	(No symbol) [0x00007FF791117153]
	(No symbol) [0x00007FF7910E0421]
	(No symbol) [0x00007FF7910E11B3]
	GetHandleVerifier [0x00007FF7915CD74D+3223469]
	GetHandleVerifier [0x00007FF7915C7CF2+3200338]
	GetHandleVerifier [0x00007FF7915E5B23+3322755]
	GetHandleVerifier [0x00007FF7912E6A3A+180890]
	GetHandleVerifier [0x00007FF7912EE13F+211359]
	GetHandleVerifier [0x00007FF7912D52B4+109332]
	GetHandleVerifier [0x00007FF7912D5462+109762]
	GetHandleVerifier [0x00007FF7912BBA79+4825]
	BaseThreadInitThunk [0x00007FFAE967259D+29]
	RtlUserThreadStart [0x00007FFAEA38AF58+40]
</msg>
<arg>${ส่วนที่2_ถัดไป}</arg>
<doc>Click the element identified by ``locator``.</doc>
<status status="FAIL" start="2025-05-16T16:35:32.189062" elapsed="1.808327">InvalidSessionIdException: Message: invalid session id: session deleted as the browser has closed the connection
from disconnected: not connected to DevTools
  (Session info: chrome=136.0.7103.114)
Stacktrace:
	GetHandleVerifier [0x00007FF7912CCF65+75717]
	GetHandleVerifier [0x00007FF7912CCFC0+75808]
	(No symbol) [0x00007FF791098F9A]
	(No symbol) [0x00007FF791084E35]
	(No symbol) [0x00007FF7910A9DB4]
	(No symbol) [0x00007FF79111EE75]
	(No symbol) [0x00007FF79113ECC2]
	(No symbol) [0x00007FF791117153]
	(No symbol) [0x00007FF7910E0421]
	(No symbol) [0x00007FF7910E11B3]
	GetHandleVerifier [0x00007FF7915CD74D+3223469]
	GetHandleVerifier [0x00007FF7915C7CF2+3200338]
	GetHandleVerifier [0x00007FF7915E5B23+3322755]
	GetHandleVerifier [0x00007FF7912E6A3A+180890]
	GetHandleVerifier [0x00007FF7912EE13F+211359]
	GetHandleVerifier [0x00007FF7912D52B4+109332]
	GetHandleVerifier [0x00007FF7912D5462+109762]
	GetHandleVerifier [0x00007FF7912BBA79+4825]
	BaseThreadInitThunk [0x00007FFAE967259D+29]
	RtlUserThreadStart [0x00007FFAEA38AF58+40]
</status>
</kw>
<status status="FAIL" start="2025-05-16T16:35:32.188050" elapsed="1.809339">InvalidSessionIdException: Message: invalid session id: session deleted as the browser has closed the connection
from disconnected: not connected to DevTools
  (Session info: chrome=136.0.7103.114)
Stacktrace:
	GetHandleVerifier [0x00007FF7912CCF65+75717]
	GetHandleVerifier [0x00007FF7912CCFC0+75808]
	(No symbol) [0x00007FF791098F9A]
	(No symbol) [0x00007FF791084E35]
	(No symbol) [0x00007FF7910A9DB4]
	(No symbol) [0x00007FF79111EE75]
	(No symbol) [0x00007FF79113ECC2]
	(No symbol) [0x00007FF791117153]
	(No symbol) [0x00007FF7910E0421]
	(No symbol) [0x00007FF7910E11B3]
	GetHandleVerifier [0x00007FF7915CD74D+3223469]
	GetHandleVerifier [0x00007FF7915C7CF2+3200338]
	GetHandleVerifier [0x00007FF7915E5B23+3322755]
	GetHandleVerifier [0x00007FF7912E6A3A+180890]
	GetHandleVerifier [0x00007FF7912EE13F+211359]
	GetHandleVerifier [0x00007FF7912D52B4+109332]
	GetHandleVerifier [0x00007FF7912D5462+109762]
	GetHandleVerifier [0x00007FF7912BBA79+4825]
	BaseThreadInitThunk [0x00007FFAE967259D+29]
	RtlUserThreadStart [0x00007FFAEA38AF58+40]
</status>
</kw>
<status status="FAIL" start="2025-05-16T16:35:32.186255" elapsed="1.813150">InvalidSessionIdException: Message: invalid session id: session deleted as the browser has closed the connection
from disconnected: not connected to DevTools
  (Session info: chrome=136.0.7103.114)
Stacktrace:
	GetHandleVerifier [0x00007FF7912CCF65+75717]
	GetHandleVerifier [0x00007FF7912CCFC0+75808]
	(No symbol) [0x00007FF791098F9A]
	(No symbol) [0x00007FF791084E35]
	(No symbol) [0x00007FF7910A9DB4]
	(No symbol) [0x00007FF79111EE75]
	(No symbol) [0x00007FF79113ECC2]
	(No symbol) [0x00007FF791117153]
	(No symbol) [0x00007FF7910E0421]
	(No symbol) [0x00007FF7910E11B3]
	GetHandleVerifier [0x00007FF7915CD74D+3223469]
	GetHandleVerifier [0x00007FF7915C7CF2+3200338]
	GetHandleVerifier [0x00007FF7915E5B23+3322755]
	GetHandleVerifier [0x00007FF7912E6A3A+180890]
	GetHandleVerifier [0x00007FF7912EE13F+211359]
	GetHandleVerifier [0x00007FF7912D52B4+109332]
	GetHandleVerifier [0x00007FF7912D5462+109762]
	GetHandleVerifier [0x00007FF7912BBA79+4825]
	BaseThreadInitThunk [0x00007FFAE967259D+29]
	RtlUserThreadStart [0x00007FFAEA38AF58+40]
</status>
</test>
<test id="s1-t7" name="7.ส่วนที่3" line="61">
<kw name="ส่วนที่ 3 ระบุข้อมูล(เลือกฝากเงิน/ถอนเงิน)" owner="keywords_Testcase_1-01">
<kw name="Input Text" owner="SeleniumLibrary">
<msg time="2025-05-16T16:35:34.009943" level="INFO">Typing text '01/01/2567' into text field 'xpath=//input[contains(@class, 'mat-datepicker-input')]'.</msg>
<msg time="2025-05-16T16:35:34.025486" level="WARN">Keyword 'Capture Page Screenshot' could not be run on failure: Message: invalid session id
Stacktrace:
	GetHandleVerifier [0x00007FF7912CCF65+75717]
	GetHandleVerifier [0x00007FF7912CCFC0+75808]
	(No symbol) [0x00007FF791098DCC]
	(No symbol) [0x00007FF7910DF54F]
	(No symbol) [0x00007FF791117242]
	(No symbol) [0x00007FF791111C63]
	(No symbol) [0x00007FF791110D29]
	(No symbol) [0x00007FF791065A55]
	GetHandleVerifier [0x00007FF7915CD74D+3223469]
	GetHandleVerifier [0x00007FF7915C7CF2+3200338]
	GetHandleVerifier [0x00007FF7915E5B23+3322755]
	GetHandleVerifier [0x00007FF7912E6A3A+180890]
	GetHandleVerifier [0x00007FF7912EE13F+211359]
	(No symbol) [0x00007FF791064AC8]
	GetHandleVerifier [0x00007FF7916B6FF8+4180056]
	BaseThreadInitThunk [0x00007FFAE967259D+29]
	RtlUserThreadStart [0x00007FFAEA38AF58+40]
</msg>
<msg time="2025-05-16T16:35:34.030014" level="FAIL">InvalidSessionIdException: Message: invalid session id
Stacktrace:
	GetHandleVerifier [0x00007FF7912CCF65+75717]
	GetHandleVerifier [0x00007FF7912CCFC0+75808]
	(No symbol) [0x00007FF791098DCC]
	(No symbol) [0x00007FF7910DF54F]
	(No symbol) [0x00007FF791117242]
	(No symbol) [0x00007FF791111C63]
	(No symbol) [0x00007FF791110D29]
	(No symbol) [0x00007FF791065A55]
	GetHandleVerifier [0x00007FF7915CD74D+3223469]
	GetHandleVerifier [0x00007FF7915C7CF2+3200338]
	GetHandleVerifier [0x00007FF7915E5B23+3322755]
	GetHandleVerifier [0x00007FF7912E6A3A+180890]
	GetHandleVerifier [0x00007FF7912EE13F+211359]
	(No symbol) [0x00007FF791064AC8]
	GetHandleVerifier [0x00007FF7916B6FF8+4180056]
	BaseThreadInitThunk [0x00007FFAE967259D+29]
	RtlUserThreadStart [0x00007FFAEA38AF58+40]
</msg>
<arg>${3.1_ปวันที่ทำธุรกรรม}</arg>
<arg>${วันที่ทำธุระกรรม(dd/MM/yyyy)}</arg>
<doc>Types the given ``text`` into the text field identified by ``locator``.</doc>
<status status="FAIL" start="2025-05-16T16:35:34.008944" elapsed="0.024070">InvalidSessionIdException: Message: invalid session id
Stacktrace:
	GetHandleVerifier [0x00007FF7912CCF65+75717]
	GetHandleVerifier [0x00007FF7912CCFC0+75808]
	(No symbol) [0x00007FF791098DCC]
	(No symbol) [0x00007FF7910DF54F]
	(No symbol) [0x00007FF791117242]
	(No symbol) [0x00007FF791111C63]
	(No symbol) [0x00007FF791110D29]
	(No symbol) [0x00007FF791065A55]
	GetHandleVerifier [0x00007FF7915CD74D+3223469]
	GetHandleVerifier [0x00007FF7915C7CF2+3200338]
	GetHandleVerifier [0x00007FF7915E5B23+3322755]
	GetHandleVerifier [0x00007FF7912E6A3A+180890]
	GetHandleVerifier [0x00007FF7912EE13F+211359]
	(No symbol) [0x00007FF791064AC8]
	GetHandleVerifier [0x00007FF7916B6FF8+4180056]
	BaseThreadInitThunk [0x00007FFAE967259D+29]
	RtlUserThreadStart [0x00007FFAEA38AF58+40]
</status>
</kw>
<kw name="Click Element" owner="SeleniumLibrary">
<arg>${3.1_ประเภทและมูลค่าธุรกรรม}</arg>
<doc>Click the element identified by ``locator``.</doc>
<status status="NOT RUN" start="2025-05-16T16:35:34.034014" elapsed="0.000000"/>
</kw>
<kw name="Click Element" owner="SeleniumLibrary">
<arg>${3.1_ประเภทและมูลค่าธุรกรรม_เลือก}</arg>
<doc>Click the element identified by ``locator``.</doc>
<status status="NOT RUN" start="2025-05-16T16:35:34.034014" elapsed="0.000000"/>
</kw>
<kw name="Input Text" owner="SeleniumLibrary">
<arg>${3.1_ประเภทและมูลค่าธุรกรรม_จากบัญชีเลขที่}</arg>
<arg>${เข้าบัญชีเลขที่(0/30)}</arg>
<doc>Types the given ``text`` into the text field identified by ``locator``.</doc>
<status status="NOT RUN" start="2025-05-16T16:35:34.035013" elapsed="0.000000"/>
</kw>
<kw name="Input Text" owner="SeleniumLibrary">
<arg>${3.1_ประเภทและมูลค่าธุรกรรม_จากบัญชีเลขที่_จำนวน}</arg>
<arg>${จำนวนเงิน(2,000,000)}</arg>
<doc>Types the given ``text`` into the text field identified by ``locator``.</doc>
<status status="NOT RUN" start="2025-05-16T16:35:34.035013" elapsed="0.000000"/>
</kw>
<kw name="Click Element" owner="SeleniumLibrary">
<arg>${3.1วัตถุประสงค์ของการทำธุรกรรม}</arg>
<doc>Click the element identified by ``locator``.</doc>
<status status="NOT RUN" start="2025-05-16T16:35:34.035013" elapsed="0.000000"/>
</kw>
<kw name="Click Element" owner="SeleniumLibrary">
<arg>${3.3วัตถุประสงค์ของการทำธุรกรรม_เลือก}</arg>
<doc>Click the element identified by ``locator``.</doc>
<status status="NOT RUN" start="2025-05-16T16:35:34.036618" elapsed="0.000000"/>
</kw>
<status status="FAIL" start="2025-05-16T16:35:34.007939" elapsed="0.028679">InvalidSessionIdException: Message: invalid session id
Stacktrace:
	GetHandleVerifier [0x00007FF7912CCF65+75717]
	GetHandleVerifier [0x00007FF7912CCFC0+75808]
	(No symbol) [0x00007FF791098DCC]
	(No symbol) [0x00007FF7910DF54F]
	(No symbol) [0x00007FF791117242]
	(No symbol) [0x00007FF791111C63]
	(No symbol) [0x00007FF791110D29]
	(No symbol) [0x00007FF791065A55]
	GetHandleVerifier [0x00007FF7915CD74D+3223469]
	GetHandleVerifier [0x00007FF7915C7CF2+3200338]
	GetHandleVerifier [0x00007FF7915E5B23+3322755]
	GetHandleVerifier [0x00007FF7912E6A3A+180890]
	GetHandleVerifier [0x00007FF7912EE13F+211359]
	(No symbol) [0x00007FF791064AC8]
	GetHandleVerifier [0x00007FF7916B6FF8+4180056]
	BaseThreadInitThunk [0x00007FFAE967259D+29]
	RtlUserThreadStart [0x00007FFAEA38AF58+40]
</status>
</kw>
<kw name="ส่วนที่ 3 บันทึกข้อมูล" owner="keywords_Testcase_1-01">
<status status="NOT RUN" start="2025-05-16T16:35:34.038546" elapsed="0.000000"/>
</kw>
<kw name="ส่วนที่ 3 ขออนุมัติ" owner="keywords_Testcase_1-01">
<status status="NOT RUN" start="2025-05-16T16:35:34.039547" elapsed="0.000000"/>
</kw>
<status status="FAIL" start="2025-05-16T16:35:34.005406" elapsed="0.035668">InvalidSessionIdException: Message: invalid session id
Stacktrace:
	GetHandleVerifier [0x00007FF7912CCF65+75717]
	GetHandleVerifier [0x00007FF7912CCFC0+75808]
	(No symbol) [0x00007FF791098DCC]
	(No symbol) [0x00007FF7910DF54F]
	(No symbol) [0x00007FF791117242]
	(No symbol) [0x00007FF791111C63]
	(No symbol) [0x00007FF791110D29]
	(No symbol) [0x00007FF791065A55]
	GetHandleVerifier [0x00007FF7915CD74D+3223469]
	GetHandleVerifier [0x00007FF7915C7CF2+3200338]
	GetHandleVerifier [0x00007FF7915E5B23+3322755]
	GetHandleVerifier [0x00007FF7912E6A3A+180890]
	GetHandleVerifier [0x00007FF7912EE13F+211359]
	(No symbol) [0x00007FF791064AC8]
	GetHandleVerifier [0x00007FF7916B6FF8+4180056]
	BaseThreadInitThunk [0x00007FFAE967259D+29]
	RtlUserThreadStart [0x00007FFAEA38AF58+40]
</status>
</test>
<test id="s1-t8" name="8.ค้นหารายงาน" line="65">
<kw name="กดปุ่มตกลง" owner="keywordการค้นหา">
<kw name="Sleep" owner="BuiltIn">
<msg time="2025-05-16T16:35:37.076842" level="INFO">Slept 3 seconds.</msg>
<arg>3s</arg>
<doc>Pauses the test executed for the given time.</doc>
<status status="PASS" start="2025-05-16T16:35:34.075698" elapsed="3.001144"/>
</kw>
<kw name="Wait Until Element Is Visible" owner="SeleniumLibrary">
<msg time="2025-05-16T16:35:37.093465" level="WARN">Keyword 'Capture Page Screenshot' could not be run on failure: Message: invalid session id
Stacktrace:
	GetHandleVerifier [0x00007FF7912CCF65+75717]
	GetHandleVerifier [0x00007FF7912CCFC0+75808]
	(No symbol) [0x00007FF791098DCC]
	(No symbol) [0x00007FF7910DF54F]
	(No symbol) [0x00007FF791117242]
	(No symbol) [0x00007FF791111C63]
	(No symbol) [0x00007FF791110D29]
	(No symbol) [0x00007FF791065A55]
	GetHandleVerifier [0x00007FF7915CD74D+3223469]
	GetHandleVerifier [0x00007FF7915C7CF2+3200338]
	GetHandleVerifier [0x00007FF7915E5B23+3322755]
	GetHandleVerifier [0x00007FF7912E6A3A+180890]
	GetHandleVerifier [0x00007FF7912EE13F+211359]
	(No symbol) [0x00007FF791064AC8]
	GetHandleVerifier [0x00007FF7916B6FF8+4180056]
	BaseThreadInitThunk [0x00007FFAE967259D+29]
	RtlUserThreadStart [0x00007FFAEA38AF58+40]
</msg>
<msg time="2025-05-16T16:35:37.097473" level="FAIL">InvalidSessionIdException: Message: invalid session id
Stacktrace:
	GetHandleVerifier [0x00007FF7912CCF65+75717]
	GetHandleVerifier [0x00007FF7912CCFC0+75808]
	(No symbol) [0x00007FF791098DCC]
	(No symbol) [0x00007FF7910DF54F]
	(No symbol) [0x00007FF791117242]
	(No symbol) [0x00007FF791111C63]
	(No symbol) [0x00007FF791110D29]
	(No symbol) [0x00007FF791065A55]
	GetHandleVerifier [0x00007FF7915CD74D+3223469]
	GetHandleVerifier [0x00007FF7915C7CF2+3200338]
	GetHandleVerifier [0x00007FF7915E5B23+3322755]
	GetHandleVerifier [0x00007FF7912E6A3A+180890]
	GetHandleVerifier [0x00007FF7912EE13F+211359]
	(No symbol) [0x00007FF791064AC8]
	GetHandleVerifier [0x00007FF7916B6FF8+4180056]
	BaseThreadInitThunk [0x00007FFAE967259D+29]
	RtlUserThreadStart [0x00007FFAEA38AF58+40]
</msg>
<arg>${ปุ่มตกลง}</arg>
<arg>5s</arg>
<doc>Waits until the element ``locator`` is visible.</doc>
<status status="FAIL" start="2025-05-16T16:35:37.078449" elapsed="0.026112">InvalidSessionIdException: Message: invalid session id
Stacktrace:
	GetHandleVerifier [0x00007FF7912CCF65+75717]
	GetHandleVerifier [0x00007FF7912CCFC0+75808]
	(No symbol) [0x00007FF791098DCC]
	(No symbol) [0x00007FF7910DF54F]
	(No symbol) [0x00007FF791117242]
	(No symbol) [0x00007FF791111C63]
	(No symbol) [0x00007FF791110D29]
	(No symbol) [0x00007FF791065A55]
	GetHandleVerifier [0x00007FF7915CD74D+3223469]
	GetHandleVerifier [0x00007FF7915C7CF2+3200338]
	GetHandleVerifier [0x00007FF7915E5B23+3322755]
	GetHandleVerifier [0x00007FF7912E6A3A+180890]
	GetHandleVerifier [0x00007FF7912EE13F+211359]
	(No symbol) [0x00007FF791064AC8]
	GetHandleVerifier [0x00007FF7916B6FF8+4180056]
	BaseThreadInitThunk [0x00007FFAE967259D+29]
	RtlUserThreadStart [0x00007FFAEA38AF58+40]
</status>
</kw>
<kw name="Click Element" owner="SeleniumLibrary">
<arg>${ปุ่มตกลง}</arg>
<doc>Click the element identified by ``locator``.</doc>
<status status="NOT RUN" start="2025-05-16T16:35:37.105605" elapsed="0.000000"/>
</kw>
<status status="FAIL" start="2025-05-16T16:35:34.074697" elapsed="3.030908">InvalidSessionIdException: Message: invalid session id
Stacktrace:
	GetHandleVerifier [0x00007FF7912CCF65+75717]
	GetHandleVerifier [0x00007FF7912CCFC0+75808]
	(No symbol) [0x00007FF791098DCC]
	(No symbol) [0x00007FF7910DF54F]
	(No symbol) [0x00007FF791117242]
	(No symbol) [0x00007FF791111C63]
	(No symbol) [0x00007FF791110D29]
	(No symbol) [0x00007FF791065A55]
	GetHandleVerifier [0x00007FF7915CD74D+3223469]
	GetHandleVerifier [0x00007FF7915C7CF2+3200338]
	GetHandleVerifier [0x00007FF7915E5B23+3322755]
	GetHandleVerifier [0x00007FF7912E6A3A+180890]
	GetHandleVerifier [0x00007FF7912EE13F+211359]
	(No symbol) [0x00007FF791064AC8]
	GetHandleVerifier [0x00007FF7916B6FF8+4180056]
	BaseThreadInitThunk [0x00007FFAE967259D+29]
	RtlUserThreadStart [0x00007FFAEA38AF58+40]
</status>
</kw>
<kw name="ค้นหารายงานด้วย CIF" owner="keywordการค้นหา">
<status status="NOT RUN" start="2025-05-16T16:35:37.106599" elapsed="0.000000"/>
</kw>
<status status="FAIL" start="2025-05-16T16:35:34.043071" elapsed="3.065352">InvalidSessionIdException: Message: invalid session id
Stacktrace:
	GetHandleVerifier [0x00007FF7912CCF65+75717]
	GetHandleVerifier [0x00007FF7912CCFC0+75808]
	(No symbol) [0x00007FF791098DCC]
	(No symbol) [0x00007FF7910DF54F]
	(No symbol) [0x00007FF791117242]
	(No symbol) [0x00007FF791111C63]
	(No symbol) [0x00007FF791110D29]
	(No symbol) [0x00007FF791065A55]
	GetHandleVerifier [0x00007FF7915CD74D+3223469]
	GetHandleVerifier [0x00007FF7915C7CF2+3200338]
	GetHandleVerifier [0x00007FF7915E5B23+3322755]
	GetHandleVerifier [0x00007FF7912E6A3A+180890]
	GetHandleVerifier [0x00007FF7912EE13F+211359]
	(No symbol) [0x00007FF791064AC8]
	GetHandleVerifier [0x00007FF7916B6FF8+4180056]
	BaseThreadInitThunk [0x00007FFAE967259D+29]
	RtlUserThreadStart [0x00007FFAEA38AF58+40]
</status>
</test>
<test id="s1-t9" name="จบการทำงาน" line="68">
<kw name="จบการทำงาน" owner="main_keywords">
<kw name="Sleep" owner="BuiltIn">
<msg time="2025-05-16T16:35:42.120742" level="INFO">Slept 5 seconds.</msg>
<arg>5s</arg>
<doc>Pauses the test executed for the given time.</doc>
<status status="PASS" start="2025-05-16T16:35:37.115131" elapsed="5.005611"/>
</kw>
<kw name="Capture Page Screenshot" owner="SeleniumLibrary">
<msg time="2025-05-16T16:35:42.136745" level="WARN">Keyword 'Capture Page Screenshot' could not be run on failure: Message: invalid session id
Stacktrace:
	GetHandleVerifier [0x00007FF7912CCF65+75717]
	GetHandleVerifier [0x00007FF7912CCFC0+75808]
	(No symbol) [0x00007FF791098DCC]
	(No symbol) [0x00007FF7910DF54F]
	(No symbol) [0x00007FF791117242]
	(No symbol) [0x00007FF791111C63]
	(No symbol) [0x00007FF791110D29]
	(No symbol) [0x00007FF791065A55]
	GetHandleVerifier [0x00007FF7915CD74D+3223469]
	GetHandleVerifier [0x00007FF7915C7CF2+3200338]
	GetHandleVerifier [0x00007FF7915E5B23+3322755]
	GetHandleVerifier [0x00007FF7912E6A3A+180890]
	GetHandleVerifier [0x00007FF7912EE13F+211359]
	(No symbol) [0x00007FF791064AC8]
	GetHandleVerifier [0x00007FF7916B6FF8+4180056]
	BaseThreadInitThunk [0x00007FFAE967259D+29]
	RtlUserThreadStart [0x00007FFAEA38AF58+40]
</msg>
<msg time="2025-05-16T16:35:42.139782" level="FAIL">InvalidSessionIdException: Message: invalid session id
Stacktrace:
	GetHandleVerifier [0x00007FF7912CCF65+75717]
	GetHandleVerifier [0x00007FF7912CCFC0+75808]
	(No symbol) [0x00007FF791098DCC]
	(No symbol) [0x00007FF7910DF54F]
	(No symbol) [0x00007FF791117242]
	(No symbol) [0x00007FF791111C63]
	(No symbol) [0x00007FF791110D29]
	(No symbol) [0x00007FF791065A55]
	GetHandleVerifier [0x00007FF7915CD74D+3223469]
	GetHandleVerifier [0x00007FF7915C7CF2+3200338]
	GetHandleVerifier [0x00007FF7915E5B23+3322755]
	GetHandleVerifier [0x00007FF7912E6A3A+180890]
	GetHandleVerifier [0x00007FF7912EE13F+211359]
	(No symbol) [0x00007FF791064AC8]
	GetHandleVerifier [0x00007FF7916B6FF8+4180056]
	BaseThreadInitThunk [0x00007FFAE967259D+29]
	RtlUserThreadStart [0x00007FFAEA38AF58+40]
</msg>
<doc>Takes a screenshot of the current page and embeds it into a log file.</doc>
<status status="FAIL" start="2025-05-16T16:35:42.122201" elapsed="0.023796">InvalidSessionIdException: Message: invalid session id
Stacktrace:
	GetHandleVerifier [0x00007FF7912CCF65+75717]
	GetHandleVerifier [0x00007FF7912CCFC0+75808]
	(No symbol) [0x00007FF791098DCC]
	(No symbol) [0x00007FF7910DF54F]
	(No symbol) [0x00007FF791117242]
	(No symbol) [0x00007FF791111C63]
	(No symbol) [0x00007FF791110D29]
	(No symbol) [0x00007FF791065A55]
	GetHandleVerifier [0x00007FF7915CD74D+3223469]
	GetHandleVerifier [0x00007FF7915C7CF2+3200338]
	GetHandleVerifier [0x00007FF7915E5B23+3322755]
	GetHandleVerifier [0x00007FF7912E6A3A+180890]
	GetHandleVerifier [0x00007FF7912EE13F+211359]
	(No symbol) [0x00007FF791064AC8]
	GetHandleVerifier [0x00007FF7916B6FF8+4180056]
	BaseThreadInitThunk [0x00007FFAE967259D+29]
	RtlUserThreadStart [0x00007FFAEA38AF58+40]
</status>
</kw>
<kw name="Log" owner="BuiltIn">
<arg>Test Teardown Completed</arg>
<doc>Logs the given message with the given level.</doc>
<status status="NOT RUN" start="2025-05-16T16:35:42.146996" elapsed="0.000000"/>
</kw>
<kw name="Close Browser" owner="SeleniumLibrary">
<doc>Closes the current browser.</doc>
<status status="NOT RUN" start="2025-05-16T16:35:42.147879" elapsed="0.000000"/>
</kw>
<status status="FAIL" start="2025-05-16T16:35:37.114136" elapsed="5.033743">InvalidSessionIdException: Message: invalid session id
Stacktrace:
	GetHandleVerifier [0x00007FF7912CCF65+75717]
	GetHandleVerifier [0x00007FF7912CCFC0+75808]
	(No symbol) [0x00007FF791098DCC]
	(No symbol) [0x00007FF7910DF54F]
	(No symbol) [0x00007FF791117242]
	(No symbol) [0x00007FF791111C63]
	(No symbol) [0x00007FF791110D29]
	(No symbol) [0x00007FF791065A55]
	GetHandleVerifier [0x00007FF7915CD74D+3223469]
	GetHandleVerifier [0x00007FF7915C7CF2+3200338]
	GetHandleVerifier [0x00007FF7915E5B23+3322755]
	GetHandleVerifier [0x00007FF7912E6A3A+180890]
	GetHandleVerifier [0x00007FF7912EE13F+211359]
	(No symbol) [0x00007FF791064AC8]
	GetHandleVerifier [0x00007FF7916B6FF8+4180056]
	BaseThreadInitThunk [0x00007FFAE967259D+29]
	RtlUserThreadStart [0x00007FFAEA38AF58+40]
</status>
</kw>
<status status="FAIL" start="2025-05-16T16:35:37.112125" elapsed="5.036775">InvalidSessionIdException: Message: invalid session id
Stacktrace:
	GetHandleVerifier [0x00007FF7912CCF65+75717]
	GetHandleVerifier [0x00007FF7912CCFC0+75808]
	(No symbol) [0x00007FF791098DCC]
	(No symbol) [0x00007FF7910DF54F]
	(No symbol) [0x00007FF791117242]
	(No symbol) [0x00007FF791111C63]
	(No symbol) [0x00007FF791110D29]
	(No symbol) [0x00007FF791065A55]
	GetHandleVerifier [0x00007FF7915CD74D+3223469]
	GetHandleVerifier [0x00007FF7915C7CF2+3200338]
	GetHandleVerifier [0x00007FF7915E5B23+3322755]
	GetHandleVerifier [0x00007FF7912E6A3A+180890]
	GetHandleVerifier [0x00007FF7912EE13F+211359]
	(No symbol) [0x00007FF791064AC8]
	GetHandleVerifier [0x00007FF7916B6FF8+4180056]
	BaseThreadInitThunk [0x00007FFAE967259D+29]
	RtlUserThreadStart [0x00007FFAEA38AF58+40]
</status>
</test>
<status status="FAIL" start="2025-05-16T16:35:08.342114" elapsed="33.811316"/>
</suite>
<statistics>
<total>
<stat pass="1" fail="8" skip="0">All Tests</stat>
</total>
<tag>
</tag>
<suite>
<stat pass="1" fail="8" skip="0" id="s1" name="ปปง1-01 Testcase1">ปปง1-01 Testcase1</stat>
</suite>
</statistics>
<errors>
<msg time="2025-05-16T16:35:09.364199" level="WARN">Error in file 'D:\AML_Project\Resources\Menu_name\AML\ยื่นคำร้อง Manual\AMLO Variables.robot' on line 29: The '[Return]' setting is deprecated. Use the 'RETURN' statement instead.</msg>
<msg time="2025-05-16T16:35:09.365715" level="WARN">Error in file 'D:\AML_Project\Resources\Menu_name\AML\ยื่นคำร้อง Manual\AMLO Variables.robot' on line 33: The '[Return]' setting is deprecated. Use the 'RETURN' statement instead.</msg>
<msg time="2025-05-16T16:35:09.367736" level="WARN">Error in file 'D:\AML_Project\Resources\Menu_name\AML\ยื่นคำร้อง Manual\AMLO Variables.robot' on line 38: The '[Return]' setting is deprecated. Use the 'RETURN' statement instead.</msg>
<msg time="2025-05-16T16:35:09.451244" level="ERROR">Error in file 'D:\AML_Project\Resources\Menu_name\AML\ยื่นคำร้อง Manual\ปปง1-01\ปปง1-01_va.robot' on line 121: Setting variable '${2.1_คำนำหน้าชื่อ_เลือก}' failed: Resolving variable '${คำนำหน้า_ส่วน2}' failed: Variable '${คำนำหน}' not found. Did you mean:
    ${คำนำหน้า}</msg>
<msg time="2025-05-16T16:35:09.471998" level="ERROR">Error in file 'D:\AML_Project\Resources\Menu_name\AML\ยื่นคำร้อง Manual\ปปง1-01\ปปง1-01_va.robot' on line 135: Setting variable '${2.2_ที่อยู่_ประเทศ_จังหวัด_เลือก}' failed: Resolving variable '${companyProvince_ส่วน2}' failed: Variable '${companyProvince_ส}' not found. Did you mean:
    ${companyProvince}</msg>
<msg time="2025-05-16T16:35:09.494080" level="ERROR">Error in file 'D:\AML_Project\Resources\Menu_name\AML\ยื่นคำร้อง Manual\ปปง1-01\ปปง1-01_va.robot' on line 139: Setting variable '${2.2_ที่อยู่_ประเทศ_ตำบล_เลือก}' failed: Resolving variable '${companySubdistrict_ส่วน2}' failed: Variable '${companySubdistrict_ส}' not found. Did you mean:
    ${companySubdistrict}
    ${companyDistrict}</msg>
<msg time="2025-05-16T16:35:09.518071" level="ERROR">Error in file 'D:\AML_Project\Resources\Menu_name\AML\ยื่นคำร้อง Manual\ปปง1-01\ปปง1-01_va.robot' on line 137: Setting variable '${2.2_ที่อยู่_ประเทศ_อำเภอ_เลือก}' failed: Resolving variable '${companyDistrict_ส่วน2}' failed: Variable '${companyDistrict_ส}' not found. Did you mean:
    ${companyDistrict}
    ${companySubdistrict}</msg>
<msg time="2025-05-16T16:35:09.539894" level="ERROR">Error in file 'D:\AML_Project\Resources\Menu_name\AML\ยื่นคำร้อง Manual\ปปง1-01\ปปง1-01_va.robot' on line 144: Setting variable '${2.3อาชีพ_เลือก}' failed: Resolving variable '${เลือกอาชีพ_ส่วน2}' failed: Variable '${เล}' not found.</msg>
<msg time="2025-05-16T16:35:33.990870" level="WARN">Keyword 'Capture Page Screenshot' could not be run on failure: Message: invalid session id
Stacktrace:
	GetHandleVerifier [0x00007FF7912CCF65+75717]
	GetHandleVerifier [0x00007FF7912CCFC0+75808]
	(No symbol) [0x00007FF791098DCC]
	(No symbol) [0x00007FF7910DF54F]
	(No symbol) [0x00007FF791117242]
	(No symbol) [0x00007FF791111C63]
	(No symbol) [0x00007FF791110D29]
	(No symbol) [0x00007FF791065A55]
	GetHandleVerifier [0x00007FF7915CD74D+3223469]
	GetHandleVerifier [0x00007FF7915C7CF2+3200338]
	GetHandleVerifier [0x00007FF7915E5B23+3322755]
	GetHandleVerifier [0x00007FF7912E6A3A+180890]
	GetHandleVerifier [0x00007FF7912EE13F+211359]
	(No symbol) [0x00007FF791064AC8]
	GetHandleVerifier [0x00007FF7916B6FF8+4180056]
	BaseThreadInitThunk [0x00007FFAE967259D+29]
	RtlUserThreadStart [0x00007FFAEA38AF58+40]
</msg>
<msg time="2025-05-16T16:35:34.025486" level="WARN">Keyword 'Capture Page Screenshot' could not be run on failure: Message: invalid session id
Stacktrace:
	GetHandleVerifier [0x00007FF7912CCF65+75717]
	GetHandleVerifier [0x00007FF7912CCFC0+75808]
	(No symbol) [0x00007FF791098DCC]
	(No symbol) [0x00007FF7910DF54F]
	(No symbol) [0x00007FF791117242]
	(No symbol) [0x00007FF791111C63]
	(No symbol) [0x00007FF791110D29]
	(No symbol) [0x00007FF791065A55]
	GetHandleVerifier [0x00007FF7915CD74D+3223469]
	GetHandleVerifier [0x00007FF7915C7CF2+3200338]
	GetHandleVerifier [0x00007FF7915E5B23+3322755]
	GetHandleVerifier [0x00007FF7912E6A3A+180890]
	GetHandleVerifier [0x00007FF7912EE13F+211359]
	(No symbol) [0x00007FF791064AC8]
	GetHandleVerifier [0x00007FF7916B6FF8+4180056]
	BaseThreadInitThunk [0x00007FFAE967259D+29]
	RtlUserThreadStart [0x00007FFAEA38AF58+40]
</msg>
<msg time="2025-05-16T16:35:37.093465" level="WARN">Keyword 'Capture Page Screenshot' could not be run on failure: Message: invalid session id
Stacktrace:
	GetHandleVerifier [0x00007FF7912CCF65+75717]
	GetHandleVerifier [0x00007FF7912CCFC0+75808]
	(No symbol) [0x00007FF791098DCC]
	(No symbol) [0x00007FF7910DF54F]
	(No symbol) [0x00007FF791117242]
	(No symbol) [0x00007FF791111C63]
	(No symbol) [0x00007FF791110D29]
	(No symbol) [0x00007FF791065A55]
	GetHandleVerifier [0x00007FF7915CD74D+3223469]
	GetHandleVerifier [0x00007FF7915C7CF2+3200338]
	GetHandleVerifier [0x00007FF7915E5B23+3322755]
	GetHandleVerifier [0x00007FF7912E6A3A+180890]
	GetHandleVerifier [0x00007FF7912EE13F+211359]
	(No symbol) [0x00007FF791064AC8]
	GetHandleVerifier [0x00007FF7916B6FF8+4180056]
	BaseThreadInitThunk [0x00007FFAE967259D+29]
	RtlUserThreadStart [0x00007FFAEA38AF58+40]
</msg>
<msg time="2025-05-16T16:35:42.136745" level="WARN">Keyword 'Capture Page Screenshot' could not be run on failure: Message: invalid session id
Stacktrace:
	GetHandleVerifier [0x00007FF7912CCF65+75717]
	GetHandleVerifier [0x00007FF7912CCFC0+75808]
	(No symbol) [0x00007FF791098DCC]
	(No symbol) [0x00007FF7910DF54F]
	(No symbol) [0x00007FF791117242]
	(No symbol) [0x00007FF791111C63]
	(No symbol) [0x00007FF791110D29]
	(No symbol) [0x00007FF791065A55]
	GetHandleVerifier [0x00007FF7915CD74D+3223469]
	GetHandleVerifier [0x00007FF7915C7CF2+3200338]
	GetHandleVerifier [0x00007FF7915E5B23+3322755]
	GetHandleVerifier [0x00007FF7912E6A3A+180890]
	GetHandleVerifier [0x00007FF7912EE13F+211359]
	(No symbol) [0x00007FF791064AC8]
	GetHandleVerifier [0x00007FF7916B6FF8+4180056]
	BaseThreadInitThunk [0x00007FFAE967259D+29]
	RtlUserThreadStart [0x00007FFAEA38AF58+40]
</msg>
</errors>
</robot>
