<?xml version="1.0" encoding="UTF-8"?>
<robot generator="Robot 7.0.1 (Python 3.8.7 on win32)" generated="2025-07-29T23:41:10.299335" rpa="false" schemaversion="5">
<suite id="s1" name="EDD MX 014" source="D:\AML_Project\TestCase\EDD\EDD_MX_014.robot">
<test id="s1-t1" name="1.open web IBank &amp; Login" line="25">
<kw name="Enteropen web IBank &amp; Login" owner="main_keywords">
<kw name="Open Browser" owner="SeleniumLibrary">
<msg time="2025-07-29T23:41:10.640028" level="INFO">Opening browser 'chrome' to base url 'https://172.26.59.117/login'.</msg>
<arg>${URL:IBank}</arg>
<arg>${Browser}</arg>
<arg>options=add_argument("--ignore-certificate-errors")</arg>
<doc>Opens a new browser instance to the optional ``url``.</doc>
<status status="PASS" start="2025-07-29T23:41:10.640028" elapsed="5.036635"/>
</kw>
<kw name="Maximize Browser Window" owner="SeleniumLibrary">
<doc>Maximizes current browser window.</doc>
<status status="PASS" start="2025-07-29T23:41:15.677661" elapsed="0.023896"/>
</kw>
<kw name="Set Selenium Speed" owner="SeleniumLibrary">
<arg>0.5s</arg>
<doc>Sets the delay that is waited after each Selenium command.</doc>
<status status="PASS" start="2025-07-29T23:41:15.701557" elapsed="0.000999"/>
</kw>
<status status="PASS" start="2025-07-29T23:41:10.640028" elapsed="5.062528"/>
</kw>
<kw name="เข้าด้วยUserระดับพนักงาน" owner="main_keywords">
<kw name="Wait Until Element Is Visible" owner="SeleniumLibrary">
<arg>xpath=//input[contains(@class, 'inputLogin')]</arg>
<doc>Waits until the element ``locator`` is visible.</doc>
<status status="PASS" start="2025-07-29T23:41:15.703553" elapsed="1.740320"/>
</kw>
<kw name="Input Text" owner="SeleniumLibrary">
<msg time="2025-07-29T23:41:17.443873" level="INFO">Typing text '540763' into text field 'xpath=//input[contains(@class, 'inputLogin')]'.</msg>
<arg>xpath=//input[contains(@class, 'inputLogin')]</arg>
<arg>${ID:พนักงาน}</arg>
<doc>Types the given ``text`` into the text field identified by ``locator``.</doc>
<status status="PASS" start="2025-07-29T23:41:17.443873" elapsed="1.580651"/>
</kw>
<kw name="Input Password" owner="SeleniumLibrary">
<msg time="2025-07-29T23:41:19.024524" level="INFO">Typing password into text field 'xpath=//input[contains(@class, 'inputLogin') and @type='password']'.</msg>
<msg time="2025-07-29T23:41:20.060010" level="INFO">Temporally setting log level to: NONE</msg>
<arg>xpath=//input[contains(@class, 'inputLogin') and @type='password']</arg>
<arg>${password:พนักงาน}</arg>
<doc>Types the given password into the text field identified by ``locator``.</doc>
<status status="PASS" start="2025-07-29T23:41:19.024524" elapsed="1.567654"/>
</kw>
<kw name="Click Element" owner="SeleniumLibrary">
<msg time="2025-07-29T23:41:20.592178" level="INFO">Clicking element '//button[contains(@class, 'mat-raised-button')]'.</msg>
<arg>//button[contains(@class, 'mat-raised-button')]</arg>
<doc>Click the element identified by ``locator``.</doc>
<status status="PASS" start="2025-07-29T23:41:20.592178" elapsed="1.056317"/>
</kw>
<kw name="Run Keyword And Ignore Error" owner="BuiltIn">
<kw name="ยืนยันการเข้าระบบ" owner="main_keywords">
<kw name="Wait Until Element Is Visible" owner="SeleniumLibrary">
<arg>//button[contains(@class, 'mat-raised-button')]//i[contains(@class, 'fa-check')]</arg>
<doc>Waits until the element ``locator`` is visible.</doc>
<status status="PASS" start="2025-07-29T23:41:21.650458" elapsed="1.044172"/>
</kw>
<kw name="Click Element" owner="SeleniumLibrary">
<msg time="2025-07-29T23:41:22.694630" level="INFO">Clicking element '//button[contains(@class, 'mat-raised-button')]//i[contains(@class, 'fa-check')]'.</msg>
<arg>//button[contains(@class, 'mat-raised-button')]//i[contains(@class, 'fa-check')]</arg>
<doc>Click the element identified by ``locator``.</doc>
<status status="PASS" start="2025-07-29T23:41:22.694630" elapsed="1.069293"/>
</kw>
<status status="PASS" start="2025-07-29T23:41:21.650458" elapsed="2.113465"/>
</kw>
<arg>ยืนยันการเข้าระบบ</arg>
<doc>Runs the given keyword with the given arguments and ignores possible error.</doc>
<status status="PASS" start="2025-07-29T23:41:21.649429" elapsed="2.114494"/>
</kw>
<kw name="Run Keyword And Ignore Error" owner="BuiltIn">
<kw name="ยืนยันการข้าม Pop-up" owner="main_keywords">
<kw name="Wait Until Element Is Visible" owner="SeleniumLibrary">
<msg time="2025-07-29T23:41:30.090518" level="INFO" html="true">&lt;/td&gt;&lt;/tr&gt;&lt;tr&gt;&lt;td colspan="3"&gt;&lt;a href="selenium-screenshot-1.png"&gt;&lt;img src="selenium-screenshot-1.png" width="800px"&gt;&lt;/a&gt;</msg>
<msg time="2025-07-29T23:41:30.090518" level="FAIL">Element 'xpath=//button[.//span[normalize-space(text())='Close']]' not visible after 5 seconds.</msg>
<arg>xpath=//button[.//span[normalize-space(text())='Close']]</arg>
<arg>timeout=5s</arg>
<doc>Waits until the element ``locator`` is visible.</doc>
<status status="FAIL" start="2025-07-29T23:41:23.765087" elapsed="6.330805">Element 'xpath=//button[.//span[normalize-space(text())='Close']]' not visible after 5 seconds.</status>
</kw>
<kw name="Click Element" owner="SeleniumLibrary">
<arg>xpath=//button[.//span[normalize-space(text())='Close']]</arg>
<doc>Click the element identified by ``locator``.</doc>
<status status="NOT RUN" start="2025-07-29T23:41:30.095892" elapsed="0.000000"/>
</kw>
<status status="FAIL" start="2025-07-29T23:41:23.765087" elapsed="6.331803">Element 'xpath=//button[.//span[normalize-space(text())='Close']]' not visible after 5 seconds.</status>
</kw>
<arg>ยืนยันการข้าม Pop-up</arg>
<doc>Runs the given keyword with the given arguments and ignores possible error.</doc>
<status status="PASS" start="2025-07-29T23:41:23.763923" elapsed="6.332967"/>
</kw>
<status status="PASS" start="2025-07-29T23:41:15.702556" elapsed="14.394334"/>
</kw>
<doc>ทดสอบการแสดงหน้าเว็ปและการเข้าสู่ระบบ</doc>
<status status="PASS" start="2025-07-29T23:41:10.640028" elapsed="19.456862"/>
</test>
<test id="s1-t2" name="2.เลือก EDD" line="29">
<kw name="เข้าเมนู EDD" owner="CDD&amp;EDD Variables">
<kw name="Wait Until Element Is Visible" owner="SeleniumLibrary">
<arg>${CDD &amp; EDD}</arg>
<doc>Waits until the element ``locator`` is visible.</doc>
<status status="PASS" start="2025-07-29T23:41:30.097395" elapsed="1.042568"/>
</kw>
<kw name="Click Element" owner="SeleniumLibrary">
<msg time="2025-07-29T23:41:31.140625" level="INFO">Clicking element 'xpath=//a[contains(@class, 'sidebar-link') and .//div[contains(text(), 'CDD &amp; EDD')]]'.</msg>
<arg>${CDD &amp; EDD}</arg>
<doc>Click the element identified by ``locator``.</doc>
<status status="PASS" start="2025-07-29T23:41:31.140625" elapsed="1.054291"/>
</kw>
<kw name="Click Element" owner="SeleniumLibrary">
<msg time="2025-07-29T23:41:32.195663" level="INFO">Clicking element 'xpath=//a[contains(@class, 'mat-list-item') and contains(., 'EDD Alert')]'.</msg>
<arg>${EDD Alert}</arg>
<doc>Click the element identified by ``locator``.</doc>
<status status="PASS" start="2025-07-29T23:41:32.195663" elapsed="1.068034"/>
</kw>
<status status="PASS" start="2025-07-29T23:41:30.097395" elapsed="3.166302"/>
</kw>
<doc>เข้าเมนู CDD</doc>
<status status="PASS" start="2025-07-29T23:41:30.097395" elapsed="3.167084"/>
</test>
<test id="s1-t3" name="3.เข้าเมนู EDD ระดับพนักงาน" line="32">
<kw name="ค้นหารายงานด้วย CIF" owner="EDD_keyword">
<kw name="Wait Until Element Is Visible" owner="SeleniumLibrary">
<arg>${ค้นหาCIF}</arg>
<doc>Waits until the element ``locator`` is visible.</doc>
<status status="PASS" start="2025-07-29T23:41:33.266270" elapsed="1.029353"/>
</kw>
<kw name="Input Text" owner="SeleniumLibrary">
<msg time="2025-07-29T23:41:34.295623" level="INFO">Typing text '13084616' into text field '(//input[contains(@class, 'mat-input-element')])[2]'.</msg>
<arg>${ค้นหาCIF}</arg>
<arg>${CIF}</arg>
<doc>Types the given ``text`` into the text field identified by ``locator``.</doc>
<status status="PASS" start="2025-07-29T23:41:34.295623" elapsed="1.580808"/>
</kw>
<kw name="Sleep" owner="BuiltIn">
<msg time="2025-07-29T23:41:36.877626" level="INFO">Slept 1 second.</msg>
<arg>1s</arg>
<doc>Pauses the test executed for the given time.</doc>
<status status="PASS" start="2025-07-29T23:41:35.876431" elapsed="1.001195"/>
</kw>
<kw name="Wait Until Element Is Visible" owner="SeleniumLibrary">
<arg>${ปุ่มค้นหา_xpath}</arg>
<arg>5s</arg>
<doc>Waits until the element ``locator`` is visible.</doc>
<status status="PASS" start="2025-07-29T23:41:36.877626" elapsed="1.036277"/>
</kw>
<kw name="Click Element" owner="SeleniumLibrary">
<msg time="2025-07-29T23:41:37.915392" level="INFO">Clicking element '//button[.//span[contains(text(), 'ค้นหา')]]'.</msg>
<arg>${ปุ่มค้นหา_xpath}</arg>
<doc>Click the element identified by ``locator``.</doc>
<status status="PASS" start="2025-07-29T23:41:37.913903" elapsed="1.082513"/>
</kw>
<kw name="Sleep" owner="BuiltIn">
<msg time="2025-07-29T23:41:40.009522" level="INFO">Slept 1 second.</msg>
<arg>1s</arg>
<doc>Pauses the test executed for the given time.</doc>
<status status="PASS" start="2025-07-29T23:41:38.997426" elapsed="1.012096"/>
</kw>
<status status="PASS" start="2025-07-29T23:41:33.266270" elapsed="6.743252"/>
</kw>
<kw name="กดปุ่มทำรายการ" owner="EDD_keyword">
<kw name="Run Keyword And Ignore Error" owner="BuiltIn">
<kw name="Take Owner" owner="EDD_keyword">
<kw name="Wait Until Element Is Visible" owner="SeleniumLibrary">
<msg time="2025-07-29T23:41:46.312587" level="INFO" html="true">&lt;/td&gt;&lt;/tr&gt;&lt;tr&gt;&lt;td colspan="3"&gt;&lt;a href="selenium-screenshot-2.png"&gt;&lt;img src="selenium-screenshot-2.png" width="800px"&gt;&lt;/a&gt;</msg>
<msg time="2025-07-29T23:41:46.312587" level="FAIL">Element '//button[.//span[contains(text(), 'Take Owner')]]' not visible after 5 seconds.</msg>
<arg>${ปุ่มTake Owner_xpath}</arg>
<doc>Waits until the element ``locator`` is visible.</doc>
<status status="FAIL" start="2025-07-29T23:41:40.009522" elapsed="6.303065">Element '//button[.//span[contains(text(), 'Take Owner')]]' not visible after 5 seconds.</status>
</kw>
<kw name="Click Element" owner="SeleniumLibrary">
<arg>${ปุ่มTake Owner_xpath}</arg>
<doc>Click the element identified by ``locator``.</doc>
<status status="NOT RUN" start="2025-07-29T23:41:46.312587" elapsed="0.000000"/>
</kw>
<status status="FAIL" start="2025-07-29T23:41:40.009522" elapsed="6.303065">Element '//button[.//span[contains(text(), 'Take Owner')]]' not visible after 5 seconds.</status>
</kw>
<arg>Take Owner</arg>
<doc>Runs the given keyword with the given arguments and ignores possible error.</doc>
<status status="PASS" start="2025-07-29T23:41:40.009522" elapsed="6.303065"/>
</kw>
<kw name="Run Keyword And Ignore Error" owner="BuiltIn">
<kw name="Investigate" owner="EDD_keyword">
<kw name="Wait Until Element Is Visible" owner="SeleniumLibrary">
<arg>${ปุ่มInvestigate_xpath}</arg>
<doc>Waits until the element ``locator`` is visible.</doc>
<status status="PASS" start="2025-07-29T23:41:46.320603" elapsed="1.010137"/>
</kw>
<kw name="Click Element" owner="SeleniumLibrary">
<msg time="2025-07-29T23:41:47.330740" level="INFO">Clicking element '//button[.//span[contains(text(), 'Investigate')]]'.</msg>
<arg>${ปุ่มInvestigate_xpath}</arg>
<doc>Click the element identified by ``locator``.</doc>
<status status="PASS" start="2025-07-29T23:41:47.330740" elapsed="1.072097"/>
</kw>
<status status="PASS" start="2025-07-29T23:41:46.320603" elapsed="2.082234"/>
</kw>
<arg>Investigate</arg>
<doc>Runs the given keyword with the given arguments and ignores possible error.</doc>
<status status="PASS" start="2025-07-29T23:41:46.320603" elapsed="2.082234"/>
</kw>
<kw name="Run Keyword And Ignore Error" owner="BuiltIn">
<kw name="กดปุ่มตกลง" owner="EDD_keyword">
<kw name="Wait Until Element Is Enabled" owner="SeleniumLibrary">
<msg time="2025-07-29T23:41:59.063976" level="INFO" html="true">&lt;/td&gt;&lt;/tr&gt;&lt;tr&gt;&lt;td colspan="3"&gt;&lt;a href="selenium-screenshot-3.png"&gt;&lt;img src="selenium-screenshot-3.png" width="800px"&gt;&lt;/a&gt;</msg>
<msg time="2025-07-29T23:41:59.065008" level="FAIL">Element with locator '//button[.//span[contains(text(), 'ตกลง')]]' not found.</msg>
<arg>${ปุ่มตกลง_xpath}</arg>
<arg>timeout=10s</arg>
<doc>Waits until the element ``locator`` is enabled.</doc>
<status status="FAIL" start="2025-07-29T23:41:48.402837" elapsed="10.662171">Element with locator '//button[.//span[contains(text(), 'ตกลง')]]' not found.</status>
</kw>
<kw name="Wait Until Element Is Visible" owner="SeleniumLibrary">
<arg>${ปุ่มตกลง_xpath}</arg>
<arg>timeout=10s</arg>
<doc>Waits until the element ``locator`` is visible.</doc>
<status status="NOT RUN" start="2025-07-29T23:41:59.065008" elapsed="0.001034"/>
</kw>
<kw name="Click Element" owner="SeleniumLibrary">
<arg>${ปุ่มตกลง_xpath}</arg>
<doc>Click the element identified by ``locator``.</doc>
<status status="NOT RUN" start="2025-07-29T23:41:59.066042" elapsed="0.000000"/>
</kw>
<status status="FAIL" start="2025-07-29T23:41:48.402837" elapsed="10.663205">Element with locator '//button[.//span[contains(text(), 'ตกลง')]]' not found.</status>
</kw>
<arg>กดปุ่มตกลง</arg>
<doc>Runs the given keyword with the given arguments and ignores possible error.</doc>
<status status="PASS" start="2025-07-29T23:41:48.402837" elapsed="10.663205"/>
</kw>
<status status="PASS" start="2025-07-29T23:41:40.009522" elapsed="19.056520"/>
</kw>
<kw name="ข้อมูลส่วนไม่ต้องติดต่อลูกค้า" owner="EDD_keyword">
<kw name="Wait Until Element Is Visible" owner="SeleniumLibrary">
<arg>${ไม่ต้องติดต่อลูกค้าเนื่องจากเข้าข้อยกเว้น_xpath}</arg>
<doc>Waits until the element ``locator`` is visible.</doc>
<status status="PASS" start="2025-07-29T23:41:59.067089" elapsed="1.020619"/>
</kw>
<kw name="Click Element" owner="SeleniumLibrary">
<msg time="2025-07-29T23:42:00.087708" level="INFO">Clicking element '//mat-radio-button[@ng-reflect-value='3']'.</msg>
<arg>${ไม่ต้องติดต่อลูกค้าเนื่องจากเข้าข้อยกเว้น_xpath}</arg>
<doc>Click the element identified by ``locator``.</doc>
<status status="PASS" start="2025-07-29T23:42:00.087708" elapsed="1.056974"/>
</kw>
<kw name="Click Element" owner="SeleniumLibrary">
<msg time="2025-07-29T23:42:01.144682" level="INFO">Clicking element '//mat-radio-button[@ng-reflect-value='32']'.</msg>
<arg>${ไม่ต้องติดต่อลูกค้าเนื่องจากเข้าข้อยกเว้น_เลือก_xpath}</arg>
<doc>Click the element identified by ``locator``.</doc>
<status status="PASS" start="2025-07-29T23:42:01.144682" elapsed="1.062329"/>
</kw>
<status status="PASS" start="2025-07-29T23:41:59.067089" elapsed="3.139922"/>
</kw>
<kw name="บันทึกข้อมูล" owner="EDD_keyword">
<kw name="Wait Until Element Is Visible" owner="SeleniumLibrary">
<arg>${ปุ่มบันทึก}</arg>
<doc>Waits until the element ``locator`` is visible.</doc>
<status status="PASS" start="2025-07-29T23:42:02.207011" elapsed="1.027791"/>
</kw>
<kw name="Click Element" owner="SeleniumLibrary">
<msg time="2025-07-29T23:42:03.236420" level="INFO">Clicking element '//button[.//mat-icon[text()='save'] and .//mat-label[contains(text(), 'บันทึก')]]'.</msg>
<arg>${ปุ่มบันทึก}</arg>
<doc>Click the element identified by ``locator``.</doc>
<status status="PASS" start="2025-07-29T23:42:03.234802" elapsed="1.064463"/>
</kw>
<kw name="Run Keyword And Ignore Error" owner="BuiltIn">
<kw name="กดปุ่มตกลง" owner="EDD_keyword">
<kw name="Wait Until Element Is Enabled" owner="SeleniumLibrary">
<arg>${ปุ่มตกลง_xpath}</arg>
<arg>timeout=10s</arg>
<doc>Waits until the element ``locator`` is enabled.</doc>
<status status="PASS" start="2025-07-29T23:42:04.301266" elapsed="1.529612"/>
</kw>
<kw name="Wait Until Element Is Visible" owner="SeleniumLibrary">
<arg>${ปุ่มตกลง_xpath}</arg>
<arg>timeout=10s</arg>
<doc>Waits until the element ``locator`` is visible.</doc>
<status status="PASS" start="2025-07-29T23:42:05.830878" elapsed="1.035032"/>
</kw>
<kw name="Click Element" owner="SeleniumLibrary">
<msg time="2025-07-29T23:42:06.866925" level="INFO">Clicking element '//button[.//span[contains(text(), 'ตกลง')]]'.</msg>
<arg>${ปุ่มตกลง_xpath}</arg>
<doc>Click the element identified by ``locator``.</doc>
<status status="PASS" start="2025-07-29T23:42:06.866925" elapsed="1.061124"/>
</kw>
<status status="PASS" start="2025-07-29T23:42:04.301266" elapsed="3.626783"/>
</kw>
<arg>กดปุ่มตกลง</arg>
<doc>Runs the given keyword with the given arguments and ignores possible error.</doc>
<status status="PASS" start="2025-07-29T23:42:04.300267" elapsed="3.627782"/>
</kw>
<status status="PASS" start="2025-07-29T23:42:02.207011" elapsed="5.721038"/>
</kw>
<kw name="กดปุ่มถัดไป" owner="EDD_keyword">
<kw name="Wait Until Element Is Visible" owner="SeleniumLibrary">
<arg>${ปุ่มถัดไป}</arg>
<doc>Waits until the element ``locator`` is visible.</doc>
<status status="PASS" start="2025-07-29T23:42:07.928049" elapsed="1.023056"/>
</kw>
<kw name="Click Element" owner="SeleniumLibrary">
<msg time="2025-07-29T23:42:08.951105" level="INFO">Clicking element '//button[.//mat-label[contains(text(), 'ถัดไป')] and .//mat-icon[text()='arrow_forward']]'.</msg>
<arg>${ปุ่มถัดไป}</arg>
<doc>Click the element identified by ``locator``.</doc>
<status status="PASS" start="2025-07-29T23:42:08.951105" elapsed="1.064143"/>
</kw>
<status status="PASS" start="2025-07-29T23:42:07.928049" elapsed="2.087199"/>
</kw>
<kw name="กดปุ่มถัดไป" owner="EDD_keyword">
<kw name="Wait Until Element Is Visible" owner="SeleniumLibrary">
<arg>${ปุ่มถัดไป}</arg>
<doc>Waits until the element ``locator`` is visible.</doc>
<status status="PASS" start="2025-07-29T23:42:10.015248" elapsed="1.011410"/>
</kw>
<kw name="Click Element" owner="SeleniumLibrary">
<msg time="2025-07-29T23:42:11.026658" level="INFO">Clicking element '//button[.//mat-label[contains(text(), 'ถัดไป')] and .//mat-icon[text()='arrow_forward']]'.</msg>
<arg>${ปุ่มถัดไป}</arg>
<doc>Click the element identified by ``locator``.</doc>
<status status="PASS" start="2025-07-29T23:42:11.026658" elapsed="1.070141"/>
</kw>
<status status="PASS" start="2025-07-29T23:42:10.015248" elapsed="2.082570"/>
</kw>
<kw name="ไม่พบความผิดปกติ" owner="EDD_keyword">
<kw name="Wait Until Element Is Visible" owner="SeleniumLibrary">
<arg>${ไม่พบความผิดปกติ_xpath}</arg>
<doc>Waits until the element ``locator`` is visible.</doc>
<status status="PASS" start="2025-07-29T23:42:12.098335" elapsed="1.031261"/>
</kw>
<kw name="Click Element" owner="SeleniumLibrary">
<msg time="2025-07-29T23:42:13.130915" level="INFO">Clicking element '//mat-radio-button[@ng-reflect-value='1']'.</msg>
<arg>${ไม่พบความผิดปกติ_xpath}</arg>
<doc>Click the element identified by ``locator``.</doc>
<status status="PASS" start="2025-07-29T23:42:13.130368" elapsed="1.080559"/>
</kw>
<kw name="Input Text" owner="SeleniumLibrary">
<msg time="2025-07-29T23:42:14.210927" level="INFO">Typing text 'test' into text field '//textarea[contains(@class, 'mat-input-element') and @rows='15' and @maxlength='4000']'.</msg>
<arg>${ความคิดเห็น_xpath}</arg>
<arg>${ความคิดเห็น}</arg>
<doc>Types the given ``text`` into the text field identified by ``locator``.</doc>
<status status="PASS" start="2025-07-29T23:42:14.210927" elapsed="1.582321"/>
</kw>
<kw name="Capture Page Screenshot" owner="SeleniumLibrary">
<msg time="2025-07-29T23:42:16.399135" level="INFO" html="true">&lt;/td&gt;&lt;/tr&gt;&lt;tr&gt;&lt;td colspan="3"&gt;&lt;a href="selenium-screenshot-4.png"&gt;&lt;img src="selenium-screenshot-4.png" width="800px"&gt;&lt;/a&gt;</msg>
<doc>Takes a screenshot of the current page and embeds it into a log file.</doc>
<status status="PASS" start="2025-07-29T23:42:15.793248" elapsed="0.605887"/>
</kw>
<status status="PASS" start="2025-07-29T23:42:12.098335" elapsed="4.300800"/>
</kw>
<kw name="บันทึกข้อมูล" owner="EDD_keyword">
<kw name="Wait Until Element Is Visible" owner="SeleniumLibrary">
<arg>${ปุ่มบันทึก}</arg>
<doc>Waits until the element ``locator`` is visible.</doc>
<status status="PASS" start="2025-07-29T23:42:16.399135" elapsed="1.031776"/>
</kw>
<kw name="Click Element" owner="SeleniumLibrary">
<msg time="2025-07-29T23:42:17.431913" level="INFO">Clicking element '//button[.//mat-icon[text()='save'] and .//mat-label[contains(text(), 'บันทึก')]]'.</msg>
<arg>${ปุ่มบันทึก}</arg>
<doc>Click the element identified by ``locator``.</doc>
<status status="PASS" start="2025-07-29T23:42:17.430911" elapsed="1.066028"/>
</kw>
<kw name="Run Keyword And Ignore Error" owner="BuiltIn">
<kw name="กดปุ่มตกลง" owner="EDD_keyword">
<kw name="Wait Until Element Is Enabled" owner="SeleniumLibrary">
<arg>${ปุ่มตกลง_xpath}</arg>
<arg>timeout=10s</arg>
<doc>Waits until the element ``locator`` is enabled.</doc>
<status status="PASS" start="2025-07-29T23:42:18.499012" elapsed="1.537059"/>
</kw>
<kw name="Wait Until Element Is Visible" owner="SeleniumLibrary">
<arg>${ปุ่มตกลง_xpath}</arg>
<arg>timeout=10s</arg>
<doc>Waits until the element ``locator`` is visible.</doc>
<status status="PASS" start="2025-07-29T23:42:20.036071" elapsed="1.043688"/>
</kw>
<kw name="Click Element" owner="SeleniumLibrary">
<msg time="2025-07-29T23:42:21.079759" level="INFO">Clicking element '//button[.//span[contains(text(), 'ตกลง')]]'.</msg>
<arg>${ปุ่มตกลง_xpath}</arg>
<doc>Click the element identified by ``locator``.</doc>
<status status="PASS" start="2025-07-29T23:42:21.079759" elapsed="1.065184"/>
</kw>
<status status="PASS" start="2025-07-29T23:42:18.499012" elapsed="3.645931"/>
</kw>
<arg>กดปุ่มตกลง</arg>
<doc>Runs the given keyword with the given arguments and ignores possible error.</doc>
<status status="PASS" start="2025-07-29T23:42:18.497947" elapsed="3.646996"/>
</kw>
<status status="PASS" start="2025-07-29T23:42:16.399135" elapsed="5.745808"/>
</kw>
<kw name="ส่งไปขออนุมัติ" owner="EDD_keyword">
<kw name="Wait Until Element Is Visible" owner="SeleniumLibrary">
<arg>${ส่งไปขออนุมัติ}</arg>
<doc>Waits until the element ``locator`` is visible.</doc>
<status status="PASS" start="2025-07-29T23:42:22.144943" elapsed="1.024006"/>
</kw>
<kw name="Click Element" owner="SeleniumLibrary">
<msg time="2025-07-29T23:42:23.169858" level="INFO">Clicking element '//button[.//mat-label[normalize-space()='ส่งไปขออนุมัติ']]'.</msg>
<arg>${ส่งไปขออนุมัติ}</arg>
<doc>Click the element identified by ``locator``.</doc>
<status status="PASS" start="2025-07-29T23:42:23.169858" elapsed="1.059585"/>
</kw>
<kw name="Click Element" owner="SeleniumLibrary">
<msg time="2025-07-29T23:42:24.229443" level="INFO">Clicking element '//button[.//span[normalize-space()='ยืนยัน']]'.</msg>
<arg>${ปุ่มยืนยัน}</arg>
<doc>Click the element identified by ``locator``.</doc>
<status status="PASS" start="2025-07-29T23:42:24.229443" elapsed="1.069361"/>
</kw>
<kw name="Capture Page Screenshot" owner="SeleniumLibrary">
<msg time="2025-07-29T23:42:25.954536" level="INFO" html="true">&lt;/td&gt;&lt;/tr&gt;&lt;tr&gt;&lt;td colspan="3"&gt;&lt;a href="selenium-screenshot-5.png"&gt;&lt;img src="selenium-screenshot-5.png" width="800px"&gt;&lt;/a&gt;</msg>
<doc>Takes a screenshot of the current page and embeds it into a log file.</doc>
<status status="PASS" start="2025-07-29T23:42:25.300814" elapsed="0.653722"/>
</kw>
<kw name="Run Keyword And Ignore Error" owner="BuiltIn">
<kw name="กดปุ่มตกลง" owner="EDD_keyword">
<kw name="Wait Until Element Is Enabled" owner="SeleniumLibrary">
<arg>${ปุ่มตกลง_xpath}</arg>
<arg>timeout=10s</arg>
<doc>Waits until the element ``locator`` is enabled.</doc>
<status status="PASS" start="2025-07-29T23:42:25.954536" elapsed="1.544774"/>
</kw>
<kw name="Wait Until Element Is Visible" owner="SeleniumLibrary">
<arg>${ปุ่มตกลง_xpath}</arg>
<arg>timeout=10s</arg>
<doc>Waits until the element ``locator`` is visible.</doc>
<status status="PASS" start="2025-07-29T23:42:27.499310" elapsed="1.017930"/>
</kw>
<kw name="Click Element" owner="SeleniumLibrary">
<msg time="2025-07-29T23:42:28.517240" level="INFO">Clicking element '//button[.//span[contains(text(), 'ตกลง')]]'.</msg>
<arg>${ปุ่มตกลง_xpath}</arg>
<doc>Click the element identified by ``locator``.</doc>
<status status="PASS" start="2025-07-29T23:42:28.517240" elapsed="1.075130"/>
</kw>
<status status="PASS" start="2025-07-29T23:42:25.954536" elapsed="3.637834"/>
</kw>
<arg>กดปุ่มตกลง</arg>
<doc>Runs the given keyword with the given arguments and ignores possible error.</doc>
<status status="PASS" start="2025-07-29T23:42:25.954536" elapsed="3.637834"/>
</kw>
<kw name="Run Keyword And Ignore Error" owner="BuiltIn">
<kw name="กดปุ่มตกลง" owner="EDD_keyword">
<kw name="Wait Until Element Is Enabled" owner="SeleniumLibrary">
<msg time="2025-07-29T23:42:40.296108" level="INFO" html="true">&lt;/td&gt;&lt;/tr&gt;&lt;tr&gt;&lt;td colspan="3"&gt;&lt;a href="selenium-screenshot-6.png"&gt;&lt;img src="selenium-screenshot-6.png" width="800px"&gt;&lt;/a&gt;</msg>
<msg time="2025-07-29T23:42:40.296108" level="FAIL">Element with locator '//button[.//span[contains(text(), 'ตกลง')]]' not found.</msg>
<arg>${ปุ่มตกลง_xpath}</arg>
<arg>timeout=10s</arg>
<doc>Waits until the element ``locator`` is enabled.</doc>
<status status="FAIL" start="2025-07-29T23:42:29.593126" elapsed="10.702982">Element with locator '//button[.//span[contains(text(), 'ตกลง')]]' not found.</status>
</kw>
<kw name="Wait Until Element Is Visible" owner="SeleniumLibrary">
<arg>${ปุ่มตกลง_xpath}</arg>
<arg>timeout=10s</arg>
<doc>Waits until the element ``locator`` is visible.</doc>
<status status="NOT RUN" start="2025-07-29T23:42:40.296108" elapsed="0.000000"/>
</kw>
<kw name="Click Element" owner="SeleniumLibrary">
<arg>${ปุ่มตกลง_xpath}</arg>
<doc>Click the element identified by ``locator``.</doc>
<status status="NOT RUN" start="2025-07-29T23:42:40.296108" elapsed="0.000000"/>
</kw>
<status status="FAIL" start="2025-07-29T23:42:29.593126" elapsed="10.702982">Element with locator '//button[.//span[contains(text(), 'ตกลง')]]' not found.</status>
</kw>
<arg>กดปุ่มตกลง</arg>
<doc>Runs the given keyword with the given arguments and ignores possible error.</doc>
<status status="PASS" start="2025-07-29T23:42:29.593126" elapsed="10.702982"/>
</kw>
<status status="PASS" start="2025-07-29T23:42:22.144943" elapsed="18.151165"/>
</kw>
<status status="PASS" start="2025-07-29T23:41:33.264479" elapsed="67.031629"/>
</test>
<test id="s1-t4" name="จบการทำงาน" line="44">
<kw name="จบการทำงาน" owner="main_keywords">
<kw name="Sleep" owner="BuiltIn">
<msg time="2025-07-29T23:42:45.311133" level="INFO">Slept 5 seconds.</msg>
<arg>5s</arg>
<doc>Pauses the test executed for the given time.</doc>
<status status="PASS" start="2025-07-29T23:42:40.296108" elapsed="5.015025"/>
</kw>
<kw name="Capture Page Screenshot" owner="SeleniumLibrary">
<msg time="2025-07-29T23:42:45.942732" level="INFO" html="true">&lt;/td&gt;&lt;/tr&gt;&lt;tr&gt;&lt;td colspan="3"&gt;&lt;a href="selenium-screenshot-7.png"&gt;&lt;img src="selenium-screenshot-7.png" width="800px"&gt;&lt;/a&gt;</msg>
<doc>Takes a screenshot of the current page and embeds it into a log file.</doc>
<status status="PASS" start="2025-07-29T23:42:45.311133" elapsed="0.631599"/>
</kw>
<kw name="Log" owner="BuiltIn">
<msg time="2025-07-29T23:42:45.942732" level="INFO">Test Teardown Completed</msg>
<arg>Test Teardown Completed</arg>
<doc>Logs the given message with the given level.</doc>
<status status="PASS" start="2025-07-29T23:42:45.942732" elapsed="0.000000"/>
</kw>
<kw name="Close Browser" owner="SeleniumLibrary">
<doc>Closes the current browser.</doc>
<status status="PASS" start="2025-07-29T23:42:45.942732" elapsed="3.455943"/>
</kw>
<status status="PASS" start="2025-07-29T23:42:40.296108" elapsed="9.102567"/>
</kw>
<status status="PASS" start="2025-07-29T23:42:40.296108" elapsed="9.102567"/>
</test>
<doc>ทดสอบการทำงาน EDD EDD_MX_014</doc>
<status status="PASS" start="2025-07-29T23:41:10.310575" elapsed="99.088100"/>
</suite>
<statistics>
<total>
<stat pass="4" fail="0" skip="0">All Tests</stat>
</total>
<tag>
</tag>
<suite>
<stat pass="4" fail="0" skip="0" id="s1" name="EDD MX 014">EDD MX 014</stat>
</suite>
</statistics>
<errors>
<msg time="2025-07-29T23:41:10.640028" level="WARN">Error in file 'D:\AML_Project\Resources\Menu_name\CDD &amp; EDD\EDD\EDD_keyword.robot' on line 172: The '[Return]' setting is deprecated. Use the 'RETURN' statement instead.</msg>
</errors>
</robot>
