<?xml version="1.0" encoding="UTF-8"?>
<robot generator="Robot 7.0.1 (Python 3.8.7 on win32)" generated="2025-07-25T13:31:46.415822" rpa="false" schemaversion="5">
<suite id="s1" name="SC WL 004" source="D:\AML_Project\TestCase\Watchlist Screening\Watchlist\SC_WL_004.robot">
<test id="s1-t1" name="1.open web IBank &amp; Login" line="23">
<kw name="Enteropen web IBank &amp; Login" owner="main_keywords">
<kw name="Open Browser" owner="SeleniumLibrary">
<msg time="2025-07-25T13:31:46.762090" level="INFO">Opening browser 'chrome' to base url 'https://dev.aml.ibank.co.th/'.</msg>
<arg>${URL:IBank}</arg>
<arg>${Browser}</arg>
<arg>options=add_argument("--ignore-certificate-errors")</arg>
<doc>Opens a new browser instance to the optional ``url``.</doc>
<status status="PASS" start="2025-07-25T13:31:46.762090" elapsed="5.363632"/>
</kw>
<kw name="Maximize Browser Window" owner="SeleniumLibrary">
<doc>Maximizes current browser window.</doc>
<status status="PASS" start="2025-07-25T13:31:52.125722" elapsed="0.026498"/>
</kw>
<kw name="Set Selenium Speed" owner="SeleniumLibrary">
<arg>0.5s</arg>
<doc>Sets the delay that is waited after each Selenium command.</doc>
<status status="PASS" start="2025-07-25T13:31:52.152220" elapsed="0.000000"/>
</kw>
<status status="PASS" start="2025-07-25T13:31:46.762090" elapsed="5.391129"/>
</kw>
<kw name="เข้าด้วยUserระดับฝ่ายกำกับพนักงาน" owner="main_keywords">
<kw name="Wait Until Element Is Visible" owner="SeleniumLibrary">
<arg>xpath=//input[contains(@class, 'inputLogin')]</arg>
<arg>5s</arg>
<doc>Waits until the element ``locator`` is visible.</doc>
<status status="PASS" start="2025-07-25T13:31:52.154223" elapsed="1.746721"/>
</kw>
<kw name="Input Text" owner="SeleniumLibrary">
<msg time="2025-07-25T13:31:53.902328" level="INFO">Typing text '530433' into text field 'xpath=//input[contains(@class, 'inputLogin')]'.</msg>
<arg>xpath=//input[contains(@class, 'inputLogin')]</arg>
<arg>${ID:ฝ่ายกำกับพนักงาน}</arg>
<doc>Types the given ``text`` into the text field identified by ``locator``.</doc>
<status status="PASS" start="2025-07-25T13:31:53.901967" elapsed="1.592495"/>
</kw>
<kw name="Input Password" owner="SeleniumLibrary">
<msg time="2025-07-25T13:31:55.494462" level="INFO">Typing password into text field 'xpath=//input[contains(@class, 'inputLogin') and @type='password']'.</msg>
<msg time="2025-07-25T13:31:56.532024" level="INFO">Temporally setting log level to: NONE</msg>
<arg>xpath=//input[contains(@class, 'inputLogin') and @type='password']</arg>
<arg>${password:ฝ่ายกำกับพนักงาน}</arg>
<doc>Types the given password into the text field identified by ``locator``.</doc>
<status status="PASS" start="2025-07-25T13:31:55.494462" elapsed="1.596881"/>
</kw>
<kw name="Click Element" owner="SeleniumLibrary">
<msg time="2025-07-25T13:31:57.091343" level="INFO">Clicking element '//button[contains(@class, 'mat-raised-button')]'.</msg>
<arg>//button[contains(@class, 'mat-raised-button')]</arg>
<doc>Click the element identified by ``locator``.</doc>
<status status="PASS" start="2025-07-25T13:31:57.091343" elapsed="1.076754"/>
</kw>
<kw name="Run Keyword And Ignore Error" owner="BuiltIn">
<kw name="ยืนยันการเข้าระบบ" owner="main_keywords">
<kw name="Wait Until Element Is Visible" owner="SeleniumLibrary">
<arg>//button[contains(@class, 'mat-raised-button')]//i[contains(@class, 'fa-check')]</arg>
<doc>Waits until the element ``locator`` is visible.</doc>
<status status="PASS" start="2025-07-25T13:31:58.170030" elapsed="1.069077"/>
</kw>
<kw name="Click Element" owner="SeleniumLibrary">
<msg time="2025-07-25T13:31:59.239107" level="INFO">Clicking element '//button[contains(@class, 'mat-raised-button')]//i[contains(@class, 'fa-check')]'.</msg>
<arg>//button[contains(@class, 'mat-raised-button')]//i[contains(@class, 'fa-check')]</arg>
<doc>Click the element identified by ``locator``.</doc>
<status status="PASS" start="2025-07-25T13:31:59.239107" elapsed="1.078205"/>
</kw>
<status status="PASS" start="2025-07-25T13:31:58.169140" elapsed="2.148805"/>
</kw>
<arg>ยืนยันการเข้าระบบ</arg>
<doc>Runs the given keyword with the given arguments and ignores possible error.</doc>
<status status="PASS" start="2025-07-25T13:31:58.168097" elapsed="2.149848"/>
</kw>
<kw name="Run Keyword And Ignore Error" owner="BuiltIn">
<kw name="ยืนยันการข้าม Pop-up" owner="main_keywords">
<kw name="Wait Until Element Is Visible" owner="SeleniumLibrary">
<msg time="2025-07-25T13:32:05.960878" level="INFO" html="true">&lt;/td&gt;&lt;/tr&gt;&lt;tr&gt;&lt;td colspan="3"&gt;&lt;a href="selenium-screenshot-1.png"&gt;&lt;img src="selenium-screenshot-1.png" width="800px"&gt;&lt;/a&gt;</msg>
<msg time="2025-07-25T13:32:05.960878" level="FAIL">Element 'xpath=//button[.//span[normalize-space(text())='Close']]' not visible after 5 seconds.</msg>
<arg>xpath=//button[.//span[normalize-space(text())='Close']]</arg>
<arg>timeout=5s</arg>
<doc>Waits until the element ``locator`` is visible.</doc>
<status status="FAIL" start="2025-07-25T13:32:00.318354" elapsed="5.654027">Element 'xpath=//button[.//span[normalize-space(text())='Close']]' not visible after 5 seconds.</status>
</kw>
<kw name="Click Element" owner="SeleniumLibrary">
<arg>xpath=//button[.//span[normalize-space(text())='Close']]</arg>
<doc>Click the element identified by ``locator``.</doc>
<status status="NOT RUN" start="2025-07-25T13:32:05.972381" elapsed="0.000000"/>
</kw>
<status status="FAIL" start="2025-07-25T13:32:00.318354" elapsed="5.654027">Element 'xpath=//button[.//span[normalize-space(text())='Close']]' not visible after 5 seconds.</status>
</kw>
<arg>ยืนยันการข้าม Pop-up</arg>
<doc>Runs the given keyword with the given arguments and ignores possible error.</doc>
<status status="PASS" start="2025-07-25T13:32:00.318354" elapsed="5.654027"/>
</kw>
<status status="PASS" start="2025-07-25T13:31:52.153219" elapsed="13.819162"/>
</kw>
<doc>ทดสอบการแสดงหน้าเว็ปและการเข้าสู่ระบบ</doc>
<status status="PASS" start="2025-07-25T13:31:46.762090" elapsed="19.210291"/>
</test>
<test id="s1-t2" name="2.เลือกMenu Watch List" line="28">
<kw name="เข้าMenu Watch List" owner="WatchList Keywords">
<kw name="Click Element" owner="SeleniumLibrary">
<msg time="2025-07-25T13:32:05.975899" level="INFO">Clicking element 'xpath=//a[contains(@class, 'sidebar-link') and .//div[contains(text(), 'Watch List')]]'.</msg>
<arg>${Watch List_menuXPATH}</arg>
<doc>Click the element identified by ``locator``.</doc>
<status status="PASS" start="2025-07-25T13:32:05.975899" elapsed="1.084098"/>
</kw>
<kw name="Click Element" owner="SeleniumLibrary">
<msg time="2025-07-25T13:32:07.060914" level="INFO">Clicking element 'xpath=//a[contains(@class, 'mat-list-item') and contains(., 'Watch List')]'.</msg>
<arg>${Watch List}</arg>
<doc>Click the element identified by ``locator``.</doc>
<status status="PASS" start="2025-07-25T13:32:07.060914" elapsed="1.056638"/>
</kw>
<status status="PASS" start="2025-07-25T13:32:05.972381" elapsed="2.145536"/>
</kw>
<kw name="Sleep" owner="BuiltIn">
<msg time="2025-07-25T13:32:11.125089" level="INFO">Slept 3 seconds.</msg>
<arg>3s</arg>
<doc>Pauses the test executed for the given time.</doc>
<status status="PASS" start="2025-07-25T13:32:08.118555" elapsed="3.006534"/>
</kw>
<doc>เข้าหน้า Watchlist</doc>
<status status="PASS" start="2025-07-25T13:32:05.972381" elapsed="5.152708"/>
</test>
<test id="s1-t3" name="3.ระบุข้อมูลตรวจสอบชื่อ" line="32">
<kw name="ความแม่นยำในการค้นหา 90%" owner="WatchList Keywords">
<kw name="Click Element" owner="SeleniumLibrary">
<msg time="2025-07-25T13:32:11.125089" level="INFO">Clicking element '//mat-radio-button[.//span[contains(text(), '90%')]]'.</msg>
<arg>${% ความแม่นยำในการค้นหา_90}</arg>
<doc>Click the element identified by ``locator``.</doc>
<status status="PASS" start="2025-07-25T13:32:11.125089" elapsed="1.091499"/>
</kw>
<status status="PASS" start="2025-07-25T13:32:11.125089" elapsed="1.091499"/>
</kw>
<kw name="ตรวจสอบด้วย ชื่อภาษาไทย" owner="WatchList Keywords">
<kw name="Click Element" owner="SeleniumLibrary">
<msg time="2025-07-25T13:32:12.219138" level="INFO">Clicking element '//mat-radio-button//label[.//span[contains(text(), 'ตรวจสอบด้วย ชื่อภาษาไทย')]]'.</msg>
<arg>${ตรวจสอบด้วย ชื่อภาษาไทย_xpath}</arg>
<doc>Click the element identified by ``locator``.</doc>
<status status="PASS" start="2025-07-25T13:32:12.219138" elapsed="1.074081"/>
</kw>
<kw name="Input Text" owner="SeleniumLibrary">
<msg time="2025-07-25T13:32:13.293219" level="INFO">Typing text 'นัด' into text field '//input[@name='firstNameThai']'.</msg>
<arg>${ตรวจสอบด้วย ชื่อภาษาไทย ชื่อ_xpath}</arg>
<arg>${ตรวจสอบด้วย ชื่อภาษาไทย ชื่อ}</arg>
<doc>Types the given ``text`` into the text field identified by ``locator``.</doc>
<status status="PASS" start="2025-07-25T13:32:13.293219" elapsed="1.588835"/>
</kw>
<kw name="Input Text" owner="SeleniumLibrary">
<msg time="2025-07-25T13:32:14.882054" level="INFO">Typing text 'สามารภ' into text field '//input[@name='lastNameThai']'.</msg>
<arg>${ตรวจสอบด้วย ชื่อภาษาไทย นามสกุล_xpath}</arg>
<arg>${ตรวจสอบด้วย ชื่อภาษาไทย นามสกุล}</arg>
<doc>Types the given ``text`` into the text field identified by ``locator``.</doc>
<status status="PASS" start="2025-07-25T13:32:14.882054" elapsed="1.628503"/>
</kw>
<status status="PASS" start="2025-07-25T13:32:12.219138" elapsed="4.291419"/>
</kw>
<kw name="ข้อมูลเพิ่มเติมในการค้นหาวันเกิด" owner="WatchList Keywords">
<kw name="Input Text" owner="SeleniumLibrary">
<msg time="2025-07-25T13:32:16.510557" level="INFO">Typing text '11/02/2540' into text field '//input[@name='hdate']'.</msg>
<arg>${วันเกิด_xpath}</arg>
<arg>${วันเกิด}</arg>
<doc>Types the given ``text`` into the text field identified by ``locator``.</doc>
<status status="PASS" start="2025-07-25T13:32:16.510557" elapsed="1.590975"/>
</kw>
<status status="PASS" start="2025-07-25T13:32:16.510557" elapsed="1.590975"/>
</kw>
<kw name="กดปุ่มตรวจสอบ" owner="WatchList Keywords">
<kw name="Click Element" owner="SeleniumLibrary">
<msg time="2025-07-25T13:32:18.104122" level="INFO">Clicking element '//button[.//span[contains(text(),'ตรวจสอบ')]]'.</msg>
<arg>${ปุ่มตรวจสอบ}</arg>
<doc>Click the element identified by ``locator``.</doc>
<status status="PASS" start="2025-07-25T13:32:18.102660" elapsed="1.099749"/>
</kw>
<status status="PASS" start="2025-07-25T13:32:18.102660" elapsed="1.099749"/>
</kw>
<doc>ตรวจสอบข้อมูลWatchlist ด้วยชื่อภาษาไทยด้วยความแม่นยำ 90%</doc>
<status status="PASS" start="2025-07-25T13:32:11.125089" elapsed="8.077320"/>
</test>
<test id="s1-t4" name="จบการทำงาน" line="40">
<kw name="จบการทำงาน" owner="main_keywords">
<kw name="Sleep" owner="BuiltIn">
<msg time="2025-07-25T13:32:24.203938" level="INFO">Slept 5 seconds.</msg>
<arg>5s</arg>
<doc>Pauses the test executed for the given time.</doc>
<status status="PASS" start="2025-07-25T13:32:19.202409" elapsed="5.001529"/>
</kw>
<kw name="Capture Page Screenshot" owner="SeleniumLibrary">
<msg time="2025-07-25T13:32:24.852664" level="INFO" html="true">&lt;/td&gt;&lt;/tr&gt;&lt;tr&gt;&lt;td colspan="3"&gt;&lt;a href="selenium-screenshot-2.png"&gt;&lt;img src="selenium-screenshot-2.png" width="800px"&gt;&lt;/a&gt;</msg>
<doc>Takes a screenshot of the current page and embeds it into a log file.</doc>
<status status="PASS" start="2025-07-25T13:32:24.203938" elapsed="0.648726"/>
</kw>
<kw name="Log" owner="BuiltIn">
<msg time="2025-07-25T13:32:24.852664" level="INFO">Test Teardown Completed</msg>
<arg>Test Teardown Completed</arg>
<doc>Logs the given message with the given level.</doc>
<status status="PASS" start="2025-07-25T13:32:24.852664" elapsed="0.000000"/>
</kw>
<kw name="Close Browser" owner="SeleniumLibrary">
<doc>Closes the current browser.</doc>
<status status="PASS" start="2025-07-25T13:32:24.852664" elapsed="3.505773"/>
</kw>
<status status="PASS" start="2025-07-25T13:32:19.202409" elapsed="9.156028"/>
</kw>
<status status="PASS" start="2025-07-25T13:32:19.202409" elapsed="9.156028"/>
</test>
<doc>ทดสอบการทำงาน Watch List SC_WL_004</doc>
<status status="PASS" start="2025-07-25T13:31:46.419151" elapsed="41.939286"/>
</suite>
<statistics>
<total>
<stat pass="4" fail="0" skip="0">All Tests</stat>
</total>
<tag>
</tag>
<suite>
<stat pass="4" fail="0" skip="0" id="s1" name="SC WL 004">SC WL 004</stat>
</suite>
</statistics>
<errors>
</errors>
</robot>
