<?xml version="1.0" encoding="UTF-8"?>
<robot generator="Robot 7.0.1 (Python 3.8.7 on win32)" generated="2025-03-26T19:10:31.563835" rpa="false" schemaversion="5">
<suite id="s1" name="ปปง1-02 Testcase1" source="D:\AML_Project\Testcase\AMLO\ปปง1-02\ปปง1-02_testcase1.robot">
<test id="s1-t1" name="1.open web IBank &amp; Login" line="34">
<kw name="Enteropen web IBank &amp; Login" owner="main_keywords">
<kw name="Open Browser" owner="SeleniumLibrary">
<msg time="2025-03-26T19:10:31.864618" level="INFO">Opening browser 'chrome' to base url 'https://172.26.59.27:8443/amls/login'.</msg>
<arg>${URL:IBank}</arg>
<arg>${Browser}</arg>
<arg>options=add_argument("--ignore-certificate-errors")</arg>
<doc>Opens a new browser instance to the optional ``url``.</doc>
<status status="PASS" start="2025-03-26T19:10:31.864618" elapsed="5.381088"/>
</kw>
<kw name="Maximize Browser Window" owner="SeleniumLibrary">
<doc>Maximizes current browser window.</doc>
<status status="PASS" start="2025-03-26T19:10:37.246706" elapsed="0.028428"/>
</kw>
<kw name="Set Selenium Speed" owner="SeleniumLibrary">
<arg>0.5s</arg>
<doc>Sets the delay that is waited after each Selenium command.</doc>
<status status="PASS" start="2025-03-26T19:10:37.275134" elapsed="0.001007"/>
</kw>
<kw name="Wait Until Element Is Visible" owner="SeleniumLibrary">
<arg>xpath=//input[contains(@class, 'inputLogin')]</arg>
<arg>5s</arg>
<doc>Waits until the element ``locator`` is visible.</doc>
<status status="PASS" start="2025-03-26T19:10:37.276141" elapsed="1.806126"/>
</kw>
<kw name="Input Text" owner="SeleniumLibrary">
<msg time="2025-03-26T19:10:39.083346" level="INFO">Typing text 'parichartt' into text field 'xpath=//input[contains(@class, 'inputLogin')]'.</msg>
<arg>xpath=//input[contains(@class, 'inputLogin')]</arg>
<arg>${ID:dammi}</arg>
<doc>Types the given ``text`` into the text field identified by ``locator``.</doc>
<status status="PASS" start="2025-03-26T19:10:39.082267" elapsed="1.612951"/>
</kw>
<kw name="Input Password" owner="SeleniumLibrary">
<msg time="2025-03-26T19:10:40.696603" level="INFO">Typing password into text field 'xpath=//input[contains(@class, 'inputLogin') and @type='password']'.</msg>
<msg time="2025-03-26T19:10:41.749018" level="INFO">Temporally setting log level to: NONE</msg>
<arg>xpath=//input[contains(@class, 'inputLogin') and @type='password']</arg>
<arg>${password:dammi}</arg>
<doc>Types the given password into the text field identified by ``locator``.</doc>
<status status="PASS" start="2025-03-26T19:10:40.696603" elapsed="1.610360"/>
</kw>
<kw name="Click Element" owner="SeleniumLibrary">
<msg time="2025-03-26T19:10:42.306963" level="INFO">Clicking element '//button[contains(@class, 'mat-raised-button')]'.</msg>
<arg>//button[contains(@class, 'mat-raised-button')]</arg>
<doc>Click the element identified by ``locator``.</doc>
<status status="PASS" start="2025-03-26T19:10:42.306963" elapsed="1.068627"/>
</kw>
<status status="PASS" start="2025-03-26T19:10:31.864618" elapsed="11.510972"/>
</kw>
<kw name="Run Keyword And Ignore Error" owner="BuiltIn">
<kw name="ยืนยันการเข้าระบบ" owner="main_keywords">
<kw name="Click Element" owner="SeleniumLibrary">
<msg time="2025-03-26T19:10:43.376641" level="INFO">Clicking element '//button[contains(@class, 'mat-raised-button')]//i[contains(@class, 'fa-check')]'.</msg>
<arg>//button[contains(@class, 'mat-raised-button')]//i[contains(@class, 'fa-check')]</arg>
<doc>Click the element identified by ``locator``.</doc>
<status status="PASS" start="2025-03-26T19:10:43.376641" elapsed="1.077199"/>
</kw>
<status status="PASS" start="2025-03-26T19:10:43.376641" elapsed="1.077199"/>
</kw>
<arg>ยืนยันการเข้าระบบ</arg>
<doc>Runs the given keyword with the given arguments and ignores possible error.</doc>
<status status="PASS" start="2025-03-26T19:10:43.376641" elapsed="1.077810"/>
</kw>
<doc>ทดสอบการยื่นคำร้อง manual ของ ปปง.1-02 กรณี ยื่นคำร้องเอง</doc>
<status status="PASS" start="2025-03-26T19:10:31.864618" elapsed="12.590322"/>
</test>
<test id="s1-t2" name="2.เลือก AML &amp; ยื่นคำร้อง" line="38">
<kw name="Select the Submit Request menu" owner="keywords_Testcase_1-02">
<kw name="Click Element" owner="SeleniumLibrary">
<msg time="2025-03-26T19:10:44.454940" level="INFO">Clicking element 'xpath=//a[contains(@class, 'sidebar-link') and .//div[contains(text(), 'AML-ไทย')]]'.</msg>
<arg>${AML-ไทย}</arg>
<doc>Click the element identified by ``locator``.</doc>
<status status="PASS" start="2025-03-26T19:10:44.454940" elapsed="1.082115"/>
</kw>
<kw name="Click Element" owner="SeleniumLibrary">
<msg time="2025-03-26T19:10:45.538055" level="INFO">Clicking element 'xpath=//a[contains(@class, 'mat-list-item') and contains(., 'ยื่นคำร้อง Manual')]'.</msg>
<arg>${ยื่นคำร้องManual}</arg>
<doc>Click the element identified by ``locator``.</doc>
<status status="PASS" start="2025-03-26T19:10:45.537055" elapsed="1.115123"/>
</kw>
<status status="PASS" start="2025-03-26T19:10:44.454940" elapsed="2.197238"/>
</kw>
<status status="PASS" start="2025-03-26T19:10:44.454940" elapsed="2.198248"/>
</test>
<test id="s1-t3" name="3.เลือกรายการ_ปปง1-02" line="43">
<kw name="เลือกรายการ_ปปง1-02" owner="keywords_Testcase_1-02">
<kw name="Click Element" owner="SeleniumLibrary">
<msg time="2025-03-26T19:10:46.653188" level="INFO">Clicking element 'xpath=//mat-select[@aria-labelledby='mat-select-value-1']'.</msg>
<arg>${ประเภทรายงาน}</arg>
<doc>Click the element identified by ``locator``.</doc>
<status status="PASS" start="2025-03-26T19:10:46.653188" elapsed="1.109905"/>
</kw>
<kw name="Click Element" owner="SeleniumLibrary">
<msg time="2025-03-26T19:10:47.764195" level="INFO">Clicking element 'xpath=//mat-option[@ng-reflect-value='1-02']'.</msg>
<arg>${ปปง.1-02}</arg>
<doc>Click the element identified by ``locator``.</doc>
<status status="PASS" start="2025-03-26T19:10:47.763093" elapsed="1.064103"/>
</kw>
<status status="PASS" start="2025-03-26T19:10:46.653188" elapsed="2.174008"/>
</kw>
<status status="PASS" start="2025-03-26T19:10:46.653188" elapsed="2.175315"/>
</test>
<test id="s1-t4" name="4.รายงานล่าช้า &amp; ไม่ใช่ลูกค้าธนาคาร" line="47">
<kw name="ยื่นคำร้องรายงานล่าช้า &amp; ไม่ใช่ลูกค้าธนาคาร" owner="keywords_Testcase_1-02">
<kw name="Click Element" owner="SeleniumLibrary">
<msg time="2025-03-26T19:10:48.829558" level="INFO">Clicking element 'xpath=//mat-radio-button[@ng-reflect-value='01']'.</msg>
<arg>${รายงานเนื่องจาก_รายงานตัวช้า}</arg>
<doc>Click the element identified by ``locator``.</doc>
<status status="PASS" start="2025-03-26T19:10:48.829558" elapsed="1.088828"/>
</kw>
<kw name="Click Element" owner="SeleniumLibrary">
<msg time="2025-03-26T19:10:49.918386" level="INFO">Clicking element 'xpath=//mat-radio-button[@ng-reflect-value="NOT_CUSTOMER"]'.</msg>
<arg>${ค้าหาข้อมูลจากลูกค้าด้วย_บัตรประจำตัว_ไม่ใช้ลูกค้าธนาคาร}</arg>
<doc>Click the element identified by ``locator``.</doc>
<status status="PASS" start="2025-03-26T19:10:49.918386" elapsed="1.064867"/>
</kw>
<kw name="Click Element" owner="SeleniumLibrary">
<msg time="2025-03-26T19:10:50.984635" level="INFO">Clicking element 'xpath=//button[@mat-raised-button]'.</msg>
<arg>${ยื่นคำร้องManual_ถัดไป}</arg>
<doc>Click the element identified by ``locator``.</doc>
<status status="PASS" start="2025-03-26T19:10:50.984635" elapsed="1.220599"/>
</kw>
<status status="PASS" start="2025-03-26T19:10:48.829558" elapsed="3.375676"/>
</kw>
<status status="PASS" start="2025-03-26T19:10:48.829558" elapsed="3.375676"/>
</test>
<test id="s1-t5" name="5.ส่วนที่1" line="51">
<kw name="ส่วนที่1 ระบุข้อมูล(ทำธุรกรรมด้วยตนเอง)" owner="keywords_Testcase_1-02">
<kw name="Input Text" owner="SeleniumLibrary">
<msg time="2025-03-26T19:10:52.205234" level="INFO">Typing text 'test' into text field 'xpath=//textarea[@ng-reflect-maxlength='2000']'.</msg>
<arg>${เหตุผลการรายงาน Mannual_เหตุผลในการรายงาน}</arg>
<arg>${เหตุผลในการรายงาน}</arg>
<doc>Types the given ``text`` into the text field identified by ``locator``.</doc>
<status status="PASS" start="2025-03-26T19:10:52.205234" elapsed="1.599516"/>
</kw>
<kw name="Click Element" owner="SeleniumLibrary">
<msg time="2025-03-26T19:10:53.804750" level="INFO">Clicking element 'xpath=//mat-select[@name='prefix']'.</msg>
<arg>${1.1_คำนำหน้าชื่อ}</arg>
<doc>Click the element identified by ``locator``.</doc>
<status status="PASS" start="2025-03-26T19:10:53.804750" elapsed="1.114757"/>
</kw>
<kw name="Click Element" owner="SeleniumLibrary">
<msg time="2025-03-26T19:10:54.920803" level="INFO">Clicking element 'xpath=//mat-option[@ng-reflect-value='นาย']'.</msg>
<arg>${1.1_คำนำหน้าชื่อ_เลือก}</arg>
<doc>Click the element identified by ``locator``.</doc>
<status status="PASS" start="2025-03-26T19:10:54.919507" elapsed="1.093694"/>
</kw>
<kw name="Input Text" owner="SeleniumLibrary">
<msg time="2025-03-26T19:10:56.013201" level="INFO">Typing text 'เทส' into text field 'xpath=(//input[contains(@class, 'mat-input-element') and @maxlength='250' and @required])[1]'.</msg>
<arg>${1.1_ชื่อ}</arg>
<arg>${ชื่อ}</arg>
<doc>Types the given ``text`` into the text field identified by ``locator``.</doc>
<status status="PASS" start="2025-03-26T19:10:56.013201" elapsed="1.618006"/>
</kw>
<kw name="Input Text" owner="SeleniumLibrary">
<msg time="2025-03-26T19:10:57.631207" level="INFO">Typing text 'สุดหล่อ' into text field 'xpath=(//input[contains(@class, 'mat-input-element') and @maxlength='250' and @required])[2]'.</msg>
<arg>${1.1_นามสกุล}</arg>
<arg>${นามสกุล}</arg>
<doc>Types the given ``text`` into the text field identified by ``locator``.</doc>
<status status="PASS" start="2025-03-26T19:10:57.631207" elapsed="1.642730"/>
</kw>
<kw name="Input Text" owner="SeleniumLibrary">
<msg time="2025-03-26T19:10:59.273937" level="INFO">Typing text '1234567890123' into text field 'xpath=//input[@ng-reflect-maxlength='13']'.</msg>
<arg>${1.1_เอกสารประจำตัว_เลขที่}</arg>
<arg>${เลขที่บัตร}</arg>
<doc>Types the given ``text`` into the text field identified by ``locator``.</doc>
<status status="PASS" start="2025-03-26T19:10:59.273937" elapsed="1.677112"/>
</kw>
<kw name="Click Element" owner="SeleniumLibrary">
<msg time="2025-03-26T19:11:00.952072" level="INFO">Clicking element 'xpath=//mat-radio-button[contains(@class, 'mat-radio-button mat-accent') and @ng-reflect-value='0']'.</msg>
<arg>${1.1_เอกสารประจำตัว_ทำธุรกรรมด้วยตนเอง}</arg>
<doc>Click the element identified by ``locator``.</doc>
<status status="PASS" start="2025-03-26T19:11:00.952072" elapsed="1.109716"/>
</kw>
<kw name="Input Text" owner="SeleniumLibrary">
<msg time="2025-03-26T19:11:02.062607" level="INFO">Typing text 'เทส' into text field 'xpath=//input[contains(@class, 'mat-input-element') and @maxlength='300']'.</msg>
<arg>${1.2_ที่อยู่}</arg>
<arg>${ที่อยู่}</arg>
<doc>Types the given ``text`` into the text field identified by ``locator``.</doc>
<status status="PASS" start="2025-03-26T19:11:02.062607" elapsed="1.588009"/>
</kw>
<kw name="Click Element" owner="SeleniumLibrary">
<msg time="2025-03-26T19:11:03.650616" level="INFO">Clicking element '(//mat-select[@name='countryCode'])[1]'.</msg>
<arg>${1.2_ประเทศ}</arg>
<doc>Click the element identified by ``locator``.</doc>
<status status="PASS" start="2025-03-26T19:11:03.650616" elapsed="1.095536"/>
</kw>
<kw name="Click Element" owner="SeleniumLibrary">
<msg time="2025-03-26T19:11:04.746152" level="INFO">Clicking element 'xpath=//mat-option[span[contains(text(), 'ไทย')]]'.</msg>
<arg>${1.2_ที่อยู่_ประเทศ_ไทย}</arg>
<doc>Click the element identified by ``locator``.</doc>
<status status="PASS" start="2025-03-26T19:11:04.746152" elapsed="1.099815"/>
</kw>
<kw name="Click Element" owner="SeleniumLibrary">
<msg time="2025-03-26T19:11:05.847657" level="INFO">Clicking element '(//mat-select[.//span[contains(text(),'โปรดระบุ')]])[1]'.</msg>
<arg>${1.2_ที่อยู่_ประเทศ_จังหวัด}</arg>
<doc>Click the element identified by ``locator``.</doc>
<status status="PASS" start="2025-03-26T19:11:05.847120" elapsed="1.075274"/>
</kw>
<kw name="Click Element" owner="SeleniumLibrary">
<msg time="2025-03-26T19:11:06.922394" level="INFO">Clicking element 'xpath=//mat-option[.//span[contains(text(),'กรุงเทพมหานคร')]]'.</msg>
<arg>${1.2_ที่อยู่_ประเทศ_จังหวัด_เลือก}</arg>
<doc>Click the element identified by ``locator``.</doc>
<status status="PASS" start="2025-03-26T19:11:06.922394" elapsed="1.091487"/>
</kw>
<kw name="Click Element" owner="SeleniumLibrary">
<msg time="2025-03-26T19:11:08.016160" level="INFO">Clicking element '(//mat-select[.//span[contains(text(),'โปรดระบุ')]])[1]'.</msg>
<arg>${1.2_ที่อยู่_ประเทศ_อำเภอ}</arg>
<doc>Click the element identified by ``locator``.</doc>
<status status="PASS" start="2025-03-26T19:11:08.014999" elapsed="1.076039"/>
</kw>
<kw name="Click Element" owner="SeleniumLibrary">
<msg time="2025-03-26T19:11:09.092004" level="INFO">Clicking element 'xpath=//mat-option[.//span[contains(text(),'เขตจตุจักร')]]'.</msg>
<arg>${1.2_ที่อยู่_ประเทศ_อำเภอ_เลือก}</arg>
<doc>Click the element identified by ``locator``.</doc>
<status status="PASS" start="2025-03-26T19:11:09.092004" elapsed="1.085978"/>
</kw>
<kw name="Click Element" owner="SeleniumLibrary">
<msg time="2025-03-26T19:11:10.179421" level="INFO">Clicking element '(//mat-select[.//span[contains(text(),'โปรดระบุ')]])[1]'.</msg>
<arg>${1.2_ที่อยู่_ประเทศ_ตำบล}</arg>
<doc>Click the element identified by ``locator``.</doc>
<status status="PASS" start="2025-03-26T19:11:10.177982" elapsed="1.083017"/>
</kw>
<kw name="Click Element" owner="SeleniumLibrary">
<msg time="2025-03-26T19:11:11.260999" level="INFO">Clicking element 'xpath=//mat-option[.//span[contains(text(),'จตุจักร')]]'.</msg>
<arg>${1.2_ที่อยู่_ประเทศ_ตำบล_เลือก}</arg>
<doc>Click the element identified by ``locator``.</doc>
<status status="PASS" start="2025-03-26T19:11:11.260999" elapsed="1.069155"/>
</kw>
<kw name="Input Text" owner="SeleniumLibrary">
<msg time="2025-03-26T19:11:12.331153" level="INFO">Typing text '21229' into text field '(//input[@ng-reflect-maxlength='5'])[1]'.</msg>
<arg>${1.2_ที่อยู่_ประเทศ_รหัสไปรษณีย์_เลข}</arg>
<arg>${รหัสไปรษณีย์}</arg>
<doc>Types the given ``text`` into the text field identified by ``locator``.</doc>
<status status="PASS" start="2025-03-26T19:11:12.330154" elapsed="1.624455"/>
</kw>
<kw name="Click Element" owner="SeleniumLibrary">
<msg time="2025-03-26T19:11:13.954609" level="INFO">Clicking element 'xpath=//mat-select[@name='occupationType']'.</msg>
<arg>${1.3อาชีพ}</arg>
<doc>Click the element identified by ``locator``.</doc>
<status status="PASS" start="2025-03-26T19:11:13.954609" elapsed="1.095556"/>
</kw>
<kw name="Click Element" owner="SeleniumLibrary">
<msg time="2025-03-26T19:11:15.051374" level="INFO">Clicking element 'xpath=//mat-option[.//span[contains(text(), 'อาชีพอิสระ')]]'.</msg>
<arg>${1.3อาชีพ_เลือก}</arg>
<doc>Click the element identified by ``locator``.</doc>
<status status="PASS" start="2025-03-26T19:11:15.051374" elapsed="1.064690"/>
</kw>
<kw name="Input Text" owner="SeleniumLibrary">
<msg time="2025-03-26T19:11:16.117689" level="INFO">Typing text '0987654321123' into text field 'xpath=(//input[@ng-reflect-maxlength='13'])[2]'.</msg>
<arg>${1.5_เลขที่}</arg>
<arg>${เลขที่บัตร2}</arg>
<doc>Types the given ``text`` into the text field identified by ``locator``.</doc>
<status status="PASS" start="2025-03-26T19:11:16.117448" elapsed="1.656577"/>
</kw>
<status status="PASS" start="2025-03-26T19:10:52.205234" elapsed="25.568791"/>
</kw>
<kw name="ส่วนที่1 บันทึกและไปหน้าถัดไป" owner="keywords_Testcase_1-02">
<kw name="Click Element" owner="SeleniumLibrary">
<msg time="2025-03-26T19:11:17.774025" level="INFO">Clicking element 'xpath=//button[.//span[contains(text(), 'บันทึก')]]'.</msg>
<arg>${ส่วนที่1_บีนทึก}</arg>
<doc>Click the element identified by ``locator``.</doc>
<status status="PASS" start="2025-03-26T19:11:17.774025" elapsed="1.081903"/>
</kw>
<kw name="Sleep" owner="BuiltIn">
<msg time="2025-03-26T19:11:19.860909" level="INFO">Slept 1 second.</msg>
<arg>1s</arg>
<doc>Pauses the test executed for the given time.</doc>
<status status="PASS" start="2025-03-26T19:11:18.856440" elapsed="1.004469"/>
</kw>
<kw name="Click Element" owner="SeleniumLibrary">
<msg time="2025-03-26T19:11:19.862434" level="INFO">Clicking element '//button[.//span[contains(text(), 'ตกลง')]]'.</msg>
<arg>${ส่วนที่1_ตกลง}</arg>
<doc>Click the element identified by ``locator``.</doc>
<status status="PASS" start="2025-03-26T19:11:19.860909" elapsed="1.076074"/>
</kw>
<kw name="Click Element" owner="SeleniumLibrary">
<msg time="2025-03-26T19:11:20.936983" level="INFO">Clicking element '//button[contains(@class, 'mat-raised-button') and .//span[contains(text(), 'ถัดไป')]]'.</msg>
<arg>${ส่วนที่1_ถัดไป}</arg>
<doc>Click the element identified by ``locator``.</doc>
<status status="PASS" start="2025-03-26T19:11:20.936983" elapsed="1.092125"/>
</kw>
<status status="PASS" start="2025-03-26T19:11:17.774025" elapsed="4.255083"/>
</kw>
<status status="PASS" start="2025-03-26T19:10:52.205234" elapsed="29.826055"/>
</test>
<test id="s1-t6" name="6.ส่วนที่2" line="55">
<kw name="ส่วนที่2 ถัดไป" owner="keywords_Testcase_1-02">
<kw name="Click Element" owner="SeleniumLibrary">
<msg time="2025-03-26T19:11:22.031289" level="INFO">Clicking element '//button[contains(@class, 'mat-raised-button') and .//span[contains(text(), 'ถัดไป')]]'.</msg>
<arg>${ส่วนที่2_ถัดไป}</arg>
<doc>Click the element identified by ``locator``.</doc>
<status status="PASS" start="2025-03-26T19:11:22.031289" elapsed="1.206100"/>
</kw>
<status status="PASS" start="2025-03-26T19:11:22.031289" elapsed="1.206100"/>
</kw>
<status status="PASS" start="2025-03-26T19:11:22.031289" elapsed="1.206100"/>
</test>
<test id="s1-t7" name="7.ส่วนที่3 ระบุข้อมูล" line="57">
<kw name="ส่วนที่ 3 ระบุข้อมูล(ขายฝาก/ที่ดิน)" owner="keywords_Testcase_1-02">
<kw name="Input Text" owner="SeleniumLibrary">
<msg time="2025-03-26T19:11:23.237389" level="INFO">Typing text '01/01/2567' into text field 'xpath=//input[contains(@class, 'mat-datepicker-input')]'.</msg>
<arg>${ส่วนที่3_วันที่ทำธุรกรรม}</arg>
<arg>${วันที่ทำธุระกรรม(dd/MM/yyyy)}</arg>
<doc>Types the given ``text`` into the text field identified by ``locator``.</doc>
<status status="PASS" start="2025-03-26T19:11:23.237389" elapsed="1.645379"/>
</kw>
<kw name="Click Element" owner="SeleniumLibrary">
<msg time="2025-03-26T19:11:24.882768" level="INFO">Clicking element '//mat-radio-button[.//span[contains(text(), 'จำนอง')]]'.</msg>
<arg>${3.1_ประเภทธุรกรรม_จำนอง}</arg>
<doc>Click the element identified by ``locator``.</doc>
<status status="PASS" start="2025-03-26T19:11:24.882768" elapsed="1.059655"/>
</kw>
<kw name="Click Element" owner="SeleniumLibrary">
<msg time="2025-03-26T19:11:25.942423" level="INFO">Clicking element '//mat-radio-button[label/span[contains(text(), 'ที่ดิน')]]'.</msg>
<arg>${3.2_ประเภททรัพย์สินที่ใช้ทําธุรกรรม_ที่ดิน}</arg>
<doc>Click the element identified by ``locator``.</doc>
<status status="PASS" start="2025-03-26T19:11:25.942423" elapsed="1.070687"/>
</kw>
<kw name="Input Text" owner="SeleniumLibrary">
<msg time="2025-03-26T19:11:27.014690" level="INFO">Typing text 'test' into text field '//textarea[contains(@class, 'mat-input-element')]'.</msg>
<arg>${3.2_โปรดระบุรายละเอียดของทรัพย์สิน}</arg>
<arg>${รายละเอียดทรัพย์สิน}</arg>
<doc>Types the given ``text`` into the text field identified by ``locator``.</doc>
<status status="PASS" start="2025-03-26T19:11:27.013110" elapsed="1.600954"/>
</kw>
<kw name="Input Text" owner="SeleniumLibrary">
<msg time="2025-03-26T19:11:28.614064" level="INFO">Typing text '3000000' into text field '//input[@name='assetAmount']'.</msg>
<arg>${3.3_มูลค่าทรัพย์สินที่ทำธุรกรรมทั้งสิ้น}</arg>
<arg>${มูลค่าทรัพย์สินที่ทำธุรกรรมทั้งสิ้น}</arg>
<doc>Types the given ``text`` into the text field identified by ``locator``.</doc>
<status status="PASS" start="2025-03-26T19:11:28.614064" elapsed="1.625149"/>
</kw>
<kw name="Input Text" owner="SeleniumLibrary">
<msg time="2025-03-26T19:11:30.240952" level="INFO">Typing text '0129304304056' into text field '//input[@name="accountNo"]'.</msg>
<arg>${3.4_บัญชีที่ทำธุรกรรม_เลขที่บัญชีที่ทำธุรกรรม}</arg>
<arg>${เลขที่บัญชีที่ทำธุรกรรม}</arg>
<doc>Types the given ``text`` into the text field identified by ``locator``.</doc>
<status status="PASS" start="2025-03-26T19:11:30.239213" elapsed="1.687938"/>
</kw>
<kw name="Input Text" owner="SeleniumLibrary">
<msg time="2025-03-26T19:11:31.927987" level="INFO">Typing text 'สวยสุด' into text field '//input[@ng-reflect-name='accountName']'.</msg>
<arg>${3.4_บัญชีที่ทำธุรกรรม_ชื่อบัญชี}</arg>
<arg>${ัญชีที่ทำธุรกรรม_ชื่อบัญชี}</arg>
<doc>Types the given ``text`` into the text field identified by ``locator``.</doc>
<status status="PASS" start="2025-03-26T19:11:31.927987" elapsed="1.602115"/>
</kw>
<status status="PASS" start="2025-03-26T19:11:23.237389" elapsed="10.292713"/>
</kw>
<kw name="ส่วนที่ 3 3.4บุคคลธรรมดา" owner="keywords_Testcase_1-02">
<kw name="Click Element" owner="SeleniumLibrary">
<msg time="2025-03-26T19:11:33.530102" level="INFO">Clicking element '(//mat-radio-button[@value='1'])[3]'.</msg>
<arg>${3.4_บัญชีที่ทำธุรกรรม_ชื่อเจ้าของบัญชี_บุคคลธรรมดา}</arg>
<doc>Click the element identified by ``locator``.</doc>
<status status="PASS" start="2025-03-26T19:11:33.530102" elapsed="1.070853"/>
</kw>
<kw name="Click Element" owner="SeleniumLibrary">
<msg time="2025-03-26T19:11:34.600955" level="INFO">Clicking element 'xpath=//mat-select[@name='accountHolderPrefix']'.</msg>
<arg>${3.4_บัญชีที่ทำธุรกรรม_คำนำหน้าชื่อ}</arg>
<doc>Click the element identified by ``locator``.</doc>
<status status="PASS" start="2025-03-26T19:11:34.600955" elapsed="1.099067"/>
</kw>
<kw name="Click Element" owner="SeleniumLibrary">
<msg time="2025-03-26T19:11:35.700022" level="INFO">Clicking element 'xpath=//mat-option[@ng-reflect-value='นาย']'.</msg>
<arg>${3.4_บัญชีที่ทำธุรกรรม_คำนำหน้าชื่อ_เลือก}</arg>
<doc>Click the element identified by ``locator``.</doc>
<status status="PASS" start="2025-03-26T19:11:35.700022" elapsed="1.100910"/>
</kw>
<kw name="Input Text" owner="SeleniumLibrary">
<msg time="2025-03-26T19:11:36.801942" level="INFO">Typing text 'หล่อ' into text field '(//input[@name='accountHolderFirst'])[1]'.</msg>
<arg>${3.4_บัญชีที่ทำธุรกรรม_คำนำหน้าชื่อ_ชื่อ}</arg>
<arg>${ชื่อ3.4}</arg>
<doc>Types the given ``text`` into the text field identified by ``locator``.</doc>
<status status="PASS" start="2025-03-26T19:11:36.800932" elapsed="1.620008"/>
</kw>
<kw name="Input Text" owner="SeleniumLibrary">
<msg time="2025-03-26T19:11:38.422138" level="INFO">Typing text 'มากมาก' into text field '(//input[@name='accountHolderLast'])[1]'.</msg>
<arg>${3.4_บัญชีที่ทำธุรกรรม_คำนำหน้าชื่อ_นามสกุล}</arg>
<arg>${นามสกุล3.4}</arg>
<doc>Types the given ``text`` into the text field identified by ``locator``.</doc>
<status status="PASS" start="2025-03-26T19:11:38.422138" elapsed="1.614310"/>
</kw>
<status status="PASS" start="2025-03-26T19:11:33.530102" elapsed="6.507596"/>
</kw>
<kw name="ส่วนที่ 3 3.7รัตถุประสงค์ของการทำธุรกรรม" owner="keywords_Testcase_1-02">
<kw name="Click Element" owner="SeleniumLibrary">
<msg time="2025-03-26T19:11:40.037698" level="INFO">Clicking element 'xpath=//mat-select[@name='objectiveType']'.</msg>
<arg>${3.7วัตถุประสงค์ของการทำธุรกรรม}</arg>
<doc>Click the element identified by ``locator``.</doc>
<status status="PASS" start="2025-03-26T19:11:40.037698" elapsed="1.095191"/>
</kw>
<kw name="Click Element" owner="SeleniumLibrary">
<msg time="2025-03-26T19:11:41.132889" level="INFO">Clicking element '//mat-option[.//span[contains(text(), 'ฝากเงินเพื่อรับดอกเบี้ย')]]'.</msg>
<arg>${3.7วัตถุประสงค์ของการทำธุรกรรม_เลือก}</arg>
<doc>Click the element identified by ``locator``.</doc>
<status status="PASS" start="2025-03-26T19:11:41.132889" elapsed="1.061510"/>
</kw>
<status status="PASS" start="2025-03-26T19:11:40.037698" elapsed="2.157754"/>
</kw>
<kw name="ส่วนที่ 3 บันทึกข้อมูล" owner="keywords_Testcase_1-02">
<kw name="Click Element" owner="SeleniumLibrary">
<msg time="2025-03-26T19:11:42.195452" level="INFO">Clicking element 'xpath=//button[.//span[contains(text(), 'บันทึก')]]'.</msg>
<arg>${ส่วนที่1_บีนทึก}</arg>
<doc>Click the element identified by ``locator``.</doc>
<status status="PASS" start="2025-03-26T19:11:42.195452" elapsed="1.093085"/>
</kw>
<kw name="Sleep" owner="BuiltIn">
<msg time="2025-03-26T19:11:44.293079" level="INFO">Slept 1 second.</msg>
<arg>1s</arg>
<doc>Pauses the test executed for the given time.</doc>
<status status="PASS" start="2025-03-26T19:11:43.289696" elapsed="1.003383"/>
</kw>
<kw name="Click Element" owner="SeleniumLibrary">
<msg time="2025-03-26T19:11:44.294051" level="INFO">Clicking element '//button[.//span[contains(text(), 'ตกลง')]]'.</msg>
<arg>${ส่วนที่1_ตกลง}</arg>
<doc>Click the element identified by ``locator``.</doc>
<status status="PASS" start="2025-03-26T19:11:44.294051" elapsed="1.093267"/>
</kw>
<status status="PASS" start="2025-03-26T19:11:42.195452" elapsed="3.191866"/>
</kw>
<kw name="ส่วนที่ 3 ข้ออนุมัติ" owner="keywords_Testcase_1-02">
<kw name="Click Element" owner="SeleniumLibrary">
<msg time="2025-03-26T19:11:45.388890" level="INFO">Clicking element '//button//span[contains(text(), 'ขออนุมัติ')]'.</msg>
<arg>${ขออนุมัติ}</arg>
<doc>Click the element identified by ``locator``.</doc>
<status status="PASS" start="2025-03-26T19:11:45.388890" elapsed="1.056186"/>
</kw>
<kw name="Click Element" owner="SeleniumLibrary">
<msg time="2025-03-26T19:11:46.446744" level="INFO">Clicking element '//button//span[contains(text(), 'ยืนยัน')]'.</msg>
<arg>${ส่วนที่3_ยืนยัน}</arg>
<doc>Click the element identified by ``locator``.</doc>
<status status="PASS" start="2025-03-26T19:11:46.445735" elapsed="1.085901"/>
</kw>
<status status="PASS" start="2025-03-26T19:11:45.388890" elapsed="2.142746"/>
</kw>
<status status="PASS" start="2025-03-26T19:11:23.237389" elapsed="24.294247"/>
</test>
<test id="s1-t8" name="จบการทำงาน" line="65">
<kw name="จบการทำงาน" owner="main_keywords">
<kw name="Sleep" owner="BuiltIn">
<msg time="2025-03-26T19:11:52.543795" level="INFO">Slept 5 seconds.</msg>
<arg>5s</arg>
<doc>Pauses the test executed for the given time.</doc>
<status status="PASS" start="2025-03-26T19:11:47.533244" elapsed="5.010551"/>
</kw>
<kw name="Capture Page Screenshot" owner="SeleniumLibrary">
<msg time="2025-03-26T19:11:53.189577" level="INFO" html="true">&lt;/td&gt;&lt;/tr&gt;&lt;tr&gt;&lt;td colspan="3"&gt;&lt;a href="selenium-screenshot-79.png"&gt;&lt;img src="selenium-screenshot-79.png" width="800px"&gt;&lt;/a&gt;</msg>
<doc>Takes a screenshot of the current page and embeds it into a log file.</doc>
<status status="PASS" start="2025-03-26T19:11:52.544813" elapsed="0.644764"/>
</kw>
<kw name="Log" owner="BuiltIn">
<msg time="2025-03-26T19:11:53.189577" level="INFO">Test Teardown Completed</msg>
<arg>Test Teardown Completed</arg>
<doc>Logs the given message with the given level.</doc>
<status status="PASS" start="2025-03-26T19:11:53.189577" elapsed="0.000000"/>
</kw>
<kw name="Close Browser" owner="SeleniumLibrary">
<doc>Closes the current browser.</doc>
<status status="PASS" start="2025-03-26T19:11:53.189577" elapsed="3.297460"/>
</kw>
<status status="PASS" start="2025-03-26T19:11:47.533244" elapsed="8.953793"/>
</kw>
<status status="PASS" start="2025-03-26T19:11:47.533244" elapsed="8.953793"/>
</test>
<doc>ทดสอบการยื่นคำร้อง manual ของ ปปง.1-02 กรณี ยื่นคำร้องเอง</doc>
<status status="PASS" start="2025-03-26T19:10:31.579460" elapsed="84.907577"/>
</suite>
<statistics>
<total>
<stat pass="8" fail="0" skip="0">All Tests</stat>
</total>
<tag>
</tag>
<suite>
<stat pass="8" fail="0" skip="0" id="s1" name="ปปง1-02 Testcase1">ปปง1-02 Testcase1</stat>
</suite>
</statistics>
<errors>
</errors>
</robot>
