<?xml version="1.0" encoding="UTF-8"?>
<robot generator="Robot 7.0.1 (Python 3.8.7 on win32)" generated="2025-06-18T18:10:16.390755" rpa="false" schemaversion="5">
<suite id="s1" name="SC WL 002" source="D:\AML_Project\TestCase\Watchlist Screening\Watchlist\SC_WL_002.robot">
<test id="s1-t1" name="1.open web IBank &amp; Login" line="23">
<kw name="Enteropen web IBank &amp; Login" owner="main_keywords">
<kw name="Open Browser" owner="SeleniumLibrary">
<msg time="2025-06-18T18:10:16.722318" level="INFO">Opening browser 'chrome' to base url 'https://uat.aml.ibank.co.th/'.</msg>
<msg time="2025-06-18T18:10:17.923095" level="WARN">The chromedriver version (136.0.7103.94) detected in PATH at C:\Users\suravesi\AppData\Local\Programs\Python\Python38\chromedriver.exe might not be compatible with the detected chrome version (137.0.7151.104); currently, chromedriver 137.0.7151.119 is recommended for chrome 137.*, so it is advised to delete the driver in PATH and retry</msg>
<arg>${URL:IBank}</arg>
<arg>${Browser}</arg>
<arg>options=add_argument("--ignore-certificate-errors")</arg>
<doc>Opens a new browser instance to the optional ``url``.</doc>
<status status="PASS" start="2025-06-18T18:10:16.722318" elapsed="4.145119"/>
</kw>
<kw name="Maximize Browser Window" owner="SeleniumLibrary">
<doc>Maximizes current browser window.</doc>
<status status="PASS" start="2025-06-18T18:10:20.868435" elapsed="0.025704"/>
</kw>
<kw name="Set Selenium Speed" owner="SeleniumLibrary">
<arg>0.5s</arg>
<doc>Sets the delay that is waited after each Selenium command.</doc>
<status status="PASS" start="2025-06-18T18:10:20.895143" elapsed="0.000000"/>
</kw>
<kw name="Wait Until Element Is Visible" owner="SeleniumLibrary">
<arg>xpath=//input[contains(@class, 'inputLogin')]</arg>
<arg>5s</arg>
<doc>Waits until the element ``locator`` is visible.</doc>
<status status="PASS" start="2025-06-18T18:10:20.895143" elapsed="1.839010"/>
</kw>
<kw name="Input Text" owner="SeleniumLibrary">
<msg time="2025-06-18T18:10:22.735352" level="INFO">Typing text '630051' into text field 'xpath=//input[contains(@class, 'inputLogin')]'.</msg>
<arg>xpath=//input[contains(@class, 'inputLogin')]</arg>
<arg>${ID:พนักงาน}</arg>
<doc>Types the given ``text`` into the text field identified by ``locator``.</doc>
<status status="PASS" start="2025-06-18T18:10:22.734153" elapsed="1.610323"/>
</kw>
<kw name="Input Password" owner="SeleniumLibrary">
<msg time="2025-06-18T18:10:24.344476" level="INFO">Typing password into text field 'xpath=//input[contains(@class, 'inputLogin') and @type='password']'.</msg>
<msg time="2025-06-18T18:10:25.375368" level="INFO">Temporally setting log level to: NONE</msg>
<arg>xpath=//input[contains(@class, 'inputLogin') and @type='password']</arg>
<arg>${password:พนักงาน}</arg>
<doc>Types the given password into the text field identified by ``locator``.</doc>
<status status="PASS" start="2025-06-18T18:10:24.344476" elapsed="1.572779"/>
</kw>
<kw name="Click Element" owner="SeleniumLibrary">
<msg time="2025-06-18T18:10:25.917255" level="INFO">Clicking element '//button[contains(@class, 'mat-raised-button')]'.</msg>
<arg>//button[contains(@class, 'mat-raised-button')]</arg>
<doc>Click the element identified by ``locator``.</doc>
<status status="PASS" start="2025-06-18T18:10:25.917255" elapsed="1.082254"/>
</kw>
<status status="PASS" start="2025-06-18T18:10:16.722318" elapsed="10.277191"/>
</kw>
<kw name="Run Keyword And Ignore Error" owner="BuiltIn">
<kw name="ยืนยันการเข้าระบบ" owner="main_keywords">
<kw name="Click Element" owner="SeleniumLibrary">
<msg time="2025-06-18T18:10:27.000169" level="INFO">Clicking element '//button[contains(@class, 'mat-raised-button')]//i[contains(@class, 'fa-check')]'.</msg>
<arg>//button[contains(@class, 'mat-raised-button')]//i[contains(@class, 'fa-check')]</arg>
<doc>Click the element identified by ``locator``.</doc>
<status status="PASS" start="2025-06-18T18:10:27.000169" elapsed="1.071513"/>
</kw>
<status status="PASS" start="2025-06-18T18:10:27.000169" elapsed="1.071513"/>
</kw>
<arg>ยืนยันการเข้าระบบ</arg>
<doc>Runs the given keyword with the given arguments and ignores possible error.</doc>
<status status="PASS" start="2025-06-18T18:10:27.000169" elapsed="1.071513"/>
</kw>
<kw name="Run Keyword And Ignore Error" owner="BuiltIn">
<kw name="ยืนยันการข้าม Pop-up" owner="main_keywords">
<kw name="Wait Until Element Is Visible" owner="SeleniumLibrary">
<msg time="2025-06-18T18:10:33.725268" level="INFO" html="true">&lt;/td&gt;&lt;/tr&gt;&lt;tr&gt;&lt;td colspan="3"&gt;&lt;a href="selenium-screenshot-1.png"&gt;&lt;img src="selenium-screenshot-1.png" width="800px"&gt;&lt;/a&gt;</msg>
<msg time="2025-06-18T18:10:33.725268" level="FAIL">Element 'xpath=//button[.//span[normalize-space(text())='Close']]' not visible after 5 seconds.</msg>
<arg>xpath=//button[.//span[normalize-space(text())='Close']]</arg>
<arg>timeout=5s</arg>
<doc>Waits until the element ``locator`` is visible.</doc>
<status status="FAIL" start="2025-06-18T18:10:28.073165" elapsed="5.652103">Element 'xpath=//button[.//span[normalize-space(text())='Close']]' not visible after 5 seconds.</status>
</kw>
<kw name="Click Element" owner="SeleniumLibrary">
<arg>xpath=//button[.//span[normalize-space(text())='Close']]</arg>
<doc>Click the element identified by ``locator``.</doc>
<status status="NOT RUN" start="2025-06-18T18:10:33.725268" elapsed="0.000000"/>
</kw>
<status status="FAIL" start="2025-06-18T18:10:28.073165" elapsed="5.652103">Element 'xpath=//button[.//span[normalize-space(text())='Close']]' not visible after 5 seconds.</status>
</kw>
<arg>ยืนยันการข้าม Pop-up</arg>
<doc>Runs the given keyword with the given arguments and ignores possible error.</doc>
<status status="PASS" start="2025-06-18T18:10:28.073165" elapsed="5.652103"/>
</kw>
<doc>ทดสอบการทำรายงาน Watch List</doc>
<status status="PASS" start="2025-06-18T18:10:16.722318" elapsed="17.002950"/>
</test>
<test id="s1-t2" name="2.เลือกMenu Watch List" line="28">
<kw name="เข้าMenu Watch List" owner="WatchList Keywords">
<kw name="Click Element" owner="SeleniumLibrary">
<msg time="2025-06-18T18:10:33.740285" level="INFO">Clicking element 'xpath=//a[contains(@class, 'sidebar-link') and .//div[contains(text(), 'Watch List')]]'.</msg>
<arg>${Watch List_menuXPATH}</arg>
<doc>Click the element identified by ``locator``.</doc>
<status status="PASS" start="2025-06-18T18:10:33.740285" elapsed="1.076266"/>
</kw>
<kw name="Click Element" owner="SeleniumLibrary">
<msg time="2025-06-18T18:10:34.816551" level="INFO">Clicking element 'xpath=//a[contains(@class, 'mat-list-item') and contains(., 'Watch List')]'.</msg>
<arg>${Watch List}</arg>
<doc>Click the element identified by ``locator``.</doc>
<status status="PASS" start="2025-06-18T18:10:34.816551" elapsed="1.094175"/>
</kw>
<status status="PASS" start="2025-06-18T18:10:33.740285" elapsed="2.170441"/>
</kw>
<kw name="Sleep" owner="BuiltIn">
<msg time="2025-06-18T18:10:38.924197" level="INFO">Slept 3 seconds.</msg>
<arg>3s</arg>
<doc>Pauses the test executed for the given time.</doc>
<status status="PASS" start="2025-06-18T18:10:35.911725" elapsed="3.012472"/>
</kw>
<status status="PASS" start="2025-06-18T18:10:33.740285" elapsed="5.183912"/>
</test>
<test id="s1-t3" name="3.ระบุข้อมูลตรวจสอบเลขบัตร" line="32">
<kw name="ความแม่นยำในการค้นหา 90%" owner="WatchList Keywords">
<kw name="Click Element" owner="SeleniumLibrary">
<msg time="2025-06-18T18:10:38.924197" level="INFO">Clicking element '//mat-radio-button[.//span[contains(text(), '90%')]]'.</msg>
<arg>${% ความแม่นยำในการค้นหา_90}</arg>
<doc>Click the element identified by ``locator``.</doc>
<status status="PASS" start="2025-06-18T18:10:38.924197" elapsed="1.073684"/>
</kw>
<status status="PASS" start="2025-06-18T18:10:38.924197" elapsed="1.073684"/>
</kw>
<kw name="ตรวจสอบด้วย ชื่อภาษาไทย" owner="WatchList Keywords">
<kw name="Click Element" owner="SeleniumLibrary">
<msg time="2025-06-18T18:10:40.000888" level="INFO">Clicking element '//mat-radio-button//label[.//span[contains(text(), 'ตรวจสอบด้วย ชื่อภาษาไทย')]]'.</msg>
<arg>${ตรวจสอบด้วย ชื่อภาษาไทย_xpath}</arg>
<doc>Click the element identified by ``locator``.</doc>
<status status="PASS" start="2025-06-18T18:10:40.000006" elapsed="1.069809"/>
</kw>
<kw name="Input Text" owner="SeleniumLibrary">
<msg time="2025-06-18T18:10:41.069815" level="INFO">Typing text 'ณัฐรัต' into text field '//input[@name='firstNameThai']'.</msg>
<arg>${ตรวจสอบด้วย ชื่อภาษาไทย ชื่อ_xpath}</arg>
<arg>${ตรวจสอบด้วย ชื่อภาษาไทย ชื่อ}</arg>
<doc>Types the given ``text`` into the text field identified by ``locator``.</doc>
<status status="PASS" start="2025-06-18T18:10:41.069815" elapsed="1.603190"/>
</kw>
<kw name="Input Text" owner="SeleniumLibrary">
<msg time="2025-06-18T18:10:42.673005" level="INFO">Typing text 'จันเก' into text field '//input[@name='lastNameThai']'.</msg>
<arg>${ตรวจสอบด้วย ชื่อภาษาไทย นามสกุล_xpath}</arg>
<arg>${ตรวจสอบด้วย ชื่อภาษาไทย นามสกุล}</arg>
<doc>Types the given ``text`` into the text field identified by ``locator``.</doc>
<status status="PASS" start="2025-06-18T18:10:42.673005" elapsed="1.611391"/>
</kw>
<status status="PASS" start="2025-06-18T18:10:39.998887" elapsed="4.285509"/>
</kw>
<kw name="ข้อมูลเพิ่มเติมในการค้นหาประเทศ" owner="WatchList Keywords">
<kw name="Click Element" owner="SeleniumLibrary">
<msg time="2025-06-18T18:10:44.286046" level="INFO">Clicking element '//mat-select[@name='nationality']'.</msg>
<arg>${ประเทศ_xpath}</arg>
<doc>Click the element identified by ``locator``.</doc>
<status status="PASS" start="2025-06-18T18:10:44.286046" elapsed="1.044830"/>
</kw>
<kw name="Click Element" owner="SeleniumLibrary">
<msg time="2025-06-18T18:10:45.330876" level="INFO">Clicking element 'xpath=//mat-option[.//span[contains(text(),'ไทย')]]'.</msg>
<arg>${ประเทศ_เลือก_xpath}</arg>
<doc>Click the element identified by ``locator``.</doc>
<status status="PASS" start="2025-06-18T18:10:45.330876" elapsed="1.104567"/>
</kw>
<status status="PASS" start="2025-06-18T18:10:44.286046" elapsed="2.149397"/>
</kw>
<kw name="ข้อมูลเพิ่มเติมในการค้นหาวันเกิด" owner="WatchList Keywords">
<kw name="Input Text" owner="SeleniumLibrary">
<msg time="2025-06-18T18:10:46.438438" level="INFO">Typing text '16/06/1987' into text field '//input[@name='birthday']'.</msg>
<arg>${วันเกิด_xpath}</arg>
<arg>${วันเกิด}</arg>
<doc>Types the given ``text`` into the text field identified by ``locator``.</doc>
<status status="PASS" start="2025-06-18T18:10:46.438438" elapsed="1.589042"/>
</kw>
<status status="PASS" start="2025-06-18T18:10:46.437441" elapsed="1.590039"/>
</kw>
<kw name="กดปุ่มตรวจสอบ" owner="WatchList Keywords">
<kw name="Click Element" owner="SeleniumLibrary">
<msg time="2025-06-18T18:10:48.027480" level="INFO">Clicking element '//button[.//span[contains(text(),'ตรวจสอบ')]]'.</msg>
<arg>${ปุ่มตรวจสอบ}</arg>
<doc>Click the element identified by ``locator``.</doc>
<status status="PASS" start="2025-06-18T18:10:48.027480" elapsed="1.093690"/>
</kw>
<status status="PASS" start="2025-06-18T18:10:48.027480" elapsed="1.094734"/>
</kw>
<status status="PASS" start="2025-06-18T18:10:38.924197" elapsed="10.198745"/>
</test>
<test id="s1-t4" name="จบการทำงาน" line="39">
<kw name="จบการทำงาน" owner="main_keywords">
<kw name="Sleep" owner="BuiltIn">
<msg time="2025-06-18T18:10:54.136666" level="INFO">Slept 5 seconds.</msg>
<arg>5s</arg>
<doc>Pauses the test executed for the given time.</doc>
<status status="PASS" start="2025-06-18T18:10:49.122942" elapsed="5.013724"/>
</kw>
<kw name="Capture Page Screenshot" owner="SeleniumLibrary">
<msg time="2025-06-18T18:10:54.792021" level="INFO" html="true">&lt;/td&gt;&lt;/tr&gt;&lt;tr&gt;&lt;td colspan="3"&gt;&lt;a href="selenium-screenshot-2.png"&gt;&lt;img src="selenium-screenshot-2.png" width="800px"&gt;&lt;/a&gt;</msg>
<doc>Takes a screenshot of the current page and embeds it into a log file.</doc>
<status status="PASS" start="2025-06-18T18:10:54.136666" elapsed="0.655355"/>
</kw>
<kw name="Log" owner="BuiltIn">
<msg time="2025-06-18T18:10:54.792021" level="INFO">Test Teardown Completed</msg>
<arg>Test Teardown Completed</arg>
<doc>Logs the given message with the given level.</doc>
<status status="PASS" start="2025-06-18T18:10:54.792021" elapsed="0.000000"/>
</kw>
<kw name="Close Browser" owner="SeleniumLibrary">
<doc>Closes the current browser.</doc>
<status status="PASS" start="2025-06-18T18:10:54.792021" elapsed="3.551240"/>
</kw>
<status status="PASS" start="2025-06-18T18:10:49.122942" elapsed="9.220319"/>
</kw>
<status status="PASS" start="2025-06-18T18:10:49.122942" elapsed="9.220319"/>
</test>
<doc>ทดสอบการทำงาน Watch List SC_WL_001</doc>
<status status="PASS" start="2025-06-18T18:10:16.406382" elapsed="41.936879"/>
</suite>
<statistics>
<total>
<stat pass="4" fail="0" skip="0">All Tests</stat>
</total>
<tag>
</tag>
<suite>
<stat pass="4" fail="0" skip="0" id="s1" name="SC WL 002">SC WL 002</stat>
</suite>
</statistics>
<errors>
<msg time="2025-06-18T18:10:17.923095" level="WARN">The chromedriver version (136.0.7103.94) detected in PATH at C:\Users\suravesi\AppData\Local\Programs\Python\Python38\chromedriver.exe might not be compatible with the detected chrome version (137.0.7151.104); currently, chromedriver 137.0.7151.119 is recommended for chrome 137.*, so it is advised to delete the driver in PATH and retry</msg>
</errors>
</robot>
