<?xml version="1.0" encoding="UTF-8"?>
<robot generator="Robot 7.0.1 (Python 3.8.7 on win32)" generated="2025-07-25T13:27:22.930646" rpa="false" schemaversion="5">
<suite id="s1" name="SC WL 002" source="D:\AML_Project\TestCase\Watchlist Screening\Watchlist\SC_WL_002.robot">
<test id="s1-t1" name="1.open web IBank &amp; Login" line="23">
<kw name="Enteropen web IBank &amp; Login" owner="main_keywords">
<kw name="Open Browser" owner="SeleniumLibrary">
<msg time="2025-07-25T13:27:23.263380" level="INFO">Opening browser 'chrome' to base url 'https://dev.aml.ibank.co.th/'.</msg>
<arg>${URL:IBank}</arg>
<arg>${Browser}</arg>
<arg>options=add_argument("--ignore-certificate-errors")</arg>
<doc>Opens a new browser instance to the optional ``url``.</doc>
<status status="PASS" start="2025-07-25T13:27:23.263380" elapsed="4.220416"/>
</kw>
<kw name="Maximize Browser Window" owner="SeleniumLibrary">
<doc>Maximizes current browser window.</doc>
<status status="PASS" start="2025-07-25T13:27:27.483796" elapsed="0.024525"/>
</kw>
<kw name="Set Selenium Speed" owner="SeleniumLibrary">
<arg>0.5s</arg>
<doc>Sets the delay that is waited after each Selenium command.</doc>
<status status="PASS" start="2025-07-25T13:27:27.508321" elapsed="0.001003"/>
</kw>
<status status="PASS" start="2025-07-25T13:27:23.263380" elapsed="4.245944"/>
</kw>
<kw name="เข้าด้วยUserระดับฝ่ายกำกับพนักงาน" owner="main_keywords">
<kw name="Wait Until Element Is Visible" owner="SeleniumLibrary">
<arg>xpath=//input[contains(@class, 'inputLogin')]</arg>
<arg>5s</arg>
<doc>Waits until the element ``locator`` is visible.</doc>
<status status="PASS" start="2025-07-25T13:27:27.510319" elapsed="1.733713"/>
</kw>
<kw name="Input Text" owner="SeleniumLibrary">
<msg time="2025-07-25T13:27:29.244032" level="INFO">Typing text '530433' into text field 'xpath=//input[contains(@class, 'inputLogin')]'.</msg>
<arg>xpath=//input[contains(@class, 'inputLogin')]</arg>
<arg>${ID:ฝ่ายกำกับพนักงาน}</arg>
<doc>Types the given ``text`` into the text field identified by ``locator``.</doc>
<status status="PASS" start="2025-07-25T13:27:29.244032" elapsed="1.595097"/>
</kw>
<kw name="Input Password" owner="SeleniumLibrary">
<msg time="2025-07-25T13:27:30.839129" level="INFO">Typing password into text field 'xpath=//input[contains(@class, 'inputLogin') and @type='password']'.</msg>
<msg time="2025-07-25T13:27:31.872950" level="INFO">Temporally setting log level to: NONE</msg>
<arg>xpath=//input[contains(@class, 'inputLogin') and @type='password']</arg>
<arg>${password:ฝ่ายกำกับพนักงาน}</arg>
<doc>Types the given password into the text field identified by ``locator``.</doc>
<status status="PASS" start="2025-07-25T13:27:30.839129" elapsed="1.587418"/>
</kw>
<kw name="Click Element" owner="SeleniumLibrary">
<msg time="2025-07-25T13:27:32.426547" level="INFO">Clicking element '//button[contains(@class, 'mat-raised-button')]'.</msg>
<arg>//button[contains(@class, 'mat-raised-button')]</arg>
<doc>Click the element identified by ``locator``.</doc>
<status status="PASS" start="2025-07-25T13:27:32.426547" elapsed="1.071315"/>
</kw>
<kw name="Run Keyword And Ignore Error" owner="BuiltIn">
<kw name="ยืนยันการเข้าระบบ" owner="main_keywords">
<kw name="Wait Until Element Is Visible" owner="SeleniumLibrary">
<arg>//button[contains(@class, 'mat-raised-button')]//i[contains(@class, 'fa-check')]</arg>
<doc>Waits until the element ``locator`` is visible.</doc>
<status status="PASS" start="2025-07-25T13:27:33.499877" elapsed="1.031896"/>
</kw>
<kw name="Click Element" owner="SeleniumLibrary">
<msg time="2025-07-25T13:27:34.531773" level="INFO">Clicking element '//button[contains(@class, 'mat-raised-button')]//i[contains(@class, 'fa-check')]'.</msg>
<arg>//button[contains(@class, 'mat-raised-button')]//i[contains(@class, 'fa-check')]</arg>
<doc>Click the element identified by ``locator``.</doc>
<status status="PASS" start="2025-07-25T13:27:34.531773" elapsed="1.055017"/>
</kw>
<status status="PASS" start="2025-07-25T13:27:33.498883" elapsed="2.087907"/>
</kw>
<arg>ยืนยันการเข้าระบบ</arg>
<doc>Runs the given keyword with the given arguments and ignores possible error.</doc>
<status status="PASS" start="2025-07-25T13:27:33.497862" elapsed="2.088928"/>
</kw>
<kw name="Run Keyword And Ignore Error" owner="BuiltIn">
<kw name="ยืนยันการข้าม Pop-up" owner="main_keywords">
<kw name="Wait Until Element Is Visible" owner="SeleniumLibrary">
<msg time="2025-07-25T13:27:41.209790" level="INFO" html="true">&lt;/td&gt;&lt;/tr&gt;&lt;tr&gt;&lt;td colspan="3"&gt;&lt;a href="selenium-screenshot-1.png"&gt;&lt;img src="selenium-screenshot-1.png" width="800px"&gt;&lt;/a&gt;</msg>
<msg time="2025-07-25T13:27:41.209790" level="FAIL">Element 'xpath=//button[.//span[normalize-space(text())='Close']]' not visible after 5 seconds.</msg>
<arg>xpath=//button[.//span[normalize-space(text())='Close']]</arg>
<arg>timeout=5s</arg>
<doc>Waits until the element ``locator`` is visible.</doc>
<status status="FAIL" start="2025-07-25T13:27:35.586790" elapsed="5.641060">Element 'xpath=//button[.//span[normalize-space(text())='Close']]' not visible after 5 seconds.</status>
</kw>
<kw name="Click Element" owner="SeleniumLibrary">
<arg>xpath=//button[.//span[normalize-space(text())='Close']]</arg>
<doc>Click the element identified by ``locator``.</doc>
<status status="NOT RUN" start="2025-07-25T13:27:41.227850" elapsed="0.000000"/>
</kw>
<status status="FAIL" start="2025-07-25T13:27:35.586790" elapsed="5.641060">Element 'xpath=//button[.//span[normalize-space(text())='Close']]' not visible after 5 seconds.</status>
</kw>
<arg>ยืนยันการข้าม Pop-up</arg>
<doc>Runs the given keyword with the given arguments and ignores possible error.</doc>
<status status="PASS" start="2025-07-25T13:27:35.586790" elapsed="5.641060"/>
</kw>
<status status="PASS" start="2025-07-25T13:27:27.510319" elapsed="13.717531"/>
</kw>
<doc>ทดสอบการแสดงหน้าเว็ปและการเข้าสู่ระบบ</doc>
<status status="PASS" start="2025-07-25T13:27:23.263380" elapsed="17.964470"/>
</test>
<test id="s1-t2" name="2.เลือกMenu Watch List" line="28">
<kw name="เข้าMenu Watch List" owner="WatchList Keywords">
<kw name="Click Element" owner="SeleniumLibrary">
<msg time="2025-07-25T13:27:41.227850" level="INFO">Clicking element 'xpath=//a[contains(@class, 'sidebar-link') and .//div[contains(text(), 'Watch List')]]'.</msg>
<arg>${Watch List_menuXPATH}</arg>
<doc>Click the element identified by ``locator``.</doc>
<status status="PASS" start="2025-07-25T13:27:41.227850" elapsed="1.083194"/>
</kw>
<kw name="Click Element" owner="SeleniumLibrary">
<msg time="2025-07-25T13:27:42.311044" level="INFO">Clicking element 'xpath=//a[contains(@class, 'mat-list-item') and contains(., 'Watch List')]'.</msg>
<arg>${Watch List}</arg>
<doc>Click the element identified by ``locator``.</doc>
<status status="PASS" start="2025-07-25T13:27:42.311044" elapsed="1.069331"/>
</kw>
<status status="PASS" start="2025-07-25T13:27:41.227850" elapsed="2.152525"/>
</kw>
<kw name="Sleep" owner="BuiltIn">
<msg time="2025-07-25T13:27:46.398014" level="INFO">Slept 3 seconds.</msg>
<arg>3s</arg>
<doc>Pauses the test executed for the given time.</doc>
<status status="PASS" start="2025-07-25T13:27:43.381283" elapsed="3.016731"/>
</kw>
<doc>เข้าหน้า Watchlist</doc>
<status status="PASS" start="2025-07-25T13:27:41.227850" elapsed="5.171376"/>
</test>
<test id="s1-t3" name="3.ระบุข้อมูลตรวจสอบชื่อ" line="32">
<kw name="ความแม่นยำในการค้นหา 90%" owner="WatchList Keywords">
<kw name="Click Element" owner="SeleniumLibrary">
<msg time="2025-07-25T13:27:46.399226" level="INFO">Clicking element '//mat-radio-button[.//span[contains(text(), '90%')]]'.</msg>
<arg>${% ความแม่นยำในการค้นหา_90}</arg>
<doc>Click the element identified by ``locator``.</doc>
<status status="PASS" start="2025-07-25T13:27:46.399226" elapsed="1.094322"/>
</kw>
<status status="PASS" start="2025-07-25T13:27:46.399226" elapsed="1.094322"/>
</kw>
<kw name="ตรวจสอบด้วย ชื่อภาษาไทย" owner="WatchList Keywords">
<kw name="Click Element" owner="SeleniumLibrary">
<msg time="2025-07-25T13:27:47.495294" level="INFO">Clicking element '//mat-radio-button//label[.//span[contains(text(), 'ตรวจสอบด้วย ชื่อภาษาไทย')]]'.</msg>
<arg>${ตรวจสอบด้วย ชื่อภาษาไทย_xpath}</arg>
<doc>Click the element identified by ``locator``.</doc>
<status status="PASS" start="2025-07-25T13:27:47.495294" elapsed="1.053995"/>
</kw>
<kw name="Input Text" owner="SeleniumLibrary">
<msg time="2025-07-25T13:27:48.549289" level="INFO">Typing text 'ณัฐรัต' into text field '//input[@name='firstNameThai']'.</msg>
<arg>${ตรวจสอบด้วย ชื่อภาษาไทย ชื่อ_xpath}</arg>
<arg>${ตรวจสอบด้วย ชื่อภาษาไทย ชื่อ}</arg>
<doc>Types the given ``text`` into the text field identified by ``locator``.</doc>
<status status="PASS" start="2025-07-25T13:27:48.549289" elapsed="1.594180"/>
</kw>
<kw name="Input Text" owner="SeleniumLibrary">
<msg time="2025-07-25T13:27:50.144527" level="INFO">Typing text 'จันเก' into text field '//input[@name='lastNameThai']'.</msg>
<arg>${ตรวจสอบด้วย ชื่อภาษาไทย นามสกุล_xpath}</arg>
<arg>${ตรวจสอบด้วย ชื่อภาษาไทย นามสกุล}</arg>
<doc>Types the given ``text`` into the text field identified by ``locator``.</doc>
<status status="PASS" start="2025-07-25T13:27:50.144527" elapsed="1.623698"/>
</kw>
<status status="PASS" start="2025-07-25T13:27:47.495294" elapsed="4.273933"/>
</kw>
<kw name="ข้อมูลเพิ่มเติมในการค้นหาวันเกิด" owner="WatchList Keywords">
<kw name="Input Text" owner="SeleniumLibrary">
<msg time="2025-07-25T13:27:51.769227" level="INFO">Typing text '16/06/2530' into text field '//input[@name='hdate']'.</msg>
<arg>${วันเกิด_xpath}</arg>
<arg>${วันเกิด}</arg>
<doc>Types the given ``text`` into the text field identified by ``locator``.</doc>
<status status="PASS" start="2025-07-25T13:27:51.769227" elapsed="1.622744"/>
</kw>
<status status="PASS" start="2025-07-25T13:27:51.769227" elapsed="1.623894"/>
</kw>
<kw name="กดปุ่มตรวจสอบ" owner="WatchList Keywords">
<kw name="Click Element" owner="SeleniumLibrary">
<msg time="2025-07-25T13:27:53.393121" level="INFO">Clicking element '//button[.//span[contains(text(),'ตรวจสอบ')]]'.</msg>
<arg>${ปุ่มตรวจสอบ}</arg>
<doc>Click the element identified by ``locator``.</doc>
<status status="PASS" start="2025-07-25T13:27:53.393121" elapsed="1.087364"/>
</kw>
<status status="PASS" start="2025-07-25T13:27:53.393121" elapsed="1.087364"/>
</kw>
<doc>ตรวจสอบข้อมูลWatchlist ด้วยชื่อภาษาไทยด้วยความแม่นยำ 90%</doc>
<status status="PASS" start="2025-07-25T13:27:46.399226" elapsed="8.082618"/>
</test>
<test id="s1-t4" name="จบการทำงาน" line="40">
<kw name="จบการทำงาน" owner="main_keywords">
<kw name="Sleep" owner="BuiltIn">
<msg time="2025-07-25T13:27:59.497276" level="INFO">Slept 5 seconds.</msg>
<arg>5s</arg>
<doc>Pauses the test executed for the given time.</doc>
<status status="PASS" start="2025-07-25T13:27:54.481844" elapsed="5.015432"/>
</kw>
<kw name="Capture Page Screenshot" owner="SeleniumLibrary">
<msg time="2025-07-25T13:28:00.129840" level="INFO" html="true">&lt;/td&gt;&lt;/tr&gt;&lt;tr&gt;&lt;td colspan="3"&gt;&lt;a href="selenium-screenshot-2.png"&gt;&lt;img src="selenium-screenshot-2.png" width="800px"&gt;&lt;/a&gt;</msg>
<doc>Takes a screenshot of the current page and embeds it into a log file.</doc>
<status status="PASS" start="2025-07-25T13:27:59.498462" elapsed="0.631378"/>
</kw>
<kw name="Log" owner="BuiltIn">
<msg time="2025-07-25T13:28:00.129840" level="INFO">Test Teardown Completed</msg>
<arg>Test Teardown Completed</arg>
<doc>Logs the given message with the given level.</doc>
<status status="PASS" start="2025-07-25T13:28:00.129840" elapsed="0.000000"/>
</kw>
<kw name="Close Browser" owner="SeleniumLibrary">
<doc>Closes the current browser.</doc>
<status status="PASS" start="2025-07-25T13:28:00.129840" elapsed="3.503527"/>
</kw>
<status status="PASS" start="2025-07-25T13:27:54.481844" elapsed="9.151523"/>
</kw>
<status status="PASS" start="2025-07-25T13:27:54.481844" elapsed="9.151523"/>
</test>
<doc>ทดสอบการทำงาน Watch List SC_WL_002</doc>
<status status="PASS" start="2025-07-25T13:27:22.946292" elapsed="40.687075"/>
</suite>
<statistics>
<total>
<stat pass="4" fail="0" skip="0">All Tests</stat>
</total>
<tag>
</tag>
<suite>
<stat pass="4" fail="0" skip="0" id="s1" name="SC WL 002">SC WL 002</stat>
</suite>
</statistics>
<errors>
</errors>
</robot>
